[2.396s] Invoking command in '/home/jefri/ros2_ws/build/my_robot_controller': PYTHONPATH=/home/jefri/ros2_ws/build/my_robot_controller/prefix_override:/usr/lib/python3/dist-packages/colcon_core/task/python/colcon_distutils_commands:/home/jefri/ros2_ws/install/my_robot_controller/lib/python3.10/site-packages:${PYTHONPATH} /usr/bin/python3 -W ignore:setup.py install is deprecated setup.py develop --editable --build-directory /home/jefri/ros2_ws/build/my_robot_controller/build --no-deps symlink_data
[3.389s] running develop
[4.027s] running egg_info
[4.027s] writing my_robot_controller.egg-info/PKG-INFO
[4.032s] writing dependency_links to my_robot_controller.egg-info/dependency_links.txt
[4.034s] writing entry points to my_robot_controller.egg-info/entry_points.txt
[4.036s] writing requirements to my_robot_controller.egg-info/requires.txt
[4.039s] writing top-level names to my_robot_controller.egg-info/top_level.txt
[4.044s] reading manifest file 'my_robot_controller.egg-info/SOURCES.txt'
[4.048s] writing manifest file 'my_robot_controller.egg-info/SOURCES.txt'
[4.057s] running build_ext
[4.057s] Creating /home/jefri/ros2_ws/install/my_robot_controller/lib/python3.10/site-packages/my-robot-controller.egg-link (link to .)
[4.058s] Installing add_int_server script to /home/jefri/ros2_ws/install/my_robot_controller/lib/my_robot_controller
[4.065s] Installing publisher script to /home/jefri/ros2_ws/install/my_robot_controller/lib/my_robot_controller
[4.065s] Installing subscribe script to /home/jefri/ros2_ws/install/my_robot_controller/lib/my_robot_controller
[4.065s] Installing test_node script to /home/jefri/ros2_ws/install/my_robot_controller/lib/my_robot_controller
[4.070s] 
[4.071s] Installed /home/jefri/ros2_ws/build/my_robot_controller
[4.072s] running symlink_data
[4.232s] Invoked command in '/home/jefri/ros2_ws/build/my_robot_controller' returned '0': PYTHONPATH=/home/jefri/ros2_ws/build/my_robot_controller/prefix_override:/usr/lib/python3/dist-packages/colcon_core/task/python/colcon_distutils_commands:/home/jefri/ros2_ws/install/my_robot_controller/lib/python3.10/site-packages:${PYTHONPATH} /usr/bin/python3 -W ignore:setup.py install is deprecated setup.py develop --editable --build-directory /home/jefri/ros2_ws/build/my_robot_controller/build --no-deps symlink_data
