[2.217s] Invoking command in '/home/jefri/ros2_ws/build/my_robot_controller': PYTHONPATH=/home/jefri/ros2_ws/build/my_robot_controller/prefix_override:/usr/lib/python3/dist-packages/colcon_core/task/python/colcon_distutils_commands:/home/jefri/ros2_ws/install/my_robot_controller/lib/python3.10/site-packages:${PYTHONPATH} /usr/bin/python3 -W ignore:setup.py install is deprecated setup.py develop --editable --build-directory /home/jefri/ros2_ws/build/my_robot_controller/build --no-deps symlink_data
[3.412s] running develop
[4.316s] running egg_info
[4.317s] writing my_robot_controller.egg-info/PKG-INFO
[4.318s] writing dependency_links to my_robot_controller.egg-info/dependency_links.txt
[4.321s] writing entry points to my_robot_controller.egg-info/entry_points.txt
[4.323s] writing requirements to my_robot_controller.egg-info/requires.txt
[4.323s] writing top-level names to my_robot_controller.egg-info/top_level.txt
[4.335s] reading manifest file 'my_robot_controller.egg-info/SOURCES.txt'
[4.342s] writing manifest file 'my_robot_controller.egg-info/SOURCES.txt'
[4.352s] running build_ext
[4.353s] Creating /home/jefri/ros2_ws/install/my_robot_controller/lib/python3.10/site-packages/my-robot-controller.egg-link (link to .)
[4.360s] Installing add_int_server script to /home/jefri/ros2_ws/install/my_robot_controller/lib/my_robot_controller
[4.361s] Installing publisher script to /home/jefri/ros2_ws/install/my_robot_controller/lib/my_robot_controller
[4.363s] Installing subscribe script to /home/jefri/ros2_ws/install/my_robot_controller/lib/my_robot_controller
[4.363s] Installing test_node script to /home/jefri/ros2_ws/install/my_robot_controller/lib/my_robot_controller
[4.363s] 
[4.368s] Installed /home/jefri/ros2_ws/build/my_robot_controller
[4.369s] running symlink_data
[4.590s] Invoked command in '/home/jefri/ros2_ws/build/my_robot_controller' returned '0': PYTHONPATH=/home/jefri/ros2_ws/build/my_robot_controller/prefix_override:/usr/lib/python3/dist-packages/colcon_core/task/python/colcon_distutils_commands:/home/jefri/ros2_ws/install/my_robot_controller/lib/python3.10/site-packages:${PYTHONPATH} /usr/bin/python3 -W ignore:setup.py install is deprecated setup.py develop --editable --build-directory /home/jefri/ros2_ws/build/my_robot_controller/build --no-deps symlink_data
