[2.472s] Invoking command in '/home/jefri/ros2_ws/build/add_integers': CMAKE_PREFIX_PATH=/home/jefri/ros2_ws/install/custom_interfaces:/home/jefri/ros2_ws/install/my_robot_interfaces LD_LIBRARY_PATH=/home/jefri/ros2_ws/install/custom_interfaces/lib:/home/jefri/ros2_ws/install/my_robot_interfaces/lib:/usr/lib/x86_64-linux-gnu/gazebo-11/plugins:/opt/ros/humble/opt/rviz_ogre_vendor/lib:/opt/ros/humble/lib/x86_64-linux-gnu:/opt/ros/humble/lib PYTHONPATH=/home/jefri/ros2_ws/build/add_integers/prefix_override:/usr/lib/python3/dist-packages/colcon_core/task/python/colcon_distutils_commands:/home/jefri/ros2_ws/install/add_integers/lib/python3.10/site-packages:${PYTHONPATH} /usr/bin/python3 -W ignore:setup.py install is deprecated setup.py develop --editable --build-directory /home/jefri/ros2_ws/build/add_integers/build --no-deps symlink_data
[3.853s] running develop
[4.468s] running egg_info
[4.469s] creating add_integers.egg-info
[4.471s] writing add_integers.egg-info/PKG-INFO
[4.472s] writing dependency_links to add_integers.egg-info/dependency_links.txt
[4.472s] writing entry points to add_integers.egg-info/entry_points.txt
[4.472s] writing requirements to add_integers.egg-info/requires.txt
[4.472s] writing top-level names to add_integers.egg-info/top_level.txt
[4.472s] writing manifest file 'add_integers.egg-info/SOURCES.txt'
[4.480s] reading manifest file 'add_integers.egg-info/SOURCES.txt'
[4.480s] writing manifest file 'add_integers.egg-info/SOURCES.txt'
[4.487s] running build_ext
[4.487s] Creating /home/jefri/ros2_ws/install/add_integers/lib/python3.10/site-packages/add-integers.egg-link (link to .)
[4.489s] Installing addition_client script to /home/jefri/ros2_ws/install/add_integers/lib/add_integers
[4.492s] Installing addition_service script to /home/jefri/ros2_ws/install/add_integers/lib/add_integers
[4.492s] 
[4.492s] Installed /home/jefri/ros2_ws/build/add_integers
[4.493s] running symlink_data
[4.493s] creating /home/jefri/ros2_ws/install/add_integers/share/ament_index
[4.493s] creating /home/jefri/ros2_ws/install/add_integers/share/ament_index/resource_index
[4.493s] creating /home/jefri/ros2_ws/install/add_integers/share/ament_index/resource_index/packages
[4.493s] symbolically linking /home/jefri/ros2_ws/build/add_integers/resource/add_integers -> /home/jefri/ros2_ws/install/add_integers/share/ament_index/resource_index/packages
[4.494s] symbolically linking /home/jefri/ros2_ws/build/add_integers/package.xml -> /home/jefri/ros2_ws/install/add_integers/share/add_integers
[4.989s] Invoked command in '/home/jefri/ros2_ws/build/add_integers' returned '0': CMAKE_PREFIX_PATH=/home/jefri/ros2_ws/install/custom_interfaces:/home/jefri/ros2_ws/install/my_robot_interfaces LD_LIBRARY_PATH=/home/jefri/ros2_ws/install/custom_interfaces/lib:/home/jefri/ros2_ws/install/my_robot_interfaces/lib:/usr/lib/x86_64-linux-gnu/gazebo-11/plugins:/opt/ros/humble/opt/rviz_ogre_vendor/lib:/opt/ros/humble/lib/x86_64-linux-gnu:/opt/ros/humble/lib PYTHONPATH=/home/jefri/ros2_ws/build/add_integers/prefix_override:/usr/lib/python3/dist-packages/colcon_core/task/python/colcon_distutils_commands:/home/jefri/ros2_ws/install/add_integers/lib/python3.10/site-packages:${PYTHONPATH} /usr/bin/python3 -W ignore:setup.py install is deprecated setup.py develop --editable --build-directory /home/jefri/ros2_ws/build/add_integers/build --no-deps symlink_data
