[0.028s] Invoking command in '/home/jefri/ros2_ws/build/custom_interfaces': CMAKE_PREFIX_PATH=${CMAKE_PREFIX_PATH}:/home/jefri/ros2_ws/install/turtlesim_catch_them_all:/home/jefri/ros2_ws/src/install/turtlesim_catch_them_all:/home/jefri/ros2_ws/src/install/my_robot_controller:/home/jefri/ros2_ws/install/my_robot_controller:/home/jefri/ros2_ws/install/add_integers:/opt/ros/humble /usr/bin/cmake /home/jefri/ros2_ws/src/custom_interfaces -DAMENT_CMAKE_SYMLINK_INSTALL=1 -DCMAKE_INSTALL_PREFIX=/home/jefri/ros2_ws/install/custom_interfaces
[0.325s] -- The C compiler identification is GNU 11.4.0
[0.474s] -- The CXX compiler identification is GNU 11.4.0
[0.495s] -- Detecting C compiler ABI info
[0.818s] -- Detecting C compiler ABI info - done
[0.850s] -- Check for working C compiler: /usr/bin/cc - skipped
[0.852s] -- Detecting C compile features
[0.854s] -- Detecting C compile features - done
[0.867s] -- Detecting CXX compiler ABI info
[1.110s] -- Detecting CXX compiler ABI info - done
[1.130s] -- Check for working CXX compiler: /usr/bin/c++ - skipped
[1.131s] -- Detecting CXX compile features
[1.133s] -- Detecting CXX compile features - done
[1.140s] -- Found ament_cmake: 1.3.10 (/opt/ros/humble/share/ament_cmake/cmake)
[1.619s] -- Found Python3: /usr/bin/python3 (found version "3.10.12") found components: Interpreter 
[1.827s] -- Override CMake install command with custom implementation using symlinks instead of copying resources
[1.887s] -- Found rosidl_default_generators: 1.2.0 (/opt/ros/humble/share/rosidl_default_generators/cmake)
[1.893s] -- Using all available rosidl_typesupport_c: rosidl_typesupport_fastrtps_c;rosidl_typesupport_introspection_c
[1.907s] -- Found rosidl_adapter: 3.1.5 (/opt/ros/humble/share/rosidl_adapter/cmake)
[1.992s] -- Using all available rosidl_typesupport_cpp: rosidl_typesupport_fastrtps_cpp;rosidl_typesupport_introspection_cpp
[2.822s] -- Found ament_cmake_ros: 0.10.0 (/opt/ros/humble/share/ament_cmake_ros/cmake)
[3.561s] -- Using all available rosidl_typesupport_c: rosidl_typesupport_fastrtps_c;rosidl_typesupport_introspection_c
[4.327s] -- Using all available rosidl_typesupport_cpp: rosidl_typesupport_fastrtps_cpp;rosidl_typesupport_introspection_cpp
[4.436s] -- Found PythonInterp: /usr/bin/python3 (found suitable version "3.10.12", minimum required is "3.6") 
[4.441s] -- Found python_cmake_module: 0.10.0 (/opt/ros/humble/share/python_cmake_module/cmake)
[4.558s] -- Found PythonLibs: /usr/lib/x86_64-linux-gnu/libpython3.10.so (found suitable version "3.10.12", minimum required is "3.5") 
[4.559s] -- Using PYTHON_EXECUTABLE: /usr/bin/python3
[4.559s] -- Using PYTHON_INCLUDE_DIRS: /usr/include/python3.10
[4.559s] -- Using PYTHON_LIBRARIES: /usr/lib/x86_64-linux-gnu/libpython3.10.so
[4.637s] -- Found PythonExtra: .so  
[4.785s] -- Found ament_lint_auto: 0.12.11 (/opt/ros/humble/share/ament_lint_auto/cmake)
[4.830s] -- Added test 'lint_cmake' to check CMake code style
[4.833s] -- Added test 'xmllint' to check XML markup files
[4.849s] -- Configuring done
[4.909s] -- Generating done
[4.914s] -- Build files have been written to: /home/jefri/ros2_ws/build/custom_interfaces
[4.933s] Invoked command in '/home/jefri/ros2_ws/build/custom_interfaces' returned '0': CMAKE_PREFIX_PATH=${CMAKE_PREFIX_PATH}:/home/jefri/ros2_ws/install/turtlesim_catch_them_all:/home/jefri/ros2_ws/src/install/turtlesim_catch_them_all:/home/jefri/ros2_ws/src/install/my_robot_controller:/home/jefri/ros2_ws/install/my_robot_controller:/home/jefri/ros2_ws/install/add_integers:/opt/ros/humble /usr/bin/cmake /home/jefri/ros2_ws/src/custom_interfaces -DAMENT_CMAKE_SYMLINK_INSTALL=1 -DCMAKE_INSTALL_PREFIX=/home/jefri/ros2_ws/install/custom_interfaces
[4.942s] Invoking command in '/home/jefri/ros2_ws/build/custom_interfaces': CMAKE_PREFIX_PATH=${CMAKE_PREFIX_PATH}:/home/jefri/ros2_ws/install/turtlesim_catch_them_all:/home/jefri/ros2_ws/src/install/turtlesim_catch_them_all:/home/jefri/ros2_ws/src/install/my_robot_controller:/home/jefri/ros2_ws/install/my_robot_controller:/home/jefri/ros2_ws/install/add_integers:/opt/ros/humble /usr/bin/cmake --build /home/jefri/ros2_ws/build/custom_interfaces -- -j2 -l2
[5.041s] [  3%] [34m[1mGenerating C code for ROS interfaces[0m
[5.109s] [  6%] [34m[1mGenerating C++ code for ROS interfaces[0m
[6.756s] [  9%] [32mBuilding C object CMakeFiles/custom_interfaces__rosidl_generator_c.dir/rosidl_generator_c/custom_interfaces/srv/detail/add_two_int__functions.c.o[0m
[6.760s] [  9%] Built target custom_interfaces__cpp
[6.908s] [  9%] Built target ament_cmake_python_symlink_custom_interfaces
[6.964s] [ 12%] [34m[1mGenerating C++ type support dispatch for ROS interfaces[0m
[7.014s] [ 16%] [32m[1mLinking C shared library libcustom_interfaces__rosidl_generator_c.so[0m
[7.244s] [ 16%] Built target custom_interfaces__rosidl_generator_c
[7.294s] [ 19%] [34m[1mGenerating C++ type support for eProsima Fast-RTPS[0m
[8.133s] [ 22%] [32mBuilding CXX object CMakeFiles/custom_interfaces__rosidl_typesupport_cpp.dir/rosidl_typesupport_cpp/custom_interfaces/srv/add_two_int__type_support.cpp.o[0m
[8.919s] [ 25%] [32mBuilding CXX object CMakeFiles/custom_interfaces__rosidl_typesupport_fastrtps_cpp.dir/rosidl_typesupport_fastrtps_cpp/custom_interfaces/srv/detail/dds_fastrtps/add_two_int__type_support.cpp.o[0m
[9.917s] [ 29%] [32m[1mLinking CXX shared library libcustom_interfaces__rosidl_typesupport_cpp.so[0m
[10.158s] [ 29%] Built target custom_interfaces__rosidl_typesupport_cpp
[10.222s] [ 32%] [34m[1mGenerating C++ introspection for ROS interfaces[0m
[11.633s] [ 35%] [32m[1mLinking CXX shared library libcustom_interfaces__rosidl_typesupport_fastrtps_cpp.so[0m
[11.918s] [ 35%] Built target custom_interfaces__rosidl_typesupport_fastrtps_cpp
[12.050s] [ 38%] [32mBuilding CXX object CMakeFiles/custom_interfaces__rosidl_typesupport_introspection_cpp.dir/rosidl_typesupport_introspection_cpp/custom_interfaces/srv/detail/add_two_int__type_support.cpp.o[0m
[14.049s] running egg_info
[14.052s] creating custom_interfaces.egg-info
[14.052s] writing custom_interfaces.egg-info/PKG-INFO
[14.052s] writing dependency_links to custom_interfaces.egg-info/dependency_links.txt
[14.058s] writing top-level names to custom_interfaces.egg-info/top_level.txt
[14.060s] writing manifest file 'custom_interfaces.egg-info/SOURCES.txt'
[14.064s] reading manifest file 'custom_interfaces.egg-info/SOURCES.txt'
[14.071s] writing manifest file 'custom_interfaces.egg-info/SOURCES.txt'
[14.270s] [ 38%] Built target ament_cmake_python_build_custom_interfaces_egg
[14.332s] [ 41%] [34m[1mGenerating C type support for eProsima Fast-RTPS[0m
[14.453s] [ 45%] [32m[1mLinking CXX shared library libcustom_interfaces__rosidl_typesupport_introspection_cpp.so[0m
[14.672s] [ 45%] Built target custom_interfaces__rosidl_typesupport_introspection_cpp
[14.725s] [ 48%] [34m[1mGenerating C introspection for ROS interfaces[0m
[15.923s] [ 51%] [32mBuilding CXX object CMakeFiles/custom_interfaces__rosidl_typesupport_fastrtps_c.dir/rosidl_typesupport_fastrtps_c/custom_interfaces/srv/detail/add_two_int__type_support_c.cpp.o[0m
[16.191s] [ 54%] [32mBuilding C object CMakeFiles/custom_interfaces__rosidl_typesupport_introspection_c.dir/rosidl_typesupport_introspection_c/custom_interfaces/srv/detail/add_two_int__type_support.c.o[0m
[16.379s] [ 58%] [32m[1mLinking C shared library libcustom_interfaces__rosidl_typesupport_introspection_c.so[0m
[16.551s] [ 58%] Built target custom_interfaces__rosidl_typesupport_introspection_c
[16.616s] [ 61%] [34m[1mGenerating C type support dispatch for ROS interfaces[0m
[18.055s] [ 64%] [32m[1mLinking CXX shared library libcustom_interfaces__rosidl_typesupport_fastrtps_c.so[0m
[18.183s] [ 67%] [32mBuilding CXX object CMakeFiles/custom_interfaces__rosidl_typesupport_c.dir/rosidl_typesupport_c/custom_interfaces/srv/add_two_int__type_support.cpp.o[0m
[18.341s] [ 70%] [32m[1mLinking CXX shared library libcustom_interfaces__rosidl_typesupport_c.so[0m
[18.578s] [ 70%] Built target custom_interfaces__rosidl_typesupport_fastrtps_c
[18.586s] [ 70%] Built target custom_interfaces__rosidl_typesupport_c
[18.707s] [ 70%] Built target custom_interfaces
[18.841s] [ 74%] [34m[1mGenerating Python code for ROS interfaces[0m
[20.528s] [ 74%] Built target custom_interfaces__py
[20.574s] [ 77%] [32mBuilding C object CMakeFiles/custom_interfaces__rosidl_generator_py.dir/rosidl_generator_py/custom_interfaces/srv/_add_two_int_s.c.o[0m
[20.877s] [ 80%] [32m[1mLinking C shared library rosidl_generator_py/custom_interfaces/libcustom_interfaces__rosidl_generator_py.so[0m
[20.984s] [ 80%] Built target custom_interfaces__rosidl_generator_py
[21.075s] [ 83%] [32mBuilding C object CMakeFiles/custom_interfaces__rosidl_typesupport_fastrtps_c__pyext.dir/rosidl_generator_py/custom_interfaces/_custom_interfaces_s.ep.rosidl_typesupport_fastrtps_c.c.o[0m
[21.113s] [ 87%] [32mBuilding C object CMakeFiles/custom_interfaces__rosidl_typesupport_introspection_c__pyext.dir/rosidl_generator_py/custom_interfaces/_custom_interfaces_s.ep.rosidl_typesupport_introspection_c.c.o[0m
[21.923s] [ 90%] [32m[1mLinking C shared library rosidl_generator_py/custom_interfaces/custom_interfaces_s__rosidl_typesupport_fastrtps_c.cpython-310-x86_64-linux-gnu.so[0m
[22.023s] [ 93%] [32m[1mLinking C shared library rosidl_generator_py/custom_interfaces/custom_interfaces_s__rosidl_typesupport_introspection_c.cpython-310-x86_64-linux-gnu.so[0m
[22.130s] [ 93%] Built target custom_interfaces__rosidl_typesupport_fastrtps_c__pyext
[22.238s] [ 96%] [32mBuilding C object CMakeFiles/custom_interfaces__rosidl_typesupport_c__pyext.dir/rosidl_generator_py/custom_interfaces/_custom_interfaces_s.ep.rosidl_typesupport_c.c.o[0m
[22.251s] [ 96%] Built target custom_interfaces__rosidl_typesupport_introspection_c__pyext
[22.784s] [100%] [32m[1mLinking C shared library rosidl_generator_py/custom_interfaces/custom_interfaces_s__rosidl_typesupport_c.cpython-310-x86_64-linux-gnu.so[0m
[22.939s] [100%] Built target custom_interfaces__rosidl_typesupport_c__pyext
[22.986s] Invoked command in '/home/jefri/ros2_ws/build/custom_interfaces' returned '0': CMAKE_PREFIX_PATH=${CMAKE_PREFIX_PATH}:/home/jefri/ros2_ws/install/turtlesim_catch_them_all:/home/jefri/ros2_ws/src/install/turtlesim_catch_them_all:/home/jefri/ros2_ws/src/install/my_robot_controller:/home/jefri/ros2_ws/install/my_robot_controller:/home/jefri/ros2_ws/install/add_integers:/opt/ros/humble /usr/bin/cmake --build /home/jefri/ros2_ws/build/custom_interfaces -- -j2 -l2
[23.320s] Invoking command in '/home/jefri/ros2_ws/build/custom_interfaces': CMAKE_PREFIX_PATH=${CMAKE_PREFIX_PATH}:/home/jefri/ros2_ws/install/turtlesim_catch_them_all:/home/jefri/ros2_ws/src/install/turtlesim_catch_them_all:/home/jefri/ros2_ws/src/install/my_robot_controller:/home/jefri/ros2_ws/install/my_robot_controller:/home/jefri/ros2_ws/install/add_integers:/opt/ros/humble /usr/bin/cmake --install /home/jefri/ros2_ws/build/custom_interfaces
[23.345s] -- Install configuration: ""
[23.349s] -- Execute custom install script
[23.351s] -- Symlinking: /home/jefri/ros2_ws/install/custom_interfaces/share/ament_index/resource_index/rosidl_interfaces/custom_interfaces
[23.382s] -- Symlinking: /home/jefri/ros2_ws/install/custom_interfaces/include/custom_interfaces/custom_interfaces/msg/rosidl_generator_c__visibility_control.h
[23.410s] -- Symlinking: /home/jefri/ros2_ws/install/custom_interfaces/include/custom_interfaces/custom_interfaces/srv/add_two_int.h
[23.461s] -- Symlinking: /home/jefri/ros2_ws/install/custom_interfaces/include/custom_interfaces/custom_interfaces/srv/detail/add_two_int__functions.h
[23.511s] -- Symlinking: /home/jefri/ros2_ws/install/custom_interfaces/include/custom_interfaces/custom_interfaces/srv/detail/add_two_int__struct.h
[23.553s] -- Symlinking: /home/jefri/ros2_ws/install/custom_interfaces/include/custom_interfaces/custom_interfaces/srv/detail/add_two_int__type_support.h
[23.577s] -- Symlinking: /home/jefri/ros2_ws/install/custom_interfaces/share/custom_interfaces/environment/library_path.sh
[23.598s] -- Symlinking: /home/jefri/ros2_ws/install/custom_interfaces/share/custom_interfaces/environment/library_path.dsv
[23.626s] -- Symlinking: /home/jefri/ros2_ws/install/custom_interfaces/include/custom_interfaces/custom_interfaces/msg/rosidl_typesupport_fastrtps_c__visibility_control.h
[23.647s] -- Symlinking: /home/jefri/ros2_ws/install/custom_interfaces/include/custom_interfaces/custom_interfaces/srv/detail/add_two_int__rosidl_typesupport_fastrtps_c.h
[23.681s] -- Symlinking: /home/jefri/ros2_ws/install/custom_interfaces/include/custom_interfaces/custom_interfaces/msg/rosidl_typesupport_introspection_c__visibility_control.h
[23.699s] -- Symlinking: /home/jefri/ros2_ws/install/custom_interfaces/include/custom_interfaces/custom_interfaces/srv/detail/add_two_int__rosidl_typesupport_introspection_c.h
[23.727s] -- Symlinking: /home/jefri/ros2_ws/install/custom_interfaces/include/custom_interfaces/custom_interfaces/srv/add_two_int.hpp
[23.766s] -- Symlinking: /home/jefri/ros2_ws/install/custom_interfaces/include/custom_interfaces/custom_interfaces/srv/detail/add_two_int__builder.hpp
[23.790s] -- Symlinking: /home/jefri/ros2_ws/install/custom_interfaces/include/custom_interfaces/custom_interfaces/srv/detail/add_two_int__struct.hpp
[23.814s] -- Symlinking: /home/jefri/ros2_ws/install/custom_interfaces/include/custom_interfaces/custom_interfaces/srv/detail/add_two_int__traits.hpp
[23.846s] -- Symlinking: /home/jefri/ros2_ws/install/custom_interfaces/include/custom_interfaces/custom_interfaces/msg/rosidl_typesupport_fastrtps_cpp__visibility_control.h
[23.876s] -- Symlinking: /home/jefri/ros2_ws/install/custom_interfaces/include/custom_interfaces/custom_interfaces/srv/detail/add_two_int__rosidl_typesupport_fastrtps_cpp.hpp
[23.897s] -- Symlinking: /home/jefri/ros2_ws/install/custom_interfaces/include/custom_interfaces/custom_interfaces/srv/detail/add_two_int__rosidl_typesupport_introspection_cpp.hpp
[23.923s] -- Symlinking: /home/jefri/ros2_ws/install/custom_interfaces/share/custom_interfaces/environment/pythonpath.sh
[23.954s] -- Symlinking: /home/jefri/ros2_ws/install/custom_interfaces/share/custom_interfaces/environment/pythonpath.dsv
[23.987s] -- Symlinking: /home/jefri/ros2_ws/install/custom_interfaces/local/lib/python3.10/dist-packages/custom_interfaces-0.0.0-py3.10.egg-info/PKG-INFO
[24.014s] -- Symlinking: /home/jefri/ros2_ws/install/custom_interfaces/local/lib/python3.10/dist-packages/custom_interfaces-0.0.0-py3.10.egg-info/SOURCES.txt
[24.037s] -- Symlinking: /home/jefri/ros2_ws/install/custom_interfaces/local/lib/python3.10/dist-packages/custom_interfaces-0.0.0-py3.10.egg-info/dependency_links.txt
[24.068s] -- Symlinking: /home/jefri/ros2_ws/install/custom_interfaces/local/lib/python3.10/dist-packages/custom_interfaces-0.0.0-py3.10.egg-info/top_level.txt
[24.095s] -- Symlinking: /home/jefri/ros2_ws/install/custom_interfaces/local/lib/python3.10/dist-packages/custom_interfaces/__init__.py
[24.120s] -- Symlinking: /home/jefri/ros2_ws/install/custom_interfaces/local/lib/python3.10/dist-packages/custom_interfaces/_custom_interfaces_s.ep.rosidl_typesupport_c.c
[24.147s] -- Symlinking: /home/jefri/ros2_ws/install/custom_interfaces/local/lib/python3.10/dist-packages/custom_interfaces/_custom_interfaces_s.ep.rosidl_typesupport_fastrtps_c.c
[24.177s] -- Symlinking: /home/jefri/ros2_ws/install/custom_interfaces/local/lib/python3.10/dist-packages/custom_interfaces/_custom_interfaces_s.ep.rosidl_typesupport_introspection_c.c
[24.197s] -- Symlinking: /home/jefri/ros2_ws/install/custom_interfaces/local/lib/python3.10/dist-packages/custom_interfaces/custom_interfaces_s__rosidl_typesupport_c.cpython-310-x86_64-linux-gnu.so
[24.221s] -- Symlinking: /home/jefri/ros2_ws/install/custom_interfaces/local/lib/python3.10/dist-packages/custom_interfaces/custom_interfaces_s__rosidl_typesupport_fastrtps_c.cpython-310-x86_64-linux-gnu.so
[24.251s] -- Symlinking: /home/jefri/ros2_ws/install/custom_interfaces/local/lib/python3.10/dist-packages/custom_interfaces/custom_interfaces_s__rosidl_typesupport_introspection_c.cpython-310-x86_64-linux-gnu.so
[24.276s] -- Symlinking: /home/jefri/ros2_ws/install/custom_interfaces/local/lib/python3.10/dist-packages/custom_interfaces/libcustom_interfaces__rosidl_generator_py.so
[24.331s] -- Symlinking: /home/jefri/ros2_ws/install/custom_interfaces/local/lib/python3.10/dist-packages/custom_interfaces/srv/__init__.py
[24.422s] -- Symlinking: /home/jefri/ros2_ws/install/custom_interfaces/local/lib/python3.10/dist-packages/custom_interfaces/srv/_add_two_int.py
[24.506s] -- Symlinking: /home/jefri/ros2_ws/install/custom_interfaces/local/lib/python3.10/dist-packages/custom_interfaces/srv/_add_two_int_s.c
[24.582s] -- Up-to-date symlink: /home/jefri/ros2_ws/install/custom_interfaces/local/lib/python3.10/dist-packages/custom_interfaces/custom_interfaces_s__rosidl_typesupport_fastrtps_c.cpython-310-x86_64-linux-gnu.so
[24.587s] -- Up-to-date symlink: /home/jefri/ros2_ws/install/custom_interfaces/local/lib/python3.10/dist-packages/custom_interfaces/custom_interfaces_s__rosidl_typesupport_introspection_c.cpython-310-x86_64-linux-gnu.so
[24.587s] -- Up-to-date symlink: /home/jefri/ros2_ws/install/custom_interfaces/local/lib/python3.10/dist-packages/custom_interfaces/custom_interfaces_s__rosidl_typesupport_c.cpython-310-x86_64-linux-gnu.so
[24.587s] -- Symlinking: /home/jefri/ros2_ws/install/custom_interfaces/share/custom_interfaces/srv/AddTwoInt.idl
[24.644s] -- Symlinking: /home/jefri/ros2_ws/install/custom_interfaces/share/custom_interfaces/srv/AddTwoInt.srv
[24.696s] -- Symlinking: /home/jefri/ros2_ws/install/custom_interfaces/share/custom_interfaces/srv/AddTwoInt_Request.msg
[24.741s] -- Symlinking: /home/jefri/ros2_ws/install/custom_interfaces/share/custom_interfaces/srv/AddTwoInt_Response.msg
[24.789s] -- Symlinking: /home/jefri/ros2_ws/install/custom_interfaces/share/ament_index/resource_index/package_run_dependencies/custom_interfaces
[24.836s] -- Symlinking: /home/jefri/ros2_ws/install/custom_interfaces/share/ament_index/resource_index/parent_prefix_path/custom_interfaces
[24.879s] -- Symlinking: /home/jefri/ros2_ws/install/custom_interfaces/share/custom_interfaces/environment/ament_prefix_path.sh
[24.922s] -- Symlinking: /home/jefri/ros2_ws/install/custom_interfaces/share/custom_interfaces/environment/ament_prefix_path.dsv
[24.969s] -- Symlinking: /home/jefri/ros2_ws/install/custom_interfaces/share/custom_interfaces/environment/path.sh
[25.010s] -- Symlinking: /home/jefri/ros2_ws/install/custom_interfaces/share/custom_interfaces/environment/path.dsv
[25.054s] -- Symlinking: /home/jefri/ros2_ws/install/custom_interfaces/share/custom_interfaces/local_setup.bash
[25.093s] -- Symlinking: /home/jefri/ros2_ws/install/custom_interfaces/share/custom_interfaces/local_setup.sh
[25.131s] -- Symlinking: /home/jefri/ros2_ws/install/custom_interfaces/share/custom_interfaces/local_setup.zsh
[25.176s] -- Symlinking: /home/jefri/ros2_ws/install/custom_interfaces/share/custom_interfaces/local_setup.dsv
[25.235s] -- Symlinking: /home/jefri/ros2_ws/install/custom_interfaces/share/custom_interfaces/package.dsv
[25.281s] -- Symlinking: /home/jefri/ros2_ws/install/custom_interfaces/share/ament_index/resource_index/packages/custom_interfaces
[25.325s] -- Symlinking: /home/jefri/ros2_ws/install/custom_interfaces/share/custom_interfaces/cmake/rosidl_cmake-extras.cmake
[25.370s] -- Symlinking: /home/jefri/ros2_ws/install/custom_interfaces/share/custom_interfaces/cmake/ament_cmake_export_include_directories-extras.cmake
[25.408s] -- Symlinking: /home/jefri/ros2_ws/install/custom_interfaces/share/custom_interfaces/cmake/ament_cmake_export_libraries-extras.cmake
[25.453s] -- Symlinking: /home/jefri/ros2_ws/install/custom_interfaces/share/custom_interfaces/cmake/ament_cmake_export_targets-extras.cmake
[25.492s] -- Symlinking: /home/jefri/ros2_ws/install/custom_interfaces/share/custom_interfaces/cmake/rosidl_cmake_export_typesupport_targets-extras.cmake
[25.531s] -- Symlinking: /home/jefri/ros2_ws/install/custom_interfaces/share/custom_interfaces/cmake/ament_cmake_export_dependencies-extras.cmake
[25.585s] -- Symlinking: /home/jefri/ros2_ws/install/custom_interfaces/share/custom_interfaces/cmake/rosidl_cmake_export_typesupport_libraries-extras.cmake
[25.631s] -- Symlinking: /home/jefri/ros2_ws/install/custom_interfaces/share/custom_interfaces/cmake/custom_interfacesConfig.cmake
[25.687s] -- Symlinking: /home/jefri/ros2_ws/install/custom_interfaces/share/custom_interfaces/cmake/custom_interfacesConfig-version.cmake
[25.737s] -- Symlinking: /home/jefri/ros2_ws/install/custom_interfaces/share/custom_interfaces/package.xml
[25.786s] -- Installing: /home/jefri/ros2_ws/install/custom_interfaces/lib/libcustom_interfaces__rosidl_generator_c.so
[25.795s] -- Set runtime path of "/home/jefri/ros2_ws/install/custom_interfaces/lib/libcustom_interfaces__rosidl_generator_c.so" to ""
[25.795s] -- Installing: /home/jefri/ros2_ws/install/custom_interfaces/lib/libcustom_interfaces__rosidl_typesupport_fastrtps_c.so
[25.795s] -- Set runtime path of "/home/jefri/ros2_ws/install/custom_interfaces/lib/libcustom_interfaces__rosidl_typesupport_fastrtps_c.so" to ""
[25.796s] -- Installing: /home/jefri/ros2_ws/install/custom_interfaces/lib/libcustom_interfaces__rosidl_typesupport_introspection_c.so
[25.796s] -- Set runtime path of "/home/jefri/ros2_ws/install/custom_interfaces/lib/libcustom_interfaces__rosidl_typesupport_introspection_c.so" to ""
[25.796s] -- Installing: /home/jefri/ros2_ws/install/custom_interfaces/lib/libcustom_interfaces__rosidl_typesupport_c.so
[25.796s] -- Set runtime path of "/home/jefri/ros2_ws/install/custom_interfaces/lib/libcustom_interfaces__rosidl_typesupport_c.so" to ""
[25.797s] -- Installing: /home/jefri/ros2_ws/install/custom_interfaces/lib/libcustom_interfaces__rosidl_typesupport_fastrtps_cpp.so
[25.809s] -- Set runtime path of "/home/jefri/ros2_ws/install/custom_interfaces/lib/libcustom_interfaces__rosidl_typesupport_fastrtps_cpp.so" to ""
[25.809s] -- Installing: /home/jefri/ros2_ws/install/custom_interfaces/lib/libcustom_interfaces__rosidl_typesupport_introspection_cpp.so
[25.810s] -- Set runtime path of "/home/jefri/ros2_ws/install/custom_interfaces/lib/libcustom_interfaces__rosidl_typesupport_introspection_cpp.so" to ""
[25.810s] -- Installing: /home/jefri/ros2_ws/install/custom_interfaces/lib/libcustom_interfaces__rosidl_typesupport_cpp.so
[25.810s] -- Set runtime path of "/home/jefri/ros2_ws/install/custom_interfaces/lib/libcustom_interfaces__rosidl_typesupport_cpp.so" to ""
[25.930s] Listing '/home/jefri/ros2_ws/install/custom_interfaces/local/lib/python3.10/dist-packages/custom_interfaces'...
[25.932s] Compiling '/home/jefri/ros2_ws/install/custom_interfaces/local/lib/python3.10/dist-packages/custom_interfaces/__init__.py'...
[25.937s] Listing '/home/jefri/ros2_ws/install/custom_interfaces/local/lib/python3.10/dist-packages/custom_interfaces/srv'...
[25.940s] Compiling '/home/jefri/ros2_ws/install/custom_interfaces/local/lib/python3.10/dist-packages/custom_interfaces/srv/__init__.py'...
[25.942s] Compiling '/home/jefri/ros2_ws/install/custom_interfaces/local/lib/python3.10/dist-packages/custom_interfaces/srv/_add_two_int.py'...
[25.968s] -- Installing: /home/jefri/ros2_ws/install/custom_interfaces/lib/libcustom_interfaces__rosidl_generator_py.so
[25.978s] -- Set runtime path of "/home/jefri/ros2_ws/install/custom_interfaces/lib/libcustom_interfaces__rosidl_generator_py.so" to ""
[25.983s] -- Installing: /home/jefri/ros2_ws/install/custom_interfaces/share/custom_interfaces/cmake/export_custom_interfaces__rosidl_generator_cExport.cmake
[25.983s] -- Installing: /home/jefri/ros2_ws/install/custom_interfaces/share/custom_interfaces/cmake/export_custom_interfaces__rosidl_generator_cExport-noconfig.cmake
[25.983s] -- Installing: /home/jefri/ros2_ws/install/custom_interfaces/share/custom_interfaces/cmake/export_custom_interfaces__rosidl_typesupport_fastrtps_cExport.cmake
[25.987s] -- Installing: /home/jefri/ros2_ws/install/custom_interfaces/share/custom_interfaces/cmake/export_custom_interfaces__rosidl_typesupport_fastrtps_cExport-noconfig.cmake
[25.987s] -- Installing: /home/jefri/ros2_ws/install/custom_interfaces/share/custom_interfaces/cmake/custom_interfaces__rosidl_typesupport_introspection_cExport.cmake
[25.994s] -- Installing: /home/jefri/ros2_ws/install/custom_interfaces/share/custom_interfaces/cmake/custom_interfaces__rosidl_typesupport_introspection_cExport-noconfig.cmake
[25.994s] -- Installing: /home/jefri/ros2_ws/install/custom_interfaces/share/custom_interfaces/cmake/custom_interfaces__rosidl_typesupport_cExport.cmake
[25.995s] -- Installing: /home/jefri/ros2_ws/install/custom_interfaces/share/custom_interfaces/cmake/custom_interfaces__rosidl_typesupport_cExport-noconfig.cmake
[25.995s] -- Installing: /home/jefri/ros2_ws/install/custom_interfaces/share/custom_interfaces/cmake/export_custom_interfaces__rosidl_generator_cppExport.cmake
[25.995s] -- Installing: /home/jefri/ros2_ws/install/custom_interfaces/share/custom_interfaces/cmake/export_custom_interfaces__rosidl_typesupport_fastrtps_cppExport.cmake
[25.995s] -- Installing: /home/jefri/ros2_ws/install/custom_interfaces/share/custom_interfaces/cmake/export_custom_interfaces__rosidl_typesupport_fastrtps_cppExport-noconfig.cmake
[25.998s] -- Installing: /home/jefri/ros2_ws/install/custom_interfaces/share/custom_interfaces/cmake/custom_interfaces__rosidl_typesupport_introspection_cppExport.cmake
[25.998s] -- Installing: /home/jefri/ros2_ws/install/custom_interfaces/share/custom_interfaces/cmake/custom_interfaces__rosidl_typesupport_introspection_cppExport-noconfig.cmake
[25.998s] -- Installing: /home/jefri/ros2_ws/install/custom_interfaces/share/custom_interfaces/cmake/custom_interfaces__rosidl_typesupport_cppExport.cmake
[26.004s] -- Installing: /home/jefri/ros2_ws/install/custom_interfaces/share/custom_interfaces/cmake/custom_interfaces__rosidl_typesupport_cppExport-noconfig.cmake
[26.004s] -- Installing: /home/jefri/ros2_ws/install/custom_interfaces/share/custom_interfaces/cmake/export_custom_interfaces__rosidl_generator_pyExport.cmake
[26.004s] -- Installing: /home/jefri/ros2_ws/install/custom_interfaces/share/custom_interfaces/cmake/export_custom_interfaces__rosidl_generator_pyExport-noconfig.cmake
[26.022s] Invoked command in '/home/jefri/ros2_ws/build/custom_interfaces' returned '0': CMAKE_PREFIX_PATH=${CMAKE_PREFIX_PATH}:/home/jefri/ros2_ws/install/turtlesim_catch_them_all:/home/jefri/ros2_ws/src/install/turtlesim_catch_them_all:/home/jefri/ros2_ws/src/install/my_robot_controller:/home/jefri/ros2_ws/install/my_robot_controller:/home/jefri/ros2_ws/install/add_integers:/opt/ros/humble /usr/bin/cmake --install /home/jefri/ros2_ws/build/custom_interfaces
