[0.038s] Invoking command in '/home/jefri/ros2_ws/build/my_robot_interfaces': CMAKE_PREFIX_PATH=${CMAKE_PREFIX_PATH}:/home/jefri/ros2_ws/install/turtlesim_catch_them_all:/home/jefri/ros2_ws/src/install/turtlesim_catch_them_all:/home/jefri/ros2_ws/src/install/my_robot_controller:/home/jefri/ros2_ws/install/my_robot_controller:/home/jefri/ros2_ws/install/add_integers:/opt/ros/humble /usr/bin/cmake /home/jefri/ros2_ws/src/my_robot_interfaces -DAMENT_CMAKE_SYMLINK_INSTALL=1 -DCMAKE_INSTALL_PREFIX=/home/jefri/ros2_ws/install/my_robot_interfaces
[0.270s] -- The C compiler identification is GNU 11.4.0
[0.441s] -- The CXX compiler identification is GNU 11.4.0
[0.459s] -- Detecting C compiler ABI info
[0.615s] -- Detecting C compiler ABI info - done
[0.631s] -- Check for working C compiler: /usr/bin/cc - skipped
[0.632s] -- Detecting C compile features
[0.635s] -- Detecting C compile features - done
[0.639s] -- Detecting CXX compiler ABI info
[1.050s] -- Detecting CXX compiler ABI info - done
[1.115s] -- Check for working CXX compiler: /usr/bin/c++ - skipped
[1.123s] -- Detecting CXX compile features
[1.124s] -- Detecting CXX compile features - done
[1.144s] -- Found ament_cmake: 1.3.10 (/opt/ros/humble/share/ament_cmake/cmake)
[1.909s] -- Found Python3: /usr/bin/python3 (found version "3.10.12") found components: Interpreter 
[2.135s] -- Override CMake install command with custom implementation using symlinks instead of copying resources
[2.206s] -- Found rosidl_default_generators: 1.2.0 (/opt/ros/humble/share/rosidl_default_generators/cmake)
[2.214s] -- Using all available rosidl_typesupport_c: rosidl_typesupport_fastrtps_c;rosidl_typesupport_introspection_c
[2.229s] -- Found rosidl_adapter: 3.1.5 (/opt/ros/humble/share/rosidl_adapter/cmake)
[2.315s] -- Using all available rosidl_typesupport_cpp: rosidl_typesupport_fastrtps_cpp;rosidl_typesupport_introspection_cpp
[2.394s] -- Found std_msgs: 4.2.4 (/opt/ros/humble/share/std_msgs/cmake)
[3.312s] -- Found ament_cmake_ros: 0.10.0 (/opt/ros/humble/share/ament_cmake_ros/cmake)
[3.993s] -- Using all available rosidl_typesupport_c: rosidl_typesupport_fastrtps_c;rosidl_typesupport_introspection_c
[4.894s] -- Using all available rosidl_typesupport_cpp: rosidl_typesupport_fastrtps_cpp;rosidl_typesupport_introspection_cpp
[4.956s] -- Found PythonInterp: /usr/bin/python3 (found suitable version "3.10.12", minimum required is "3.6") 
[4.960s] -- Found python_cmake_module: 0.10.0 (/opt/ros/humble/share/python_cmake_module/cmake)
[5.024s] -- Found PythonLibs: /usr/lib/x86_64-linux-gnu/libpython3.10.so (found suitable version "3.10.12", minimum required is "3.5") 
[5.025s] -- Using PYTHON_EXECUTABLE: /usr/bin/python3
[5.025s] -- Using PYTHON_INCLUDE_DIRS: /usr/include/python3.10
[5.025s] -- Using PYTHON_LIBRARIES: /usr/lib/x86_64-linux-gnu/libpython3.10.so
[5.083s] -- Found PythonExtra: .so  
[5.356s] -- Found ament_lint_auto: 0.12.11 (/opt/ros/humble/share/ament_lint_auto/cmake)
[5.489s] -- Added test 'lint_cmake' to check CMake code style
[5.492s] -- Added test 'xmllint' to check XML markup files
[5.520s] -- Configuring done
[5.743s] -- Generating done
[5.765s] -- Build files have been written to: /home/jefri/ros2_ws/build/my_robot_interfaces
[5.790s] Invoked command in '/home/jefri/ros2_ws/build/my_robot_interfaces' returned '0': CMAKE_PREFIX_PATH=${CMAKE_PREFIX_PATH}:/home/jefri/ros2_ws/install/turtlesim_catch_them_all:/home/jefri/ros2_ws/src/install/turtlesim_catch_them_all:/home/jefri/ros2_ws/src/install/my_robot_controller:/home/jefri/ros2_ws/install/my_robot_controller:/home/jefri/ros2_ws/install/add_integers:/opt/ros/humble /usr/bin/cmake /home/jefri/ros2_ws/src/my_robot_interfaces -DAMENT_CMAKE_SYMLINK_INSTALL=1 -DCMAKE_INSTALL_PREFIX=/home/jefri/ros2_ws/install/my_robot_interfaces
[5.791s] Invoking command in '/home/jefri/ros2_ws/build/my_robot_interfaces': CMAKE_PREFIX_PATH=${CMAKE_PREFIX_PATH}:/home/jefri/ros2_ws/install/turtlesim_catch_them_all:/home/jefri/ros2_ws/src/install/turtlesim_catch_them_all:/home/jefri/ros2_ws/src/install/my_robot_controller:/home/jefri/ros2_ws/install/my_robot_controller:/home/jefri/ros2_ws/install/add_integers:/opt/ros/humble /usr/bin/cmake --build /home/jefri/ros2_ws/build/my_robot_interfaces -- -j2 -l2
[5.992s] [  2%] [34m[1mGenerating C code for ROS interfaces[0m
[6.039s] [  4%] [34m[1mGenerating C++ code for ROS interfaces[0m
[7.837s] [  4%] Built target my_robot_interfaces__cpp
[7.950s] [  4%] Built target ament_cmake_python_symlink_my_robot_interfaces
[8.063s] [  6%] [34m[1mGenerating C++ type support dispatch for ROS interfaces[0m
[8.359s] [  8%] [32mBuilding C object CMakeFiles/my_robot_interfaces__rosidl_generator_c.dir/rosidl_generator_c/my_robot_interfaces/msg/detail/hardwarestatus__functions.c.o[0m
[8.579s] [ 10%] [32mBuilding C object CMakeFiles/my_robot_interfaces__rosidl_generator_c.dir/rosidl_generator_c/my_robot_interfaces/msg/detail/turtle__functions.c.o[0m
[8.686s] [ 12%] [32mBuilding C object CMakeFiles/my_robot_interfaces__rosidl_generator_c.dir/rosidl_generator_c/my_robot_interfaces/msg/detail/turtle_array__functions.c.o[0m
[8.801s] [ 14%] [32m[1mLinking C shared library libmy_robot_interfaces__rosidl_generator_c.so[0m
[8.924s] [ 14%] Built target my_robot_interfaces__rosidl_generator_c
[8.954s] [ 17%] [34m[1mGenerating C++ type support for eProsima Fast-RTPS[0m
[9.642s] [ 19%] [32mBuilding CXX object CMakeFiles/my_robot_interfaces__rosidl_typesupport_cpp.dir/rosidl_typesupport_cpp/my_robot_interfaces/msg/hardwarestatus__type_support.cpp.o[0m
[10.762s] [ 21%] [32mBuilding CXX object CMakeFiles/my_robot_interfaces__rosidl_typesupport_fastrtps_cpp.dir/rosidl_typesupport_fastrtps_cpp/my_robot_interfaces/msg/detail/dds_fastrtps/hardwarestatus__type_support.cpp.o[0m
[11.341s] [ 23%] [32mBuilding CXX object CMakeFiles/my_robot_interfaces__rosidl_typesupport_cpp.dir/rosidl_typesupport_cpp/my_robot_interfaces/msg/turtle__type_support.cpp.o[0m
[13.031s] [ 25%] [32mBuilding CXX object CMakeFiles/my_robot_interfaces__rosidl_typesupport_cpp.dir/rosidl_typesupport_cpp/my_robot_interfaces/msg/turtle_array__type_support.cpp.o[0m
[13.424s] [ 27%] [32mBuilding CXX object CMakeFiles/my_robot_interfaces__rosidl_typesupport_fastrtps_cpp.dir/rosidl_typesupport_fastrtps_cpp/my_robot_interfaces/msg/detail/dds_fastrtps/turtle__type_support.cpp.o[0m
[14.657s] [ 29%] [32m[1mLinking CXX shared library libmy_robot_interfaces__rosidl_typesupport_cpp.so[0m
[14.809s] [ 29%] Built target my_robot_interfaces__rosidl_typesupport_cpp
[14.828s] [ 31%] [32mBuilding CXX object CMakeFiles/my_robot_interfaces__rosidl_typesupport_fastrtps_cpp.dir/rosidl_typesupport_fastrtps_cpp/my_robot_interfaces/msg/detail/dds_fastrtps/turtle_array__type_support.cpp.o[0m
[15.862s] [ 34%] [34m[1mGenerating C++ introspection for ROS interfaces[0m
[17.182s] [ 36%] [32m[1mLinking CXX shared library libmy_robot_interfaces__rosidl_typesupport_fastrtps_cpp.so[0m
[17.558s] [ 36%] Built target my_robot_interfaces__rosidl_typesupport_fastrtps_cpp
[17.771s] [ 38%] [32mBuilding CXX object CMakeFiles/my_robot_interfaces__rosidl_typesupport_introspection_cpp.dir/rosidl_typesupport_introspection_cpp/my_robot_interfaces/msg/detail/hardwarestatus__type_support.cpp.o[0m
[18.984s] running egg_info
[18.986s] creating my_robot_interfaces.egg-info
[18.987s] writing my_robot_interfaces.egg-info/PKG-INFO
[18.988s] writing dependency_links to my_robot_interfaces.egg-info/dependency_links.txt
[18.989s] writing top-level names to my_robot_interfaces.egg-info/top_level.txt
[18.995s] writing manifest file 'my_robot_interfaces.egg-info/SOURCES.txt'
[18.999s] reading manifest file 'my_robot_interfaces.egg-info/SOURCES.txt'
[19.002s] writing manifest file 'my_robot_interfaces.egg-info/SOURCES.txt'
[19.090s] [ 38%] Built target ament_cmake_python_build_my_robot_interfaces_egg
[19.129s] [ 40%] [32mBuilding CXX object CMakeFiles/my_robot_interfaces__rosidl_typesupport_introspection_cpp.dir/rosidl_typesupport_introspection_cpp/my_robot_interfaces/msg/detail/turtle__type_support.cpp.o[0m
[19.438s] [ 42%] [32mBuilding CXX object CMakeFiles/my_robot_interfaces__rosidl_typesupport_introspection_cpp.dir/rosidl_typesupport_introspection_cpp/my_robot_interfaces/msg/detail/turtle_array__type_support.cpp.o[0m
[20.907s] [ 44%] [34m[1mGenerating C type support for eProsima Fast-RTPS[0m
[21.577s] [ 46%] [32m[1mLinking CXX shared library libmy_robot_interfaces__rosidl_typesupport_introspection_cpp.so[0m
[21.911s] [ 46%] Built target my_robot_interfaces__rosidl_typesupport_introspection_cpp
[21.944s] [ 48%] [34m[1mGenerating C introspection for ROS interfaces[0m
[22.629s] [ 51%] [32mBuilding CXX object CMakeFiles/my_robot_interfaces__rosidl_typesupport_fastrtps_c.dir/rosidl_typesupport_fastrtps_c/my_robot_interfaces/msg/detail/hardwarestatus__type_support_c.cpp.o[0m
[23.359s] [ 53%] [32mBuilding C object CMakeFiles/my_robot_interfaces__rosidl_typesupport_introspection_c.dir/rosidl_typesupport_introspection_c/my_robot_interfaces/msg/detail/hardwarestatus__type_support.c.o[0m
[23.543s] [ 55%] [32mBuilding C object CMakeFiles/my_robot_interfaces__rosidl_typesupport_introspection_c.dir/rosidl_typesupport_introspection_c/my_robot_interfaces/msg/detail/turtle__type_support.c.o[0m
[23.703s] [ 57%] [32mBuilding C object CMakeFiles/my_robot_interfaces__rosidl_typesupport_introspection_c.dir/rosidl_typesupport_introspection_c/my_robot_interfaces/msg/detail/turtle_array__type_support.c.o[0m
[23.896s] [ 59%] [32m[1mLinking C shared library libmy_robot_interfaces__rosidl_typesupport_introspection_c.so[0m
[24.041s] [ 59%] Built target my_robot_interfaces__rosidl_typesupport_introspection_c
[24.088s] [ 61%] [34m[1mGenerating C type support dispatch for ROS interfaces[0m
[24.314s] [ 63%] [32mBuilding CXX object CMakeFiles/my_robot_interfaces__rosidl_typesupport_fastrtps_c.dir/rosidl_typesupport_fastrtps_c/my_robot_interfaces/msg/detail/turtle__type_support_c.cpp.o[0m
[25.490s] [ 65%] [32mBuilding CXX object CMakeFiles/my_robot_interfaces__rosidl_typesupport_c.dir/rosidl_typesupport_c/my_robot_interfaces/msg/hardwarestatus__type_support.cpp.o[0m
[25.705s] [ 68%] [32mBuilding CXX object CMakeFiles/my_robot_interfaces__rosidl_typesupport_c.dir/rosidl_typesupport_c/my_robot_interfaces/msg/turtle__type_support.cpp.o[0m
[25.896s] [ 70%] [32mBuilding CXX object CMakeFiles/my_robot_interfaces__rosidl_typesupport_c.dir/rosidl_typesupport_c/my_robot_interfaces/msg/turtle_array__type_support.cpp.o[0m
[26.023s] [ 72%] [32mBuilding CXX object CMakeFiles/my_robot_interfaces__rosidl_typesupport_fastrtps_c.dir/rosidl_typesupport_fastrtps_c/my_robot_interfaces/msg/detail/turtle_array__type_support_c.cpp.o[0m
[26.044s] [ 74%] [32m[1mLinking CXX shared library libmy_robot_interfaces__rosidl_typesupport_c.so[0m
[26.270s] [ 74%] Built target my_robot_interfaces__rosidl_typesupport_c
[27.124s] [ 76%] [32m[1mLinking CXX shared library libmy_robot_interfaces__rosidl_typesupport_fastrtps_c.so[0m
[27.348s] [ 76%] Built target my_robot_interfaces__rosidl_typesupport_fastrtps_c
[27.400s] [ 76%] Built target my_robot_interfaces
[27.448s] [ 78%] [34m[1mGenerating Python code for ROS interfaces[0m
[28.726s] [ 78%] Built target my_robot_interfaces__py
[28.774s] [ 80%] [32mBuilding C object CMakeFiles/my_robot_interfaces__rosidl_generator_py.dir/rosidl_generator_py/my_robot_interfaces/msg/_hardwarestatus_s.c.o[0m
[28.795s] [ 82%] [32mBuilding C object CMakeFiles/my_robot_interfaces__rosidl_generator_py.dir/rosidl_generator_py/my_robot_interfaces/msg/_turtle_s.c.o[0m
[29.083s] [ 85%] [32mBuilding C object CMakeFiles/my_robot_interfaces__rosidl_generator_py.dir/rosidl_generator_py/my_robot_interfaces/msg/_turtle_array_s.c.o[0m
[29.336s] [ 87%] [32m[1mLinking C shared library rosidl_generator_py/my_robot_interfaces/libmy_robot_interfaces__rosidl_generator_py.so[0m
[29.452s] [ 87%] Built target my_robot_interfaces__rosidl_generator_py
[29.499s] [ 89%] [32mBuilding C object CMakeFiles/my_robot_interfaces__rosidl_typesupport_introspection_c__pyext.dir/rosidl_generator_py/my_robot_interfaces/_my_robot_interfaces_s.ep.rosidl_typesupport_introspection_c.c.o[0m
[29.539s] [ 91%] [32mBuilding C object CMakeFiles/my_robot_interfaces__rosidl_typesupport_fastrtps_c__pyext.dir/rosidl_generator_py/my_robot_interfaces/_my_robot_interfaces_s.ep.rosidl_typesupport_fastrtps_c.c.o[0m
[29.817s] [ 93%] [32m[1mLinking C shared library rosidl_generator_py/my_robot_interfaces/my_robot_interfaces_s__rosidl_typesupport_introspection_c.cpython-310-x86_64-linux-gnu.so[0m
[29.951s] [ 93%] Built target my_robot_interfaces__rosidl_typesupport_introspection_c__pyext
[29.968s] [ 95%] [32m[1mLinking C shared library rosidl_generator_py/my_robot_interfaces/my_robot_interfaces_s__rosidl_typesupport_fastrtps_c.cpython-310-x86_64-linux-gnu.so[0m
[30.028s] [ 97%] [32mBuilding C object CMakeFiles/my_robot_interfaces__rosidl_typesupport_c__pyext.dir/rosidl_generator_py/my_robot_interfaces/_my_robot_interfaces_s.ep.rosidl_typesupport_c.c.o[0m
[30.176s] [ 97%] Built target my_robot_interfaces__rosidl_typesupport_fastrtps_c__pyext
[30.340s] [100%] [32m[1mLinking C shared library rosidl_generator_py/my_robot_interfaces/my_robot_interfaces_s__rosidl_typesupport_c.cpython-310-x86_64-linux-gnu.so[0m
[30.468s] [100%] Built target my_robot_interfaces__rosidl_typesupport_c__pyext
[31.188s] Invoked command in '/home/jefri/ros2_ws/build/my_robot_interfaces' returned '0': CMAKE_PREFIX_PATH=${CMAKE_PREFIX_PATH}:/home/jefri/ros2_ws/install/turtlesim_catch_them_all:/home/jefri/ros2_ws/src/install/turtlesim_catch_them_all:/home/jefri/ros2_ws/src/install/my_robot_controller:/home/jefri/ros2_ws/install/my_robot_controller:/home/jefri/ros2_ws/install/add_integers:/opt/ros/humble /usr/bin/cmake --build /home/jefri/ros2_ws/build/my_robot_interfaces -- -j2 -l2
[31.484s] Invoking command in '/home/jefri/ros2_ws/build/my_robot_interfaces': CMAKE_PREFIX_PATH=${CMAKE_PREFIX_PATH}:/home/jefri/ros2_ws/install/turtlesim_catch_them_all:/home/jefri/ros2_ws/src/install/turtlesim_catch_them_all:/home/jefri/ros2_ws/src/install/my_robot_controller:/home/jefri/ros2_ws/install/my_robot_controller:/home/jefri/ros2_ws/install/add_integers:/opt/ros/humble /usr/bin/cmake --install /home/jefri/ros2_ws/build/my_robot_interfaces
[31.505s] -- Install configuration: ""
[31.506s] -- Execute custom install script
[31.510s] -- Symlinking: /home/jefri/ros2_ws/install/my_robot_interfaces/share/ament_index/resource_index/rosidl_interfaces/my_robot_interfaces
[31.534s] -- Symlinking: /home/jefri/ros2_ws/install/my_robot_interfaces/include/my_robot_interfaces/my_robot_interfaces/msg/detail/hardwarestatus__functions.h
[31.558s] -- Symlinking: /home/jefri/ros2_ws/install/my_robot_interfaces/include/my_robot_interfaces/my_robot_interfaces/msg/detail/hardwarestatus__struct.h
[31.587s] -- Symlinking: /home/jefri/ros2_ws/install/my_robot_interfaces/include/my_robot_interfaces/my_robot_interfaces/msg/detail/hardwarestatus__type_support.h
[31.610s] -- Symlinking: /home/jefri/ros2_ws/install/my_robot_interfaces/include/my_robot_interfaces/my_robot_interfaces/msg/detail/turtle__functions.h
[31.632s] -- Symlinking: /home/jefri/ros2_ws/install/my_robot_interfaces/include/my_robot_interfaces/my_robot_interfaces/msg/detail/turtle__struct.h
[31.659s] -- Symlinking: /home/jefri/ros2_ws/install/my_robot_interfaces/include/my_robot_interfaces/my_robot_interfaces/msg/detail/turtle__type_support.h
[31.682s] -- Symlinking: /home/jefri/ros2_ws/install/my_robot_interfaces/include/my_robot_interfaces/my_robot_interfaces/msg/detail/turtle_array__functions.h
[31.706s] -- Symlinking: /home/jefri/ros2_ws/install/my_robot_interfaces/include/my_robot_interfaces/my_robot_interfaces/msg/detail/turtle_array__struct.h
[31.730s] -- Symlinking: /home/jefri/ros2_ws/install/my_robot_interfaces/include/my_robot_interfaces/my_robot_interfaces/msg/detail/turtle_array__type_support.h
[31.752s] -- Symlinking: /home/jefri/ros2_ws/install/my_robot_interfaces/include/my_robot_interfaces/my_robot_interfaces/msg/hardwarestatus.h
[31.780s] -- Symlinking: /home/jefri/ros2_ws/install/my_robot_interfaces/include/my_robot_interfaces/my_robot_interfaces/msg/rosidl_generator_c__visibility_control.h
[31.800s] -- Symlinking: /home/jefri/ros2_ws/install/my_robot_interfaces/include/my_robot_interfaces/my_robot_interfaces/msg/turtle.h
[31.822s] -- Symlinking: /home/jefri/ros2_ws/install/my_robot_interfaces/include/my_robot_interfaces/my_robot_interfaces/msg/turtle_array.h
[31.845s] -- Symlinking: /home/jefri/ros2_ws/install/my_robot_interfaces/share/my_robot_interfaces/environment/library_path.sh
[31.872s] -- Symlinking: /home/jefri/ros2_ws/install/my_robot_interfaces/share/my_robot_interfaces/environment/library_path.dsv
[31.897s] -- Symlinking: /home/jefri/ros2_ws/install/my_robot_interfaces/include/my_robot_interfaces/my_robot_interfaces/msg/detail/hardwarestatus__rosidl_typesupport_fastrtps_c.h
[31.920s] -- Symlinking: /home/jefri/ros2_ws/install/my_robot_interfaces/include/my_robot_interfaces/my_robot_interfaces/msg/detail/turtle__rosidl_typesupport_fastrtps_c.h
[31.944s] -- Symlinking: /home/jefri/ros2_ws/install/my_robot_interfaces/include/my_robot_interfaces/my_robot_interfaces/msg/detail/turtle_array__rosidl_typesupport_fastrtps_c.h
[31.972s] -- Symlinking: /home/jefri/ros2_ws/install/my_robot_interfaces/include/my_robot_interfaces/my_robot_interfaces/msg/rosidl_typesupport_fastrtps_c__visibility_control.h
[31.997s] -- Symlinking: /home/jefri/ros2_ws/install/my_robot_interfaces/include/my_robot_interfaces/my_robot_interfaces/msg/detail/hardwarestatus__rosidl_typesupport_introspection_c.h
[32.020s] -- Symlinking: /home/jefri/ros2_ws/install/my_robot_interfaces/include/my_robot_interfaces/my_robot_interfaces/msg/detail/turtle__rosidl_typesupport_introspection_c.h
[32.044s] -- Symlinking: /home/jefri/ros2_ws/install/my_robot_interfaces/include/my_robot_interfaces/my_robot_interfaces/msg/detail/turtle_array__rosidl_typesupport_introspection_c.h
[32.072s] -- Symlinking: /home/jefri/ros2_ws/install/my_robot_interfaces/include/my_robot_interfaces/my_robot_interfaces/msg/rosidl_typesupport_introspection_c__visibility_control.h
[32.096s] -- Symlinking: /home/jefri/ros2_ws/install/my_robot_interfaces/include/my_robot_interfaces/my_robot_interfaces/msg/detail/hardwarestatus__builder.hpp
[32.121s] -- Symlinking: /home/jefri/ros2_ws/install/my_robot_interfaces/include/my_robot_interfaces/my_robot_interfaces/msg/detail/hardwarestatus__struct.hpp
[32.142s] -- Symlinking: /home/jefri/ros2_ws/install/my_robot_interfaces/include/my_robot_interfaces/my_robot_interfaces/msg/detail/hardwarestatus__traits.hpp
[32.170s] -- Symlinking: /home/jefri/ros2_ws/install/my_robot_interfaces/include/my_robot_interfaces/my_robot_interfaces/msg/detail/turtle__builder.hpp
[32.196s] -- Symlinking: /home/jefri/ros2_ws/install/my_robot_interfaces/include/my_robot_interfaces/my_robot_interfaces/msg/detail/turtle__struct.hpp
[32.218s] -- Symlinking: /home/jefri/ros2_ws/install/my_robot_interfaces/include/my_robot_interfaces/my_robot_interfaces/msg/detail/turtle__traits.hpp
[32.261s] -- Symlinking: /home/jefri/ros2_ws/install/my_robot_interfaces/include/my_robot_interfaces/my_robot_interfaces/msg/detail/turtle_array__builder.hpp
[32.290s] -- Symlinking: /home/jefri/ros2_ws/install/my_robot_interfaces/include/my_robot_interfaces/my_robot_interfaces/msg/detail/turtle_array__struct.hpp
[32.310s] -- Symlinking: /home/jefri/ros2_ws/install/my_robot_interfaces/include/my_robot_interfaces/my_robot_interfaces/msg/detail/turtle_array__traits.hpp
[32.332s] -- Symlinking: /home/jefri/ros2_ws/install/my_robot_interfaces/include/my_robot_interfaces/my_robot_interfaces/msg/hardwarestatus.hpp
[32.353s] -- Symlinking: /home/jefri/ros2_ws/install/my_robot_interfaces/include/my_robot_interfaces/my_robot_interfaces/msg/turtle.hpp
[32.383s] -- Symlinking: /home/jefri/ros2_ws/install/my_robot_interfaces/include/my_robot_interfaces/my_robot_interfaces/msg/turtle_array.hpp
[32.405s] -- Symlinking: /home/jefri/ros2_ws/install/my_robot_interfaces/include/my_robot_interfaces/my_robot_interfaces/msg/detail/hardwarestatus__rosidl_typesupport_fastrtps_cpp.hpp
[32.428s] -- Symlinking: /home/jefri/ros2_ws/install/my_robot_interfaces/include/my_robot_interfaces/my_robot_interfaces/msg/detail/turtle__rosidl_typesupport_fastrtps_cpp.hpp
[32.453s] -- Symlinking: /home/jefri/ros2_ws/install/my_robot_interfaces/include/my_robot_interfaces/my_robot_interfaces/msg/detail/turtle_array__rosidl_typesupport_fastrtps_cpp.hpp
[32.479s] -- Symlinking: /home/jefri/ros2_ws/install/my_robot_interfaces/include/my_robot_interfaces/my_robot_interfaces/msg/rosidl_typesupport_fastrtps_cpp__visibility_control.h
[32.504s] -- Symlinking: /home/jefri/ros2_ws/install/my_robot_interfaces/include/my_robot_interfaces/my_robot_interfaces/msg/detail/hardwarestatus__rosidl_typesupport_introspection_cpp.hpp
[32.527s] -- Symlinking: /home/jefri/ros2_ws/install/my_robot_interfaces/include/my_robot_interfaces/my_robot_interfaces/msg/detail/turtle__rosidl_typesupport_introspection_cpp.hpp
[32.552s] -- Symlinking: /home/jefri/ros2_ws/install/my_robot_interfaces/include/my_robot_interfaces/my_robot_interfaces/msg/detail/turtle_array__rosidl_typesupport_introspection_cpp.hpp
[32.582s] -- Symlinking: /home/jefri/ros2_ws/install/my_robot_interfaces/share/my_robot_interfaces/environment/pythonpath.sh
[32.606s] -- Symlinking: /home/jefri/ros2_ws/install/my_robot_interfaces/share/my_robot_interfaces/environment/pythonpath.dsv
[32.637s] -- Symlinking: /home/jefri/ros2_ws/install/my_robot_interfaces/local/lib/python3.10/dist-packages/my_robot_interfaces-0.0.0-py3.10.egg-info/PKG-INFO
[32.668s] -- Symlinking: /home/jefri/ros2_ws/install/my_robot_interfaces/local/lib/python3.10/dist-packages/my_robot_interfaces-0.0.0-py3.10.egg-info/SOURCES.txt
[32.712s] -- Symlinking: /home/jefri/ros2_ws/install/my_robot_interfaces/local/lib/python3.10/dist-packages/my_robot_interfaces-0.0.0-py3.10.egg-info/dependency_links.txt
[32.756s] -- Symlinking: /home/jefri/ros2_ws/install/my_robot_interfaces/local/lib/python3.10/dist-packages/my_robot_interfaces-0.0.0-py3.10.egg-info/top_level.txt
[32.785s] -- Symlinking: /home/jefri/ros2_ws/install/my_robot_interfaces/local/lib/python3.10/dist-packages/my_robot_interfaces/__init__.py
[32.802s] -- Symlinking: /home/jefri/ros2_ws/install/my_robot_interfaces/local/lib/python3.10/dist-packages/my_robot_interfaces/_my_robot_interfaces_s.ep.rosidl_typesupport_c.c
[32.827s] -- Symlinking: /home/jefri/ros2_ws/install/my_robot_interfaces/local/lib/python3.10/dist-packages/my_robot_interfaces/_my_robot_interfaces_s.ep.rosidl_typesupport_fastrtps_c.c
[32.844s] -- Symlinking: /home/jefri/ros2_ws/install/my_robot_interfaces/local/lib/python3.10/dist-packages/my_robot_interfaces/_my_robot_interfaces_s.ep.rosidl_typesupport_introspection_c.c
[32.868s] -- Symlinking: /home/jefri/ros2_ws/install/my_robot_interfaces/local/lib/python3.10/dist-packages/my_robot_interfaces/libmy_robot_interfaces__rosidl_generator_py.so
[32.891s] -- Symlinking: /home/jefri/ros2_ws/install/my_robot_interfaces/local/lib/python3.10/dist-packages/my_robot_interfaces/msg/__init__.py
[32.912s] -- Symlinking: /home/jefri/ros2_ws/install/my_robot_interfaces/local/lib/python3.10/dist-packages/my_robot_interfaces/msg/_hardwarestatus.py
[32.935s] -- Symlinking: /home/jefri/ros2_ws/install/my_robot_interfaces/local/lib/python3.10/dist-packages/my_robot_interfaces/msg/_hardwarestatus_s.c
[32.958s] -- Symlinking: /home/jefri/ros2_ws/install/my_robot_interfaces/local/lib/python3.10/dist-packages/my_robot_interfaces/msg/_turtle.py
[32.986s] -- Symlinking: /home/jefri/ros2_ws/install/my_robot_interfaces/local/lib/python3.10/dist-packages/my_robot_interfaces/msg/_turtle_array.py
[33.016s] -- Symlinking: /home/jefri/ros2_ws/install/my_robot_interfaces/local/lib/python3.10/dist-packages/my_robot_interfaces/msg/_turtle_array_s.c
[33.042s] -- Symlinking: /home/jefri/ros2_ws/install/my_robot_interfaces/local/lib/python3.10/dist-packages/my_robot_interfaces/msg/_turtle_s.c
[33.079s] -- Symlinking: /home/jefri/ros2_ws/install/my_robot_interfaces/local/lib/python3.10/dist-packages/my_robot_interfaces/my_robot_interfaces_s__rosidl_typesupport_c.cpython-310-x86_64-linux-gnu.so
[33.128s] -- Symlinking: /home/jefri/ros2_ws/install/my_robot_interfaces/local/lib/python3.10/dist-packages/my_robot_interfaces/my_robot_interfaces_s__rosidl_typesupport_fastrtps_c.cpython-310-x86_64-linux-gnu.so
[33.162s] -- Symlinking: /home/jefri/ros2_ws/install/my_robot_interfaces/local/lib/python3.10/dist-packages/my_robot_interfaces/my_robot_interfaces_s__rosidl_typesupport_introspection_c.cpython-310-x86_64-linux-gnu.so
[33.185s] -- Up-to-date symlink: /home/jefri/ros2_ws/install/my_robot_interfaces/local/lib/python3.10/dist-packages/my_robot_interfaces/my_robot_interfaces_s__rosidl_typesupport_fastrtps_c.cpython-310-x86_64-linux-gnu.so
[33.185s] -- Up-to-date symlink: /home/jefri/ros2_ws/install/my_robot_interfaces/local/lib/python3.10/dist-packages/my_robot_interfaces/my_robot_interfaces_s__rosidl_typesupport_introspection_c.cpython-310-x86_64-linux-gnu.so
[33.185s] -- Up-to-date symlink: /home/jefri/ros2_ws/install/my_robot_interfaces/local/lib/python3.10/dist-packages/my_robot_interfaces/my_robot_interfaces_s__rosidl_typesupport_c.cpython-310-x86_64-linux-gnu.so
[33.186s] -- Symlinking: /home/jefri/ros2_ws/install/my_robot_interfaces/share/my_robot_interfaces/msg/Hardwarestatus.idl
[33.215s] -- Symlinking: /home/jefri/ros2_ws/install/my_robot_interfaces/share/my_robot_interfaces/msg/Turtle.idl
[33.246s] -- Symlinking: /home/jefri/ros2_ws/install/my_robot_interfaces/share/my_robot_interfaces/msg/TurtleArray.idl
[33.269s] -- Symlinking: /home/jefri/ros2_ws/install/my_robot_interfaces/share/my_robot_interfaces/msg/Hardwarestatus.msg
[33.297s] -- Symlinking: /home/jefri/ros2_ws/install/my_robot_interfaces/share/my_robot_interfaces/msg/Turtle.msg
[33.317s] -- Symlinking: /home/jefri/ros2_ws/install/my_robot_interfaces/share/my_robot_interfaces/msg/TurtleArray.msg
[33.340s] -- Symlinking: /home/jefri/ros2_ws/install/my_robot_interfaces/share/ament_index/resource_index/package_run_dependencies/my_robot_interfaces
[33.361s] -- Symlinking: /home/jefri/ros2_ws/install/my_robot_interfaces/share/ament_index/resource_index/parent_prefix_path/my_robot_interfaces
[33.388s] -- Symlinking: /home/jefri/ros2_ws/install/my_robot_interfaces/share/my_robot_interfaces/environment/ament_prefix_path.sh
[33.413s] -- Symlinking: /home/jefri/ros2_ws/install/my_robot_interfaces/share/my_robot_interfaces/environment/ament_prefix_path.dsv
[33.433s] -- Symlinking: /home/jefri/ros2_ws/install/my_robot_interfaces/share/my_robot_interfaces/environment/path.sh
[33.454s] -- Symlinking: /home/jefri/ros2_ws/install/my_robot_interfaces/share/my_robot_interfaces/environment/path.dsv
[33.477s] -- Symlinking: /home/jefri/ros2_ws/install/my_robot_interfaces/share/my_robot_interfaces/local_setup.bash
[33.503s] -- Symlinking: /home/jefri/ros2_ws/install/my_robot_interfaces/share/my_robot_interfaces/local_setup.sh
[33.529s] -- Symlinking: /home/jefri/ros2_ws/install/my_robot_interfaces/share/my_robot_interfaces/local_setup.zsh
[33.550s] -- Symlinking: /home/jefri/ros2_ws/install/my_robot_interfaces/share/my_robot_interfaces/local_setup.dsv
[33.577s] -- Symlinking: /home/jefri/ros2_ws/install/my_robot_interfaces/share/my_robot_interfaces/package.dsv
[33.593s] -- Symlinking: /home/jefri/ros2_ws/install/my_robot_interfaces/share/ament_index/resource_index/packages/my_robot_interfaces
[33.615s] -- Symlinking: /home/jefri/ros2_ws/install/my_robot_interfaces/share/my_robot_interfaces/cmake/rosidl_cmake-extras.cmake
[33.635s] -- Symlinking: /home/jefri/ros2_ws/install/my_robot_interfaces/share/my_robot_interfaces/cmake/ament_cmake_export_dependencies-extras.cmake
[33.656s] -- Symlinking: /home/jefri/ros2_ws/install/my_robot_interfaces/share/my_robot_interfaces/cmake/ament_cmake_export_include_directories-extras.cmake
[33.679s] -- Symlinking: /home/jefri/ros2_ws/install/my_robot_interfaces/share/my_robot_interfaces/cmake/ament_cmake_export_libraries-extras.cmake
[33.705s] -- Symlinking: /home/jefri/ros2_ws/install/my_robot_interfaces/share/my_robot_interfaces/cmake/ament_cmake_export_targets-extras.cmake
[33.732s] -- Symlinking: /home/jefri/ros2_ws/install/my_robot_interfaces/share/my_robot_interfaces/cmake/rosidl_cmake_export_typesupport_targets-extras.cmake
[33.748s] -- Symlinking: /home/jefri/ros2_ws/install/my_robot_interfaces/share/my_robot_interfaces/cmake/rosidl_cmake_export_typesupport_libraries-extras.cmake
[33.771s] -- Symlinking: /home/jefri/ros2_ws/install/my_robot_interfaces/share/my_robot_interfaces/cmake/my_robot_interfacesConfig.cmake
[33.801s] -- Symlinking: /home/jefri/ros2_ws/install/my_robot_interfaces/share/my_robot_interfaces/cmake/my_robot_interfacesConfig-version.cmake
[33.821s] -- Symlinking: /home/jefri/ros2_ws/install/my_robot_interfaces/share/my_robot_interfaces/package.xml
[33.844s] -- Installing: /home/jefri/ros2_ws/install/my_robot_interfaces/lib/libmy_robot_interfaces__rosidl_generator_c.so
[33.844s] -- Set runtime path of "/home/jefri/ros2_ws/install/my_robot_interfaces/lib/libmy_robot_interfaces__rosidl_generator_c.so" to ""
[33.844s] -- Installing: /home/jefri/ros2_ws/install/my_robot_interfaces/lib/libmy_robot_interfaces__rosidl_typesupport_fastrtps_c.so
[33.849s] -- Set runtime path of "/home/jefri/ros2_ws/install/my_robot_interfaces/lib/libmy_robot_interfaces__rosidl_typesupport_fastrtps_c.so" to ""
[33.849s] -- Installing: /home/jefri/ros2_ws/install/my_robot_interfaces/lib/libmy_robot_interfaces__rosidl_typesupport_introspection_c.so
[33.849s] -- Set runtime path of "/home/jefri/ros2_ws/install/my_robot_interfaces/lib/libmy_robot_interfaces__rosidl_typesupport_introspection_c.so" to ""
[33.849s] -- Installing: /home/jefri/ros2_ws/install/my_robot_interfaces/lib/libmy_robot_interfaces__rosidl_typesupport_c.so
[33.849s] -- Set runtime path of "/home/jefri/ros2_ws/install/my_robot_interfaces/lib/libmy_robot_interfaces__rosidl_typesupport_c.so" to ""
[33.856s] -- Installing: /home/jefri/ros2_ws/install/my_robot_interfaces/lib/libmy_robot_interfaces__rosidl_typesupport_fastrtps_cpp.so
[33.856s] -- Set runtime path of "/home/jefri/ros2_ws/install/my_robot_interfaces/lib/libmy_robot_interfaces__rosidl_typesupport_fastrtps_cpp.so" to ""
[33.857s] -- Installing: /home/jefri/ros2_ws/install/my_robot_interfaces/lib/libmy_robot_interfaces__rosidl_typesupport_introspection_cpp.so
[33.857s] -- Set runtime path of "/home/jefri/ros2_ws/install/my_robot_interfaces/lib/libmy_robot_interfaces__rosidl_typesupport_introspection_cpp.so" to ""
[33.857s] -- Installing: /home/jefri/ros2_ws/install/my_robot_interfaces/lib/libmy_robot_interfaces__rosidl_typesupport_cpp.so
[33.857s] -- Set runtime path of "/home/jefri/ros2_ws/install/my_robot_interfaces/lib/libmy_robot_interfaces__rosidl_typesupport_cpp.so" to ""
[33.958s] Listing '/home/jefri/ros2_ws/install/my_robot_interfaces/local/lib/python3.10/dist-packages/my_robot_interfaces'...
[33.958s] Compiling '/home/jefri/ros2_ws/install/my_robot_interfaces/local/lib/python3.10/dist-packages/my_robot_interfaces/__init__.py'...
[33.959s] Listing '/home/jefri/ros2_ws/install/my_robot_interfaces/local/lib/python3.10/dist-packages/my_robot_interfaces/msg'...
[33.959s] Compiling '/home/jefri/ros2_ws/install/my_robot_interfaces/local/lib/python3.10/dist-packages/my_robot_interfaces/msg/__init__.py'...
[33.959s] Compiling '/home/jefri/ros2_ws/install/my_robot_interfaces/local/lib/python3.10/dist-packages/my_robot_interfaces/msg/_hardwarestatus.py'...
[33.959s] Compiling '/home/jefri/ros2_ws/install/my_robot_interfaces/local/lib/python3.10/dist-packages/my_robot_interfaces/msg/_turtle.py'...
[33.959s] Compiling '/home/jefri/ros2_ws/install/my_robot_interfaces/local/lib/python3.10/dist-packages/my_robot_interfaces/msg/_turtle_array.py'...
[33.976s] -- Installing: /home/jefri/ros2_ws/install/my_robot_interfaces/lib/libmy_robot_interfaces__rosidl_generator_py.so
[33.977s] -- Set runtime path of "/home/jefri/ros2_ws/install/my_robot_interfaces/lib/libmy_robot_interfaces__rosidl_generator_py.so" to ""
[33.977s] -- Installing: /home/jefri/ros2_ws/install/my_robot_interfaces/share/my_robot_interfaces/cmake/export_my_robot_interfaces__rosidl_generator_cExport.cmake
[33.984s] -- Installing: /home/jefri/ros2_ws/install/my_robot_interfaces/share/my_robot_interfaces/cmake/export_my_robot_interfaces__rosidl_generator_cExport-noconfig.cmake
[33.985s] -- Installing: /home/jefri/ros2_ws/install/my_robot_interfaces/share/my_robot_interfaces/cmake/export_my_robot_interfaces__rosidl_typesupport_fastrtps_cExport.cmake
[33.985s] -- Installing: /home/jefri/ros2_ws/install/my_robot_interfaces/share/my_robot_interfaces/cmake/export_my_robot_interfaces__rosidl_typesupport_fastrtps_cExport-noconfig.cmake
[33.985s] -- Installing: /home/jefri/ros2_ws/install/my_robot_interfaces/share/my_robot_interfaces/cmake/my_robot_interfaces__rosidl_typesupport_introspection_cExport.cmake
[33.985s] -- Installing: /home/jefri/ros2_ws/install/my_robot_interfaces/share/my_robot_interfaces/cmake/my_robot_interfaces__rosidl_typesupport_introspection_cExport-noconfig.cmake
[33.988s] -- Installing: /home/jefri/ros2_ws/install/my_robot_interfaces/share/my_robot_interfaces/cmake/my_robot_interfaces__rosidl_typesupport_cExport.cmake
[33.988s] -- Installing: /home/jefri/ros2_ws/install/my_robot_interfaces/share/my_robot_interfaces/cmake/my_robot_interfaces__rosidl_typesupport_cExport-noconfig.cmake
[33.990s] -- Installing: /home/jefri/ros2_ws/install/my_robot_interfaces/share/my_robot_interfaces/cmake/export_my_robot_interfaces__rosidl_generator_cppExport.cmake
[33.991s] -- Installing: /home/jefri/ros2_ws/install/my_robot_interfaces/share/my_robot_interfaces/cmake/export_my_robot_interfaces__rosidl_typesupport_fastrtps_cppExport.cmake
[33.992s] -- Installing: /home/jefri/ros2_ws/install/my_robot_interfaces/share/my_robot_interfaces/cmake/export_my_robot_interfaces__rosidl_typesupport_fastrtps_cppExport-noconfig.cmake
[33.993s] -- Installing: /home/jefri/ros2_ws/install/my_robot_interfaces/share/my_robot_interfaces/cmake/my_robot_interfaces__rosidl_typesupport_introspection_cppExport.cmake
[33.995s] -- Installing: /home/jefri/ros2_ws/install/my_robot_interfaces/share/my_robot_interfaces/cmake/my_robot_interfaces__rosidl_typesupport_introspection_cppExport-noconfig.cmake
[33.997s] -- Installing: /home/jefri/ros2_ws/install/my_robot_interfaces/share/my_robot_interfaces/cmake/my_robot_interfaces__rosidl_typesupport_cppExport.cmake
[33.997s] -- Installing: /home/jefri/ros2_ws/install/my_robot_interfaces/share/my_robot_interfaces/cmake/my_robot_interfaces__rosidl_typesupport_cppExport-noconfig.cmake
[33.998s] -- Installing: /home/jefri/ros2_ws/install/my_robot_interfaces/share/my_robot_interfaces/cmake/export_my_robot_interfaces__rosidl_generator_pyExport.cmake
[33.999s] -- Installing: /home/jefri/ros2_ws/install/my_robot_interfaces/share/my_robot_interfaces/cmake/export_my_robot_interfaces__rosidl_generator_pyExport-noconfig.cmake
[34.005s] Invoked command in '/home/jefri/ros2_ws/build/my_robot_interfaces' returned '0': CMAKE_PREFIX_PATH=${CMAKE_PREFIX_PATH}:/home/jefri/ros2_ws/install/turtlesim_catch_them_all:/home/jefri/ros2_ws/src/install/turtlesim_catch_them_all:/home/jefri/ros2_ws/src/install/my_robot_controller:/home/jefri/ros2_ws/install/my_robot_controller:/home/jefri/ros2_ws/install/add_integers:/opt/ros/humble /usr/bin/cmake --install /home/jefri/ros2_ws/build/my_robot_interfaces
