[0.054s] Invoking command in '/home/jefri/ros2_ws/build/custom_interfaces': CMAKE_PREFIX_PATH=${CMAKE_PREFIX_PATH}:/home/jefri/ros2_ws/install/turtlesim_catch_them_all:/home/jefri/ros2_ws/src/install/turtlesim_catch_them_all:/home/jefri/ros2_ws/src/install/my_robot_controller:/home/jefri/ros2_ws/install/my_robot_controller:/home/jefri/ros2_ws/install/add_integers:/opt/ros/humble /usr/bin/cmake --build /home/jefri/ros2_ws/build/custom_interfaces -- -j2 -l2
[0.267s] [  3%] Built target custom_interfaces__cpp
[0.282s] [ 12%] Built target custom_interfaces__rosidl_generator_c
[0.333s] [ 22%] Built target custom_interfaces__rosidl_typesupport_cpp
[0.390s] [ 32%] Built target custom_interfaces__rosidl_typesupport_fastrtps_c
[0.396s] [ 32%] Built target ament_cmake_python_symlink_custom_interfaces
[0.479s] [ 41%] Built target custom_interfaces__rosidl_typesupport_introspection_c
[0.496s] [ 51%] Built target custom_interfaces__rosidl_typesupport_c
[0.609s] [ 61%] Built target custom_interfaces__rosidl_typesupport_fastrtps_cpp
[0.621s] [ 70%] Built target custom_interfaces__rosidl_typesupport_introspection_cpp
[0.678s] [ 70%] Built target custom_interfaces
[0.731s] [ 74%] Built target custom_interfaces__py
[0.791s] [ 80%] Built target custom_interfaces__rosidl_generator_py
[0.854s] [ 87%] Built target custom_interfaces__rosidl_typesupport_fastrtps_c__pyext
[0.922s] [ 93%] Built target custom_interfaces__rosidl_typesupport_introspection_c__pyext
[1.018s] [100%] Built target custom_interfaces__rosidl_typesupport_c__pyext
[1.659s] running egg_info
[1.661s] writing custom_interfaces.egg-info/PKG-INFO
[1.661s] writing dependency_links to custom_interfaces.egg-info/dependency_links.txt
[1.661s] writing top-level names to custom_interfaces.egg-info/top_level.txt
[1.669s] reading manifest file 'custom_interfaces.egg-info/SOURCES.txt'
[1.672s] writing manifest file 'custom_interfaces.egg-info/SOURCES.txt'
[1.759s] [100%] Built target ament_cmake_python_build_custom_interfaces_egg
[1.796s] Invoked command in '/home/jefri/ros2_ws/build/custom_interfaces' returned '0': CMAKE_PREFIX_PATH=${CMAKE_PREFIX_PATH}:/home/jefri/ros2_ws/install/turtlesim_catch_them_all:/home/jefri/ros2_ws/src/install/turtlesim_catch_them_all:/home/jefri/ros2_ws/src/install/my_robot_controller:/home/jefri/ros2_ws/install/my_robot_controller:/home/jefri/ros2_ws/install/add_integers:/opt/ros/humble /usr/bin/cmake --build /home/jefri/ros2_ws/build/custom_interfaces -- -j2 -l2
[1.977s] Invoking command in '/home/jefri/ros2_ws/build/custom_interfaces': CMAKE_PREFIX_PATH=${CMAKE_PREFIX_PATH}:/home/jefri/ros2_ws/install/turtlesim_catch_them_all:/home/jefri/ros2_ws/src/install/turtlesim_catch_them_all:/home/jefri/ros2_ws/src/install/my_robot_controller:/home/jefri/ros2_ws/install/my_robot_controller:/home/jefri/ros2_ws/install/add_integers:/opt/ros/humble /usr/bin/cmake --install /home/jefri/ros2_ws/build/custom_interfaces
[1.998s] -- Install configuration: ""
[2.001s] -- Execute custom install script
[2.001s] -- Up-to-date symlink: /home/jefri/ros2_ws/install/custom_interfaces/share/ament_index/resource_index/rosidl_interfaces/custom_interfaces
[2.004s] -- Up-to-date symlink: /home/jefri/ros2_ws/install/custom_interfaces/include/custom_interfaces/custom_interfaces/msg/rosidl_generator_c__visibility_control.h
[2.005s] -- Up-to-date symlink: /home/jefri/ros2_ws/install/custom_interfaces/include/custom_interfaces/custom_interfaces/srv/add_two_int.h
[2.007s] -- Up-to-date symlink: /home/jefri/ros2_ws/install/custom_interfaces/include/custom_interfaces/custom_interfaces/srv/detail/add_two_int__functions.h
[2.009s] -- Up-to-date symlink: /home/jefri/ros2_ws/install/custom_interfaces/include/custom_interfaces/custom_interfaces/srv/detail/add_two_int__struct.h
[2.009s] -- Up-to-date symlink: /home/jefri/ros2_ws/install/custom_interfaces/include/custom_interfaces/custom_interfaces/srv/detail/add_two_int__type_support.h
[2.010s] -- Up-to-date symlink: /home/jefri/ros2_ws/install/custom_interfaces/share/custom_interfaces/environment/library_path.sh
[2.010s] -- Up-to-date symlink: /home/jefri/ros2_ws/install/custom_interfaces/share/custom_interfaces/environment/library_path.dsv
[2.012s] -- Up-to-date symlink: /home/jefri/ros2_ws/install/custom_interfaces/include/custom_interfaces/custom_interfaces/msg/rosidl_typesupport_fastrtps_c__visibility_control.h
[2.013s] -- Up-to-date symlink: /home/jefri/ros2_ws/install/custom_interfaces/include/custom_interfaces/custom_interfaces/srv/detail/add_two_int__rosidl_typesupport_fastrtps_c.h
[2.016s] -- Up-to-date symlink: /home/jefri/ros2_ws/install/custom_interfaces/include/custom_interfaces/custom_interfaces/msg/rosidl_typesupport_introspection_c__visibility_control.h
[2.017s] -- Up-to-date symlink: /home/jefri/ros2_ws/install/custom_interfaces/include/custom_interfaces/custom_interfaces/srv/detail/add_two_int__rosidl_typesupport_introspection_c.h
[2.020s] -- Up-to-date symlink: /home/jefri/ros2_ws/install/custom_interfaces/include/custom_interfaces/custom_interfaces/srv/add_two_int.hpp
[2.021s] -- Up-to-date symlink: /home/jefri/ros2_ws/install/custom_interfaces/include/custom_interfaces/custom_interfaces/srv/detail/add_two_int__builder.hpp
[2.022s] -- Up-to-date symlink: /home/jefri/ros2_ws/install/custom_interfaces/include/custom_interfaces/custom_interfaces/srv/detail/add_two_int__struct.hpp
[2.022s] -- Up-to-date symlink: /home/jefri/ros2_ws/install/custom_interfaces/include/custom_interfaces/custom_interfaces/srv/detail/add_two_int__traits.hpp
[2.025s] -- Up-to-date symlink: /home/jefri/ros2_ws/install/custom_interfaces/include/custom_interfaces/custom_interfaces/msg/rosidl_typesupport_fastrtps_cpp__visibility_control.h
[2.027s] -- Up-to-date symlink: /home/jefri/ros2_ws/install/custom_interfaces/include/custom_interfaces/custom_interfaces/srv/detail/add_two_int__rosidl_typesupport_fastrtps_cpp.hpp
[2.027s] -- Up-to-date symlink: /home/jefri/ros2_ws/install/custom_interfaces/include/custom_interfaces/custom_interfaces/srv/detail/add_two_int__rosidl_typesupport_introspection_cpp.hpp
[2.029s] -- Up-to-date symlink: /home/jefri/ros2_ws/install/custom_interfaces/share/custom_interfaces/environment/pythonpath.sh
[2.031s] -- Up-to-date symlink: /home/jefri/ros2_ws/install/custom_interfaces/share/custom_interfaces/environment/pythonpath.dsv
[2.032s] -- Up-to-date symlink: /home/jefri/ros2_ws/install/custom_interfaces/local/lib/python3.10/dist-packages/custom_interfaces-0.0.0-py3.10.egg-info/PKG-INFO
[2.033s] -- Up-to-date symlink: /home/jefri/ros2_ws/install/custom_interfaces/local/lib/python3.10/dist-packages/custom_interfaces-0.0.0-py3.10.egg-info/SOURCES.txt
[2.035s] -- Up-to-date symlink: /home/jefri/ros2_ws/install/custom_interfaces/local/lib/python3.10/dist-packages/custom_interfaces-0.0.0-py3.10.egg-info/dependency_links.txt
[2.036s] -- Up-to-date symlink: /home/jefri/ros2_ws/install/custom_interfaces/local/lib/python3.10/dist-packages/custom_interfaces-0.0.0-py3.10.egg-info/top_level.txt
[2.038s] -- Up-to-date symlink: /home/jefri/ros2_ws/install/custom_interfaces/local/lib/python3.10/dist-packages/custom_interfaces/__init__.py
[2.039s] -- Up-to-date symlink: /home/jefri/ros2_ws/install/custom_interfaces/local/lib/python3.10/dist-packages/custom_interfaces/_custom_interfaces_s.ep.rosidl_typesupport_c.c
[2.044s] -- Up-to-date symlink: /home/jefri/ros2_ws/install/custom_interfaces/local/lib/python3.10/dist-packages/custom_interfaces/_custom_interfaces_s.ep.rosidl_typesupport_fastrtps_c.c
[2.045s] -- Up-to-date symlink: /home/jefri/ros2_ws/install/custom_interfaces/local/lib/python3.10/dist-packages/custom_interfaces/_custom_interfaces_s.ep.rosidl_typesupport_introspection_c.c
[2.046s] -- Up-to-date symlink: /home/jefri/ros2_ws/install/custom_interfaces/local/lib/python3.10/dist-packages/custom_interfaces/custom_interfaces_s__rosidl_typesupport_c.cpython-310-x86_64-linux-gnu.so
[2.046s] -- Up-to-date symlink: /home/jefri/ros2_ws/install/custom_interfaces/local/lib/python3.10/dist-packages/custom_interfaces/custom_interfaces_s__rosidl_typesupport_fastrtps_c.cpython-310-x86_64-linux-gnu.so
[2.046s] -- Up-to-date symlink: /home/jefri/ros2_ws/install/custom_interfaces/local/lib/python3.10/dist-packages/custom_interfaces/custom_interfaces_s__rosidl_typesupport_introspection_c.cpython-310-x86_64-linux-gnu.so
[2.046s] -- Up-to-date symlink: /home/jefri/ros2_ws/install/custom_interfaces/local/lib/python3.10/dist-packages/custom_interfaces/libcustom_interfaces__rosidl_generator_py.so
[2.047s] -- Up-to-date symlink: /home/jefri/ros2_ws/install/custom_interfaces/local/lib/python3.10/dist-packages/custom_interfaces/srv/__init__.py
[2.048s] -- Up-to-date symlink: /home/jefri/ros2_ws/install/custom_interfaces/local/lib/python3.10/dist-packages/custom_interfaces/srv/_add_two_int.py
[2.048s] -- Up-to-date symlink: /home/jefri/ros2_ws/install/custom_interfaces/local/lib/python3.10/dist-packages/custom_interfaces/srv/_add_two_int_s.c
[2.051s] -- Up-to-date symlink: /home/jefri/ros2_ws/install/custom_interfaces/local/lib/python3.10/dist-packages/custom_interfaces/custom_interfaces_s__rosidl_typesupport_fastrtps_c.cpython-310-x86_64-linux-gnu.so
[2.051s] -- Up-to-date symlink: /home/jefri/ros2_ws/install/custom_interfaces/local/lib/python3.10/dist-packages/custom_interfaces/custom_interfaces_s__rosidl_typesupport_introspection_c.cpython-310-x86_64-linux-gnu.so
[2.052s] -- Up-to-date symlink: /home/jefri/ros2_ws/install/custom_interfaces/local/lib/python3.10/dist-packages/custom_interfaces/custom_interfaces_s__rosidl_typesupport_c.cpython-310-x86_64-linux-gnu.so
[2.052s] -- Up-to-date symlink: /home/jefri/ros2_ws/install/custom_interfaces/share/custom_interfaces/srv/AddTwoInt.idl
[2.056s] -- Up-to-date symlink: /home/jefri/ros2_ws/install/custom_interfaces/share/custom_interfaces/srv/AddTwoInt.srv
[2.057s] -- Up-to-date symlink: /home/jefri/ros2_ws/install/custom_interfaces/share/custom_interfaces/srv/AddTwoInt_Request.msg
[2.059s] -- Up-to-date symlink: /home/jefri/ros2_ws/install/custom_interfaces/share/custom_interfaces/srv/AddTwoInt_Response.msg
[2.060s] -- Up-to-date symlink: /home/jefri/ros2_ws/install/custom_interfaces/share/ament_index/resource_index/package_run_dependencies/custom_interfaces
[2.060s] -- Up-to-date symlink: /home/jefri/ros2_ws/install/custom_interfaces/share/ament_index/resource_index/parent_prefix_path/custom_interfaces
[2.063s] -- Up-to-date symlink: /home/jefri/ros2_ws/install/custom_interfaces/share/custom_interfaces/environment/ament_prefix_path.sh
[2.064s] -- Up-to-date symlink: /home/jefri/ros2_ws/install/custom_interfaces/share/custom_interfaces/environment/ament_prefix_path.dsv
[2.065s] -- Up-to-date symlink: /home/jefri/ros2_ws/install/custom_interfaces/share/custom_interfaces/environment/path.sh
[2.066s] -- Up-to-date symlink: /home/jefri/ros2_ws/install/custom_interfaces/share/custom_interfaces/environment/path.dsv
[2.066s] -- Up-to-date symlink: /home/jefri/ros2_ws/install/custom_interfaces/share/custom_interfaces/local_setup.bash
[2.069s] -- Up-to-date symlink: /home/jefri/ros2_ws/install/custom_interfaces/share/custom_interfaces/local_setup.sh
[2.070s] -- Up-to-date symlink: /home/jefri/ros2_ws/install/custom_interfaces/share/custom_interfaces/local_setup.zsh
[2.072s] -- Up-to-date symlink: /home/jefri/ros2_ws/install/custom_interfaces/share/custom_interfaces/local_setup.dsv
[2.072s] -- Up-to-date symlink: /home/jefri/ros2_ws/install/custom_interfaces/share/custom_interfaces/package.dsv
[2.074s] -- Up-to-date symlink: /home/jefri/ros2_ws/install/custom_interfaces/share/ament_index/resource_index/packages/custom_interfaces
[2.074s] -- Up-to-date symlink: /home/jefri/ros2_ws/install/custom_interfaces/share/custom_interfaces/cmake/rosidl_cmake-extras.cmake
[2.075s] -- Up-to-date symlink: /home/jefri/ros2_ws/install/custom_interfaces/share/custom_interfaces/cmake/ament_cmake_export_include_directories-extras.cmake
[2.078s] -- Up-to-date symlink: /home/jefri/ros2_ws/install/custom_interfaces/share/custom_interfaces/cmake/ament_cmake_export_libraries-extras.cmake
[2.078s] -- Up-to-date symlink: /home/jefri/ros2_ws/install/custom_interfaces/share/custom_interfaces/cmake/ament_cmake_export_targets-extras.cmake
[2.079s] -- Up-to-date symlink: /home/jefri/ros2_ws/install/custom_interfaces/share/custom_interfaces/cmake/rosidl_cmake_export_typesupport_targets-extras.cmake
[2.081s] -- Up-to-date symlink: /home/jefri/ros2_ws/install/custom_interfaces/share/custom_interfaces/cmake/ament_cmake_export_dependencies-extras.cmake
[2.082s] -- Up-to-date symlink: /home/jefri/ros2_ws/install/custom_interfaces/share/custom_interfaces/cmake/rosidl_cmake_export_typesupport_libraries-extras.cmake
[2.082s] -- Up-to-date symlink: /home/jefri/ros2_ws/install/custom_interfaces/share/custom_interfaces/cmake/custom_interfacesConfig.cmake
[2.083s] -- Up-to-date symlink: /home/jefri/ros2_ws/install/custom_interfaces/share/custom_interfaces/cmake/custom_interfacesConfig-version.cmake
[2.083s] -- Up-to-date symlink: /home/jefri/ros2_ws/install/custom_interfaces/share/custom_interfaces/package.xml
[2.083s] -- Up-to-date: /home/jefri/ros2_ws/install/custom_interfaces/lib/libcustom_interfaces__rosidl_generator_c.so
[2.088s] -- Up-to-date: /home/jefri/ros2_ws/install/custom_interfaces/lib/libcustom_interfaces__rosidl_typesupport_fastrtps_c.so
[2.090s] -- Up-to-date: /home/jefri/ros2_ws/install/custom_interfaces/lib/libcustom_interfaces__rosidl_typesupport_introspection_c.so
[2.091s] -- Up-to-date: /home/jefri/ros2_ws/install/custom_interfaces/lib/libcustom_interfaces__rosidl_typesupport_c.so
[2.092s] -- Up-to-date: /home/jefri/ros2_ws/install/custom_interfaces/lib/libcustom_interfaces__rosidl_typesupport_fastrtps_cpp.so
[2.092s] -- Up-to-date: /home/jefri/ros2_ws/install/custom_interfaces/lib/libcustom_interfaces__rosidl_typesupport_introspection_cpp.so
[2.098s] -- Up-to-date: /home/jefri/ros2_ws/install/custom_interfaces/lib/libcustom_interfaces__rosidl_typesupport_cpp.so
[2.188s] Listing '/home/jefri/ros2_ws/install/custom_interfaces/local/lib/python3.10/dist-packages/custom_interfaces'...
[2.188s] Listing '/home/jefri/ros2_ws/install/custom_interfaces/local/lib/python3.10/dist-packages/custom_interfaces/srv'...
[2.205s] -- Up-to-date: /home/jefri/ros2_ws/install/custom_interfaces/lib/libcustom_interfaces__rosidl_generator_py.so
[2.205s] -- Up-to-date: /home/jefri/ros2_ws/install/custom_interfaces/share/custom_interfaces/cmake/export_custom_interfaces__rosidl_generator_cExport.cmake
[2.205s] -- Up-to-date: /home/jefri/ros2_ws/install/custom_interfaces/share/custom_interfaces/cmake/export_custom_interfaces__rosidl_generator_cExport-noconfig.cmake
[2.206s] -- Up-to-date: /home/jefri/ros2_ws/install/custom_interfaces/share/custom_interfaces/cmake/export_custom_interfaces__rosidl_typesupport_fastrtps_cExport.cmake
[2.206s] -- Up-to-date: /home/jefri/ros2_ws/install/custom_interfaces/share/custom_interfaces/cmake/export_custom_interfaces__rosidl_typesupport_fastrtps_cExport-noconfig.cmake
[2.208s] -- Up-to-date: /home/jefri/ros2_ws/install/custom_interfaces/share/custom_interfaces/cmake/custom_interfaces__rosidl_typesupport_introspection_cExport.cmake
[2.208s] -- Up-to-date: /home/jefri/ros2_ws/install/custom_interfaces/share/custom_interfaces/cmake/custom_interfaces__rosidl_typesupport_introspection_cExport-noconfig.cmake
[2.208s] -- Up-to-date: /home/jefri/ros2_ws/install/custom_interfaces/share/custom_interfaces/cmake/custom_interfaces__rosidl_typesupport_cExport.cmake
[2.208s] -- Up-to-date: /home/jefri/ros2_ws/install/custom_interfaces/share/custom_interfaces/cmake/custom_interfaces__rosidl_typesupport_cExport-noconfig.cmake
[2.209s] -- Up-to-date: /home/jefri/ros2_ws/install/custom_interfaces/share/custom_interfaces/cmake/export_custom_interfaces__rosidl_generator_cppExport.cmake
[2.210s] -- Up-to-date: /home/jefri/ros2_ws/install/custom_interfaces/share/custom_interfaces/cmake/export_custom_interfaces__rosidl_typesupport_fastrtps_cppExport.cmake
[2.210s] -- Up-to-date: /home/jefri/ros2_ws/install/custom_interfaces/share/custom_interfaces/cmake/export_custom_interfaces__rosidl_typesupport_fastrtps_cppExport-noconfig.cmake
[2.211s] -- Up-to-date: /home/jefri/ros2_ws/install/custom_interfaces/share/custom_interfaces/cmake/custom_interfaces__rosidl_typesupport_introspection_cppExport.cmake
[2.212s] -- Up-to-date: /home/jefri/ros2_ws/install/custom_interfaces/share/custom_interfaces/cmake/custom_interfaces__rosidl_typesupport_introspection_cppExport-noconfig.cmake
[2.213s] -- Up-to-date: /home/jefri/ros2_ws/install/custom_interfaces/share/custom_interfaces/cmake/custom_interfaces__rosidl_typesupport_cppExport.cmake
[2.213s] -- Up-to-date: /home/jefri/ros2_ws/install/custom_interfaces/share/custom_interfaces/cmake/custom_interfaces__rosidl_typesupport_cppExport-noconfig.cmake
[2.214s] -- Up-to-date: /home/jefri/ros2_ws/install/custom_interfaces/share/custom_interfaces/cmake/export_custom_interfaces__rosidl_generator_pyExport.cmake
[2.214s] -- Up-to-date: /home/jefri/ros2_ws/install/custom_interfaces/share/custom_interfaces/cmake/export_custom_interfaces__rosidl_generator_pyExport-noconfig.cmake
[2.221s] Invoked command in '/home/jefri/ros2_ws/build/custom_interfaces' returned '0': CMAKE_PREFIX_PATH=${CMAKE_PREFIX_PATH}:/home/jefri/ros2_ws/install/turtlesim_catch_them_all:/home/jefri/ros2_ws/src/install/turtlesim_catch_them_all:/home/jefri/ros2_ws/src/install/my_robot_controller:/home/jefri/ros2_ws/install/my_robot_controller:/home/jefri/ros2_ws/install/add_integers:/opt/ros/humble /usr/bin/cmake --install /home/jefri/ros2_ws/build/custom_interfaces
