[0.048s] Invoking command in '/home/jefri/ros2_ws/build/custom_interfaces': CMAKE_PREFIX_PATH=${CMAKE_PREFIX_PATH}:/home/jefri/ros2_ws/install/turtlesim_catch_them_all:/home/jefri/ros2_ws/src/install/turtlesim_catch_them_all:/home/jefri/ros2_ws/src/install/my_robot_controller:/home/jefri/ros2_ws/install/my_robot_controller:/home/jefri/ros2_ws/install/add_integers:/opt/ros/humble /usr/bin/cmake --build /home/jefri/ros2_ws/build/custom_interfaces -- -j2 -l2
[0.249s] [  3%] Built target custom_interfaces__cpp
[0.298s] [ 12%] Built target custom_interfaces__rosidl_generator_c
[0.412s] [ 12%] Built target ament_cmake_python_symlink_custom_interfaces
[0.426s] [ 22%] Built target custom_interfaces__rosidl_typesupport_cpp
[0.520s] [ 32%] Built target custom_interfaces__rosidl_typesupport_fastrtps_c
[0.527s] [ 41%] Built target custom_interfaces__rosidl_typesupport_introspection_c
[0.627s] [ 51%] Built target custom_interfaces__rosidl_typesupport_c
[0.649s] [ 61%] Built target custom_interfaces__rosidl_typesupport_fastrtps_cpp
[0.725s] [ 70%] Built target custom_interfaces__rosidl_typesupport_introspection_cpp
[0.827s] [ 70%] Built target custom_interfaces
[0.949s] [ 74%] Built target custom_interfaces__py
[1.073s] [ 80%] Built target custom_interfaces__rosidl_generator_py
[1.157s] [ 87%] Built target custom_interfaces__rosidl_typesupport_fastrtps_c__pyext
[1.226s] [ 93%] Built target custom_interfaces__rosidl_typesupport_introspection_c__pyext
[1.348s] [100%] Built target custom_interfaces__rosidl_typesupport_c__pyext
[2.013s] running egg_info
[2.023s] writing custom_interfaces.egg-info/PKG-INFO
[2.024s] writing dependency_links to custom_interfaces.egg-info/dependency_links.txt
[2.028s] writing top-level names to custom_interfaces.egg-info/top_level.txt
[2.039s] reading manifest file 'custom_interfaces.egg-info/SOURCES.txt'
[2.045s] writing manifest file 'custom_interfaces.egg-info/SOURCES.txt'
[2.160s] [100%] Built target ament_cmake_python_build_custom_interfaces_egg
[2.198s] Invoked command in '/home/jefri/ros2_ws/build/custom_interfaces' returned '0': CMAKE_PREFIX_PATH=${CMAKE_PREFIX_PATH}:/home/jefri/ros2_ws/install/turtlesim_catch_them_all:/home/jefri/ros2_ws/src/install/turtlesim_catch_them_all:/home/jefri/ros2_ws/src/install/my_robot_controller:/home/jefri/ros2_ws/install/my_robot_controller:/home/jefri/ros2_ws/install/add_integers:/opt/ros/humble /usr/bin/cmake --build /home/jefri/ros2_ws/build/custom_interfaces -- -j2 -l2
[2.379s] Invoking command in '/home/jefri/ros2_ws/build/custom_interfaces': CMAKE_PREFIX_PATH=${CMAKE_PREFIX_PATH}:/home/jefri/ros2_ws/install/turtlesim_catch_them_all:/home/jefri/ros2_ws/src/install/turtlesim_catch_them_all:/home/jefri/ros2_ws/src/install/my_robot_controller:/home/jefri/ros2_ws/install/my_robot_controller:/home/jefri/ros2_ws/install/add_integers:/opt/ros/humble /usr/bin/cmake --install /home/jefri/ros2_ws/build/custom_interfaces
[2.401s] -- Install configuration: ""
[2.401s] -- Execute custom install script
[2.403s] -- Up-to-date symlink: /home/jefri/ros2_ws/install/custom_interfaces/share/ament_index/resource_index/rosidl_interfaces/custom_interfaces
[2.408s] -- Up-to-date symlink: /home/jefri/ros2_ws/install/custom_interfaces/include/custom_interfaces/custom_interfaces/msg/rosidl_generator_c__visibility_control.h
[2.408s] -- Up-to-date symlink: /home/jefri/ros2_ws/install/custom_interfaces/include/custom_interfaces/custom_interfaces/srv/add_two_int.h
[2.411s] -- Up-to-date symlink: /home/jefri/ros2_ws/install/custom_interfaces/include/custom_interfaces/custom_interfaces/srv/detail/add_two_int__functions.h
[2.411s] -- Up-to-date symlink: /home/jefri/ros2_ws/install/custom_interfaces/include/custom_interfaces/custom_interfaces/srv/detail/add_two_int__struct.h
[2.415s] -- Up-to-date symlink: /home/jefri/ros2_ws/install/custom_interfaces/include/custom_interfaces/custom_interfaces/srv/detail/add_two_int__type_support.h
[2.417s] -- Up-to-date symlink: /home/jefri/ros2_ws/install/custom_interfaces/share/custom_interfaces/environment/library_path.sh
[2.418s] -- Up-to-date symlink: /home/jefri/ros2_ws/install/custom_interfaces/share/custom_interfaces/environment/library_path.dsv
[2.423s] -- Up-to-date symlink: /home/jefri/ros2_ws/install/custom_interfaces/include/custom_interfaces/custom_interfaces/msg/rosidl_typesupport_fastrtps_c__visibility_control.h
[2.426s] -- Up-to-date symlink: /home/jefri/ros2_ws/install/custom_interfaces/include/custom_interfaces/custom_interfaces/srv/detail/add_two_int__rosidl_typesupport_fastrtps_c.h
[2.428s] -- Up-to-date symlink: /home/jefri/ros2_ws/install/custom_interfaces/include/custom_interfaces/custom_interfaces/msg/rosidl_typesupport_introspection_c__visibility_control.h
[2.428s] -- Up-to-date symlink: /home/jefri/ros2_ws/install/custom_interfaces/include/custom_interfaces/custom_interfaces/srv/detail/add_two_int__rosidl_typesupport_introspection_c.h
[2.429s] -- Up-to-date symlink: /home/jefri/ros2_ws/install/custom_interfaces/include/custom_interfaces/custom_interfaces/srv/add_two_int.hpp
[2.432s] -- Up-to-date symlink: /home/jefri/ros2_ws/install/custom_interfaces/include/custom_interfaces/custom_interfaces/srv/detail/add_two_int__builder.hpp
[2.432s] -- Up-to-date symlink: /home/jefri/ros2_ws/install/custom_interfaces/include/custom_interfaces/custom_interfaces/srv/detail/add_two_int__struct.hpp
[2.437s] -- Up-to-date symlink: /home/jefri/ros2_ws/install/custom_interfaces/include/custom_interfaces/custom_interfaces/srv/detail/add_two_int__traits.hpp
[2.437s] -- Up-to-date symlink: /home/jefri/ros2_ws/install/custom_interfaces/include/custom_interfaces/custom_interfaces/msg/rosidl_typesupport_fastrtps_cpp__visibility_control.h
[2.437s] -- Up-to-date symlink: /home/jefri/ros2_ws/install/custom_interfaces/include/custom_interfaces/custom_interfaces/srv/detail/add_two_int__rosidl_typesupport_fastrtps_cpp.hpp
[2.437s] -- Up-to-date symlink: /home/jefri/ros2_ws/install/custom_interfaces/include/custom_interfaces/custom_interfaces/srv/detail/add_two_int__rosidl_typesupport_introspection_cpp.hpp
[2.440s] -- Up-to-date symlink: /home/jefri/ros2_ws/install/custom_interfaces/share/custom_interfaces/environment/pythonpath.sh
[2.441s] -- Up-to-date symlink: /home/jefri/ros2_ws/install/custom_interfaces/share/custom_interfaces/environment/pythonpath.dsv
[2.441s] -- Up-to-date symlink: /home/jefri/ros2_ws/install/custom_interfaces/local/lib/python3.10/dist-packages/custom_interfaces-0.0.0-py3.10.egg-info/PKG-INFO
[2.441s] -- Up-to-date symlink: /home/jefri/ros2_ws/install/custom_interfaces/local/lib/python3.10/dist-packages/custom_interfaces-0.0.0-py3.10.egg-info/SOURCES.txt
[2.441s] -- Up-to-date symlink: /home/jefri/ros2_ws/install/custom_interfaces/local/lib/python3.10/dist-packages/custom_interfaces-0.0.0-py3.10.egg-info/dependency_links.txt
[2.441s] -- Up-to-date symlink: /home/jefri/ros2_ws/install/custom_interfaces/local/lib/python3.10/dist-packages/custom_interfaces-0.0.0-py3.10.egg-info/top_level.txt
[2.441s] -- Up-to-date symlink: /home/jefri/ros2_ws/install/custom_interfaces/local/lib/python3.10/dist-packages/custom_interfaces/__init__.py
[2.442s] -- Up-to-date symlink: /home/jefri/ros2_ws/install/custom_interfaces/local/lib/python3.10/dist-packages/custom_interfaces/_custom_interfaces_s.ep.rosidl_typesupport_c.c
[2.447s] -- Up-to-date symlink: /home/jefri/ros2_ws/install/custom_interfaces/local/lib/python3.10/dist-packages/custom_interfaces/_custom_interfaces_s.ep.rosidl_typesupport_fastrtps_c.c
[2.448s] -- Up-to-date symlink: /home/jefri/ros2_ws/install/custom_interfaces/local/lib/python3.10/dist-packages/custom_interfaces/_custom_interfaces_s.ep.rosidl_typesupport_introspection_c.c
[2.449s] -- Up-to-date symlink: /home/jefri/ros2_ws/install/custom_interfaces/local/lib/python3.10/dist-packages/custom_interfaces/custom_interfaces_s__rosidl_typesupport_c.cpython-310-x86_64-linux-gnu.so
[2.449s] -- Up-to-date symlink: /home/jefri/ros2_ws/install/custom_interfaces/local/lib/python3.10/dist-packages/custom_interfaces/custom_interfaces_s__rosidl_typesupport_fastrtps_c.cpython-310-x86_64-linux-gnu.so
[2.449s] -- Up-to-date symlink: /home/jefri/ros2_ws/install/custom_interfaces/local/lib/python3.10/dist-packages/custom_interfaces/custom_interfaces_s__rosidl_typesupport_introspection_c.cpython-310-x86_64-linux-gnu.so
[2.449s] -- Up-to-date symlink: /home/jefri/ros2_ws/install/custom_interfaces/local/lib/python3.10/dist-packages/custom_interfaces/libcustom_interfaces__rosidl_generator_py.so
[2.449s] -- Up-to-date symlink: /home/jefri/ros2_ws/install/custom_interfaces/local/lib/python3.10/dist-packages/custom_interfaces/srv/__init__.py
[2.458s] -- Up-to-date symlink: /home/jefri/ros2_ws/install/custom_interfaces/local/lib/python3.10/dist-packages/custom_interfaces/srv/_add_two_int.py
[2.459s] -- Up-to-date symlink: /home/jefri/ros2_ws/install/custom_interfaces/local/lib/python3.10/dist-packages/custom_interfaces/srv/_add_two_int_s.c
[2.462s] -- Up-to-date symlink: /home/jefri/ros2_ws/install/custom_interfaces/local/lib/python3.10/dist-packages/custom_interfaces/custom_interfaces_s__rosidl_typesupport_fastrtps_c.cpython-310-x86_64-linux-gnu.so
[2.462s] -- Up-to-date symlink: /home/jefri/ros2_ws/install/custom_interfaces/local/lib/python3.10/dist-packages/custom_interfaces/custom_interfaces_s__rosidl_typesupport_introspection_c.cpython-310-x86_64-linux-gnu.so
[2.462s] -- Up-to-date symlink: /home/jefri/ros2_ws/install/custom_interfaces/local/lib/python3.10/dist-packages/custom_interfaces/custom_interfaces_s__rosidl_typesupport_c.cpython-310-x86_64-linux-gnu.so
[2.462s] -- Up-to-date symlink: /home/jefri/ros2_ws/install/custom_interfaces/share/custom_interfaces/srv/AddTwoInt.idl
[2.462s] -- Up-to-date symlink: /home/jefri/ros2_ws/install/custom_interfaces/share/custom_interfaces/srv/AddTwoInt.srv
[2.463s] -- Up-to-date symlink: /home/jefri/ros2_ws/install/custom_interfaces/share/custom_interfaces/srv/AddTwoInt_Request.msg
[2.463s] -- Up-to-date symlink: /home/jefri/ros2_ws/install/custom_interfaces/share/custom_interfaces/srv/AddTwoInt_Response.msg
[2.467s] -- Up-to-date symlink: /home/jefri/ros2_ws/install/custom_interfaces/share/ament_index/resource_index/package_run_dependencies/custom_interfaces
[2.469s] -- Up-to-date symlink: /home/jefri/ros2_ws/install/custom_interfaces/share/ament_index/resource_index/parent_prefix_path/custom_interfaces
[2.470s] -- Up-to-date symlink: /home/jefri/ros2_ws/install/custom_interfaces/share/custom_interfaces/environment/ament_prefix_path.sh
[2.470s] -- Up-to-date symlink: /home/jefri/ros2_ws/install/custom_interfaces/share/custom_interfaces/environment/ament_prefix_path.dsv
[2.470s] -- Up-to-date symlink: /home/jefri/ros2_ws/install/custom_interfaces/share/custom_interfaces/environment/path.sh
[2.470s] -- Up-to-date symlink: /home/jefri/ros2_ws/install/custom_interfaces/share/custom_interfaces/environment/path.dsv
[2.470s] -- Up-to-date symlink: /home/jefri/ros2_ws/install/custom_interfaces/share/custom_interfaces/local_setup.bash
[2.476s] -- Up-to-date symlink: /home/jefri/ros2_ws/install/custom_interfaces/share/custom_interfaces/local_setup.sh
[2.479s] -- Up-to-date symlink: /home/jefri/ros2_ws/install/custom_interfaces/share/custom_interfaces/local_setup.zsh
[2.480s] -- Up-to-date symlink: /home/jefri/ros2_ws/install/custom_interfaces/share/custom_interfaces/local_setup.dsv
[2.483s] -- Symlinking: /home/jefri/ros2_ws/install/custom_interfaces/share/custom_interfaces/package.dsv
[2.490s] -- Up-to-date symlink: /home/jefri/ros2_ws/install/custom_interfaces/share/ament_index/resource_index/packages/custom_interfaces
[2.490s] -- Up-to-date symlink: /home/jefri/ros2_ws/install/custom_interfaces/share/custom_interfaces/cmake/rosidl_cmake-extras.cmake
[2.491s] -- Up-to-date symlink: /home/jefri/ros2_ws/install/custom_interfaces/share/custom_interfaces/cmake/ament_cmake_export_include_directories-extras.cmake
[2.491s] -- Up-to-date symlink: /home/jefri/ros2_ws/install/custom_interfaces/share/custom_interfaces/cmake/ament_cmake_export_libraries-extras.cmake
[2.491s] -- Up-to-date symlink: /home/jefri/ros2_ws/install/custom_interfaces/share/custom_interfaces/cmake/ament_cmake_export_targets-extras.cmake
[2.491s] -- Up-to-date symlink: /home/jefri/ros2_ws/install/custom_interfaces/share/custom_interfaces/cmake/rosidl_cmake_export_typesupport_targets-extras.cmake
[2.491s] -- Up-to-date symlink: /home/jefri/ros2_ws/install/custom_interfaces/share/custom_interfaces/cmake/ament_cmake_export_dependencies-extras.cmake
[2.491s] -- Up-to-date symlink: /home/jefri/ros2_ws/install/custom_interfaces/share/custom_interfaces/cmake/rosidl_cmake_export_typesupport_libraries-extras.cmake
[2.491s] -- Up-to-date symlink: /home/jefri/ros2_ws/install/custom_interfaces/share/custom_interfaces/cmake/custom_interfacesConfig.cmake
[2.491s] -- Up-to-date symlink: /home/jefri/ros2_ws/install/custom_interfaces/share/custom_interfaces/cmake/custom_interfacesConfig-version.cmake
[2.492s] -- Up-to-date symlink: /home/jefri/ros2_ws/install/custom_interfaces/share/custom_interfaces/package.xml
[2.498s] -- Up-to-date: /home/jefri/ros2_ws/install/custom_interfaces/lib/libcustom_interfaces__rosidl_generator_c.so
[2.498s] -- Up-to-date: /home/jefri/ros2_ws/install/custom_interfaces/lib/libcustom_interfaces__rosidl_typesupport_fastrtps_c.so
[2.498s] -- Up-to-date: /home/jefri/ros2_ws/install/custom_interfaces/lib/libcustom_interfaces__rosidl_typesupport_introspection_c.so
[2.498s] -- Up-to-date: /home/jefri/ros2_ws/install/custom_interfaces/lib/libcustom_interfaces__rosidl_typesupport_c.so
[2.498s] -- Up-to-date: /home/jefri/ros2_ws/install/custom_interfaces/lib/libcustom_interfaces__rosidl_typesupport_fastrtps_cpp.so
[2.499s] -- Up-to-date: /home/jefri/ros2_ws/install/custom_interfaces/lib/libcustom_interfaces__rosidl_typesupport_introspection_cpp.so
[2.499s] -- Up-to-date: /home/jefri/ros2_ws/install/custom_interfaces/lib/libcustom_interfaces__rosidl_typesupport_cpp.so
[2.608s] Listing '/home/jefri/ros2_ws/install/custom_interfaces/local/lib/python3.10/dist-packages/custom_interfaces'...
[2.608s] Listing '/home/jefri/ros2_ws/install/custom_interfaces/local/lib/python3.10/dist-packages/custom_interfaces/srv'...
[2.651s] -- Up-to-date: /home/jefri/ros2_ws/install/custom_interfaces/lib/libcustom_interfaces__rosidl_generator_py.so
[2.651s] -- Up-to-date: /home/jefri/ros2_ws/install/custom_interfaces/share/custom_interfaces/cmake/export_custom_interfaces__rosidl_generator_cExport.cmake
[2.667s] -- Up-to-date: /home/jefri/ros2_ws/install/custom_interfaces/share/custom_interfaces/cmake/export_custom_interfaces__rosidl_generator_cExport-noconfig.cmake
[2.667s] -- Up-to-date: /home/jefri/ros2_ws/install/custom_interfaces/share/custom_interfaces/cmake/export_custom_interfaces__rosidl_typesupport_fastrtps_cExport.cmake
[2.667s] -- Up-to-date: /home/jefri/ros2_ws/install/custom_interfaces/share/custom_interfaces/cmake/export_custom_interfaces__rosidl_typesupport_fastrtps_cExport-noconfig.cmake
[2.667s] -- Up-to-date: /home/jefri/ros2_ws/install/custom_interfaces/share/custom_interfaces/cmake/custom_interfaces__rosidl_typesupport_introspection_cExport.cmake
[2.667s] -- Up-to-date: /home/jefri/ros2_ws/install/custom_interfaces/share/custom_interfaces/cmake/custom_interfaces__rosidl_typesupport_introspection_cExport-noconfig.cmake
[2.667s] -- Up-to-date: /home/jefri/ros2_ws/install/custom_interfaces/share/custom_interfaces/cmake/custom_interfaces__rosidl_typesupport_cExport.cmake
[2.667s] -- Up-to-date: /home/jefri/ros2_ws/install/custom_interfaces/share/custom_interfaces/cmake/custom_interfaces__rosidl_typesupport_cExport-noconfig.cmake
[2.668s] -- Up-to-date: /home/jefri/ros2_ws/install/custom_interfaces/share/custom_interfaces/cmake/export_custom_interfaces__rosidl_generator_cppExport.cmake
[2.668s] -- Up-to-date: /home/jefri/ros2_ws/install/custom_interfaces/share/custom_interfaces/cmake/export_custom_interfaces__rosidl_typesupport_fastrtps_cppExport.cmake
[2.668s] -- Up-to-date: /home/jefri/ros2_ws/install/custom_interfaces/share/custom_interfaces/cmake/export_custom_interfaces__rosidl_typesupport_fastrtps_cppExport-noconfig.cmake
[2.672s] -- Up-to-date: /home/jefri/ros2_ws/install/custom_interfaces/share/custom_interfaces/cmake/custom_interfaces__rosidl_typesupport_introspection_cppExport.cmake
[2.672s] -- Up-to-date: /home/jefri/ros2_ws/install/custom_interfaces/share/custom_interfaces/cmake/custom_interfaces__rosidl_typesupport_introspection_cppExport-noconfig.cmake
[2.672s] -- Up-to-date: /home/jefri/ros2_ws/install/custom_interfaces/share/custom_interfaces/cmake/custom_interfaces__rosidl_typesupport_cppExport.cmake
[2.673s] -- Up-to-date: /home/jefri/ros2_ws/install/custom_interfaces/share/custom_interfaces/cmake/custom_interfaces__rosidl_typesupport_cppExport-noconfig.cmake
[2.673s] -- Up-to-date: /home/jefri/ros2_ws/install/custom_interfaces/share/custom_interfaces/cmake/export_custom_interfaces__rosidl_generator_pyExport.cmake
[2.677s] -- Up-to-date: /home/jefri/ros2_ws/install/custom_interfaces/share/custom_interfaces/cmake/export_custom_interfaces__rosidl_generator_pyExport-noconfig.cmake
[2.677s] Invoked command in '/home/jefri/ros2_ws/build/custom_interfaces' returned '0': CMAKE_PREFIX_PATH=${CMAKE_PREFIX_PATH}:/home/jefri/ros2_ws/install/turtlesim_catch_them_all:/home/jefri/ros2_ws/src/install/turtlesim_catch_them_all:/home/jefri/ros2_ws/src/install/my_robot_controller:/home/jefri/ros2_ws/install/my_robot_controller:/home/jefri/ros2_ws/install/add_integers:/opt/ros/humble /usr/bin/cmake --install /home/jefri/ros2_ws/build/custom_interfaces
