[0.219s] DEBUG:colcon:Command line arguments: ['/usr/bin/colcon', 'build', '--symlink-install']
[0.219s] DEBUG:colcon:Parsed command line arguments: Namespace(log_base=None, log_level=None, verb_name='build', build_base='build', install_base='install', merge_install=False, symlink_install=True, test_result_base=None, continue_on_error=False, executor='parallel', parallel_workers=2, event_handlers=None, ignore_user_meta=False, metas=['./colcon.meta'], base_paths=['.'], packages_ignore=None, packages_ignore_regex=None, paths=None, packages_up_to=None, packages_up_to_regex=None, packages_above=None, packages_above_and_dependencies=None, packages_above_depth=None, packages_select_by_dep=None, packages_skip_by_dep=None, packages_skip_up_to=None, packages_select_build_failed=False, packages_skip_build_finished=False, packages_select_test_failures=False, packages_skip_test_passed=False, packages_select=None, packages_skip=None, packages_select_regex=None, packages_skip_regex=None, packages_start=None, packages_end=None, allow_overriding=[], cmake_args=None, cmake_target=None, cmake_target_skip_unavailable=False, cmake_clean_cache=False, cmake_clean_first=False, cmake_force_configure=False, ament_cmake_args=None, catkin_cmake_args=None, catkin_skip_building_tests=False, mixin_files=None, mixin=None, verb_parser=<colcon_mixin.mixin.mixin_argument.MixinArgumentDecorator object at 0x7996dc7547f0>, verb_extension=<colcon_core.verb.build.BuildVerb object at 0x7996dc7541f0>, main=<bound method BuildVerb.main of <colcon_core.verb.build.BuildVerb object at 0x7996dc7541f0>>, mixin_verb=('build',))
[0.586s] Level 1:colcon.colcon_core.package_discovery:discover_packages(colcon_meta) check parameters
[0.587s] Level 1:colcon.colcon_core.package_discovery:discover_packages(recursive) check parameters
[0.587s] Level 1:colcon.colcon_core.package_discovery:discover_packages(ignore) check parameters
[0.587s] Level 1:colcon.colcon_core.package_discovery:discover_packages(path) check parameters
[0.587s] Level 1:colcon.colcon_core.package_discovery:discover_packages(colcon_meta) discover
[0.587s] Level 1:colcon.colcon_core.package_discovery:discover_packages(recursive) discover
[0.587s] INFO:colcon.colcon_core.package_discovery:Crawling recursively for packages in '/home/jefri/ros2_ws'
[0.588s] Level 1:colcon.colcon_core.package_identification:_identify(.) by extensions ['ignore', 'ignore_ament_install']
[0.588s] Level 1:colcon.colcon_core.package_identification:_identify(.) by extension 'ignore'
[0.588s] Level 1:colcon.colcon_core.package_identification:_identify(.) by extension 'ignore_ament_install'
[0.588s] Level 1:colcon.colcon_core.package_identification:_identify(.) by extensions ['colcon_pkg']
[0.588s] Level 1:colcon.colcon_core.package_identification:_identify(.) by extension 'colcon_pkg'
[0.588s] Level 1:colcon.colcon_core.package_identification:_identify(.) by extensions ['colcon_meta']
[0.588s] Level 1:colcon.colcon_core.package_identification:_identify(.) by extension 'colcon_meta'
[0.589s] Level 1:colcon.colcon_core.package_identification:_identify(.) by extensions ['ros']
[0.589s] Level 1:colcon.colcon_core.package_identification:_identify(.) by extension 'ros'
[0.638s] Level 1:colcon.colcon_core.package_identification:_identify(.) by extensions ['cmake', 'python']
[0.639s] Level 1:colcon.colcon_core.package_identification:_identify(.) by extension 'cmake'
[0.639s] Level 1:colcon.colcon_core.package_identification:_identify(.) by extension 'python'
[0.639s] Level 1:colcon.colcon_core.package_identification:_identify(.) by extensions ['python_setup_py']
[0.639s] Level 1:colcon.colcon_core.package_identification:_identify(.) by extension 'python_setup_py'
[0.639s] Level 1:colcon.colcon_core.package_identification:_identify(build) by extensions ['ignore', 'ignore_ament_install']
[0.639s] Level 1:colcon.colcon_core.package_identification:_identify(build) by extension 'ignore'
[0.640s] Level 1:colcon.colcon_core.package_identification:_identify(build) ignored
[0.640s] Level 1:colcon.colcon_core.package_identification:_identify(install) by extensions ['ignore', 'ignore_ament_install']
[0.640s] Level 1:colcon.colcon_core.package_identification:_identify(install) by extension 'ignore'
[0.640s] Level 1:colcon.colcon_core.package_identification:_identify(install) ignored
[0.640s] Level 1:colcon.colcon_core.package_identification:_identify(log) by extensions ['ignore', 'ignore_ament_install']
[0.641s] Level 1:colcon.colcon_core.package_identification:_identify(log) by extension 'ignore'
[0.641s] Level 1:colcon.colcon_core.package_identification:_identify(log) ignored
[0.641s] Level 1:colcon.colcon_core.package_identification:_identify(src) by extensions ['ignore', 'ignore_ament_install']
[0.641s] Level 1:colcon.colcon_core.package_identification:_identify(src) by extension 'ignore'
[0.641s] Level 1:colcon.colcon_core.package_identification:_identify(src) by extension 'ignore_ament_install'
[0.641s] Level 1:colcon.colcon_core.package_identification:_identify(src) by extensions ['colcon_pkg']
[0.641s] Level 1:colcon.colcon_core.package_identification:_identify(src) by extension 'colcon_pkg'
[0.642s] Level 1:colcon.colcon_core.package_identification:_identify(src) by extensions ['colcon_meta']
[0.642s] Level 1:colcon.colcon_core.package_identification:_identify(src) by extension 'colcon_meta'
[0.642s] Level 1:colcon.colcon_core.package_identification:_identify(src) by extensions ['ros']
[0.642s] Level 1:colcon.colcon_core.package_identification:_identify(src) by extension 'ros'
[0.642s] Level 1:colcon.colcon_core.package_identification:_identify(src) by extensions ['cmake', 'python']
[0.642s] Level 1:colcon.colcon_core.package_identification:_identify(src) by extension 'cmake'
[0.642s] Level 1:colcon.colcon_core.package_identification:_identify(src) by extension 'python'
[0.642s] Level 1:colcon.colcon_core.package_identification:_identify(src) by extensions ['python_setup_py']
[0.642s] Level 1:colcon.colcon_core.package_identification:_identify(src) by extension 'python_setup_py'
[0.642s] Level 1:colcon.colcon_core.package_identification:_identify(src/add_integers) by extensions ['ignore', 'ignore_ament_install']
[0.643s] Level 1:colcon.colcon_core.package_identification:_identify(src/add_integers) by extension 'ignore'
[0.643s] Level 1:colcon.colcon_core.package_identification:_identify(src/add_integers) by extension 'ignore_ament_install'
[0.643s] Level 1:colcon.colcon_core.package_identification:_identify(src/add_integers) by extensions ['colcon_pkg']
[0.643s] Level 1:colcon.colcon_core.package_identification:_identify(src/add_integers) by extension 'colcon_pkg'
[0.643s] Level 1:colcon.colcon_core.package_identification:_identify(src/add_integers) by extensions ['colcon_meta']
[0.643s] Level 1:colcon.colcon_core.package_identification:_identify(src/add_integers) by extension 'colcon_meta'
[0.643s] Level 1:colcon.colcon_core.package_identification:_identify(src/add_integers) by extensions ['ros']
[0.643s] Level 1:colcon.colcon_core.package_identification:_identify(src/add_integers) by extension 'ros'
[0.648s] DEBUG:colcon.colcon_core.package_identification:Package 'src/add_integers' with type 'ros.ament_python' and name 'add_integers'
[0.648s] Level 1:colcon.colcon_core.package_identification:_identify(src/build) by extensions ['ignore', 'ignore_ament_install']
[0.649s] Level 1:colcon.colcon_core.package_identification:_identify(src/build) by extension 'ignore'
[0.649s] Level 1:colcon.colcon_core.package_identification:_identify(src/build) ignored
[0.649s] Level 1:colcon.colcon_core.package_identification:_identify(src/custom_interfaces) by extensions ['ignore', 'ignore_ament_install']
[0.649s] Level 1:colcon.colcon_core.package_identification:_identify(src/custom_interfaces) by extension 'ignore'
[0.649s] Level 1:colcon.colcon_core.package_identification:_identify(src/custom_interfaces) by extension 'ignore_ament_install'
[0.650s] Level 1:colcon.colcon_core.package_identification:_identify(src/custom_interfaces) by extensions ['colcon_pkg']
[0.650s] Level 1:colcon.colcon_core.package_identification:_identify(src/custom_interfaces) by extension 'colcon_pkg'
[0.650s] Level 1:colcon.colcon_core.package_identification:_identify(src/custom_interfaces) by extensions ['colcon_meta']
[0.650s] Level 1:colcon.colcon_core.package_identification:_identify(src/custom_interfaces) by extension 'colcon_meta'
[0.650s] Level 1:colcon.colcon_core.package_identification:_identify(src/custom_interfaces) by extensions ['ros']
[0.650s] Level 1:colcon.colcon_core.package_identification:_identify(src/custom_interfaces) by extension 'ros'
[0.651s] DEBUG:colcon.colcon_core.package_identification:Package 'src/custom_interfaces' with type 'ros.ament_cmake' and name 'custom_interfaces'
[0.651s] Level 1:colcon.colcon_core.package_identification:_identify(src/install) by extensions ['ignore', 'ignore_ament_install']
[0.652s] Level 1:colcon.colcon_core.package_identification:_identify(src/install) by extension 'ignore'
[0.652s] Level 1:colcon.colcon_core.package_identification:_identify(src/install) ignored
[0.652s] Level 1:colcon.colcon_core.package_identification:_identify(src/log) by extensions ['ignore', 'ignore_ament_install']
[0.652s] Level 1:colcon.colcon_core.package_identification:_identify(src/log) by extension 'ignore'
[0.652s] Level 1:colcon.colcon_core.package_identification:_identify(src/log) ignored
[0.653s] Level 1:colcon.colcon_core.package_identification:_identify(src/my_robot_controller) by extensions ['ignore', 'ignore_ament_install']
[0.653s] Level 1:colcon.colcon_core.package_identification:_identify(src/my_robot_controller) by extension 'ignore'
[0.653s] Level 1:colcon.colcon_core.package_identification:_identify(src/my_robot_controller) by extension 'ignore_ament_install'
[0.653s] Level 1:colcon.colcon_core.package_identification:_identify(src/my_robot_controller) by extensions ['colcon_pkg']
[0.653s] Level 1:colcon.colcon_core.package_identification:_identify(src/my_robot_controller) by extension 'colcon_pkg'
[0.653s] Level 1:colcon.colcon_core.package_identification:_identify(src/my_robot_controller) by extensions ['colcon_meta']
[0.653s] Level 1:colcon.colcon_core.package_identification:_identify(src/my_robot_controller) by extension 'colcon_meta'
[0.653s] Level 1:colcon.colcon_core.package_identification:_identify(src/my_robot_controller) by extensions ['ros']
[0.653s] Level 1:colcon.colcon_core.package_identification:_identify(src/my_robot_controller) by extension 'ros'
[0.655s] DEBUG:colcon.colcon_core.package_identification:Package 'src/my_robot_controller' with type 'ros.ament_python' and name 'my_robot_controller'
[0.655s] Level 1:colcon.colcon_core.package_identification:_identify(src/my_robot_interfaces) by extensions ['ignore', 'ignore_ament_install']
[0.655s] Level 1:colcon.colcon_core.package_identification:_identify(src/my_robot_interfaces) by extension 'ignore'
[0.656s] Level 1:colcon.colcon_core.package_identification:_identify(src/my_robot_interfaces) by extension 'ignore_ament_install'
[0.656s] Level 1:colcon.colcon_core.package_identification:_identify(src/my_robot_interfaces) by extensions ['colcon_pkg']
[0.656s] Level 1:colcon.colcon_core.package_identification:_identify(src/my_robot_interfaces) by extension 'colcon_pkg'
[0.656s] Level 1:colcon.colcon_core.package_identification:_identify(src/my_robot_interfaces) by extensions ['colcon_meta']
[0.656s] Level 1:colcon.colcon_core.package_identification:_identify(src/my_robot_interfaces) by extension 'colcon_meta'
[0.656s] Level 1:colcon.colcon_core.package_identification:_identify(src/my_robot_interfaces) by extensions ['ros']
[0.656s] Level 1:colcon.colcon_core.package_identification:_identify(src/my_robot_interfaces) by extension 'ros'
[0.657s] DEBUG:colcon.colcon_core.package_identification:Package 'src/my_robot_interfaces' with type 'ros.ament_cmake' and name 'my_robot_interfaces'
[0.658s] Level 1:colcon.colcon_core.package_identification:_identify(src/turtlesim_catch_them_all) by extensions ['ignore', 'ignore_ament_install']
[0.658s] Level 1:colcon.colcon_core.package_identification:_identify(src/turtlesim_catch_them_all) by extension 'ignore'
[0.658s] Level 1:colcon.colcon_core.package_identification:_identify(src/turtlesim_catch_them_all) by extension 'ignore_ament_install'
[0.658s] Level 1:colcon.colcon_core.package_identification:_identify(src/turtlesim_catch_them_all) by extensions ['colcon_pkg']
[0.658s] Level 1:colcon.colcon_core.package_identification:_identify(src/turtlesim_catch_them_all) by extension 'colcon_pkg'
[0.658s] Level 1:colcon.colcon_core.package_identification:_identify(src/turtlesim_catch_them_all) by extensions ['colcon_meta']
[0.659s] Level 1:colcon.colcon_core.package_identification:_identify(src/turtlesim_catch_them_all) by extension 'colcon_meta'
[0.659s] Level 1:colcon.colcon_core.package_identification:_identify(src/turtlesim_catch_them_all) by extensions ['ros']
[0.659s] Level 1:colcon.colcon_core.package_identification:_identify(src/turtlesim_catch_them_all) by extension 'ros'
[0.660s] DEBUG:colcon.colcon_core.package_identification:Package 'src/turtlesim_catch_them_all' with type 'ros.ament_python' and name 'turtlesim_catch_them_all'
[0.660s] Level 1:colcon.colcon_core.package_discovery:discover_packages(recursive) using defaults
[0.661s] Level 1:colcon.colcon_core.package_discovery:discover_packages(ignore) discover
[0.661s] Level 1:colcon.colcon_core.package_discovery:discover_packages(ignore) using defaults
[0.661s] Level 1:colcon.colcon_core.package_discovery:discover_packages(path) discover
[0.661s] Level 1:colcon.colcon_core.package_discovery:discover_packages(path) using defaults
[0.700s] Level 1:colcon.colcon_core.package_discovery:discover_packages(prefix_path) check parameters
[0.700s] Level 1:colcon.colcon_core.package_discovery:discover_packages(prefix_path) discover
[0.702s] WARNING:colcon.colcon_ros.prefix_path.ament:The path '/home/jefri/ros2_ws/src/install/turtlesim_catch_them_all' in the environment variable AMENT_PREFIX_PATH doesn't exist
[0.702s] WARNING:colcon.colcon_ros.prefix_path.ament:The path '/home/jefri/ros2_ws/src/install/my_robot_controller' in the environment variable AMENT_PREFIX_PATH doesn't exist
[0.704s] DEBUG:colcon.colcon_installed_package_information.package_discovery:Found 5 installed packages in /home/jefri/ros2_ws/install
[0.705s] DEBUG:colcon.colcon_installed_package_information.package_discovery:Found 1 installed packages in /home/jefri/ros2_ws/src/install
[0.708s] DEBUG:colcon.colcon_installed_package_information.package_discovery:Found 360 installed packages in /opt/ros/humble
[0.714s] Level 1:colcon.colcon_core.package_discovery:discover_packages(prefix_path) using defaults
[0.804s] Level 5:colcon.colcon_core.verb:set package 'custom_interfaces' build argument 'cmake_args' from command line to 'None'
[0.805s] Level 5:colcon.colcon_core.verb:set package 'custom_interfaces' build argument 'cmake_target' from command line to 'None'
[0.805s] Level 5:colcon.colcon_core.verb:set package 'custom_interfaces' build argument 'cmake_target_skip_unavailable' from command line to 'False'
[0.805s] Level 5:colcon.colcon_core.verb:set package 'custom_interfaces' build argument 'cmake_clean_cache' from command line to 'False'
[0.806s] Level 5:colcon.colcon_core.verb:set package 'custom_interfaces' build argument 'cmake_clean_first' from command line to 'False'
[0.806s] Level 5:colcon.colcon_core.verb:set package 'custom_interfaces' build argument 'cmake_force_configure' from command line to 'False'
[0.806s] Level 5:colcon.colcon_core.verb:set package 'custom_interfaces' build argument 'ament_cmake_args' from command line to 'None'
[0.806s] Level 5:colcon.colcon_core.verb:set package 'custom_interfaces' build argument 'catkin_cmake_args' from command line to 'None'
[0.807s] Level 5:colcon.colcon_core.verb:set package 'custom_interfaces' build argument 'catkin_skip_building_tests' from command line to 'False'
[0.807s] DEBUG:colcon.colcon_core.verb:Building package 'custom_interfaces' with the following arguments: {'ament_cmake_args': None, 'build_base': '/home/jefri/ros2_ws/build/custom_interfaces', 'catkin_cmake_args': None, 'catkin_skip_building_tests': False, 'cmake_args': None, 'cmake_clean_cache': False, 'cmake_clean_first': False, 'cmake_force_configure': False, 'cmake_target': None, 'cmake_target_skip_unavailable': False, 'install_base': '/home/jefri/ros2_ws/install/custom_interfaces', 'merge_install': False, 'path': '/home/jefri/ros2_ws/src/custom_interfaces', 'symlink_install': True, 'test_result_base': None}
[0.808s] Level 5:colcon.colcon_core.verb:set package 'my_robot_controller' build argument 'cmake_args' from command line to 'None'
[0.808s] Level 5:colcon.colcon_core.verb:set package 'my_robot_controller' build argument 'cmake_target' from command line to 'None'
[0.808s] Level 5:colcon.colcon_core.verb:set package 'my_robot_controller' build argument 'cmake_target_skip_unavailable' from command line to 'False'
[0.808s] Level 5:colcon.colcon_core.verb:set package 'my_robot_controller' build argument 'cmake_clean_cache' from command line to 'False'
[0.808s] Level 5:colcon.colcon_core.verb:set package 'my_robot_controller' build argument 'cmake_clean_first' from command line to 'False'
[0.808s] Level 5:colcon.colcon_core.verb:set package 'my_robot_controller' build argument 'cmake_force_configure' from command line to 'False'
[0.808s] Level 5:colcon.colcon_core.verb:set package 'my_robot_controller' build argument 'ament_cmake_args' from command line to 'None'
[0.808s] Level 5:colcon.colcon_core.verb:set package 'my_robot_controller' build argument 'catkin_cmake_args' from command line to 'None'
[0.809s] Level 5:colcon.colcon_core.verb:set package 'my_robot_controller' build argument 'catkin_skip_building_tests' from command line to 'False'
[0.809s] DEBUG:colcon.colcon_core.verb:Building package 'my_robot_controller' with the following arguments: {'ament_cmake_args': None, 'build_base': '/home/jefri/ros2_ws/build/my_robot_controller', 'catkin_cmake_args': None, 'catkin_skip_building_tests': False, 'cmake_args': None, 'cmake_clean_cache': False, 'cmake_clean_first': False, 'cmake_force_configure': False, 'cmake_target': None, 'cmake_target_skip_unavailable': False, 'install_base': '/home/jefri/ros2_ws/install/my_robot_controller', 'merge_install': False, 'path': '/home/jefri/ros2_ws/src/my_robot_controller', 'symlink_install': True, 'test_result_base': None}
[0.810s] Level 5:colcon.colcon_core.verb:set package 'my_robot_interfaces' build argument 'cmake_args' from command line to 'None'
[0.810s] Level 5:colcon.colcon_core.verb:set package 'my_robot_interfaces' build argument 'cmake_target' from command line to 'None'
[0.811s] Level 5:colcon.colcon_core.verb:set package 'my_robot_interfaces' build argument 'cmake_target_skip_unavailable' from command line to 'False'
[0.811s] Level 5:colcon.colcon_core.verb:set package 'my_robot_interfaces' build argument 'cmake_clean_cache' from command line to 'False'
[0.811s] Level 5:colcon.colcon_core.verb:set package 'my_robot_interfaces' build argument 'cmake_clean_first' from command line to 'False'
[0.811s] Level 5:colcon.colcon_core.verb:set package 'my_robot_interfaces' build argument 'cmake_force_configure' from command line to 'False'
[0.811s] Level 5:colcon.colcon_core.verb:set package 'my_robot_interfaces' build argument 'ament_cmake_args' from command line to 'None'
[0.811s] Level 5:colcon.colcon_core.verb:set package 'my_robot_interfaces' build argument 'catkin_cmake_args' from command line to 'None'
[0.811s] Level 5:colcon.colcon_core.verb:set package 'my_robot_interfaces' build argument 'catkin_skip_building_tests' from command line to 'False'
[0.811s] DEBUG:colcon.colcon_core.verb:Building package 'my_robot_interfaces' with the following arguments: {'ament_cmake_args': None, 'build_base': '/home/jefri/ros2_ws/build/my_robot_interfaces', 'catkin_cmake_args': None, 'catkin_skip_building_tests': False, 'cmake_args': None, 'cmake_clean_cache': False, 'cmake_clean_first': False, 'cmake_force_configure': False, 'cmake_target': None, 'cmake_target_skip_unavailable': False, 'install_base': '/home/jefri/ros2_ws/install/my_robot_interfaces', 'merge_install': False, 'path': '/home/jefri/ros2_ws/src/my_robot_interfaces', 'symlink_install': True, 'test_result_base': None}
[0.813s] Level 5:colcon.colcon_core.verb:set package 'add_integers' build argument 'cmake_args' from command line to 'None'
[0.813s] Level 5:colcon.colcon_core.verb:set package 'add_integers' build argument 'cmake_target' from command line to 'None'
[0.814s] Level 5:colcon.colcon_core.verb:set package 'add_integers' build argument 'cmake_target_skip_unavailable' from command line to 'False'
[0.814s] Level 5:colcon.colcon_core.verb:set package 'add_integers' build argument 'cmake_clean_cache' from command line to 'False'
[0.814s] Level 5:colcon.colcon_core.verb:set package 'add_integers' build argument 'cmake_clean_first' from command line to 'False'
[0.814s] Level 5:colcon.colcon_core.verb:set package 'add_integers' build argument 'cmake_force_configure' from command line to 'False'
[0.814s] Level 5:colcon.colcon_core.verb:set package 'add_integers' build argument 'ament_cmake_args' from command line to 'None'
[0.814s] Level 5:colcon.colcon_core.verb:set package 'add_integers' build argument 'catkin_cmake_args' from command line to 'None'
[0.814s] Level 5:colcon.colcon_core.verb:set package 'add_integers' build argument 'catkin_skip_building_tests' from command line to 'False'
[0.814s] DEBUG:colcon.colcon_core.verb:Building package 'add_integers' with the following arguments: {'ament_cmake_args': None, 'build_base': '/home/jefri/ros2_ws/build/add_integers', 'catkin_cmake_args': None, 'catkin_skip_building_tests': False, 'cmake_args': None, 'cmake_clean_cache': False, 'cmake_clean_first': False, 'cmake_force_configure': False, 'cmake_target': None, 'cmake_target_skip_unavailable': False, 'install_base': '/home/jefri/ros2_ws/install/add_integers', 'merge_install': False, 'path': '/home/jefri/ros2_ws/src/add_integers', 'symlink_install': True, 'test_result_base': None}
[0.815s] Level 5:colcon.colcon_core.verb:set package 'turtlesim_catch_them_all' build argument 'cmake_args' from command line to 'None'
[0.816s] Level 5:colcon.colcon_core.verb:set package 'turtlesim_catch_them_all' build argument 'cmake_target' from command line to 'None'
[0.816s] Level 5:colcon.colcon_core.verb:set package 'turtlesim_catch_them_all' build argument 'cmake_target_skip_unavailable' from command line to 'False'
[0.816s] Level 5:colcon.colcon_core.verb:set package 'turtlesim_catch_them_all' build argument 'cmake_clean_cache' from command line to 'False'
[0.817s] Level 5:colcon.colcon_core.verb:set package 'turtlesim_catch_them_all' build argument 'cmake_clean_first' from command line to 'False'
[0.817s] Level 5:colcon.colcon_core.verb:set package 'turtlesim_catch_them_all' build argument 'cmake_force_configure' from command line to 'False'
[0.817s] Level 5:colcon.colcon_core.verb:set package 'turtlesim_catch_them_all' build argument 'ament_cmake_args' from command line to 'None'
[0.817s] Level 5:colcon.colcon_core.verb:set package 'turtlesim_catch_them_all' build argument 'catkin_cmake_args' from command line to 'None'
[0.817s] Level 5:colcon.colcon_core.verb:set package 'turtlesim_catch_them_all' build argument 'catkin_skip_building_tests' from command line to 'False'
[0.817s] DEBUG:colcon.colcon_core.verb:Building package 'turtlesim_catch_them_all' with the following arguments: {'ament_cmake_args': None, 'build_base': '/home/jefri/ros2_ws/build/turtlesim_catch_them_all', 'catkin_cmake_args': None, 'catkin_skip_building_tests': False, 'cmake_args': None, 'cmake_clean_cache': False, 'cmake_clean_first': False, 'cmake_force_configure': False, 'cmake_target': None, 'cmake_target_skip_unavailable': False, 'install_base': '/home/jefri/ros2_ws/install/turtlesim_catch_them_all', 'merge_install': False, 'path': '/home/jefri/ros2_ws/src/turtlesim_catch_them_all', 'symlink_install': True, 'test_result_base': None}
[0.817s] INFO:colcon.colcon_core.executor:Executing jobs using 'parallel' executor
[0.822s] DEBUG:colcon.colcon_parallel_executor.executor.parallel:run_until_complete
[0.824s] INFO:colcon.colcon_ros.task.ament_cmake.build:Building ROS package in '/home/jefri/ros2_ws/src/custom_interfaces' with build type 'ament_cmake'
[0.825s] INFO:colcon.colcon_cmake.task.cmake.build:Building CMake package in '/home/jefri/ros2_ws/src/custom_interfaces'
[0.836s] INFO:colcon.colcon_core.plugin_system:Skipping extension 'colcon_core.shell.bat': Not used on non-Windows systems
[0.836s] INFO:colcon.colcon_core.shell:Skip shell extension 'powershell' for command environment: Not usable outside of PowerShell
[0.837s] DEBUG:colcon.colcon_core.shell:Skip shell extension 'dsv' for command environment
[0.850s] INFO:colcon.colcon_ros.task.ament_cmake.build:Building ROS package in '/home/jefri/ros2_ws/src/my_robot_interfaces' with build type 'ament_cmake'
[0.851s] INFO:colcon.colcon_cmake.task.cmake.build:Building CMake package in '/home/jefri/ros2_ws/src/my_robot_interfaces'
[0.852s] INFO:colcon.colcon_core.shell:Skip shell extension 'powershell' for command environment: Not usable outside of PowerShell
[0.853s] DEBUG:colcon.colcon_core.shell:Skip shell extension 'dsv' for command environment
[0.894s] DEBUG:colcon.colcon_core.event_handler.log_command:Invoking command in '/home/jefri/ros2_ws/build/custom_interfaces': CMAKE_PREFIX_PATH=${CMAKE_PREFIX_PATH}:/home/jefri/ros2_ws/install/turtlesim_catch_them_all:/home/jefri/ros2_ws/src/install/turtlesim_catch_them_all:/home/jefri/ros2_ws/src/install/my_robot_controller:/home/jefri/ros2_ws/install/my_robot_controller:/home/jefri/ros2_ws/install/add_integers:/opt/ros/humble /usr/bin/cmake --build /home/jefri/ros2_ws/build/custom_interfaces -- -j2 -l2
[0.922s] DEBUG:colcon.colcon_core.event_handler.log_command:Invoking command in '/home/jefri/ros2_ws/build/my_robot_interfaces': CMAKE_PREFIX_PATH=${CMAKE_PREFIX_PATH}:/home/jefri/ros2_ws/install/turtlesim_catch_them_all:/home/jefri/ros2_ws/src/install/turtlesim_catch_them_all:/home/jefri/ros2_ws/src/install/my_robot_controller:/home/jefri/ros2_ws/install/my_robot_controller:/home/jefri/ros2_ws/install/add_integers:/opt/ros/humble /usr/bin/cmake --build /home/jefri/ros2_ws/build/my_robot_interfaces -- -j2 -l2
[3.065s] DEBUG:colcon.colcon_core.event_handler.log_command:Invoked command in '/home/jefri/ros2_ws/build/custom_interfaces' returned '0': CMAKE_PREFIX_PATH=${CMAKE_PREFIX_PATH}:/home/jefri/ros2_ws/install/turtlesim_catch_them_all:/home/jefri/ros2_ws/src/install/turtlesim_catch_them_all:/home/jefri/ros2_ws/src/install/my_robot_controller:/home/jefri/ros2_ws/install/my_robot_controller:/home/jefri/ros2_ws/install/add_integers:/opt/ros/humble /usr/bin/cmake --build /home/jefri/ros2_ws/build/custom_interfaces -- -j2 -l2
[3.132s] DEBUG:colcon.colcon_core.event_handler.log_command:Invoked command in '/home/jefri/ros2_ws/build/my_robot_interfaces' returned '0': CMAKE_PREFIX_PATH=${CMAKE_PREFIX_PATH}:/home/jefri/ros2_ws/install/turtlesim_catch_them_all:/home/jefri/ros2_ws/src/install/turtlesim_catch_them_all:/home/jefri/ros2_ws/src/install/my_robot_controller:/home/jefri/ros2_ws/install/my_robot_controller:/home/jefri/ros2_ws/install/add_integers:/opt/ros/humble /usr/bin/cmake --build /home/jefri/ros2_ws/build/my_robot_interfaces -- -j2 -l2
[3.251s] DEBUG:colcon.colcon_core.event_handler.log_command:Invoking command in '/home/jefri/ros2_ws/build/custom_interfaces': CMAKE_PREFIX_PATH=${CMAKE_PREFIX_PATH}:/home/jefri/ros2_ws/install/turtlesim_catch_them_all:/home/jefri/ros2_ws/src/install/turtlesim_catch_them_all:/home/jefri/ros2_ws/src/install/my_robot_controller:/home/jefri/ros2_ws/install/my_robot_controller:/home/jefri/ros2_ws/install/add_integers:/opt/ros/humble /usr/bin/cmake --install /home/jefri/ros2_ws/build/custom_interfaces
[3.469s] DEBUG:colcon.colcon_core.event_handler.log_command:Invoking command in '/home/jefri/ros2_ws/build/my_robot_interfaces': CMAKE_PREFIX_PATH=${CMAKE_PREFIX_PATH}:/home/jefri/ros2_ws/install/turtlesim_catch_them_all:/home/jefri/ros2_ws/src/install/turtlesim_catch_them_all:/home/jefri/ros2_ws/src/install/my_robot_controller:/home/jefri/ros2_ws/install/my_robot_controller:/home/jefri/ros2_ws/install/add_integers:/opt/ros/humble /usr/bin/cmake --install /home/jefri/ros2_ws/build/my_robot_interfaces
[3.542s] Level 1:colcon.colcon_core.environment:create_environment_scripts_only(custom_interfaces)
[3.561s] DEBUG:colcon.colcon_core.event_handler.log_command:Invoked command in '/home/jefri/ros2_ws/build/custom_interfaces' returned '0': CMAKE_PREFIX_PATH=${CMAKE_PREFIX_PATH}:/home/jefri/ros2_ws/install/turtlesim_catch_them_all:/home/jefri/ros2_ws/src/install/turtlesim_catch_them_all:/home/jefri/ros2_ws/src/install/my_robot_controller:/home/jefri/ros2_ws/install/my_robot_controller:/home/jefri/ros2_ws/install/add_integers:/opt/ros/humble /usr/bin/cmake --install /home/jefri/ros2_ws/build/custom_interfaces
[3.574s] Level 1:colcon.colcon_core.environment:checking '/home/jefri/ros2_ws/install/custom_interfaces' for CMake module files
[3.587s] Level 1:colcon.colcon_core.environment:checking '/home/jefri/ros2_ws/install/custom_interfaces' for CMake config files
[3.592s] Level 1:colcon.colcon_core.shell:create_environment_hook('custom_interfaces', 'cmake_prefix_path')
[3.593s] INFO:colcon.colcon_core.shell:Creating environment hook '/home/jefri/ros2_ws/install/custom_interfaces/share/custom_interfaces/hook/cmake_prefix_path.ps1'
[3.598s] INFO:colcon.colcon_core.shell:Creating environment descriptor '/home/jefri/ros2_ws/install/custom_interfaces/share/custom_interfaces/hook/cmake_prefix_path.dsv'
[3.606s] INFO:colcon.colcon_core.shell:Creating environment hook '/home/jefri/ros2_ws/install/custom_interfaces/share/custom_interfaces/hook/cmake_prefix_path.sh'
[3.609s] Level 1:colcon.colcon_core.environment:checking '/home/jefri/ros2_ws/install/custom_interfaces/lib'
[3.610s] Level 1:colcon.colcon_core.shell:create_environment_hook('custom_interfaces', 'ld_library_path_lib')
[3.613s] INFO:colcon.colcon_core.shell:Creating environment hook '/home/jefri/ros2_ws/install/custom_interfaces/share/custom_interfaces/hook/ld_library_path_lib.ps1'
[3.615s] INFO:colcon.colcon_core.shell:Creating environment descriptor '/home/jefri/ros2_ws/install/custom_interfaces/share/custom_interfaces/hook/ld_library_path_lib.dsv'
[3.617s] INFO:colcon.colcon_core.shell:Creating environment hook '/home/jefri/ros2_ws/install/custom_interfaces/share/custom_interfaces/hook/ld_library_path_lib.sh'
[3.619s] Level 1:colcon.colcon_core.environment:checking '/home/jefri/ros2_ws/install/custom_interfaces/bin'
[3.622s] Level 1:colcon.colcon_core.environment:checking '/home/jefri/ros2_ws/install/custom_interfaces/lib/pkgconfig/custom_interfaces.pc'
[3.623s] Level 1:colcon.colcon_core.environment:checking '/home/jefri/ros2_ws/install/custom_interfaces/lib/python3.10/site-packages'
[3.623s] Level 1:colcon.colcon_core.environment:checking '/home/jefri/ros2_ws/install/custom_interfaces/bin'
[3.626s] INFO:colcon.colcon_core.shell:Creating package script '/home/jefri/ros2_ws/install/custom_interfaces/share/custom_interfaces/package.ps1'
[3.629s] INFO:colcon.colcon_core.shell:Creating package descriptor '/home/jefri/ros2_ws/install/custom_interfaces/share/custom_interfaces/package.dsv'
[3.634s] INFO:colcon.colcon_core.shell:Creating package script '/home/jefri/ros2_ws/install/custom_interfaces/share/custom_interfaces/package.sh'
[3.637s] INFO:colcon.colcon_core.shell:Creating package script '/home/jefri/ros2_ws/install/custom_interfaces/share/custom_interfaces/package.bash'
[3.641s] INFO:colcon.colcon_core.shell:Creating package script '/home/jefri/ros2_ws/install/custom_interfaces/share/custom_interfaces/package.zsh'
[3.650s] Level 1:colcon.colcon_core.environment:create_file_with_runtime_dependencies(/home/jefri/ros2_ws/install/custom_interfaces/share/colcon-core/packages/custom_interfaces)
[3.774s] Level 1:colcon.colcon_core.environment:create_environment_scripts_only(my_robot_interfaces)
[3.775s] Level 1:colcon.colcon_core.environment:checking '/home/jefri/ros2_ws/install/my_robot_interfaces' for CMake module files
[3.777s] DEBUG:colcon.colcon_core.event_handler.log_command:Invoked command in '/home/jefri/ros2_ws/build/my_robot_interfaces' returned '0': CMAKE_PREFIX_PATH=${CMAKE_PREFIX_PATH}:/home/jefri/ros2_ws/install/turtlesim_catch_them_all:/home/jefri/ros2_ws/src/install/turtlesim_catch_them_all:/home/jefri/ros2_ws/src/install/my_robot_controller:/home/jefri/ros2_ws/install/my_robot_controller:/home/jefri/ros2_ws/install/add_integers:/opt/ros/humble /usr/bin/cmake --install /home/jefri/ros2_ws/build/my_robot_interfaces
[3.778s] Level 1:colcon.colcon_core.environment:checking '/home/jefri/ros2_ws/install/my_robot_interfaces' for CMake config files
[3.779s] Level 1:colcon.colcon_core.shell:create_environment_hook('my_robot_interfaces', 'cmake_prefix_path')
[3.780s] INFO:colcon.colcon_core.shell:Creating environment hook '/home/jefri/ros2_ws/install/my_robot_interfaces/share/my_robot_interfaces/hook/cmake_prefix_path.ps1'
[3.783s] INFO:colcon.colcon_core.shell:Creating environment descriptor '/home/jefri/ros2_ws/install/my_robot_interfaces/share/my_robot_interfaces/hook/cmake_prefix_path.dsv'
[3.784s] INFO:colcon.colcon_core.shell:Creating environment hook '/home/jefri/ros2_ws/install/my_robot_interfaces/share/my_robot_interfaces/hook/cmake_prefix_path.sh'
[3.787s] Level 1:colcon.colcon_core.environment:checking '/home/jefri/ros2_ws/install/my_robot_interfaces/lib'
[3.787s] Level 1:colcon.colcon_core.shell:create_environment_hook('my_robot_interfaces', 'ld_library_path_lib')
[3.788s] INFO:colcon.colcon_core.shell:Creating environment hook '/home/jefri/ros2_ws/install/my_robot_interfaces/share/my_robot_interfaces/hook/ld_library_path_lib.ps1'
[3.790s] INFO:colcon.colcon_core.shell:Creating environment descriptor '/home/jefri/ros2_ws/install/my_robot_interfaces/share/my_robot_interfaces/hook/ld_library_path_lib.dsv'
[3.791s] INFO:colcon.colcon_core.shell:Creating environment hook '/home/jefri/ros2_ws/install/my_robot_interfaces/share/my_robot_interfaces/hook/ld_library_path_lib.sh'
[3.793s] Level 1:colcon.colcon_core.environment:checking '/home/jefri/ros2_ws/install/my_robot_interfaces/bin'
[3.793s] Level 1:colcon.colcon_core.environment:checking '/home/jefri/ros2_ws/install/my_robot_interfaces/lib/pkgconfig/my_robot_interfaces.pc'
[3.794s] Level 1:colcon.colcon_core.environment:checking '/home/jefri/ros2_ws/install/my_robot_interfaces/lib/python3.10/site-packages'
[3.795s] Level 1:colcon.colcon_core.environment:checking '/home/jefri/ros2_ws/install/my_robot_interfaces/bin'
[3.796s] INFO:colcon.colcon_core.shell:Creating package script '/home/jefri/ros2_ws/install/my_robot_interfaces/share/my_robot_interfaces/package.ps1'
[3.798s] INFO:colcon.colcon_core.shell:Creating package descriptor '/home/jefri/ros2_ws/install/my_robot_interfaces/share/my_robot_interfaces/package.dsv'
[3.799s] INFO:colcon.colcon_core.shell:Creating package script '/home/jefri/ros2_ws/install/my_robot_interfaces/share/my_robot_interfaces/package.sh'
[3.801s] INFO:colcon.colcon_core.shell:Creating package script '/home/jefri/ros2_ws/install/my_robot_interfaces/share/my_robot_interfaces/package.bash'
[3.803s] INFO:colcon.colcon_core.shell:Creating package script '/home/jefri/ros2_ws/install/my_robot_interfaces/share/my_robot_interfaces/package.zsh'
[3.805s] Level 1:colcon.colcon_core.environment:create_file_with_runtime_dependencies(/home/jefri/ros2_ws/install/my_robot_interfaces/share/colcon-core/packages/my_robot_interfaces)
[3.821s] Level 1:colcon.colcon_core.environment:create_environment_scripts_only(custom_interfaces)
[3.822s] Level 1:colcon.colcon_core.environment:checking '/home/jefri/ros2_ws/install/custom_interfaces' for CMake module files
[3.824s] Level 1:colcon.colcon_core.environment:checking '/home/jefri/ros2_ws/install/custom_interfaces' for CMake config files
[3.825s] Level 1:colcon.colcon_core.shell:create_environment_hook('custom_interfaces', 'cmake_prefix_path')
[3.826s] INFO:colcon.colcon_core.shell:Creating environment hook '/home/jefri/ros2_ws/install/custom_interfaces/share/custom_interfaces/hook/cmake_prefix_path.ps1'
[3.829s] INFO:colcon.colcon_core.shell:Creating environment descriptor '/home/jefri/ros2_ws/install/custom_interfaces/share/custom_interfaces/hook/cmake_prefix_path.dsv'
[3.831s] INFO:colcon.colcon_core.shell:Creating environment hook '/home/jefri/ros2_ws/install/custom_interfaces/share/custom_interfaces/hook/cmake_prefix_path.sh'
[3.835s] Level 1:colcon.colcon_core.environment:checking '/home/jefri/ros2_ws/install/custom_interfaces/lib'
[3.835s] Level 1:colcon.colcon_core.shell:create_environment_hook('custom_interfaces', 'ld_library_path_lib')
[3.836s] INFO:colcon.colcon_core.shell:Creating environment hook '/home/jefri/ros2_ws/install/custom_interfaces/share/custom_interfaces/hook/ld_library_path_lib.ps1'
[3.839s] INFO:colcon.colcon_core.shell:Creating environment descriptor '/home/jefri/ros2_ws/install/custom_interfaces/share/custom_interfaces/hook/ld_library_path_lib.dsv'
[3.841s] INFO:colcon.colcon_core.shell:Creating environment hook '/home/jefri/ros2_ws/install/custom_interfaces/share/custom_interfaces/hook/ld_library_path_lib.sh'
[3.844s] Level 1:colcon.colcon_core.environment:checking '/home/jefri/ros2_ws/install/custom_interfaces/bin'
[3.844s] Level 1:colcon.colcon_core.environment:checking '/home/jefri/ros2_ws/install/custom_interfaces/lib/pkgconfig/custom_interfaces.pc'
[3.845s] Level 1:colcon.colcon_core.environment:checking '/home/jefri/ros2_ws/install/custom_interfaces/lib/python3.10/site-packages'
[3.846s] Level 1:colcon.colcon_core.environment:checking '/home/jefri/ros2_ws/install/custom_interfaces/bin'
[3.847s] INFO:colcon.colcon_core.shell:Creating package script '/home/jefri/ros2_ws/install/custom_interfaces/share/custom_interfaces/package.ps1'
[3.850s] INFO:colcon.colcon_core.shell:Creating package descriptor '/home/jefri/ros2_ws/install/custom_interfaces/share/custom_interfaces/package.dsv'
[3.853s] INFO:colcon.colcon_core.shell:Creating package script '/home/jefri/ros2_ws/install/custom_interfaces/share/custom_interfaces/package.sh'
[3.856s] INFO:colcon.colcon_core.shell:Creating package script '/home/jefri/ros2_ws/install/custom_interfaces/share/custom_interfaces/package.bash'
[3.859s] INFO:colcon.colcon_core.shell:Creating package script '/home/jefri/ros2_ws/install/custom_interfaces/share/custom_interfaces/package.zsh'
[3.861s] Level 1:colcon.colcon_core.environment:create_file_with_runtime_dependencies(/home/jefri/ros2_ws/install/custom_interfaces/share/colcon-core/packages/custom_interfaces)
[3.863s] INFO:colcon.colcon_ros.task.ament_python.build:Building ROS package in '/home/jefri/ros2_ws/src/my_robot_controller' with build type 'ament_python'
[3.865s] Level 1:colcon.colcon_core.shell:create_environment_hook('my_robot_controller', 'ament_prefix_path')
[3.867s] INFO:colcon.colcon_core.shell:Creating environment hook '/home/jefri/ros2_ws/install/my_robot_controller/share/my_robot_controller/hook/ament_prefix_path.ps1'
[3.869s] INFO:colcon.colcon_core.shell:Creating environment descriptor '/home/jefri/ros2_ws/install/my_robot_controller/share/my_robot_controller/hook/ament_prefix_path.dsv'
[3.870s] INFO:colcon.colcon_core.shell:Creating environment hook '/home/jefri/ros2_ws/install/my_robot_controller/share/my_robot_controller/hook/ament_prefix_path.sh'
[3.873s] INFO:colcon.colcon_core.shell:Skip shell extension 'powershell' for command environment: Not usable outside of PowerShell
[3.873s] DEBUG:colcon.colcon_core.shell:Skip shell extension 'dsv' for command environment
[4.580s] INFO:colcon.colcon_core.task.python.build:Building Python package in '/home/jefri/ros2_ws/src/my_robot_controller'
[4.580s] INFO:colcon.colcon_core.shell:Skip shell extension 'powershell' for command environment: Not usable outside of PowerShell
[4.581s] DEBUG:colcon.colcon_core.shell:Skip shell extension 'dsv' for command environment
[4.594s] Level 1:colcon.colcon_core.environment:create_environment_scripts_only(my_robot_interfaces)
[4.595s] Level 1:colcon.colcon_core.environment:checking '/home/jefri/ros2_ws/install/my_robot_interfaces' for CMake module files
[4.597s] Level 1:colcon.colcon_core.environment:checking '/home/jefri/ros2_ws/install/my_robot_interfaces' for CMake config files
[4.599s] Level 1:colcon.colcon_core.shell:create_environment_hook('my_robot_interfaces', 'cmake_prefix_path')
[4.599s] INFO:colcon.colcon_core.shell:Creating environment hook '/home/jefri/ros2_ws/install/my_robot_interfaces/share/my_robot_interfaces/hook/cmake_prefix_path.ps1'
[4.601s] INFO:colcon.colcon_core.shell:Creating environment descriptor '/home/jefri/ros2_ws/install/my_robot_interfaces/share/my_robot_interfaces/hook/cmake_prefix_path.dsv'
[4.602s] INFO:colcon.colcon_core.shell:Creating environment hook '/home/jefri/ros2_ws/install/my_robot_interfaces/share/my_robot_interfaces/hook/cmake_prefix_path.sh'
[4.604s] Level 1:colcon.colcon_core.environment:checking '/home/jefri/ros2_ws/install/my_robot_interfaces/lib'
[4.604s] Level 1:colcon.colcon_core.shell:create_environment_hook('my_robot_interfaces', 'ld_library_path_lib')
[4.605s] INFO:colcon.colcon_core.shell:Creating environment hook '/home/jefri/ros2_ws/install/my_robot_interfaces/share/my_robot_interfaces/hook/ld_library_path_lib.ps1'
[4.606s] INFO:colcon.colcon_core.shell:Creating environment descriptor '/home/jefri/ros2_ws/install/my_robot_interfaces/share/my_robot_interfaces/hook/ld_library_path_lib.dsv'
[4.607s] INFO:colcon.colcon_core.shell:Creating environment hook '/home/jefri/ros2_ws/install/my_robot_interfaces/share/my_robot_interfaces/hook/ld_library_path_lib.sh'
[4.609s] Level 1:colcon.colcon_core.environment:checking '/home/jefri/ros2_ws/install/my_robot_interfaces/bin'
[4.609s] Level 1:colcon.colcon_core.environment:checking '/home/jefri/ros2_ws/install/my_robot_interfaces/lib/pkgconfig/my_robot_interfaces.pc'
[4.610s] Level 1:colcon.colcon_core.environment:checking '/home/jefri/ros2_ws/install/my_robot_interfaces/lib/python3.10/site-packages'
[4.611s] Level 1:colcon.colcon_core.environment:checking '/home/jefri/ros2_ws/install/my_robot_interfaces/bin'
[4.612s] INFO:colcon.colcon_core.shell:Creating package script '/home/jefri/ros2_ws/install/my_robot_interfaces/share/my_robot_interfaces/package.ps1'
[4.616s] INFO:colcon.colcon_core.shell:Creating package descriptor '/home/jefri/ros2_ws/install/my_robot_interfaces/share/my_robot_interfaces/package.dsv'
[4.618s] INFO:colcon.colcon_core.shell:Creating package script '/home/jefri/ros2_ws/install/my_robot_interfaces/share/my_robot_interfaces/package.sh'
[4.620s] INFO:colcon.colcon_core.shell:Creating package script '/home/jefri/ros2_ws/install/my_robot_interfaces/share/my_robot_interfaces/package.bash'
[4.621s] INFO:colcon.colcon_core.shell:Creating package script '/home/jefri/ros2_ws/install/my_robot_interfaces/share/my_robot_interfaces/package.zsh'
[4.623s] Level 1:colcon.colcon_core.environment:create_file_with_runtime_dependencies(/home/jefri/ros2_ws/install/my_robot_interfaces/share/colcon-core/packages/my_robot_interfaces)
[4.624s] INFO:colcon.colcon_ros.task.ament_python.build:Building ROS package in '/home/jefri/ros2_ws/src/add_integers' with build type 'ament_python'
[4.625s] Level 1:colcon.colcon_core.shell:create_environment_hook('add_integers', 'ament_prefix_path')
[4.626s] INFO:colcon.colcon_core.shell:Creating environment hook '/home/jefri/ros2_ws/install/add_integers/share/add_integers/hook/ament_prefix_path.ps1'
[4.627s] INFO:colcon.colcon_core.shell:Creating environment descriptor '/home/jefri/ros2_ws/install/add_integers/share/add_integers/hook/ament_prefix_path.dsv'
[4.628s] INFO:colcon.colcon_core.shell:Creating environment hook '/home/jefri/ros2_ws/install/add_integers/share/add_integers/hook/ament_prefix_path.sh'
[4.630s] INFO:colcon.colcon_core.shell:Skip shell extension 'powershell' for command environment: Not usable outside of PowerShell
[4.631s] DEBUG:colcon.colcon_core.shell:Skip shell extension 'dsv' for command environment
[5.591s] INFO:colcon.colcon_core.task.python.build:Building Python package in '/home/jefri/ros2_ws/src/add_integers'
[5.592s] INFO:colcon.colcon_core.shell:Skip shell extension 'powershell' for command environment: Not usable outside of PowerShell
[5.593s] DEBUG:colcon.colcon_core.shell:Skip shell extension 'dsv' for command environment
[5.852s] DEBUG:colcon.colcon_core.event_handler.log_command:Invoking command in '/home/jefri/ros2_ws/build/my_robot_controller': PYTHONPATH=/home/jefri/ros2_ws/build/my_robot_controller/prefix_override:/usr/lib/python3/dist-packages/colcon_core/task/python/colcon_distutils_commands:/home/jefri/ros2_ws/install/my_robot_controller/lib/python3.10/site-packages:${PYTHONPATH} /usr/bin/python3 -W ignore:setup.py install is deprecated setup.py develop --editable --build-directory /home/jefri/ros2_ws/build/my_robot_controller/build --no-deps symlink_data
[7.396s] DEBUG:colcon.colcon_core.event_handler.log_command:Invoking command in '/home/jefri/ros2_ws/build/add_integers': CMAKE_PREFIX_PATH=/home/jefri/ros2_ws/install/custom_interfaces:/home/jefri/ros2_ws/src/install/my_robot_interfaces:/home/jefri/ros2_ws/install/my_robot_interfaces LD_LIBRARY_PATH=/home/jefri/ros2_ws/install/custom_interfaces/lib:/home/jefri/ros2_ws/src/install/my_robot_interfaces/lib:/home/jefri/ros2_ws/install/my_robot_interfaces/lib:/usr/lib/x86_64-linux-gnu/gazebo-11/plugins:/opt/ros/humble/opt/rviz_ogre_vendor/lib:/opt/ros/humble/lib/x86_64-linux-gnu:/opt/ros/humble/lib PYTHONPATH=/home/jefri/ros2_ws/build/add_integers/prefix_override:/usr/lib/python3/dist-packages/colcon_core/task/python/colcon_distutils_commands:/home/jefri/ros2_ws/install/add_integers/lib/python3.10/site-packages:${PYTHONPATH} /usr/bin/python3 -W ignore:setup.py install is deprecated setup.py develop --editable --build-directory /home/jefri/ros2_ws/build/add_integers/build --no-deps symlink_data
[8.506s] Level 1:colcon.colcon_core.shell:create_environment_hook('my_robot_controller', 'pythonpath_develop')
[8.509s] INFO:colcon.colcon_core.shell:Creating environment hook '/home/jefri/ros2_ws/build/my_robot_controller/share/my_robot_controller/hook/pythonpath_develop.ps1'
[8.508s] DEBUG:colcon.colcon_core.event_handler.log_command:Invoked command in '/home/jefri/ros2_ws/build/my_robot_controller' returned '0': PYTHONPATH=/home/jefri/ros2_ws/build/my_robot_controller/prefix_override:/usr/lib/python3/dist-packages/colcon_core/task/python/colcon_distutils_commands:/home/jefri/ros2_ws/install/my_robot_controller/lib/python3.10/site-packages:${PYTHONPATH} /usr/bin/python3 -W ignore:setup.py install is deprecated setup.py develop --editable --build-directory /home/jefri/ros2_ws/build/my_robot_controller/build --no-deps symlink_data
[8.514s] INFO:colcon.colcon_core.shell:Creating environment descriptor '/home/jefri/ros2_ws/build/my_robot_controller/share/my_robot_controller/hook/pythonpath_develop.dsv'
[8.518s] INFO:colcon.colcon_core.shell:Creating environment hook '/home/jefri/ros2_ws/build/my_robot_controller/share/my_robot_controller/hook/pythonpath_develop.sh'
[8.523s] Level 1:colcon.colcon_core.environment:checking '/home/jefri/ros2_ws/install/my_robot_controller' for CMake module files
[8.525s] Level 1:colcon.colcon_core.environment:checking '/home/jefri/ros2_ws/install/my_robot_controller' for CMake config files
[8.528s] Level 1:colcon.colcon_core.environment:checking '/home/jefri/ros2_ws/install/my_robot_controller/lib'
[8.529s] Level 1:colcon.colcon_core.environment:checking '/home/jefri/ros2_ws/install/my_robot_controller/bin'
[8.529s] Level 1:colcon.colcon_core.environment:checking '/home/jefri/ros2_ws/install/my_robot_controller/lib/pkgconfig/my_robot_controller.pc'
[8.532s] Level 1:colcon.colcon_core.environment:checking '/home/jefri/ros2_ws/install/my_robot_controller/lib/python3.10/site-packages'
[8.532s] Level 1:colcon.colcon_core.shell:create_environment_hook('my_robot_controller', 'pythonpath')
[8.533s] INFO:colcon.colcon_core.shell:Creating environment hook '/home/jefri/ros2_ws/install/my_robot_controller/share/my_robot_controller/hook/pythonpath.ps1'
[8.535s] INFO:colcon.colcon_core.shell:Creating environment descriptor '/home/jefri/ros2_ws/install/my_robot_controller/share/my_robot_controller/hook/pythonpath.dsv'
[8.536s] INFO:colcon.colcon_core.shell:Creating environment hook '/home/jefri/ros2_ws/install/my_robot_controller/share/my_robot_controller/hook/pythonpath.sh'
[8.539s] Level 1:colcon.colcon_core.environment:checking '/home/jefri/ros2_ws/install/my_robot_controller/bin'
[8.539s] Level 1:colcon.colcon_core.environment:create_environment_scripts_only(my_robot_controller)
[8.543s] INFO:colcon.colcon_core.shell:Creating package script '/home/jefri/ros2_ws/install/my_robot_controller/share/my_robot_controller/package.ps1'
[8.545s] INFO:colcon.colcon_core.shell:Creating package descriptor '/home/jefri/ros2_ws/install/my_robot_controller/share/my_robot_controller/package.dsv'
[8.547s] INFO:colcon.colcon_core.shell:Creating package script '/home/jefri/ros2_ws/install/my_robot_controller/share/my_robot_controller/package.sh'
[8.549s] INFO:colcon.colcon_core.shell:Creating package script '/home/jefri/ros2_ws/install/my_robot_controller/share/my_robot_controller/package.bash'
[8.551s] INFO:colcon.colcon_core.shell:Creating package script '/home/jefri/ros2_ws/install/my_robot_controller/share/my_robot_controller/package.zsh'
[8.553s] Level 1:colcon.colcon_core.environment:create_file_with_runtime_dependencies(/home/jefri/ros2_ws/install/my_robot_controller/share/colcon-core/packages/my_robot_controller)
[8.558s] INFO:colcon.colcon_ros.task.ament_python.build:Building ROS package in '/home/jefri/ros2_ws/src/turtlesim_catch_them_all' with build type 'ament_python'
[8.559s] Level 1:colcon.colcon_core.shell:create_environment_hook('turtlesim_catch_them_all', 'ament_prefix_path')
[8.561s] INFO:colcon.colcon_core.shell:Creating environment hook '/home/jefri/ros2_ws/install/turtlesim_catch_them_all/share/turtlesim_catch_them_all/hook/ament_prefix_path.ps1'
[8.568s] INFO:colcon.colcon_core.shell:Creating environment descriptor '/home/jefri/ros2_ws/install/turtlesim_catch_them_all/share/turtlesim_catch_them_all/hook/ament_prefix_path.dsv'
[8.569s] INFO:colcon.colcon_core.shell:Creating environment hook '/home/jefri/ros2_ws/install/turtlesim_catch_them_all/share/turtlesim_catch_them_all/hook/ament_prefix_path.sh'
[8.575s] INFO:colcon.colcon_core.shell:Skip shell extension 'powershell' for command environment: Not usable outside of PowerShell
[8.576s] DEBUG:colcon.colcon_core.shell:Skip shell extension 'dsv' for command environment
[9.888s] INFO:colcon.colcon_core.task.python.build:Building Python package in '/home/jefri/ros2_ws/src/turtlesim_catch_them_all'
[9.890s] INFO:colcon.colcon_core.shell:Skip shell extension 'powershell' for command environment: Not usable outside of PowerShell
[9.891s] DEBUG:colcon.colcon_core.shell:Skip shell extension 'dsv' for command environment
[9.912s] Level 1:colcon.colcon_core.shell:create_environment_hook('add_integers', 'pythonpath_develop')
[9.913s] INFO:colcon.colcon_core.shell:Creating environment hook '/home/jefri/ros2_ws/build/add_integers/share/add_integers/hook/pythonpath_develop.ps1'
[9.920s] INFO:colcon.colcon_core.shell:Creating environment descriptor '/home/jefri/ros2_ws/build/add_integers/share/add_integers/hook/pythonpath_develop.dsv'
[9.921s] DEBUG:colcon.colcon_core.event_handler.log_command:Invoked command in '/home/jefri/ros2_ws/build/add_integers' returned '0': CMAKE_PREFIX_PATH=/home/jefri/ros2_ws/install/custom_interfaces:/home/jefri/ros2_ws/src/install/my_robot_interfaces:/home/jefri/ros2_ws/install/my_robot_interfaces LD_LIBRARY_PATH=/home/jefri/ros2_ws/install/custom_interfaces/lib:/home/jefri/ros2_ws/src/install/my_robot_interfaces/lib:/home/jefri/ros2_ws/install/my_robot_interfaces/lib:/usr/lib/x86_64-linux-gnu/gazebo-11/plugins:/opt/ros/humble/opt/rviz_ogre_vendor/lib:/opt/ros/humble/lib/x86_64-linux-gnu:/opt/ros/humble/lib PYTHONPATH=/home/jefri/ros2_ws/build/add_integers/prefix_override:/usr/lib/python3/dist-packages/colcon_core/task/python/colcon_distutils_commands:/home/jefri/ros2_ws/install/add_integers/lib/python3.10/site-packages:${PYTHONPATH} /usr/bin/python3 -W ignore:setup.py install is deprecated setup.py develop --editable --build-directory /home/jefri/ros2_ws/build/add_integers/build --no-deps symlink_data
[9.925s] INFO:colcon.colcon_core.shell:Creating environment hook '/home/jefri/ros2_ws/build/add_integers/share/add_integers/hook/pythonpath_develop.sh'
[9.931s] Level 1:colcon.colcon_core.environment:checking '/home/jefri/ros2_ws/install/add_integers' for CMake module files
[9.933s] Level 1:colcon.colcon_core.environment:checking '/home/jefri/ros2_ws/install/add_integers' for CMake config files
[9.934s] Level 1:colcon.colcon_core.environment:checking '/home/jefri/ros2_ws/install/add_integers/lib'
[9.935s] Level 1:colcon.colcon_core.environment:checking '/home/jefri/ros2_ws/install/add_integers/bin'
[9.935s] Level 1:colcon.colcon_core.environment:checking '/home/jefri/ros2_ws/install/add_integers/lib/pkgconfig/add_integers.pc'
[9.936s] Level 1:colcon.colcon_core.environment:checking '/home/jefri/ros2_ws/install/add_integers/lib/python3.10/site-packages'
[9.936s] Level 1:colcon.colcon_core.shell:create_environment_hook('add_integers', 'pythonpath')
[9.937s] INFO:colcon.colcon_core.shell:Creating environment hook '/home/jefri/ros2_ws/install/add_integers/share/add_integers/hook/pythonpath.ps1'
[9.939s] INFO:colcon.colcon_core.shell:Creating environment descriptor '/home/jefri/ros2_ws/install/add_integers/share/add_integers/hook/pythonpath.dsv'
[9.940s] INFO:colcon.colcon_core.shell:Creating environment hook '/home/jefri/ros2_ws/install/add_integers/share/add_integers/hook/pythonpath.sh'
[9.946s] Level 1:colcon.colcon_core.environment:checking '/home/jefri/ros2_ws/install/add_integers/bin'
[9.947s] Level 1:colcon.colcon_core.environment:create_environment_scripts_only(add_integers)
[9.948s] INFO:colcon.colcon_core.shell:Creating package script '/home/jefri/ros2_ws/install/add_integers/share/add_integers/package.ps1'
[9.955s] INFO:colcon.colcon_core.shell:Creating package descriptor '/home/jefri/ros2_ws/install/add_integers/share/add_integers/package.dsv'
[9.959s] INFO:colcon.colcon_core.shell:Creating package script '/home/jefri/ros2_ws/install/add_integers/share/add_integers/package.sh'
[9.963s] INFO:colcon.colcon_core.shell:Creating package script '/home/jefri/ros2_ws/install/add_integers/share/add_integers/package.bash'
[9.966s] INFO:colcon.colcon_core.shell:Creating package script '/home/jefri/ros2_ws/install/add_integers/share/add_integers/package.zsh'
[9.971s] Level 1:colcon.colcon_core.environment:create_file_with_runtime_dependencies(/home/jefri/ros2_ws/install/add_integers/share/colcon-core/packages/add_integers)
[11.006s] DEBUG:colcon.colcon_core.event_handler.log_command:Invoking command in '/home/jefri/ros2_ws/build/turtlesim_catch_them_all': CMAKE_PREFIX_PATH=/home/jefri/ros2_ws/install/my_robot_interfaces:/home/jefri/ros2_ws/src/install/my_robot_interfaces:/home/jefri/ros2_ws/install/custom_interfaces LD_LIBRARY_PATH=/home/jefri/ros2_ws/install/my_robot_interfaces/lib:/home/jefri/ros2_ws/src/install/my_robot_interfaces/lib:/home/jefri/ros2_ws/install/custom_interfaces/lib:/usr/lib/x86_64-linux-gnu/gazebo-11/plugins:/opt/ros/humble/opt/rviz_ogre_vendor/lib:/opt/ros/humble/lib/x86_64-linux-gnu:/opt/ros/humble/lib PYTHONPATH=/home/jefri/ros2_ws/build/turtlesim_catch_them_all/prefix_override:/usr/lib/python3/dist-packages/colcon_core/task/python/colcon_distutils_commands:/home/jefri/ros2_ws/install/turtlesim_catch_them_all/lib/python3.10/site-packages:${PYTHONPATH} /usr/bin/python3 -W ignore:setup.py install is deprecated setup.py develop --editable --build-directory /home/jefri/ros2_ws/build/turtlesim_catch_them_all/build --no-deps symlink_data
[12.128s] Level 1:colcon.colcon_core.shell:create_environment_hook('turtlesim_catch_them_all', 'pythonpath_develop')
[12.129s] INFO:colcon.colcon_core.shell:Creating environment hook '/home/jefri/ros2_ws/build/turtlesim_catch_them_all/share/turtlesim_catch_them_all/hook/pythonpath_develop.ps1'
[12.130s] INFO:colcon.colcon_core.shell:Creating environment descriptor '/home/jefri/ros2_ws/build/turtlesim_catch_them_all/share/turtlesim_catch_them_all/hook/pythonpath_develop.dsv'
[12.132s] INFO:colcon.colcon_core.shell:Creating environment hook '/home/jefri/ros2_ws/build/turtlesim_catch_them_all/share/turtlesim_catch_them_all/hook/pythonpath_develop.sh'
[12.133s] DEBUG:colcon.colcon_core.event_handler.log_command:Invoked command in '/home/jefri/ros2_ws/build/turtlesim_catch_them_all' returned '0': CMAKE_PREFIX_PATH=/home/jefri/ros2_ws/install/my_robot_interfaces:/home/jefri/ros2_ws/src/install/my_robot_interfaces:/home/jefri/ros2_ws/install/custom_interfaces LD_LIBRARY_PATH=/home/jefri/ros2_ws/install/my_robot_interfaces/lib:/home/jefri/ros2_ws/src/install/my_robot_interfaces/lib:/home/jefri/ros2_ws/install/custom_interfaces/lib:/usr/lib/x86_64-linux-gnu/gazebo-11/plugins:/opt/ros/humble/opt/rviz_ogre_vendor/lib:/opt/ros/humble/lib/x86_64-linux-gnu:/opt/ros/humble/lib PYTHONPATH=/home/jefri/ros2_ws/build/turtlesim_catch_them_all/prefix_override:/usr/lib/python3/dist-packages/colcon_core/task/python/colcon_distutils_commands:/home/jefri/ros2_ws/install/turtlesim_catch_them_all/lib/python3.10/site-packages:${PYTHONPATH} /usr/bin/python3 -W ignore:setup.py install is deprecated setup.py develop --editable --build-directory /home/jefri/ros2_ws/build/turtlesim_catch_them_all/build --no-deps symlink_data
[12.135s] Level 1:colcon.colcon_core.environment:checking '/home/jefri/ros2_ws/install/turtlesim_catch_them_all' for CMake module files
[12.136s] Level 1:colcon.colcon_core.environment:checking '/home/jefri/ros2_ws/install/turtlesim_catch_them_all' for CMake config files
[12.137s] Level 1:colcon.colcon_core.environment:checking '/home/jefri/ros2_ws/install/turtlesim_catch_them_all/lib'
[12.138s] Level 1:colcon.colcon_core.environment:checking '/home/jefri/ros2_ws/install/turtlesim_catch_them_all/bin'
[12.138s] Level 1:colcon.colcon_core.environment:checking '/home/jefri/ros2_ws/install/turtlesim_catch_them_all/lib/pkgconfig/turtlesim_catch_them_all.pc'
[12.138s] Level 1:colcon.colcon_core.environment:checking '/home/jefri/ros2_ws/install/turtlesim_catch_them_all/lib/python3.10/site-packages'
[12.139s] Level 1:colcon.colcon_core.shell:create_environment_hook('turtlesim_catch_them_all', 'pythonpath')
[12.139s] INFO:colcon.colcon_core.shell:Creating environment hook '/home/jefri/ros2_ws/install/turtlesim_catch_them_all/share/turtlesim_catch_them_all/hook/pythonpath.ps1'
[12.140s] INFO:colcon.colcon_core.shell:Creating environment descriptor '/home/jefri/ros2_ws/install/turtlesim_catch_them_all/share/turtlesim_catch_them_all/hook/pythonpath.dsv'
[12.141s] INFO:colcon.colcon_core.shell:Creating environment hook '/home/jefri/ros2_ws/install/turtlesim_catch_them_all/share/turtlesim_catch_them_all/hook/pythonpath.sh'
[12.143s] Level 1:colcon.colcon_core.environment:checking '/home/jefri/ros2_ws/install/turtlesim_catch_them_all/bin'
[12.143s] Level 1:colcon.colcon_core.environment:create_environment_scripts_only(turtlesim_catch_them_all)
[12.144s] INFO:colcon.colcon_core.shell:Creating package script '/home/jefri/ros2_ws/install/turtlesim_catch_them_all/share/turtlesim_catch_them_all/package.ps1'
[12.146s] INFO:colcon.colcon_core.shell:Creating package descriptor '/home/jefri/ros2_ws/install/turtlesim_catch_them_all/share/turtlesim_catch_them_all/package.dsv'
[12.148s] INFO:colcon.colcon_core.shell:Creating package script '/home/jefri/ros2_ws/install/turtlesim_catch_them_all/share/turtlesim_catch_them_all/package.sh'
[12.149s] INFO:colcon.colcon_core.shell:Creating package script '/home/jefri/ros2_ws/install/turtlesim_catch_them_all/share/turtlesim_catch_them_all/package.bash'
[12.151s] INFO:colcon.colcon_core.shell:Creating package script '/home/jefri/ros2_ws/install/turtlesim_catch_them_all/share/turtlesim_catch_them_all/package.zsh'
[12.152s] Level 1:colcon.colcon_core.environment:create_file_with_runtime_dependencies(/home/jefri/ros2_ws/install/turtlesim_catch_them_all/share/colcon-core/packages/turtlesim_catch_them_all)
[12.153s] DEBUG:colcon.colcon_parallel_executor.executor.parallel:closing loop
[12.154s] DEBUG:colcon.colcon_parallel_executor.executor.parallel:loop closed
[12.154s] DEBUG:colcon.colcon_parallel_executor.executor.parallel:run_until_complete finished with '0'
[12.154s] DEBUG:colcon.colcon_core.event_reactor:joining thread
[12.169s] INFO:colcon.colcon_core.plugin_system:Skipping extension 'colcon_notification.desktop_notification.terminal_notifier': Not used on non-Darwin systems
[12.169s] INFO:colcon.colcon_core.plugin_system:Skipping extension 'colcon_notification.desktop_notification.win32': Not used on non-Windows systems
[12.170s] INFO:colcon.colcon_notification.desktop_notification:Sending desktop notification using 'notify2'
[12.217s] DEBUG:colcon.colcon_core.event_reactor:joined thread
[12.217s] INFO:colcon.colcon_core.shell:Creating prefix script '/home/jefri/ros2_ws/install/local_setup.ps1'
[12.221s] INFO:colcon.colcon_core.shell:Creating prefix util module '/home/jefri/ros2_ws/install/_local_setup_util_ps1.py'
[12.226s] INFO:colcon.colcon_core.shell:Creating prefix chain script '/home/jefri/ros2_ws/install/setup.ps1'
[12.230s] INFO:colcon.colcon_core.shell:Creating prefix script '/home/jefri/ros2_ws/install/local_setup.sh'
[12.232s] INFO:colcon.colcon_core.shell:Creating prefix util module '/home/jefri/ros2_ws/install/_local_setup_util_sh.py'
[12.234s] INFO:colcon.colcon_core.shell:Creating prefix chain script '/home/jefri/ros2_ws/install/setup.sh'
[12.238s] INFO:colcon.colcon_core.shell:Creating prefix script '/home/jefri/ros2_ws/install/local_setup.bash'
[12.240s] INFO:colcon.colcon_core.shell:Creating prefix chain script '/home/jefri/ros2_ws/install/setup.bash'
[12.244s] INFO:colcon.colcon_core.shell:Creating prefix script '/home/jefri/ros2_ws/install/local_setup.zsh'
[12.246s] INFO:colcon.colcon_core.shell:Creating prefix chain script '/home/jefri/ros2_ws/install/setup.zsh'
