[2.735s] Invoking command in '/home/jefri/ros2_ws/src/my_robot_controller': PYTHONPATH=/home/jefri/ros2_ws/build/my_robot_controller/prefix_override:/usr/lib/python3/dist-packages/colcon_core/task/python/colcon_distutils_commands:/home/jefri/ros2_ws/install/my_robot_controller/lib/python3.10/site-packages:${PYTHONPATH} /usr/bin/python3 -W ignore:setup.py install is deprecated setup.py egg_info --egg-base ../../build/my_robot_controller build --build-base /home/jefri/ros2_ws/build/my_robot_controller/build install --record /home/jefri/ros2_ws/build/my_robot_controller/install.log --single-version-externally-managed install_data
[3.284s] running egg_info
[3.285s] writing ../../build/my_robot_controller/my_robot_controller.egg-info/PKG-INFO
[3.285s] writing dependency_links to ../../build/my_robot_controller/my_robot_controller.egg-info/dependency_links.txt
[3.285s] writing entry points to ../../build/my_robot_controller/my_robot_controller.egg-info/entry_points.txt
[3.285s] writing requirements to ../../build/my_robot_controller/my_robot_controller.egg-info/requires.txt
[3.285s] writing top-level names to ../../build/my_robot_controller/my_robot_controller.egg-info/top_level.txt
[3.293s] reading manifest file '../../build/my_robot_controller/my_robot_controller.egg-info/SOURCES.txt'
[3.310s] writing manifest file '../../build/my_robot_controller/my_robot_controller.egg-info/SOURCES.txt'
[3.314s] running build
[3.314s] running build_py
[3.314s] running install
[3.315s] running install_lib
[3.318s] running install_data
[3.320s] running install_egg_info
[3.323s] removing '/home/jefri/ros2_ws/install/my_robot_controller/lib/python3.10/site-packages/my_robot_controller-0.0.0-py3.10.egg-info' (and everything under it)
[3.323s] Copying ../../build/my_robot_controller/my_robot_controller.egg-info to /home/jefri/ros2_ws/install/my_robot_controller/lib/python3.10/site-packages/my_robot_controller-0.0.0-py3.10.egg-info
[3.326s] running install_scripts
[3.373s] Installing add_int_server script to /home/jefri/ros2_ws/install/my_robot_controller/lib/my_robot_controller
[3.374s] Installing publisher script to /home/jefri/ros2_ws/install/my_robot_controller/lib/my_robot_controller
[3.374s] Installing subscribe script to /home/jefri/ros2_ws/install/my_robot_controller/lib/my_robot_controller
[3.374s] Installing test_node script to /home/jefri/ros2_ws/install/my_robot_controller/lib/my_robot_controller
[3.378s] writing list of installed files to '/home/jefri/ros2_ws/build/my_robot_controller/install.log'
[3.469s] Invoked command in '/home/jefri/ros2_ws/src/my_robot_controller' returned '0': PYTHONPATH=/home/jefri/ros2_ws/build/my_robot_controller/prefix_override:/usr/lib/python3/dist-packages/colcon_core/task/python/colcon_distutils_commands:/home/jefri/ros2_ws/install/my_robot_controller/lib/python3.10/site-packages:${PYTHONPATH} /usr/bin/python3 -W ignore:setup.py install is deprecated setup.py egg_info --egg-base ../../build/my_robot_controller build --build-base /home/jefri/ros2_ws/build/my_robot_controller/build install --record /home/jefri/ros2_ws/build/my_robot_controller/install.log --single-version-externally-managed install_data
