[1.984s] Invoking command in '/home/jefri/ros2_ws/build/my_robot_controller': PYTHONPATH=/home/jefri/ros2_ws/build/my_robot_controller/prefix_override:/usr/lib/python3/dist-packages/colcon_core/task/python/colcon_distutils_commands:/home/jefri/ros2_ws/install/my_robot_controller/lib/python3.10/site-packages:${PYTHONPATH} /usr/bin/python3 -W ignore:setup.py install is deprecated setup.py develop --editable --build-directory /home/jefri/ros2_ws/build/my_robot_controller/build --no-deps symlink_data
[3.533s] running develop
[4.426s] running egg_info
[4.430s] writing my_robot_controller.egg-info/PKG-INFO
[4.433s] writing dependency_links to my_robot_controller.egg-info/dependency_links.txt
[4.433s] writing entry points to my_robot_controller.egg-info/entry_points.txt
[4.434s] writing requirements to my_robot_controller.egg-info/requires.txt
[4.437s] writing top-level names to my_robot_controller.egg-info/top_level.txt
[4.438s] reading manifest file 'my_robot_controller.egg-info/SOURCES.txt'
[4.441s] writing manifest file 'my_robot_controller.egg-info/SOURCES.txt'
[4.452s] running build_ext
[4.453s] Creating /home/jefri/ros2_ws/install/my_robot_controller/lib/python3.10/site-packages/my-robot-controller.egg-link (link to .)
[4.453s] Installing add_int_server script to /home/jefri/ros2_ws/install/my_robot_controller/lib/my_robot_controller
[4.463s] Installing publisher script to /home/jefri/ros2_ws/install/my_robot_controller/lib/my_robot_controller
[4.463s] Installing subscribe script to /home/jefri/ros2_ws/install/my_robot_controller/lib/my_robot_controller
[4.464s] Installing test_node script to /home/jefri/ros2_ws/install/my_robot_controller/lib/my_robot_controller
[4.473s] 
[4.473s] Installed /home/jefri/ros2_ws/build/my_robot_controller
[4.473s] running symlink_data
[4.640s] Invoked command in '/home/jefri/ros2_ws/build/my_robot_controller' returned '0': PYTHONPATH=/home/jefri/ros2_ws/build/my_robot_controller/prefix_override:/usr/lib/python3/dist-packages/colcon_core/task/python/colcon_distutils_commands:/home/jefri/ros2_ws/install/my_robot_controller/lib/python3.10/site-packages:${PYTHONPATH} /usr/bin/python3 -W ignore:setup.py install is deprecated setup.py develop --editable --build-directory /home/jefri/ros2_ws/build/my_robot_controller/build --no-deps symlink_data
