[1.669s] Invoking command in '/home/jefri/ros2_ws/build/turtlesim_catch_them_all': PYTHONPATH=/home/jefri/ros2_ws/build/turtlesim_catch_them_all/prefix_override:/usr/lib/python3/dist-packages/colcon_core/task/python/colcon_distutils_commands:/home/jefri/ros2_ws/install/turtlesim_catch_them_all/lib/python3.10/site-packages:${PYTHONPATH} /usr/bin/python3 -W ignore:setup.py install is deprecated setup.py develop --editable --build-directory /home/jefri/ros2_ws/build/turtlesim_catch_them_all/build --no-deps symlink_data --force
[2.202s] running develop
[2.507s] running egg_info
[2.508s] writing turtlesim_catch_them_all.egg-info/PKG-INFO
[2.508s] writing dependency_links to turtlesim_catch_them_all.egg-info/dependency_links.txt
[2.509s] writing entry points to turtlesim_catch_them_all.egg-info/entry_points.txt
[2.509s] writing requirements to turtlesim_catch_them_all.egg-info/requires.txt
[2.510s] writing top-level names to turtlesim_catch_them_all.egg-info/top_level.txt
[2.513s] reading manifest file 'turtlesim_catch_them_all.egg-info/SOURCES.txt'
[2.515s] writing manifest file 'turtlesim_catch_them_all.egg-info/SOURCES.txt'
[2.517s] running build_ext
[2.518s] Creating /home/jefri/ros2_ws/install/turtlesim_catch_them_all/lib/python3.10/site-packages/turtlesim-catch-them-all.egg-link (link to .)
[2.519s] Installing turtle_spawner script to /home/jefri/ros2_ws/install/turtlesim_catch_them_all/lib/turtlesim_catch_them_all
[2.519s] Installing turtlesim_controller script to /home/jefri/ros2_ws/install/turtlesim_catch_them_all/lib/turtlesim_catch_them_all
[2.520s] 
[2.520s] Installed /home/jefri/ros2_ws/build/turtlesim_catch_them_all
[2.521s] running symlink_data
[2.521s] symbolically linking /home/jefri/ros2_ws/build/turtlesim_catch_them_all/resource/turtlesim_catch_them_all -> /home/jefri/ros2_ws/install/turtlesim_catch_them_all/share/ament_index/resource_index/packages
[2.521s] symbolically linking /home/jefri/ros2_ws/build/turtlesim_catch_them_all/package.xml -> /home/jefri/ros2_ws/install/turtlesim_catch_them_all/share/turtlesim_catch_them_all
[2.611s] Invoked command in '/home/jefri/ros2_ws/build/turtlesim_catch_them_all' returned '0': PYTHONPATH=/home/jefri/ros2_ws/build/turtlesim_catch_them_all/prefix_override:/usr/lib/python3/dist-packages/colcon_core/task/python/colcon_distutils_commands:/home/jefri/ros2_ws/install/turtlesim_catch_them_all/lib/python3.10/site-packages:${PYTHONPATH} /usr/bin/python3 -W ignore:setup.py install is deprecated setup.py develop --editable --build-directory /home/jefri/ros2_ws/build/turtlesim_catch_them_all/build --no-deps symlink_data --force
