[0.107s] Invoking command in '/home/jefri/ros2_ws/build/my_robot_interfaces': CMAKE_PREFIX_PATH=${CMAKE_PREFIX_PATH}:/home/jefri/ros2_ws/install/turtlesim_catch_them_all:/home/jefri/ros2_ws/install/my_robot_controller:/home/jefri/ros2_ws/install/add_integers:/opt/ros/humble /usr/bin/cmake --build /home/jefri/ros2_ws/build/my_robot_interfaces -- -j2 -l2
[0.634s] -- Found ament_cmake: 1.3.10 (/opt/ros/humble/share/ament_cmake/cmake)
[1.333s] -- Override CMake install command with custom implementation using symlinks instead of copying resources
[1.456s] -- Found rosidl_default_generators: 1.2.0 (/opt/ros/humble/share/rosidl_default_generators/cmake)
[1.501s] -- Using all available rosidl_typesupport_c: rosidl_typesupport_fastrtps_c;rosidl_typesupport_introspection_c
[1.547s] -- Found rosidl_adapter: 3.1.5 (/opt/ros/humble/share/rosidl_adapter/cmake)
[1.798s] -- Using all available rosidl_typesupport_cpp: rosidl_typesupport_fastrtps_cpp;rosidl_typesupport_introspection_cpp
[2.243s] -- Found std_msgs: 4.2.4 (/opt/ros/humble/share/std_msgs/cmake)
[3.344s] -- Found ament_cmake_ros: 0.10.0 (/opt/ros/humble/share/ament_cmake_ros/cmake)
[3.984s] -- Using all available rosidl_typesupport_c: rosidl_typesupport_fastrtps_c;rosidl_typesupport_introspection_c
[4.756s] -- Using all available rosidl_typesupport_cpp: rosidl_typesupport_fastrtps_cpp;rosidl_typesupport_introspection_cpp
[4.850s] -- Found python_cmake_module: 0.10.0 (/opt/ros/humble/share/python_cmake_module/cmake)
[5.011s] -- Using PYTHON_EXECUTABLE: /usr/bin/python3
[5.012s] -- Using PYTHON_INCLUDE_DIRS: /usr/include/python3.10
[5.014s] -- Using PYTHON_LIBRARIES: /usr/lib/x86_64-linux-gnu/libpython3.10.so
[5.174s] -- Found ament_lint_auto: 0.12.11 (/opt/ros/humble/share/ament_lint_auto/cmake)
[5.454s] -- Added test 'flake8' to check Python code syntax and style conventions
[5.463s] -- Added test 'lint_cmake' to check CMake code style
[5.467s] -- Added test 'pep257' to check Python code against some of the docstring style conventions in PEP 257
[5.472s] -- Added test 'xmllint' to check XML markup files
[5.511s] -- Configuring done
[5.886s] -- Generating done
[5.906s] -- Build files have been written to: /home/jefri/ros2_ws/build/my_robot_interfaces
[6.005s] [35m[1mConsolidate compiler generated dependencies of target my_robot_interfaces__rosidl_generator_c[0m
[6.028s] [  1%] Built target my_robot_interfaces__cpp
[6.050s] [ 12%] Built target my_robot_interfaces__rosidl_generator_c
[6.105s] [35m[1mConsolidate compiler generated dependencies of target my_robot_interfaces__rosidl_typesupport_cpp[0m
[6.148s] [ 12%] Built target ament_cmake_python_symlink_my_robot_interfaces
[6.168s] [ 23%] Built target my_robot_interfaces__rosidl_typesupport_cpp
[6.200s] [35m[1mConsolidate compiler generated dependencies of target my_robot_interfaces__rosidl_typesupport_fastrtps_c[0m
[6.202s] [35m[1mConsolidate compiler generated dependencies of target my_robot_interfaces__rosidl_typesupport_introspection_c[0m
[6.249s] [ 34%] Built target my_robot_interfaces__rosidl_typesupport_introspection_c
[6.261s] [ 45%] Built target my_robot_interfaces__rosidl_typesupport_fastrtps_c
[6.285s] [35m[1mConsolidate compiler generated dependencies of target my_robot_interfaces__rosidl_typesupport_c[0m
[6.301s] [35m[1mConsolidate compiler generated dependencies of target my_robot_interfaces__rosidl_typesupport_fastrtps_cpp[0m
[6.321s] [ 56%] Built target my_robot_interfaces__rosidl_typesupport_c
[6.358s] [ 67%] Built target my_robot_interfaces__rosidl_typesupport_fastrtps_cpp
[6.382s] [35m[1mConsolidate compiler generated dependencies of target my_robot_interfaces__rosidl_typesupport_introspection_cpp[0m
[6.427s] [ 78%] Built target my_robot_interfaces__rosidl_typesupport_introspection_cpp
[6.524s] [ 78%] Built target my_robot_interfaces
[6.626s] [ 80%] Built target my_robot_interfaces__py
[6.681s] [35m[1mConsolidate compiler generated dependencies of target my_robot_interfaces__rosidl_generator_py[0m
[6.752s] [ 89%] Built target my_robot_interfaces__rosidl_generator_py
[6.800s] [35m[1mConsolidate compiler generated dependencies of target my_robot_interfaces__rosidl_typesupport_fastrtps_c__pyext[0m
[6.868s] [ 92%] Built target my_robot_interfaces__rosidl_typesupport_fastrtps_c__pyext
[6.907s] [35m[1mConsolidate compiler generated dependencies of target my_robot_interfaces__rosidl_typesupport_introspection_c__pyext[0m
[6.944s] [ 96%] Built target my_robot_interfaces__rosidl_typesupport_introspection_c__pyext
[6.969s] [35m[1mConsolidate compiler generated dependencies of target my_robot_interfaces__rosidl_typesupport_c__pyext[0m
[7.034s] [100%] Built target my_robot_interfaces__rosidl_typesupport_c__pyext
[7.406s] running egg_info
[7.408s] writing my_robot_interfaces.egg-info/PKG-INFO
[7.409s] writing dependency_links to my_robot_interfaces.egg-info/dependency_links.txt
[7.411s] writing top-level names to my_robot_interfaces.egg-info/top_level.txt
[7.418s] reading manifest file 'my_robot_interfaces.egg-info/SOURCES.txt'
[7.430s] writing manifest file 'my_robot_interfaces.egg-info/SOURCES.txt'
[7.524s] [100%] Built target ament_cmake_python_build_my_robot_interfaces_egg
[7.556s] Invoked command in '/home/jefri/ros2_ws/build/my_robot_interfaces' returned '0': CMAKE_PREFIX_PATH=${CMAKE_PREFIX_PATH}:/home/jefri/ros2_ws/install/turtlesim_catch_them_all:/home/jefri/ros2_ws/install/my_robot_controller:/home/jefri/ros2_ws/install/add_integers:/opt/ros/humble /usr/bin/cmake --build /home/jefri/ros2_ws/build/my_robot_interfaces -- -j2 -l2
[7.878s] Invoking command in '/home/jefri/ros2_ws/build/my_robot_interfaces': CMAKE_PREFIX_PATH=${CMAKE_PREFIX_PATH}:/home/jefri/ros2_ws/install/turtlesim_catch_them_all:/home/jefri/ros2_ws/install/my_robot_controller:/home/jefri/ros2_ws/install/add_integers:/opt/ros/humble /usr/bin/cmake --install /home/jefri/ros2_ws/build/my_robot_interfaces
[7.903s] -- Install configuration: ""
[7.906s] -- Execute custom install script
[7.909s] -- Up-to-date symlink: /home/jefri/ros2_ws/install/my_robot_interfaces/share/ament_index/resource_index/rosidl_interfaces/my_robot_interfaces
[7.911s] -- Up-to-date symlink: /home/jefri/ros2_ws/install/my_robot_interfaces/include/my_robot_interfaces/my_robot_interfaces/msg/detail/hardwarestatus__functions.h
[7.915s] -- Up-to-date symlink: /home/jefri/ros2_ws/install/my_robot_interfaces/include/my_robot_interfaces/my_robot_interfaces/msg/detail/hardwarestatus__struct.h
[7.915s] -- Up-to-date symlink: /home/jefri/ros2_ws/install/my_robot_interfaces/include/my_robot_interfaces/my_robot_interfaces/msg/detail/hardwarestatus__type_support.h
[7.915s] -- Up-to-date symlink: /home/jefri/ros2_ws/install/my_robot_interfaces/include/my_robot_interfaces/my_robot_interfaces/msg/detail/turtle__functions.h
[7.919s] -- Up-to-date symlink: /home/jefri/ros2_ws/install/my_robot_interfaces/include/my_robot_interfaces/my_robot_interfaces/msg/detail/turtle__struct.h
[7.919s] -- Up-to-date symlink: /home/jefri/ros2_ws/install/my_robot_interfaces/include/my_robot_interfaces/my_robot_interfaces/msg/detail/turtle__type_support.h
[7.924s] -- Up-to-date symlink: /home/jefri/ros2_ws/install/my_robot_interfaces/include/my_robot_interfaces/my_robot_interfaces/msg/detail/turtle_array__functions.h
[7.926s] -- Up-to-date symlink: /home/jefri/ros2_ws/install/my_robot_interfaces/include/my_robot_interfaces/my_robot_interfaces/msg/detail/turtle_array__struct.h
[7.928s] -- Up-to-date symlink: /home/jefri/ros2_ws/install/my_robot_interfaces/include/my_robot_interfaces/my_robot_interfaces/msg/detail/turtle_array__type_support.h
[7.928s] -- Up-to-date symlink: /home/jefri/ros2_ws/install/my_robot_interfaces/include/my_robot_interfaces/my_robot_interfaces/msg/hardwarestatus.h
[7.928s] -- Up-to-date symlink: /home/jefri/ros2_ws/install/my_robot_interfaces/include/my_robot_interfaces/my_robot_interfaces/msg/rosidl_generator_c__visibility_control.h
[7.928s] -- Up-to-date symlink: /home/jefri/ros2_ws/install/my_robot_interfaces/include/my_robot_interfaces/my_robot_interfaces/msg/turtle.h
[7.934s] -- Up-to-date symlink: /home/jefri/ros2_ws/install/my_robot_interfaces/include/my_robot_interfaces/my_robot_interfaces/msg/turtle_array.h
[7.934s] -- Up-to-date symlink: /home/jefri/ros2_ws/install/my_robot_interfaces/include/my_robot_interfaces/my_robot_interfaces/srv/catch_turtle.h
[7.935s] -- Up-to-date symlink: /home/jefri/ros2_ws/install/my_robot_interfaces/include/my_robot_interfaces/my_robot_interfaces/srv/detail/catch_turtle__functions.h
[7.935s] -- Up-to-date symlink: /home/jefri/ros2_ws/install/my_robot_interfaces/include/my_robot_interfaces/my_robot_interfaces/srv/detail/catch_turtle__struct.h
[7.935s] -- Up-to-date symlink: /home/jefri/ros2_ws/install/my_robot_interfaces/include/my_robot_interfaces/my_robot_interfaces/srv/detail/catch_turtle__type_support.h
[7.938s] -- Up-to-date symlink: /home/jefri/ros2_ws/install/my_robot_interfaces/share/my_robot_interfaces/environment/library_path.sh
[7.940s] -- Up-to-date symlink: /home/jefri/ros2_ws/install/my_robot_interfaces/share/my_robot_interfaces/environment/library_path.dsv
[7.940s] -- Up-to-date symlink: /home/jefri/ros2_ws/install/my_robot_interfaces/include/my_robot_interfaces/my_robot_interfaces/msg/detail/hardwarestatus__rosidl_typesupport_fastrtps_c.h
[7.940s] -- Up-to-date symlink: /home/jefri/ros2_ws/install/my_robot_interfaces/include/my_robot_interfaces/my_robot_interfaces/msg/detail/turtle__rosidl_typesupport_fastrtps_c.h
[7.945s] -- Up-to-date symlink: /home/jefri/ros2_ws/install/my_robot_interfaces/include/my_robot_interfaces/my_robot_interfaces/msg/detail/turtle_array__rosidl_typesupport_fastrtps_c.h
[7.945s] -- Up-to-date symlink: /home/jefri/ros2_ws/install/my_robot_interfaces/include/my_robot_interfaces/my_robot_interfaces/msg/rosidl_typesupport_fastrtps_c__visibility_control.h
[7.945s] -- Up-to-date symlink: /home/jefri/ros2_ws/install/my_robot_interfaces/include/my_robot_interfaces/my_robot_interfaces/srv/detail/catch_turtle__rosidl_typesupport_fastrtps_c.h
[7.945s] -- Up-to-date symlink: /home/jefri/ros2_ws/install/my_robot_interfaces/include/my_robot_interfaces/my_robot_interfaces/msg/detail/hardwarestatus__rosidl_typesupport_introspection_c.h
[7.945s] -- Up-to-date symlink: /home/jefri/ros2_ws/install/my_robot_interfaces/include/my_robot_interfaces/my_robot_interfaces/msg/detail/turtle__rosidl_typesupport_introspection_c.h
[7.947s] -- Up-to-date symlink: /home/jefri/ros2_ws/install/my_robot_interfaces/include/my_robot_interfaces/my_robot_interfaces/msg/detail/turtle_array__rosidl_typesupport_introspection_c.h
[7.947s] -- Up-to-date symlink: /home/jefri/ros2_ws/install/my_robot_interfaces/include/my_robot_interfaces/my_robot_interfaces/msg/rosidl_typesupport_introspection_c__visibility_control.h
[7.947s] -- Up-to-date symlink: /home/jefri/ros2_ws/install/my_robot_interfaces/include/my_robot_interfaces/my_robot_interfaces/srv/detail/catch_turtle__rosidl_typesupport_introspection_c.h
[7.950s] -- Up-to-date symlink: /home/jefri/ros2_ws/install/my_robot_interfaces/include/my_robot_interfaces/my_robot_interfaces/msg/detail/hardwarestatus__builder.hpp
[7.954s] -- Up-to-date symlink: /home/jefri/ros2_ws/install/my_robot_interfaces/include/my_robot_interfaces/my_robot_interfaces/msg/detail/hardwarestatus__struct.hpp
[7.957s] -- Up-to-date symlink: /home/jefri/ros2_ws/install/my_robot_interfaces/include/my_robot_interfaces/my_robot_interfaces/msg/detail/hardwarestatus__traits.hpp
[7.957s] -- Up-to-date symlink: /home/jefri/ros2_ws/install/my_robot_interfaces/include/my_robot_interfaces/my_robot_interfaces/msg/detail/turtle__builder.hpp
[7.957s] -- Up-to-date symlink: /home/jefri/ros2_ws/install/my_robot_interfaces/include/my_robot_interfaces/my_robot_interfaces/msg/detail/turtle__struct.hpp
[7.957s] -- Up-to-date symlink: /home/jefri/ros2_ws/install/my_robot_interfaces/include/my_robot_interfaces/my_robot_interfaces/msg/detail/turtle__traits.hpp
[7.957s] -- Up-to-date symlink: /home/jefri/ros2_ws/install/my_robot_interfaces/include/my_robot_interfaces/my_robot_interfaces/msg/detail/turtle_array__builder.hpp
[7.958s] -- Up-to-date symlink: /home/jefri/ros2_ws/install/my_robot_interfaces/include/my_robot_interfaces/my_robot_interfaces/msg/detail/turtle_array__struct.hpp
[7.958s] -- Up-to-date symlink: /home/jefri/ros2_ws/install/my_robot_interfaces/include/my_robot_interfaces/my_robot_interfaces/msg/detail/turtle_array__traits.hpp
[7.958s] -- Up-to-date symlink: /home/jefri/ros2_ws/install/my_robot_interfaces/include/my_robot_interfaces/my_robot_interfaces/msg/hardwarestatus.hpp
[7.958s] -- Up-to-date symlink: /home/jefri/ros2_ws/install/my_robot_interfaces/include/my_robot_interfaces/my_robot_interfaces/msg/turtle.hpp
[7.960s] -- Up-to-date symlink: /home/jefri/ros2_ws/install/my_robot_interfaces/include/my_robot_interfaces/my_robot_interfaces/msg/turtle_array.hpp
[7.961s] -- Up-to-date symlink: /home/jefri/ros2_ws/install/my_robot_interfaces/include/my_robot_interfaces/my_robot_interfaces/srv/catch_turtle.hpp
[7.961s] -- Up-to-date symlink: /home/jefri/ros2_ws/install/my_robot_interfaces/include/my_robot_interfaces/my_robot_interfaces/srv/detail/catch_turtle__builder.hpp
[7.961s] -- Up-to-date symlink: /home/jefri/ros2_ws/install/my_robot_interfaces/include/my_robot_interfaces/my_robot_interfaces/srv/detail/catch_turtle__struct.hpp
[7.964s] -- Up-to-date symlink: /home/jefri/ros2_ws/install/my_robot_interfaces/include/my_robot_interfaces/my_robot_interfaces/srv/detail/catch_turtle__traits.hpp
[7.968s] -- Up-to-date symlink: /home/jefri/ros2_ws/install/my_robot_interfaces/include/my_robot_interfaces/my_robot_interfaces/msg/detail/hardwarestatus__rosidl_typesupport_fastrtps_cpp.hpp
[7.968s] -- Up-to-date symlink: /home/jefri/ros2_ws/install/my_robot_interfaces/include/my_robot_interfaces/my_robot_interfaces/msg/detail/turtle__rosidl_typesupport_fastrtps_cpp.hpp
[7.971s] -- Up-to-date symlink: /home/jefri/ros2_ws/install/my_robot_interfaces/include/my_robot_interfaces/my_robot_interfaces/msg/detail/turtle_array__rosidl_typesupport_fastrtps_cpp.hpp
[7.971s] -- Up-to-date symlink: /home/jefri/ros2_ws/install/my_robot_interfaces/include/my_robot_interfaces/my_robot_interfaces/msg/rosidl_typesupport_fastrtps_cpp__visibility_control.h
[7.971s] -- Up-to-date symlink: /home/jefri/ros2_ws/install/my_robot_interfaces/include/my_robot_interfaces/my_robot_interfaces/srv/detail/catch_turtle__rosidl_typesupport_fastrtps_cpp.hpp
[7.972s] -- Up-to-date symlink: /home/jefri/ros2_ws/install/my_robot_interfaces/include/my_robot_interfaces/my_robot_interfaces/msg/detail/hardwarestatus__rosidl_typesupport_introspection_cpp.hpp
[7.973s] -- Up-to-date symlink: /home/jefri/ros2_ws/install/my_robot_interfaces/include/my_robot_interfaces/my_robot_interfaces/msg/detail/turtle__rosidl_typesupport_introspection_cpp.hpp
[7.974s] -- Up-to-date symlink: /home/jefri/ros2_ws/install/my_robot_interfaces/include/my_robot_interfaces/my_robot_interfaces/msg/detail/turtle_array__rosidl_typesupport_introspection_cpp.hpp
[7.978s] -- Up-to-date symlink: /home/jefri/ros2_ws/install/my_robot_interfaces/include/my_robot_interfaces/my_robot_interfaces/srv/detail/catch_turtle__rosidl_typesupport_introspection_cpp.hpp
[7.978s] -- Up-to-date symlink: /home/jefri/ros2_ws/install/my_robot_interfaces/share/my_robot_interfaces/environment/pythonpath.sh
[7.979s] -- Up-to-date symlink: /home/jefri/ros2_ws/install/my_robot_interfaces/share/my_robot_interfaces/environment/pythonpath.dsv
[7.986s] -- Up-to-date symlink: /home/jefri/ros2_ws/install/my_robot_interfaces/local/lib/python3.10/dist-packages/my_robot_interfaces-0.0.0-py3.10.egg-info/PKG-INFO
[7.986s] -- Up-to-date symlink: /home/jefri/ros2_ws/install/my_robot_interfaces/local/lib/python3.10/dist-packages/my_robot_interfaces-0.0.0-py3.10.egg-info/SOURCES.txt
[7.987s] -- Up-to-date symlink: /home/jefri/ros2_ws/install/my_robot_interfaces/local/lib/python3.10/dist-packages/my_robot_interfaces-0.0.0-py3.10.egg-info/dependency_links.txt
[7.987s] -- Up-to-date symlink: /home/jefri/ros2_ws/install/my_robot_interfaces/local/lib/python3.10/dist-packages/my_robot_interfaces-0.0.0-py3.10.egg-info/top_level.txt
[7.987s] -- Up-to-date symlink: /home/jefri/ros2_ws/install/my_robot_interfaces/local/lib/python3.10/dist-packages/my_robot_interfaces/__init__.py
[7.987s] -- Up-to-date symlink: /home/jefri/ros2_ws/install/my_robot_interfaces/local/lib/python3.10/dist-packages/my_robot_interfaces/_my_robot_interfaces_s.ep.rosidl_typesupport_c.c
[7.987s] -- Up-to-date symlink: /home/jefri/ros2_ws/install/my_robot_interfaces/local/lib/python3.10/dist-packages/my_robot_interfaces/_my_robot_interfaces_s.ep.rosidl_typesupport_fastrtps_c.c
[7.987s] -- Up-to-date symlink: /home/jefri/ros2_ws/install/my_robot_interfaces/local/lib/python3.10/dist-packages/my_robot_interfaces/_my_robot_interfaces_s.ep.rosidl_typesupport_introspection_c.c
[7.990s] -- Up-to-date symlink: /home/jefri/ros2_ws/install/my_robot_interfaces/local/lib/python3.10/dist-packages/my_robot_interfaces/libmy_robot_interfaces__rosidl_generator_py.so
[7.992s] -- Up-to-date symlink: /home/jefri/ros2_ws/install/my_robot_interfaces/local/lib/python3.10/dist-packages/my_robot_interfaces/msg/__init__.py
[7.992s] -- Up-to-date symlink: /home/jefri/ros2_ws/install/my_robot_interfaces/local/lib/python3.10/dist-packages/my_robot_interfaces/msg/_hardwarestatus.py
[7.994s] -- Up-to-date symlink: /home/jefri/ros2_ws/install/my_robot_interfaces/local/lib/python3.10/dist-packages/my_robot_interfaces/msg/_hardwarestatus_s.c
[7.994s] -- Up-to-date symlink: /home/jefri/ros2_ws/install/my_robot_interfaces/local/lib/python3.10/dist-packages/my_robot_interfaces/msg/_turtle.py
[7.997s] -- Up-to-date symlink: /home/jefri/ros2_ws/install/my_robot_interfaces/local/lib/python3.10/dist-packages/my_robot_interfaces/msg/_turtle_array.py
[7.999s] -- Up-to-date symlink: /home/jefri/ros2_ws/install/my_robot_interfaces/local/lib/python3.10/dist-packages/my_robot_interfaces/msg/_turtle_array_s.c
[7.999s] -- Up-to-date symlink: /home/jefri/ros2_ws/install/my_robot_interfaces/local/lib/python3.10/dist-packages/my_robot_interfaces/msg/_turtle_s.c
[7.999s] -- Up-to-date symlink: /home/jefri/ros2_ws/install/my_robot_interfaces/local/lib/python3.10/dist-packages/my_robot_interfaces/my_robot_interfaces_s__rosidl_typesupport_c.cpython-310-x86_64-linux-gnu.so
[7.999s] -- Up-to-date symlink: /home/jefri/ros2_ws/install/my_robot_interfaces/local/lib/python3.10/dist-packages/my_robot_interfaces/my_robot_interfaces_s__rosidl_typesupport_fastrtps_c.cpython-310-x86_64-linux-gnu.so
[8.001s] -- Up-to-date symlink: /home/jefri/ros2_ws/install/my_robot_interfaces/local/lib/python3.10/dist-packages/my_robot_interfaces/my_robot_interfaces_s__rosidl_typesupport_introspection_c.cpython-310-x86_64-linux-gnu.so
[8.001s] -- Up-to-date symlink: /home/jefri/ros2_ws/install/my_robot_interfaces/local/lib/python3.10/dist-packages/my_robot_interfaces/srv/__init__.py
[8.005s] -- Up-to-date symlink: /home/jefri/ros2_ws/install/my_robot_interfaces/local/lib/python3.10/dist-packages/my_robot_interfaces/srv/_catch_turtle.py
[8.005s] -- Up-to-date symlink: /home/jefri/ros2_ws/install/my_robot_interfaces/local/lib/python3.10/dist-packages/my_robot_interfaces/srv/_catch_turtle_s.c
[8.005s] -- Up-to-date symlink: /home/jefri/ros2_ws/install/my_robot_interfaces/local/lib/python3.10/dist-packages/my_robot_interfaces/my_robot_interfaces_s__rosidl_typesupport_fastrtps_c.cpython-310-x86_64-linux-gnu.so
[8.007s] -- Up-to-date symlink: /home/jefri/ros2_ws/install/my_robot_interfaces/local/lib/python3.10/dist-packages/my_robot_interfaces/my_robot_interfaces_s__rosidl_typesupport_introspection_c.cpython-310-x86_64-linux-gnu.so
[8.009s] -- Up-to-date symlink: /home/jefri/ros2_ws/install/my_robot_interfaces/local/lib/python3.10/dist-packages/my_robot_interfaces/my_robot_interfaces_s__rosidl_typesupport_c.cpython-310-x86_64-linux-gnu.so
[8.010s] -- Up-to-date symlink: /home/jefri/ros2_ws/install/my_robot_interfaces/share/my_robot_interfaces/msg/Hardwarestatus.idl
[8.011s] -- Up-to-date symlink: /home/jefri/ros2_ws/install/my_robot_interfaces/share/my_robot_interfaces/msg/Turtle.idl
[8.013s] -- Up-to-date symlink: /home/jefri/ros2_ws/install/my_robot_interfaces/share/my_robot_interfaces/msg/TurtleArray.idl
[8.014s] -- Up-to-date symlink: /home/jefri/ros2_ws/install/my_robot_interfaces/share/my_robot_interfaces/srv/CatchTurtle.idl
[8.015s] -- Up-to-date symlink: /home/jefri/ros2_ws/install/my_robot_interfaces/share/my_robot_interfaces/msg/Hardwarestatus.msg
[8.017s] -- Up-to-date symlink: /home/jefri/ros2_ws/install/my_robot_interfaces/share/my_robot_interfaces/msg/Turtle.msg
[8.018s] -- Up-to-date symlink: /home/jefri/ros2_ws/install/my_robot_interfaces/share/my_robot_interfaces/msg/TurtleArray.msg
[8.019s] -- Up-to-date symlink: /home/jefri/ros2_ws/install/my_robot_interfaces/share/my_robot_interfaces/srv/CatchTurtle.srv
[8.020s] -- Up-to-date symlink: /home/jefri/ros2_ws/install/my_robot_interfaces/share/my_robot_interfaces/srv/CatchTurtle_Request.msg
[8.021s] -- Up-to-date symlink: /home/jefri/ros2_ws/install/my_robot_interfaces/share/my_robot_interfaces/srv/CatchTurtle_Response.msg
[8.023s] -- Up-to-date symlink: /home/jefri/ros2_ws/install/my_robot_interfaces/share/ament_index/resource_index/package_run_dependencies/my_robot_interfaces
[8.024s] -- Up-to-date symlink: /home/jefri/ros2_ws/install/my_robot_interfaces/share/ament_index/resource_index/parent_prefix_path/my_robot_interfaces
[8.027s] -- Up-to-date symlink: /home/jefri/ros2_ws/install/my_robot_interfaces/share/my_robot_interfaces/environment/ament_prefix_path.sh
[8.027s] -- Up-to-date symlink: /home/jefri/ros2_ws/install/my_robot_interfaces/share/my_robot_interfaces/environment/ament_prefix_path.dsv
[8.027s] -- Up-to-date symlink: /home/jefri/ros2_ws/install/my_robot_interfaces/share/my_robot_interfaces/environment/path.sh
[8.029s] -- Up-to-date symlink: /home/jefri/ros2_ws/install/my_robot_interfaces/share/my_robot_interfaces/environment/path.dsv
[8.030s] -- Up-to-date symlink: /home/jefri/ros2_ws/install/my_robot_interfaces/share/my_robot_interfaces/local_setup.bash
[8.031s] -- Up-to-date symlink: /home/jefri/ros2_ws/install/my_robot_interfaces/share/my_robot_interfaces/local_setup.sh
[8.033s] -- Up-to-date symlink: /home/jefri/ros2_ws/install/my_robot_interfaces/share/my_robot_interfaces/local_setup.zsh
[8.034s] -- Up-to-date symlink: /home/jefri/ros2_ws/install/my_robot_interfaces/share/my_robot_interfaces/local_setup.dsv
[8.034s] -- Symlinking: /home/jefri/ros2_ws/install/my_robot_interfaces/share/my_robot_interfaces/package.dsv
[8.054s] -- Up-to-date symlink: /home/jefri/ros2_ws/install/my_robot_interfaces/share/ament_index/resource_index/packages/my_robot_interfaces
[8.055s] -- Up-to-date symlink: /home/jefri/ros2_ws/install/my_robot_interfaces/share/my_robot_interfaces/cmake/rosidl_cmake-extras.cmake
[8.056s] -- Up-to-date symlink: /home/jefri/ros2_ws/install/my_robot_interfaces/share/my_robot_interfaces/cmake/ament_cmake_export_dependencies-extras.cmake
[8.057s] -- Up-to-date symlink: /home/jefri/ros2_ws/install/my_robot_interfaces/share/my_robot_interfaces/cmake/ament_cmake_export_include_directories-extras.cmake
[8.059s] -- Up-to-date symlink: /home/jefri/ros2_ws/install/my_robot_interfaces/share/my_robot_interfaces/cmake/ament_cmake_export_libraries-extras.cmake
[8.060s] -- Up-to-date symlink: /home/jefri/ros2_ws/install/my_robot_interfaces/share/my_robot_interfaces/cmake/ament_cmake_export_targets-extras.cmake
[8.060s] -- Up-to-date symlink: /home/jefri/ros2_ws/install/my_robot_interfaces/share/my_robot_interfaces/cmake/rosidl_cmake_export_typesupport_targets-extras.cmake
[8.063s] -- Up-to-date symlink: /home/jefri/ros2_ws/install/my_robot_interfaces/share/my_robot_interfaces/cmake/rosidl_cmake_export_typesupport_libraries-extras.cmake
[8.063s] -- Up-to-date symlink: /home/jefri/ros2_ws/install/my_robot_interfaces/share/my_robot_interfaces/cmake/my_robot_interfacesConfig.cmake
[8.065s] -- Up-to-date symlink: /home/jefri/ros2_ws/install/my_robot_interfaces/share/my_robot_interfaces/cmake/my_robot_interfacesConfig-version.cmake
[8.065s] -- Up-to-date symlink: /home/jefri/ros2_ws/install/my_robot_interfaces/share/my_robot_interfaces/package.xml
[8.067s] -- Up-to-date: /home/jefri/ros2_ws/install/my_robot_interfaces/lib/libmy_robot_interfaces__rosidl_generator_c.so
[8.069s] -- Up-to-date: /home/jefri/ros2_ws/install/my_robot_interfaces/lib/libmy_robot_interfaces__rosidl_typesupport_fastrtps_c.so
[8.071s] -- Up-to-date: /home/jefri/ros2_ws/install/my_robot_interfaces/lib/libmy_robot_interfaces__rosidl_typesupport_introspection_c.so
[8.073s] -- Up-to-date: /home/jefri/ros2_ws/install/my_robot_interfaces/lib/libmy_robot_interfaces__rosidl_typesupport_c.so
[8.080s] -- Up-to-date: /home/jefri/ros2_ws/install/my_robot_interfaces/lib/libmy_robot_interfaces__rosidl_typesupport_fastrtps_cpp.so
[8.088s] -- Up-to-date: /home/jefri/ros2_ws/install/my_robot_interfaces/lib/libmy_robot_interfaces__rosidl_typesupport_introspection_cpp.so
[8.101s] -- Up-to-date: /home/jefri/ros2_ws/install/my_robot_interfaces/lib/libmy_robot_interfaces__rosidl_typesupport_cpp.so
[8.192s] Listing '/home/jefri/ros2_ws/install/my_robot_interfaces/local/lib/python3.10/dist-packages/my_robot_interfaces'...
[8.192s] Compiling '/home/jefri/ros2_ws/install/my_robot_interfaces/local/lib/python3.10/dist-packages/my_robot_interfaces/__init__.py'...
[8.192s] Listing '/home/jefri/ros2_ws/install/my_robot_interfaces/local/lib/python3.10/dist-packages/my_robot_interfaces/msg'...
[8.192s] Listing '/home/jefri/ros2_ws/install/my_robot_interfaces/local/lib/python3.10/dist-packages/my_robot_interfaces/srv'...
[8.212s] -- Up-to-date: /home/jefri/ros2_ws/install/my_robot_interfaces/lib/libmy_robot_interfaces__rosidl_generator_py.so
[8.214s] -- Up-to-date: /home/jefri/ros2_ws/install/my_robot_interfaces/share/my_robot_interfaces/cmake/export_my_robot_interfaces__rosidl_generator_cExport.cmake
[8.215s] -- Up-to-date: /home/jefri/ros2_ws/install/my_robot_interfaces/share/my_robot_interfaces/cmake/export_my_robot_interfaces__rosidl_generator_cExport-noconfig.cmake
[8.217s] -- Up-to-date: /home/jefri/ros2_ws/install/my_robot_interfaces/share/my_robot_interfaces/cmake/export_my_robot_interfaces__rosidl_typesupport_fastrtps_cExport.cmake
[8.218s] -- Up-to-date: /home/jefri/ros2_ws/install/my_robot_interfaces/share/my_robot_interfaces/cmake/export_my_robot_interfaces__rosidl_typesupport_fastrtps_cExport-noconfig.cmake
[8.219s] -- Up-to-date: /home/jefri/ros2_ws/install/my_robot_interfaces/share/my_robot_interfaces/cmake/my_robot_interfaces__rosidl_typesupport_introspection_cExport.cmake
[8.222s] -- Up-to-date: /home/jefri/ros2_ws/install/my_robot_interfaces/share/my_robot_interfaces/cmake/my_robot_interfaces__rosidl_typesupport_introspection_cExport-noconfig.cmake
[8.222s] -- Up-to-date: /home/jefri/ros2_ws/install/my_robot_interfaces/share/my_robot_interfaces/cmake/my_robot_interfaces__rosidl_typesupport_cExport.cmake
[8.222s] -- Up-to-date: /home/jefri/ros2_ws/install/my_robot_interfaces/share/my_robot_interfaces/cmake/my_robot_interfaces__rosidl_typesupport_cExport-noconfig.cmake
[8.223s] -- Up-to-date: /home/jefri/ros2_ws/install/my_robot_interfaces/share/my_robot_interfaces/cmake/export_my_robot_interfaces__rosidl_generator_cppExport.cmake
[8.225s] -- Up-to-date: /home/jefri/ros2_ws/install/my_robot_interfaces/share/my_robot_interfaces/cmake/export_my_robot_interfaces__rosidl_typesupport_fastrtps_cppExport.cmake
[8.226s] -- Up-to-date: /home/jefri/ros2_ws/install/my_robot_interfaces/share/my_robot_interfaces/cmake/export_my_robot_interfaces__rosidl_typesupport_fastrtps_cppExport-noconfig.cmake
[8.229s] -- Up-to-date: /home/jefri/ros2_ws/install/my_robot_interfaces/share/my_robot_interfaces/cmake/my_robot_interfaces__rosidl_typesupport_introspection_cppExport.cmake
[8.230s] -- Up-to-date: /home/jefri/ros2_ws/install/my_robot_interfaces/share/my_robot_interfaces/cmake/my_robot_interfaces__rosidl_typesupport_introspection_cppExport-noconfig.cmake
[8.230s] -- Up-to-date: /home/jefri/ros2_ws/install/my_robot_interfaces/share/my_robot_interfaces/cmake/my_robot_interfaces__rosidl_typesupport_cppExport.cmake
[8.231s] -- Up-to-date: /home/jefri/ros2_ws/install/my_robot_interfaces/share/my_robot_interfaces/cmake/my_robot_interfaces__rosidl_typesupport_cppExport-noconfig.cmake
[8.232s] -- Up-to-date: /home/jefri/ros2_ws/install/my_robot_interfaces/share/my_robot_interfaces/cmake/export_my_robot_interfaces__rosidl_generator_pyExport.cmake
[8.232s] -- Up-to-date: /home/jefri/ros2_ws/install/my_robot_interfaces/share/my_robot_interfaces/cmake/export_my_robot_interfaces__rosidl_generator_pyExport-noconfig.cmake
[8.242s] Invoked command in '/home/jefri/ros2_ws/build/my_robot_interfaces' returned '0': CMAKE_PREFIX_PATH=${CMAKE_PREFIX_PATH}:/home/jefri/ros2_ws/install/turtlesim_catch_them_all:/home/jefri/ros2_ws/install/my_robot_controller:/home/jefri/ros2_ws/install/add_integers:/opt/ros/humble /usr/bin/cmake --install /home/jefri/ros2_ws/build/my_robot_interfaces
