[0.060s] Invoking command in '/home/jefri/ros2_ws/build/custom_interfaces': CMAKE_PREFIX_PATH=${CMAKE_PREFIX_PATH}:/home/jefri/ros2_ws/install/turtlesim_catch_them_all:/home/jefri/ros2_ws/install/my_robot_controller:/home/jefri/ros2_ws/install/add_integers:/opt/ros/humble /usr/bin/cmake --build /home/jefri/ros2_ws/build/custom_interfaces -- -j2 -l2
[0.294s] [  9%] Built target custom_interfaces__rosidl_generator_c
[0.301s] [ 12%] Built target custom_interfaces__cpp
[0.367s] [ 12%] Built target ament_cmake_python_symlink_custom_interfaces
[0.471s] [ 22%] Built target custom_interfaces__rosidl_typesupport_cpp
[0.490s] [ 32%] Built target custom_interfaces__rosidl_typesupport_fastrtps_c
[0.585s] [ 41%] Built target custom_interfaces__rosidl_typesupport_c
[0.597s] [ 51%] Built target custom_interfaces__rosidl_typesupport_introspection_c
[0.654s] [ 61%] Built target custom_interfaces__rosidl_typesupport_fastrtps_cpp
[0.658s] [ 70%] Built target custom_interfaces__rosidl_typesupport_introspection_cpp
[0.692s] [ 70%] Built target custom_interfaces
[0.773s] [ 74%] Built target custom_interfaces__py
[0.890s] [ 80%] Built target custom_interfaces__rosidl_generator_py
[0.999s] [ 87%] Built target custom_interfaces__rosidl_typesupport_fastrtps_c__pyext
[1.055s] [ 93%] Built target custom_interfaces__rosidl_typesupport_introspection_c__pyext
[1.144s] [100%] Built target custom_interfaces__rosidl_typesupport_c__pyext
[1.415s] running egg_info
[1.416s] writing custom_interfaces.egg-info/PKG-INFO
[1.416s] writing dependency_links to custom_interfaces.egg-info/dependency_links.txt
[1.416s] writing top-level names to custom_interfaces.egg-info/top_level.txt
[1.421s] reading manifest file 'custom_interfaces.egg-info/SOURCES.txt'
[1.428s] writing manifest file 'custom_interfaces.egg-info/SOURCES.txt'
[1.499s] [100%] Built target ament_cmake_python_build_custom_interfaces_egg
[1.537s] Invoked command in '/home/jefri/ros2_ws/build/custom_interfaces' returned '0': CMAKE_PREFIX_PATH=${CMAKE_PREFIX_PATH}:/home/jefri/ros2_ws/install/turtlesim_catch_them_all:/home/jefri/ros2_ws/install/my_robot_controller:/home/jefri/ros2_ws/install/add_integers:/opt/ros/humble /usr/bin/cmake --build /home/jefri/ros2_ws/build/custom_interfaces -- -j2 -l2
[1.671s] Invoking command in '/home/jefri/ros2_ws/build/custom_interfaces': CMAKE_PREFIX_PATH=${CMAKE_PREFIX_PATH}:/home/jefri/ros2_ws/install/turtlesim_catch_them_all:/home/jefri/ros2_ws/install/my_robot_controller:/home/jefri/ros2_ws/install/add_integers:/opt/ros/humble /usr/bin/cmake --install /home/jefri/ros2_ws/build/custom_interfaces
[1.699s] -- Install configuration: ""
[1.728s] -- Execute custom install script
[1.730s] -- Up-to-date symlink: /home/jefri/ros2_ws/install/custom_interfaces/share/ament_index/resource_index/rosidl_interfaces/custom_interfaces
[1.730s] -- Up-to-date symlink: /home/jefri/ros2_ws/install/custom_interfaces/include/custom_interfaces/custom_interfaces/msg/rosidl_generator_c__visibility_control.h
[1.734s] -- Up-to-date symlink: /home/jefri/ros2_ws/install/custom_interfaces/include/custom_interfaces/custom_interfaces/srv/add_two_int.h
[1.735s] -- Up-to-date symlink: /home/jefri/ros2_ws/install/custom_interfaces/include/custom_interfaces/custom_interfaces/srv/detail/add_two_int__functions.h
[1.735s] -- Up-to-date symlink: /home/jefri/ros2_ws/install/custom_interfaces/include/custom_interfaces/custom_interfaces/srv/detail/add_two_int__struct.h
[1.735s] -- Up-to-date symlink: /home/jefri/ros2_ws/install/custom_interfaces/include/custom_interfaces/custom_interfaces/srv/detail/add_two_int__type_support.h
[1.735s] -- Up-to-date symlink: /home/jefri/ros2_ws/install/custom_interfaces/share/custom_interfaces/environment/library_path.sh
[1.735s] -- Up-to-date symlink: /home/jefri/ros2_ws/install/custom_interfaces/share/custom_interfaces/environment/library_path.dsv
[1.737s] -- Up-to-date symlink: /home/jefri/ros2_ws/install/custom_interfaces/include/custom_interfaces/custom_interfaces/msg/rosidl_typesupport_fastrtps_c__visibility_control.h
[1.737s] -- Up-to-date symlink: /home/jefri/ros2_ws/install/custom_interfaces/include/custom_interfaces/custom_interfaces/srv/detail/add_two_int__rosidl_typesupport_fastrtps_c.h
[1.737s] -- Up-to-date symlink: /home/jefri/ros2_ws/install/custom_interfaces/include/custom_interfaces/custom_interfaces/msg/rosidl_typesupport_introspection_c__visibility_control.h
[1.737s] -- Up-to-date symlink: /home/jefri/ros2_ws/install/custom_interfaces/include/custom_interfaces/custom_interfaces/srv/detail/add_two_int__rosidl_typesupport_introspection_c.h
[1.741s] -- Up-to-date symlink: /home/jefri/ros2_ws/install/custom_interfaces/include/custom_interfaces/custom_interfaces/srv/add_two_int.hpp
[1.741s] -- Up-to-date symlink: /home/jefri/ros2_ws/install/custom_interfaces/include/custom_interfaces/custom_interfaces/srv/detail/add_two_int__builder.hpp
[1.741s] -- Up-to-date symlink: /home/jefri/ros2_ws/install/custom_interfaces/include/custom_interfaces/custom_interfaces/srv/detail/add_two_int__struct.hpp
[1.742s] -- Up-to-date symlink: /home/jefri/ros2_ws/install/custom_interfaces/include/custom_interfaces/custom_interfaces/srv/detail/add_two_int__traits.hpp
[1.744s] -- Up-to-date symlink: /home/jefri/ros2_ws/install/custom_interfaces/include/custom_interfaces/custom_interfaces/msg/rosidl_typesupport_fastrtps_cpp__visibility_control.h
[1.744s] -- Up-to-date symlink: /home/jefri/ros2_ws/install/custom_interfaces/include/custom_interfaces/custom_interfaces/srv/detail/add_two_int__rosidl_typesupport_fastrtps_cpp.hpp
[1.745s] -- Up-to-date symlink: /home/jefri/ros2_ws/install/custom_interfaces/include/custom_interfaces/custom_interfaces/srv/detail/add_two_int__rosidl_typesupport_introspection_cpp.hpp
[1.747s] -- Up-to-date symlink: /home/jefri/ros2_ws/install/custom_interfaces/share/custom_interfaces/environment/pythonpath.sh
[1.747s] -- Up-to-date symlink: /home/jefri/ros2_ws/install/custom_interfaces/share/custom_interfaces/environment/pythonpath.dsv
[1.747s] -- Up-to-date symlink: /home/jefri/ros2_ws/install/custom_interfaces/local/lib/python3.10/dist-packages/custom_interfaces-0.0.0-py3.10.egg-info/PKG-INFO
[1.747s] -- Up-to-date symlink: /home/jefri/ros2_ws/install/custom_interfaces/local/lib/python3.10/dist-packages/custom_interfaces-0.0.0-py3.10.egg-info/SOURCES.txt
[1.747s] -- Up-to-date symlink: /home/jefri/ros2_ws/install/custom_interfaces/local/lib/python3.10/dist-packages/custom_interfaces-0.0.0-py3.10.egg-info/dependency_links.txt
[1.747s] -- Up-to-date symlink: /home/jefri/ros2_ws/install/custom_interfaces/local/lib/python3.10/dist-packages/custom_interfaces-0.0.0-py3.10.egg-info/top_level.txt
[1.750s] -- Up-to-date symlink: /home/jefri/ros2_ws/install/custom_interfaces/local/lib/python3.10/dist-packages/custom_interfaces/__init__.py
[1.750s] -- Up-to-date symlink: /home/jefri/ros2_ws/install/custom_interfaces/local/lib/python3.10/dist-packages/custom_interfaces/_custom_interfaces_s.ep.rosidl_typesupport_c.c
[1.751s] -- Up-to-date symlink: /home/jefri/ros2_ws/install/custom_interfaces/local/lib/python3.10/dist-packages/custom_interfaces/_custom_interfaces_s.ep.rosidl_typesupport_fastrtps_c.c
[1.755s] -- Up-to-date symlink: /home/jefri/ros2_ws/install/custom_interfaces/local/lib/python3.10/dist-packages/custom_interfaces/_custom_interfaces_s.ep.rosidl_typesupport_introspection_c.c
[1.755s] -- Up-to-date symlink: /home/jefri/ros2_ws/install/custom_interfaces/local/lib/python3.10/dist-packages/custom_interfaces/custom_interfaces_s__rosidl_typesupport_c.cpython-310-x86_64-linux-gnu.so
[1.755s] -- Up-to-date symlink: /home/jefri/ros2_ws/install/custom_interfaces/local/lib/python3.10/dist-packages/custom_interfaces/custom_interfaces_s__rosidl_typesupport_fastrtps_c.cpython-310-x86_64-linux-gnu.so
[1.755s] -- Up-to-date symlink: /home/jefri/ros2_ws/install/custom_interfaces/local/lib/python3.10/dist-packages/custom_interfaces/custom_interfaces_s__rosidl_typesupport_introspection_c.cpython-310-x86_64-linux-gnu.so
[1.755s] -- Up-to-date symlink: /home/jefri/ros2_ws/install/custom_interfaces/local/lib/python3.10/dist-packages/custom_interfaces/libcustom_interfaces__rosidl_generator_py.so
[1.756s] -- Up-to-date symlink: /home/jefri/ros2_ws/install/custom_interfaces/local/lib/python3.10/dist-packages/custom_interfaces/srv/__init__.py
[1.756s] -- Up-to-date symlink: /home/jefri/ros2_ws/install/custom_interfaces/local/lib/python3.10/dist-packages/custom_interfaces/srv/_add_two_int.py
[1.756s] -- Up-to-date symlink: /home/jefri/ros2_ws/install/custom_interfaces/local/lib/python3.10/dist-packages/custom_interfaces/srv/_add_two_int_s.c
[1.771s] -- Up-to-date symlink: /home/jefri/ros2_ws/install/custom_interfaces/local/lib/python3.10/dist-packages/custom_interfaces/custom_interfaces_s__rosidl_typesupport_fastrtps_c.cpython-310-x86_64-linux-gnu.so
[1.772s] -- Up-to-date symlink: /home/jefri/ros2_ws/install/custom_interfaces/local/lib/python3.10/dist-packages/custom_interfaces/custom_interfaces_s__rosidl_typesupport_introspection_c.cpython-310-x86_64-linux-gnu.so
[1.774s] -- Up-to-date symlink: /home/jefri/ros2_ws/install/custom_interfaces/local/lib/python3.10/dist-packages/custom_interfaces/custom_interfaces_s__rosidl_typesupport_c.cpython-310-x86_64-linux-gnu.so
[1.774s] -- Up-to-date symlink: /home/jefri/ros2_ws/install/custom_interfaces/share/custom_interfaces/srv/AddTwoInt.idl
[1.775s] -- Up-to-date symlink: /home/jefri/ros2_ws/install/custom_interfaces/share/custom_interfaces/srv/AddTwoInt.srv
[1.775s] -- Up-to-date symlink: /home/jefri/ros2_ws/install/custom_interfaces/share/custom_interfaces/srv/AddTwoInt_Request.msg
[1.775s] -- Up-to-date symlink: /home/jefri/ros2_ws/install/custom_interfaces/share/custom_interfaces/srv/AddTwoInt_Response.msg
[1.776s] -- Up-to-date symlink: /home/jefri/ros2_ws/install/custom_interfaces/share/ament_index/resource_index/package_run_dependencies/custom_interfaces
[1.777s] -- Up-to-date symlink: /home/jefri/ros2_ws/install/custom_interfaces/share/ament_index/resource_index/parent_prefix_path/custom_interfaces
[1.778s] -- Up-to-date symlink: /home/jefri/ros2_ws/install/custom_interfaces/share/custom_interfaces/environment/ament_prefix_path.sh
[1.778s] -- Up-to-date symlink: /home/jefri/ros2_ws/install/custom_interfaces/share/custom_interfaces/environment/ament_prefix_path.dsv
[1.779s] -- Up-to-date symlink: /home/jefri/ros2_ws/install/custom_interfaces/share/custom_interfaces/environment/path.sh
[1.780s] -- Up-to-date symlink: /home/jefri/ros2_ws/install/custom_interfaces/share/custom_interfaces/environment/path.dsv
[1.780s] -- Up-to-date symlink: /home/jefri/ros2_ws/install/custom_interfaces/share/custom_interfaces/local_setup.bash
[1.782s] -- Up-to-date symlink: /home/jefri/ros2_ws/install/custom_interfaces/share/custom_interfaces/local_setup.sh
[1.782s] -- Up-to-date symlink: /home/jefri/ros2_ws/install/custom_interfaces/share/custom_interfaces/local_setup.zsh
[1.783s] -- Up-to-date symlink: /home/jefri/ros2_ws/install/custom_interfaces/share/custom_interfaces/local_setup.dsv
[1.783s] -- Symlinking: /home/jefri/ros2_ws/install/custom_interfaces/share/custom_interfaces/package.dsv
[1.801s] -- Up-to-date symlink: /home/jefri/ros2_ws/install/custom_interfaces/share/ament_index/resource_index/packages/custom_interfaces
[1.802s] -- Up-to-date symlink: /home/jefri/ros2_ws/install/custom_interfaces/share/custom_interfaces/cmake/rosidl_cmake-extras.cmake
[1.802s] -- Up-to-date symlink: /home/jefri/ros2_ws/install/custom_interfaces/share/custom_interfaces/cmake/ament_cmake_export_include_directories-extras.cmake
[1.804s] -- Up-to-date symlink: /home/jefri/ros2_ws/install/custom_interfaces/share/custom_interfaces/cmake/ament_cmake_export_libraries-extras.cmake
[1.804s] -- Up-to-date symlink: /home/jefri/ros2_ws/install/custom_interfaces/share/custom_interfaces/cmake/ament_cmake_export_targets-extras.cmake
[1.804s] -- Up-to-date symlink: /home/jefri/ros2_ws/install/custom_interfaces/share/custom_interfaces/cmake/rosidl_cmake_export_typesupport_targets-extras.cmake
[1.804s] -- Up-to-date symlink: /home/jefri/ros2_ws/install/custom_interfaces/share/custom_interfaces/cmake/ament_cmake_export_dependencies-extras.cmake
[1.806s] -- Up-to-date symlink: /home/jefri/ros2_ws/install/custom_interfaces/share/custom_interfaces/cmake/rosidl_cmake_export_typesupport_libraries-extras.cmake
[1.806s] -- Up-to-date symlink: /home/jefri/ros2_ws/install/custom_interfaces/share/custom_interfaces/cmake/custom_interfacesConfig.cmake
[1.806s] -- Up-to-date symlink: /home/jefri/ros2_ws/install/custom_interfaces/share/custom_interfaces/cmake/custom_interfacesConfig-version.cmake
[1.807s] -- Up-to-date symlink: /home/jefri/ros2_ws/install/custom_interfaces/share/custom_interfaces/package.xml
[1.820s] -- Up-to-date: /home/jefri/ros2_ws/install/custom_interfaces/lib/libcustom_interfaces__rosidl_generator_c.so
[1.842s] -- Up-to-date: /home/jefri/ros2_ws/install/custom_interfaces/lib/libcustom_interfaces__rosidl_typesupport_fastrtps_c.so
[1.865s] -- Up-to-date: /home/jefri/ros2_ws/install/custom_interfaces/lib/libcustom_interfaces__rosidl_typesupport_introspection_c.so
[1.887s] -- Up-to-date: /home/jefri/ros2_ws/install/custom_interfaces/lib/libcustom_interfaces__rosidl_typesupport_c.so
[1.943s] -- Up-to-date: /home/jefri/ros2_ws/install/custom_interfaces/lib/libcustom_interfaces__rosidl_typesupport_fastrtps_cpp.so
[1.967s] -- Up-to-date: /home/jefri/ros2_ws/install/custom_interfaces/lib/libcustom_interfaces__rosidl_typesupport_introspection_cpp.so
[1.967s] -- Up-to-date: /home/jefri/ros2_ws/install/custom_interfaces/lib/libcustom_interfaces__rosidl_typesupport_cpp.so
[2.063s] Listing '/home/jefri/ros2_ws/install/custom_interfaces/local/lib/python3.10/dist-packages/custom_interfaces'...
[2.064s] Listing '/home/jefri/ros2_ws/install/custom_interfaces/local/lib/python3.10/dist-packages/custom_interfaces/srv'...
[2.072s] -- Up-to-date: /home/jefri/ros2_ws/install/custom_interfaces/lib/libcustom_interfaces__rosidl_generator_py.so
[2.086s] -- Up-to-date: /home/jefri/ros2_ws/install/custom_interfaces/share/custom_interfaces/cmake/export_custom_interfaces__rosidl_generator_cExport.cmake
[2.087s] -- Up-to-date: /home/jefri/ros2_ws/install/custom_interfaces/share/custom_interfaces/cmake/export_custom_interfaces__rosidl_generator_cExport-noconfig.cmake
[2.109s] -- Up-to-date: /home/jefri/ros2_ws/install/custom_interfaces/share/custom_interfaces/cmake/export_custom_interfaces__rosidl_typesupport_fastrtps_cExport.cmake
[2.110s] -- Up-to-date: /home/jefri/ros2_ws/install/custom_interfaces/share/custom_interfaces/cmake/export_custom_interfaces__rosidl_typesupport_fastrtps_cExport-noconfig.cmake
[2.111s] -- Up-to-date: /home/jefri/ros2_ws/install/custom_interfaces/share/custom_interfaces/cmake/custom_interfaces__rosidl_typesupport_introspection_cExport.cmake
[2.111s] -- Up-to-date: /home/jefri/ros2_ws/install/custom_interfaces/share/custom_interfaces/cmake/custom_interfaces__rosidl_typesupport_introspection_cExport-noconfig.cmake
[2.131s] -- Up-to-date: /home/jefri/ros2_ws/install/custom_interfaces/share/custom_interfaces/cmake/custom_interfaces__rosidl_typesupport_cExport.cmake
[2.132s] -- Up-to-date: /home/jefri/ros2_ws/install/custom_interfaces/share/custom_interfaces/cmake/custom_interfaces__rosidl_typesupport_cExport-noconfig.cmake
[2.132s] -- Up-to-date: /home/jefri/ros2_ws/install/custom_interfaces/share/custom_interfaces/cmake/export_custom_interfaces__rosidl_generator_cppExport.cmake
[2.154s] -- Up-to-date: /home/jefri/ros2_ws/install/custom_interfaces/share/custom_interfaces/cmake/export_custom_interfaces__rosidl_typesupport_fastrtps_cppExport.cmake
[2.154s] -- Up-to-date: /home/jefri/ros2_ws/install/custom_interfaces/share/custom_interfaces/cmake/export_custom_interfaces__rosidl_typesupport_fastrtps_cppExport-noconfig.cmake
[2.175s] -- Up-to-date: /home/jefri/ros2_ws/install/custom_interfaces/share/custom_interfaces/cmake/custom_interfaces__rosidl_typesupport_introspection_cppExport.cmake
[2.177s] -- Up-to-date: /home/jefri/ros2_ws/install/custom_interfaces/share/custom_interfaces/cmake/custom_interfaces__rosidl_typesupport_introspection_cppExport-noconfig.cmake
[2.178s] -- Up-to-date: /home/jefri/ros2_ws/install/custom_interfaces/share/custom_interfaces/cmake/custom_interfaces__rosidl_typesupport_cppExport.cmake
[2.178s] -- Up-to-date: /home/jefri/ros2_ws/install/custom_interfaces/share/custom_interfaces/cmake/custom_interfaces__rosidl_typesupport_cppExport-noconfig.cmake
[2.198s] -- Up-to-date: /home/jefri/ros2_ws/install/custom_interfaces/share/custom_interfaces/cmake/export_custom_interfaces__rosidl_generator_pyExport.cmake
[2.199s] -- Up-to-date: /home/jefri/ros2_ws/install/custom_interfaces/share/custom_interfaces/cmake/export_custom_interfaces__rosidl_generator_pyExport-noconfig.cmake
[2.239s] Invoked command in '/home/jefri/ros2_ws/build/custom_interfaces' returned '0': CMAKE_PREFIX_PATH=${CMAKE_PREFIX_PATH}:/home/jefri/ros2_ws/install/turtlesim_catch_them_all:/home/jefri/ros2_ws/install/my_robot_controller:/home/jefri/ros2_ws/install/add_integers:/opt/ros/humble /usr/bin/cmake --install /home/jefri/ros2_ws/build/custom_interfaces
