[2.579s] Invoking command in '/home/jefri/ros2_ws/src/add_integers': CMAKE_PREFIX_PATH=/home/jefri/ros2_ws/install/custom_interfaces:/home/jefri/ros2_ws/install/my_robot_interfaces:/home/jefri/ros2_ws/src/install/my_robot_interfaces LD_LIBRARY_PATH=/home/jefri/ros2_ws/install/custom_interfaces/lib:/home/jefri/ros2_ws/install/my_robot_interfaces/lib:/home/jefri/ros2_ws/src/install/my_robot_interfaces/lib:/usr/lib/x86_64-linux-gnu/gazebo-11/plugins:/opt/ros/humble/opt/rviz_ogre_vendor/lib:/opt/ros/humble/lib/x86_64-linux-gnu:/opt/ros/humble/lib PYTHONPATH=/home/jefri/ros2_ws/build/add_integers/prefix_override:/usr/lib/python3/dist-packages/colcon_core/task/python/colcon_distutils_commands:/home/jefri/ros2_ws/install/add_integers/lib/python3.10/site-packages:${PYTHONPATH} /usr/bin/python3 -W ignore:setup.py install is deprecated setup.py egg_info --egg-base ../../build/add_integers build --build-base /home/jefri/ros2_ws/build/add_integers/build install --record /home/jefri/ros2_ws/build/add_integers/install.log --single-version-externally-managed install_data
[3.427s] running egg_info
[3.430s] writing ../../build/add_integers/add_integers.egg-info/PKG-INFO
[3.433s] writing dependency_links to ../../build/add_integers/add_integers.egg-info/dependency_links.txt
[3.433s] writing entry points to ../../build/add_integers/add_integers.egg-info/entry_points.txt
[3.433s] writing requirements to ../../build/add_integers/add_integers.egg-info/requires.txt
[3.437s] writing top-level names to ../../build/add_integers/add_integers.egg-info/top_level.txt
[3.438s] reading manifest file '../../build/add_integers/add_integers.egg-info/SOURCES.txt'
[3.465s] writing manifest file '../../build/add_integers/add_integers.egg-info/SOURCES.txt'
[3.466s] running build
[3.470s] running build_py
[3.471s] running install
[3.471s] running install_lib
[3.476s] running install_data
[3.479s] running install_egg_info
[3.485s] removing '/home/jefri/ros2_ws/install/add_integers/lib/python3.10/site-packages/add_integers-0.0.0-py3.10.egg-info' (and everything under it)
[3.495s] Copying ../../build/add_integers/add_integers.egg-info to /home/jefri/ros2_ws/install/add_integers/lib/python3.10/site-packages/add_integers-0.0.0-py3.10.egg-info
[3.519s] running install_scripts
[3.577s] Installing addition_client script to /home/jefri/ros2_ws/install/add_integers/lib/add_integers
[3.580s] Installing addition_service script to /home/jefri/ros2_ws/install/add_integers/lib/add_integers
[3.583s] writing list of installed files to '/home/jefri/ros2_ws/build/add_integers/install.log'
[3.721s] Invoked command in '/home/jefri/ros2_ws/src/add_integers' returned '0': CMAKE_PREFIX_PATH=/home/jefri/ros2_ws/install/custom_interfaces:/home/jefri/ros2_ws/install/my_robot_interfaces:/home/jefri/ros2_ws/src/install/my_robot_interfaces LD_LIBRARY_PATH=/home/jefri/ros2_ws/install/custom_interfaces/lib:/home/jefri/ros2_ws/install/my_robot_interfaces/lib:/home/jefri/ros2_ws/src/install/my_robot_interfaces/lib:/usr/lib/x86_64-linux-gnu/gazebo-11/plugins:/opt/ros/humble/opt/rviz_ogre_vendor/lib:/opt/ros/humble/lib/x86_64-linux-gnu:/opt/ros/humble/lib PYTHONPATH=/home/jefri/ros2_ws/build/add_integers/prefix_override:/usr/lib/python3/dist-packages/colcon_core/task/python/colcon_distutils_commands:/home/jefri/ros2_ws/install/add_integers/lib/python3.10/site-packages:${PYTHONPATH} /usr/bin/python3 -W ignore:setup.py install is deprecated setup.py egg_info --egg-base ../../build/add_integers build --build-base /home/jefri/ros2_ws/build/add_integers/build install --record /home/jefri/ros2_ws/build/add_integers/install.log --single-version-externally-managed install_data
