[1.987s] Invoking command in '/home/jefri/ros2_ws/build/my_robot_controller': PYTHONPATH=/home/jefri/ros2_ws/build/my_robot_controller/prefix_override:/usr/lib/python3/dist-packages/colcon_core/task/python/colcon_distutils_commands:/home/jefri/ros2_ws/install/my_robot_controller/lib/python3.10/site-packages:${PYTHONPATH} /usr/bin/python3 -W ignore:setup.py install is deprecated setup.py develop --editable --build-directory /home/jefri/ros2_ws/build/my_robot_controller/build --no-deps symlink_data
[3.003s] running develop
[3.583s] running egg_info
[3.584s] writing my_robot_controller.egg-info/PKG-INFO
[3.584s] writing dependency_links to my_robot_controller.egg-info/dependency_links.txt
[3.584s] writing entry points to my_robot_controller.egg-info/entry_points.txt
[3.585s] writing requirements to my_robot_controller.egg-info/requires.txt
[3.585s] writing top-level names to my_robot_controller.egg-info/top_level.txt
[3.593s] reading manifest file 'my_robot_controller.egg-info/SOURCES.txt'
[3.594s] writing manifest file 'my_robot_controller.egg-info/SOURCES.txt'
[3.607s] running build_ext
[3.607s] Creating /home/jefri/ros2_ws/install/my_robot_controller/lib/python3.10/site-packages/my-robot-controller.egg-link (link to .)
[3.608s] Installing add_int_server script to /home/jefri/ros2_ws/install/my_robot_controller/lib/my_robot_controller
[3.608s] Installing publisher script to /home/jefri/ros2_ws/install/my_robot_controller/lib/my_robot_controller
[3.608s] Installing subscribe script to /home/jefri/ros2_ws/install/my_robot_controller/lib/my_robot_controller
[3.608s] Installing test_node script to /home/jefri/ros2_ws/install/my_robot_controller/lib/my_robot_controller
[3.613s] 
[3.614s] Installed /home/jefri/ros2_ws/build/my_robot_controller
[3.614s] running symlink_data
[3.730s] Invoked command in '/home/jefri/ros2_ws/build/my_robot_controller' returned '0': PYTHONPATH=/home/jefri/ros2_ws/build/my_robot_controller/prefix_override:/usr/lib/python3/dist-packages/colcon_core/task/python/colcon_distutils_commands:/home/jefri/ros2_ws/install/my_robot_controller/lib/python3.10/site-packages:${PYTHONPATH} /usr/bin/python3 -W ignore:setup.py install is deprecated setup.py develop --editable --build-directory /home/jefri/ros2_ws/build/my_robot_controller/build --no-deps symlink_data
