[0.041s] Invoking command in '/home/jefri/ros2_ws/build/custom_interfaces': CMAKE_PREFIX_PATH=${CMAKE_PREFIX_PATH}:/home/jefri/ros2_ws/install/turtlesim_catch_them_all:/home/jefri/ros2_ws/src/install/turtlesim_catch_them_all:/home/jefri/ros2_ws/src/install/my_robot_controller:/home/jefri/ros2_ws/install/my_robot_controller:/home/jefri/ros2_ws/install/add_integers:/opt/ros/humble /usr/bin/cmake --build /home/jefri/ros2_ws/build/custom_interfaces -- -j2 -l2
[0.297s] [35m[1mConsolidate compiler generated dependencies of target custom_interfaces__rosidl_generator_c[0m
[0.340s] [  3%] Built target custom_interfaces__cpp
[0.362s] [ 12%] Built target custom_interfaces__rosidl_generator_c
[0.405s] [35m[1mConsolidate compiler generated dependencies of target custom_interfaces__rosidl_typesupport_cpp[0m
[0.460s] [ 22%] Built target custom_interfaces__rosidl_typesupport_cpp
[0.487s] [ 22%] Built target ament_cmake_python_symlink_custom_interfaces
[0.487s] [35m[1mConsolidate compiler generated dependencies of target custom_interfaces__rosidl_typesupport_fastrtps_c[0m
[0.514s] [ 32%] Built target custom_interfaces__rosidl_typesupport_fastrtps_c
[0.535s] [35m[1mConsolidate compiler generated dependencies of target custom_interfaces__rosidl_typesupport_introspection_c[0m
[0.545s] [35m[1mConsolidate compiler generated dependencies of target custom_interfaces__rosidl_typesupport_c[0m
[0.595s] [ 41%] Built target custom_interfaces__rosidl_typesupport_introspection_c
[0.603s] [ 51%] Built target custom_interfaces__rosidl_typesupport_c
[0.641s] [35m[1mConsolidate compiler generated dependencies of target custom_interfaces__rosidl_typesupport_fastrtps_cpp[0m
[0.657s] [35m[1mConsolidate compiler generated dependencies of target custom_interfaces__rosidl_typesupport_introspection_cpp[0m
[0.690s] [ 61%] Built target custom_interfaces__rosidl_typesupport_fastrtps_cpp
[0.713s] [ 70%] Built target custom_interfaces__rosidl_typesupport_introspection_cpp
[0.808s] [ 70%] Built target custom_interfaces
[0.908s] [ 74%] Built target custom_interfaces__py
[0.959s] [35m[1mConsolidate compiler generated dependencies of target custom_interfaces__rosidl_generator_py[0m
[1.018s] [ 80%] Built target custom_interfaces__rosidl_generator_py
[1.064s] [35m[1mConsolidate compiler generated dependencies of target custom_interfaces__rosidl_typesupport_fastrtps_c__pyext[0m
[1.120s] [ 87%] Built target custom_interfaces__rosidl_typesupport_fastrtps_c__pyext
[1.176s] [35m[1mConsolidate compiler generated dependencies of target custom_interfaces__rosidl_typesupport_introspection_c__pyext[0m
[1.250s] [ 93%] Built target custom_interfaces__rosidl_typesupport_introspection_c__pyext
[1.306s] [35m[1mConsolidate compiler generated dependencies of target custom_interfaces__rosidl_typesupport_c__pyext[0m
[1.371s] [100%] Built target custom_interfaces__rosidl_typesupport_c__pyext
[1.682s] running egg_info
[1.683s] writing custom_interfaces.egg-info/PKG-INFO
[1.683s] writing dependency_links to custom_interfaces.egg-info/dependency_links.txt
[1.683s] writing top-level names to custom_interfaces.egg-info/top_level.txt
[1.688s] reading manifest file 'custom_interfaces.egg-info/SOURCES.txt'
[1.688s] writing manifest file 'custom_interfaces.egg-info/SOURCES.txt'
[1.789s] [100%] Built target ament_cmake_python_build_custom_interfaces_egg
[1.819s] Invoked command in '/home/jefri/ros2_ws/build/custom_interfaces' returned '0': CMAKE_PREFIX_PATH=${CMAKE_PREFIX_PATH}:/home/jefri/ros2_ws/install/turtlesim_catch_them_all:/home/jefri/ros2_ws/src/install/turtlesim_catch_them_all:/home/jefri/ros2_ws/src/install/my_robot_controller:/home/jefri/ros2_ws/install/my_robot_controller:/home/jefri/ros2_ws/install/add_integers:/opt/ros/humble /usr/bin/cmake --build /home/jefri/ros2_ws/build/custom_interfaces -- -j2 -l2
