[0.018s] Invoking command in '/home/jefri/ros2_ws/src/build/my_robot_interfaces': CMAKE_PREFIX_PATH=${CMAKE_PREFIX_PATH}:/home/jefri/ros2_ws/install/my_robot_controller:/home/jefri/ros2_ws/install/add_integers:/opt/ros/humble /usr/bin/cmake /home/jefri/ros2_ws/src/my_robot_interfaces -DCMAKE_INSTALL_PREFIX=/home/jefri/ros2_ws/src/install/my_robot_interfaces
[0.149s] -- The C compiler identification is GNU 11.4.0
[0.289s] -- The CXX compiler identification is GNU 11.4.0
[0.301s] -- Detecting C compiler ABI info
[0.424s] -- Detecting C compiler ABI info - done
[0.437s] -- Check for working C compiler: /usr/bin/cc - skipped
[0.440s] -- Detecting C compile features
[0.440s] -- Detecting C compile features - done
[0.445s] -- Detecting CXX compiler ABI info
[0.590s] -- Detecting CXX compiler ABI info - done
[0.603s] -- Check for working CXX compiler: /usr/bin/c++ - skipped
[0.603s] -- Detecting CXX compile features
[0.605s] -- Detecting CXX compile features - done
[0.608s] -- Found ament_cmake: 1.3.10 (/opt/ros/humble/share/ament_cmake/cmake)
[1.039s] -- Found Python3: /usr/bin/python3 (found version "3.10.12") found components: Interpreter 
[1.259s] -- Found rosidl_default_generators: 1.2.0 (/opt/ros/humble/share/rosidl_default_generators/cmake)
[1.264s] -- Using all available rosidl_typesupport_c: rosidl_typesupport_fastrtps_c;rosidl_typesupport_introspection_c
[1.276s] -- Found rosidl_adapter: 3.1.5 (/opt/ros/humble/share/rosidl_adapter/cmake)
[1.347s] -- Using all available rosidl_typesupport_cpp: rosidl_typesupport_fastrtps_cpp;rosidl_typesupport_introspection_cpp
[1.413s] -- Found std_msgs: 4.2.4 (/opt/ros/humble/share/std_msgs/cmake)
[2.054s] -- Found ament_cmake_ros: 0.10.0 (/opt/ros/humble/share/ament_cmake_ros/cmake)
[2.500s] -- Using all available rosidl_typesupport_c: rosidl_typesupport_fastrtps_c;rosidl_typesupport_introspection_c
[3.134s] -- Using all available rosidl_typesupport_cpp: rosidl_typesupport_fastrtps_cpp;rosidl_typesupport_introspection_cpp
[3.187s] -- Found PythonInterp: /usr/bin/python3 (found suitable version "3.10.12", minimum required is "3.6") 
[3.189s] -- Found python_cmake_module: 0.10.0 (/opt/ros/humble/share/python_cmake_module/cmake)
[3.246s] -- Found PythonLibs: /usr/lib/x86_64-linux-gnu/libpython3.10.so (found suitable version "3.10.12", minimum required is "3.5") 
[3.247s] -- Using PYTHON_EXECUTABLE: /usr/bin/python3
[3.247s] -- Using PYTHON_INCLUDE_DIRS: /usr/include/python3.10
[3.248s] -- Using PYTHON_LIBRARIES: /usr/lib/x86_64-linux-gnu/libpython3.10.so
[3.295s] -- Found PythonExtra: .so  
[3.413s] -- Found ament_lint_auto: 0.12.11 (/opt/ros/humble/share/ament_lint_auto/cmake)
[3.440s] -- Added test 'lint_cmake' to check CMake code style
[3.441s] -- Added test 'xmllint' to check XML markup files
[3.447s] -- Configuring done
[3.518s] -- Generating done
[3.523s] -- Build files have been written to: /home/jefri/ros2_ws/src/build/my_robot_interfaces
[3.537s] Invoked command in '/home/jefri/ros2_ws/src/build/my_robot_interfaces' returned '0': CMAKE_PREFIX_PATH=${CMAKE_PREFIX_PATH}:/home/jefri/ros2_ws/install/my_robot_controller:/home/jefri/ros2_ws/install/add_integers:/opt/ros/humble /usr/bin/cmake /home/jefri/ros2_ws/src/my_robot_interfaces -DCMAKE_INSTALL_PREFIX=/home/jefri/ros2_ws/src/install/my_robot_interfaces
[3.539s] Invoking command in '/home/jefri/ros2_ws/src/build/my_robot_interfaces': CMAKE_PREFIX_PATH=${CMAKE_PREFIX_PATH}:/home/jefri/ros2_ws/install/my_robot_controller:/home/jefri/ros2_ws/install/add_integers:/opt/ros/humble /usr/bin/cmake --build /home/jefri/ros2_ws/src/build/my_robot_interfaces -- -j2 -l2
[3.614s] [  2%] [34m[1mGenerating C code for ROS interfaces[0m
[3.634s] [  4%] [34m[1mGenerating C++ code for ROS interfaces[0m
[4.807s] [  4%] Built target my_robot_interfaces__cpp
[4.870s] [  4%] Built target ament_cmake_python_copy_my_robot_interfaces
[4.897s] [  6%] [34m[1mGenerating C++ type support dispatch for ROS interfaces[0m
[4.899s] [  8%] [32mBuilding C object CMakeFiles/my_robot_interfaces__rosidl_generator_c.dir/rosidl_generator_c/my_robot_interfaces/msg/detail/hardwarestatus__functions.c.o[0m
[4.997s] [ 10%] [32mBuilding C object CMakeFiles/my_robot_interfaces__rosidl_generator_c.dir/rosidl_generator_c/my_robot_interfaces/msg/detail/turtle__functions.c.o[0m
[5.097s] [ 12%] [32mBuilding C object CMakeFiles/my_robot_interfaces__rosidl_generator_c.dir/rosidl_generator_c/my_robot_interfaces/msg/detail/turtle_array__functions.c.o[0m
[5.200s] [ 14%] [32m[1mLinking C shared library libmy_robot_interfaces__rosidl_generator_c.so[0m
[5.287s] [ 14%] Built target my_robot_interfaces__rosidl_generator_c
[5.308s] [ 17%] [34m[1mGenerating C++ type support for eProsima Fast-RTPS[0m
[5.659s] [ 19%] [32mBuilding CXX object CMakeFiles/my_robot_interfaces__rosidl_typesupport_cpp.dir/rosidl_typesupport_cpp/my_robot_interfaces/msg/hardwarestatus__type_support.cpp.o[0m
[6.175s] [ 21%] [32mBuilding CXX object CMakeFiles/my_robot_interfaces__rosidl_typesupport_fastrtps_cpp.dir/rosidl_typesupport_fastrtps_cpp/my_robot_interfaces/msg/detail/dds_fastrtps/hardwarestatus__type_support.cpp.o[0m
[6.336s] [ 23%] [32mBuilding CXX object CMakeFiles/my_robot_interfaces__rosidl_typesupport_cpp.dir/rosidl_typesupport_cpp/my_robot_interfaces/msg/turtle__type_support.cpp.o[0m
[7.080s] [ 25%] [32mBuilding CXX object CMakeFiles/my_robot_interfaces__rosidl_typesupport_cpp.dir/rosidl_typesupport_cpp/my_robot_interfaces/msg/turtle_array__type_support.cpp.o[0m
[7.288s] [ 27%] [32mBuilding CXX object CMakeFiles/my_robot_interfaces__rosidl_typesupport_fastrtps_cpp.dir/rosidl_typesupport_fastrtps_cpp/my_robot_interfaces/msg/detail/dds_fastrtps/turtle__type_support.cpp.o[0m
[7.822s] [ 29%] [32m[1mLinking CXX shared library libmy_robot_interfaces__rosidl_typesupport_cpp.so[0m
[7.931s] [ 29%] Built target my_robot_interfaces__rosidl_typesupport_cpp
[7.951s] [ 31%] [32mBuilding CXX object CMakeFiles/my_robot_interfaces__rosidl_typesupport_fastrtps_cpp.dir/rosidl_typesupport_fastrtps_cpp/my_robot_interfaces/msg/detail/dds_fastrtps/turtle_array__type_support.cpp.o[0m
[8.436s] [ 34%] [34m[1mGenerating C++ introspection for ROS interfaces[0m
[9.287s] [ 36%] [32m[1mLinking CXX shared library libmy_robot_interfaces__rosidl_typesupport_fastrtps_cpp.so[0m
[9.303s] [ 38%] [32mBuilding CXX object CMakeFiles/my_robot_interfaces__rosidl_typesupport_introspection_cpp.dir/rosidl_typesupport_introspection_cpp/my_robot_interfaces/msg/detail/hardwarestatus__type_support.cpp.o[0m
[9.521s] [ 38%] Built target my_robot_interfaces__rosidl_typesupport_fastrtps_cpp
[9.552s] [ 40%] [32mBuilding CXX object CMakeFiles/my_robot_interfaces__rosidl_typesupport_introspection_cpp.dir/rosidl_typesupport_introspection_cpp/my_robot_interfaces/msg/detail/turtle__type_support.cpp.o[0m
[10.792s] [ 42%] [32mBuilding CXX object CMakeFiles/my_robot_interfaces__rosidl_typesupport_introspection_cpp.dir/rosidl_typesupport_introspection_cpp/my_robot_interfaces/msg/detail/turtle_array__type_support.cpp.o[0m
[11.235s] running egg_info
[11.236s] creating my_robot_interfaces.egg-info
[11.237s] writing my_robot_interfaces.egg-info/PKG-INFO
[11.240s] writing dependency_links to my_robot_interfaces.egg-info/dependency_links.txt
[11.244s] writing top-level names to my_robot_interfaces.egg-info/top_level.txt
[11.246s] writing manifest file 'my_robot_interfaces.egg-info/SOURCES.txt'
[11.252s] reading manifest file 'my_robot_interfaces.egg-info/SOURCES.txt'
[11.254s] writing manifest file 'my_robot_interfaces.egg-info/SOURCES.txt'
[11.347s] [ 42%] Built target ament_cmake_python_build_my_robot_interfaces_egg
[11.372s] [ 44%] [34m[1mGenerating C type support for eProsima Fast-RTPS[0m
[12.126s] [ 46%] [32m[1mLinking CXX shared library libmy_robot_interfaces__rosidl_typesupport_introspection_cpp.so[0m
[12.279s] [ 48%] [32mBuilding CXX object CMakeFiles/my_robot_interfaces__rosidl_typesupport_fastrtps_c.dir/rosidl_typesupport_fastrtps_c/my_robot_interfaces/msg/detail/hardwarestatus__type_support_c.cpp.o[0m
[12.404s] [ 48%] Built target my_robot_interfaces__rosidl_typesupport_introspection_cpp
[12.451s] [ 51%] [32mBuilding CXX object CMakeFiles/my_robot_interfaces__rosidl_typesupport_fastrtps_c.dir/rosidl_typesupport_fastrtps_c/my_robot_interfaces/msg/detail/turtle__type_support_c.cpp.o[0m
[13.330s] [ 53%] [32mBuilding CXX object CMakeFiles/my_robot_interfaces__rosidl_typesupport_fastrtps_c.dir/rosidl_typesupport_fastrtps_c/my_robot_interfaces/msg/detail/turtle_array__type_support_c.cpp.o[0m
[13.378s] [ 55%] [34m[1mGenerating C introspection for ROS interfaces[0m
[14.248s] [ 57%] [32m[1mLinking CXX shared library libmy_robot_interfaces__rosidl_typesupport_fastrtps_c.so[0m
[14.355s] [ 59%] [32mBuilding C object CMakeFiles/my_robot_interfaces__rosidl_typesupport_introspection_c.dir/rosidl_typesupport_introspection_c/my_robot_interfaces/msg/detail/hardwarestatus__type_support.c.o[0m
[14.446s] [ 61%] [32mBuilding C object CMakeFiles/my_robot_interfaces__rosidl_typesupport_introspection_c.dir/rosidl_typesupport_introspection_c/my_robot_interfaces/msg/detail/turtle__type_support.c.o[0m
[14.478s] [ 61%] Built target my_robot_interfaces__rosidl_typesupport_fastrtps_c
[14.503s] [ 63%] [32mBuilding C object CMakeFiles/my_robot_interfaces__rosidl_typesupport_introspection_c.dir/rosidl_typesupport_introspection_c/my_robot_interfaces/msg/detail/turtle_array__type_support.c.o[0m
[14.532s] [ 65%] [34m[1mGenerating C type support dispatch for ROS interfaces[0m
[14.589s] [ 68%] [32m[1mLinking C shared library libmy_robot_interfaces__rosidl_typesupport_introspection_c.so[0m
[14.668s] [ 68%] Built target my_robot_interfaces__rosidl_typesupport_introspection_c
[15.090s] [ 70%] [32mBuilding CXX object CMakeFiles/my_robot_interfaces__rosidl_typesupport_c.dir/rosidl_typesupport_c/my_robot_interfaces/msg/hardwarestatus__type_support.cpp.o[0m
[15.092s] [ 72%] [32mBuilding CXX object CMakeFiles/my_robot_interfaces__rosidl_typesupport_c.dir/rosidl_typesupport_c/my_robot_interfaces/msg/turtle__type_support.cpp.o[0m
[15.142s] [ 74%] [32mBuilding CXX object CMakeFiles/my_robot_interfaces__rosidl_typesupport_c.dir/rosidl_typesupport_c/my_robot_interfaces/msg/turtle_array__type_support.cpp.o[0m
[15.192s] [ 76%] [32m[1mLinking CXX shared library libmy_robot_interfaces__rosidl_typesupport_c.so[0m
[15.262s] [ 76%] Built target my_robot_interfaces__rosidl_typesupport_c
[15.297s] [ 76%] Built target my_robot_interfaces
[15.335s] [ 78%] [34m[1mGenerating Python code for ROS interfaces[0m
[16.240s] [ 78%] Built target my_robot_interfaces__py
[16.276s] [ 80%] [32mBuilding C object CMakeFiles/my_robot_interfaces__rosidl_generator_py.dir/rosidl_generator_py/my_robot_interfaces/msg/_turtle_s.c.o[0m
[16.279s] [ 82%] [32mBuilding C object CMakeFiles/my_robot_interfaces__rosidl_generator_py.dir/rosidl_generator_py/my_robot_interfaces/msg/_hardwarestatus_s.c.o[0m
[16.502s] [ 85%] [32mBuilding C object CMakeFiles/my_robot_interfaces__rosidl_generator_py.dir/rosidl_generator_py/my_robot_interfaces/msg/_turtle_array_s.c.o[0m
[16.687s] [ 87%] [32m[1mLinking C shared library rosidl_generator_py/my_robot_interfaces/libmy_robot_interfaces__rosidl_generator_py.so[0m
[16.773s] [ 87%] Built target my_robot_interfaces__rosidl_generator_py
[16.818s] [ 89%] [32mBuilding C object CMakeFiles/my_robot_interfaces__rosidl_typesupport_fastrtps_c__pyext.dir/rosidl_generator_py/my_robot_interfaces/_my_robot_interfaces_s.ep.rosidl_typesupport_fastrtps_c.c.o[0m
[16.824s] [ 91%] [32mBuilding C object CMakeFiles/my_robot_interfaces__rosidl_typesupport_introspection_c__pyext.dir/rosidl_generator_py/my_robot_interfaces/_my_robot_interfaces_s.ep.rosidl_typesupport_introspection_c.c.o[0m
[17.039s] [ 93%] [32m[1mLinking C shared library rosidl_generator_py/my_robot_interfaces/my_robot_interfaces_s__rosidl_typesupport_fastrtps_c.cpython-310-x86_64-linux-gnu.so[0m
[17.044s] [ 95%] [32m[1mLinking C shared library rosidl_generator_py/my_robot_interfaces/my_robot_interfaces_s__rosidl_typesupport_introspection_c.cpython-310-x86_64-linux-gnu.so[0m
[17.150s] [ 95%] Built target my_robot_interfaces__rosidl_typesupport_fastrtps_c__pyext
[17.158s] [ 95%] Built target my_robot_interfaces__rosidl_typesupport_introspection_c__pyext
[17.193s] [ 97%] [32mBuilding C object CMakeFiles/my_robot_interfaces__rosidl_typesupport_c__pyext.dir/rosidl_generator_py/my_robot_interfaces/_my_robot_interfaces_s.ep.rosidl_typesupport_c.c.o[0m
[17.373s] [100%] [32m[1mLinking C shared library rosidl_generator_py/my_robot_interfaces/my_robot_interfaces_s__rosidl_typesupport_c.cpython-310-x86_64-linux-gnu.so[0m
[17.450s] [100%] Built target my_robot_interfaces__rosidl_typesupport_c__pyext
[17.472s] Invoked command in '/home/jefri/ros2_ws/src/build/my_robot_interfaces' returned '0': CMAKE_PREFIX_PATH=${CMAKE_PREFIX_PATH}:/home/jefri/ros2_ws/install/my_robot_controller:/home/jefri/ros2_ws/install/add_integers:/opt/ros/humble /usr/bin/cmake --build /home/jefri/ros2_ws/src/build/my_robot_interfaces -- -j2 -l2
[17.669s] Invoking command in '/home/jefri/ros2_ws/src/build/my_robot_interfaces': CMAKE_PREFIX_PATH=${CMAKE_PREFIX_PATH}:/home/jefri/ros2_ws/install/my_robot_controller:/home/jefri/ros2_ws/install/add_integers:/opt/ros/humble /usr/bin/cmake --install /home/jefri/ros2_ws/src/build/my_robot_interfaces
[17.685s] -- Install configuration: ""
[17.686s] -- Installing: /home/jefri/ros2_ws/src/install/my_robot_interfaces/share/ament_index/resource_index/rosidl_interfaces/my_robot_interfaces
[17.687s] -- Installing: /home/jefri/ros2_ws/src/install/my_robot_interfaces/include/my_robot_interfaces/my_robot_interfaces
[17.688s] -- Installing: /home/jefri/ros2_ws/src/install/my_robot_interfaces/include/my_robot_interfaces/my_robot_interfaces/msg
[17.689s] -- Installing: /home/jefri/ros2_ws/src/install/my_robot_interfaces/include/my_robot_interfaces/my_robot_interfaces/msg/detail
[17.690s] -- Installing: /home/jefri/ros2_ws/src/install/my_robot_interfaces/include/my_robot_interfaces/my_robot_interfaces/msg/detail/turtle_array__type_support.h
[17.691s] -- Installing: /home/jefri/ros2_ws/src/install/my_robot_interfaces/include/my_robot_interfaces/my_robot_interfaces/msg/detail/turtle__type_support.h
[17.692s] -- Installing: /home/jefri/ros2_ws/src/install/my_robot_interfaces/include/my_robot_interfaces/my_robot_interfaces/msg/detail/turtle__functions.h
[17.692s] -- Installing: /home/jefri/ros2_ws/src/install/my_robot_interfaces/include/my_robot_interfaces/my_robot_interfaces/msg/detail/hardwarestatus__struct.h
[17.692s] -- Installing: /home/jefri/ros2_ws/src/install/my_robot_interfaces/include/my_robot_interfaces/my_robot_interfaces/msg/detail/hardwarestatus__functions.c
[17.692s] -- Installing: /home/jefri/ros2_ws/src/install/my_robot_interfaces/include/my_robot_interfaces/my_robot_interfaces/msg/detail/turtle__struct.h
[17.698s] -- Installing: /home/jefri/ros2_ws/src/install/my_robot_interfaces/include/my_robot_interfaces/my_robot_interfaces/msg/detail/hardwarestatus__functions.h
[17.701s] -- Installing: /home/jefri/ros2_ws/src/install/my_robot_interfaces/include/my_robot_interfaces/my_robot_interfaces/msg/detail/hardwarestatus__type_support.h
[17.704s] -- Installing: /home/jefri/ros2_ws/src/install/my_robot_interfaces/include/my_robot_interfaces/my_robot_interfaces/msg/detail/turtle_array__functions.c
[17.704s] -- Installing: /home/jefri/ros2_ws/src/install/my_robot_interfaces/include/my_robot_interfaces/my_robot_interfaces/msg/detail/turtle_array__functions.h
[17.707s] -- Installing: /home/jefri/ros2_ws/src/install/my_robot_interfaces/include/my_robot_interfaces/my_robot_interfaces/msg/detail/turtle__functions.c
[17.707s] -- Installing: /home/jefri/ros2_ws/src/install/my_robot_interfaces/include/my_robot_interfaces/my_robot_interfaces/msg/detail/turtle_array__struct.h
[17.709s] -- Installing: /home/jefri/ros2_ws/src/install/my_robot_interfaces/include/my_robot_interfaces/my_robot_interfaces/msg/rosidl_generator_c__visibility_control.h
[17.709s] -- Installing: /home/jefri/ros2_ws/src/install/my_robot_interfaces/include/my_robot_interfaces/my_robot_interfaces/msg/turtle.h
[17.709s] -- Installing: /home/jefri/ros2_ws/src/install/my_robot_interfaces/include/my_robot_interfaces/my_robot_interfaces/msg/hardwarestatus.h
[17.711s] -- Installing: /home/jefri/ros2_ws/src/install/my_robot_interfaces/include/my_robot_interfaces/my_robot_interfaces/msg/turtle_array.h
[17.713s] -- Installing: /home/jefri/ros2_ws/src/install/my_robot_interfaces/share/my_robot_interfaces/environment/library_path.sh
[17.713s] -- Installing: /home/jefri/ros2_ws/src/install/my_robot_interfaces/share/my_robot_interfaces/environment/library_path.dsv
[17.713s] -- Installing: /home/jefri/ros2_ws/src/install/my_robot_interfaces/lib/libmy_robot_interfaces__rosidl_generator_c.so
[17.716s] -- Set runtime path of "/home/jefri/ros2_ws/src/install/my_robot_interfaces/lib/libmy_robot_interfaces__rosidl_generator_c.so" to ""
[17.716s] -- Up-to-date: /home/jefri/ros2_ws/src/install/my_robot_interfaces/include/my_robot_interfaces/my_robot_interfaces
[17.717s] -- Up-to-date: /home/jefri/ros2_ws/src/install/my_robot_interfaces/include/my_robot_interfaces/my_robot_interfaces/msg
[17.717s] -- Up-to-date: /home/jefri/ros2_ws/src/install/my_robot_interfaces/include/my_robot_interfaces/my_robot_interfaces/msg/detail
[17.717s] -- Installing: /home/jefri/ros2_ws/src/install/my_robot_interfaces/include/my_robot_interfaces/my_robot_interfaces/msg/detail/hardwarestatus__rosidl_typesupport_fastrtps_c.h
[17.717s] -- Installing: /home/jefri/ros2_ws/src/install/my_robot_interfaces/include/my_robot_interfaces/my_robot_interfaces/msg/detail/turtle__rosidl_typesupport_fastrtps_c.h
[17.717s] -- Installing: /home/jefri/ros2_ws/src/install/my_robot_interfaces/include/my_robot_interfaces/my_robot_interfaces/msg/detail/turtle_array__rosidl_typesupport_fastrtps_c.h
[17.722s] -- Installing: /home/jefri/ros2_ws/src/install/my_robot_interfaces/include/my_robot_interfaces/my_robot_interfaces/msg/rosidl_typesupport_fastrtps_c__visibility_control.h
[17.722s] -- Installing: /home/jefri/ros2_ws/src/install/my_robot_interfaces/lib/libmy_robot_interfaces__rosidl_typesupport_fastrtps_c.so
[17.722s] -- Set runtime path of "/home/jefri/ros2_ws/src/install/my_robot_interfaces/lib/libmy_robot_interfaces__rosidl_typesupport_fastrtps_c.so" to ""
[17.723s] -- Up-to-date: /home/jefri/ros2_ws/src/install/my_robot_interfaces/include/my_robot_interfaces/my_robot_interfaces
[17.723s] -- Up-to-date: /home/jefri/ros2_ws/src/install/my_robot_interfaces/include/my_robot_interfaces/my_robot_interfaces/msg
[17.723s] -- Up-to-date: /home/jefri/ros2_ws/src/install/my_robot_interfaces/include/my_robot_interfaces/my_robot_interfaces/msg/detail
[17.723s] -- Installing: /home/jefri/ros2_ws/src/install/my_robot_interfaces/include/my_robot_interfaces/my_robot_interfaces/msg/detail/hardwarestatus__type_support.c
[17.723s] -- Installing: /home/jefri/ros2_ws/src/install/my_robot_interfaces/include/my_robot_interfaces/my_robot_interfaces/msg/detail/turtle__type_support.c
[17.728s] -- Installing: /home/jefri/ros2_ws/src/install/my_robot_interfaces/include/my_robot_interfaces/my_robot_interfaces/msg/detail/turtle_array__rosidl_typesupport_introspection_c.h
[17.728s] -- Installing: /home/jefri/ros2_ws/src/install/my_robot_interfaces/include/my_robot_interfaces/my_robot_interfaces/msg/detail/turtle_array__type_support.c
[17.728s] -- Installing: /home/jefri/ros2_ws/src/install/my_robot_interfaces/include/my_robot_interfaces/my_robot_interfaces/msg/detail/turtle__rosidl_typesupport_introspection_c.h
[17.728s] -- Installing: /home/jefri/ros2_ws/src/install/my_robot_interfaces/include/my_robot_interfaces/my_robot_interfaces/msg/detail/hardwarestatus__rosidl_typesupport_introspection_c.h
[17.728s] -- Installing: /home/jefri/ros2_ws/src/install/my_robot_interfaces/include/my_robot_interfaces/my_robot_interfaces/msg/rosidl_typesupport_introspection_c__visibility_control.h
[17.729s] -- Installing: /home/jefri/ros2_ws/src/install/my_robot_interfaces/lib/libmy_robot_interfaces__rosidl_typesupport_introspection_c.so
[17.729s] -- Set runtime path of "/home/jefri/ros2_ws/src/install/my_robot_interfaces/lib/libmy_robot_interfaces__rosidl_typesupport_introspection_c.so" to ""
[17.729s] -- Installing: /home/jefri/ros2_ws/src/install/my_robot_interfaces/lib/libmy_robot_interfaces__rosidl_typesupport_c.so
[17.729s] -- Set runtime path of "/home/jefri/ros2_ws/src/install/my_robot_interfaces/lib/libmy_robot_interfaces__rosidl_typesupport_c.so" to ""
[17.729s] -- Up-to-date: /home/jefri/ros2_ws/src/install/my_robot_interfaces/include/my_robot_interfaces/my_robot_interfaces
[17.736s] -- Up-to-date: /home/jefri/ros2_ws/src/install/my_robot_interfaces/include/my_robot_interfaces/my_robot_interfaces/msg
[17.736s] -- Installing: /home/jefri/ros2_ws/src/install/my_robot_interfaces/include/my_robot_interfaces/my_robot_interfaces/msg/turtle_array.hpp
[17.736s] -- Up-to-date: /home/jefri/ros2_ws/src/install/my_robot_interfaces/include/my_robot_interfaces/my_robot_interfaces/msg/detail
[17.736s] -- Installing: /home/jefri/ros2_ws/src/install/my_robot_interfaces/include/my_robot_interfaces/my_robot_interfaces/msg/detail/hardwarestatus__builder.hpp
[17.737s] -- Installing: /home/jefri/ros2_ws/src/install/my_robot_interfaces/include/my_robot_interfaces/my_robot_interfaces/msg/detail/turtle__builder.hpp
[17.737s] -- Installing: /home/jefri/ros2_ws/src/install/my_robot_interfaces/include/my_robot_interfaces/my_robot_interfaces/msg/detail/turtle__traits.hpp
[17.737s] -- Installing: /home/jefri/ros2_ws/src/install/my_robot_interfaces/include/my_robot_interfaces/my_robot_interfaces/msg/detail/hardwarestatus__struct.hpp
[17.737s] -- Installing: /home/jefri/ros2_ws/src/install/my_robot_interfaces/include/my_robot_interfaces/my_robot_interfaces/msg/detail/hardwarestatus__traits.hpp
[17.737s] -- Installing: /home/jefri/ros2_ws/src/install/my_robot_interfaces/include/my_robot_interfaces/my_robot_interfaces/msg/detail/turtle__struct.hpp
[17.737s] -- Installing: /home/jefri/ros2_ws/src/install/my_robot_interfaces/include/my_robot_interfaces/my_robot_interfaces/msg/detail/turtle_array__struct.hpp
[17.745s] -- Installing: /home/jefri/ros2_ws/src/install/my_robot_interfaces/include/my_robot_interfaces/my_robot_interfaces/msg/detail/turtle_array__traits.hpp
[17.745s] -- Installing: /home/jefri/ros2_ws/src/install/my_robot_interfaces/include/my_robot_interfaces/my_robot_interfaces/msg/detail/turtle_array__builder.hpp
[17.745s] -- Installing: /home/jefri/ros2_ws/src/install/my_robot_interfaces/include/my_robot_interfaces/my_robot_interfaces/msg/hardwarestatus.hpp
[17.745s] -- Installing: /home/jefri/ros2_ws/src/install/my_robot_interfaces/include/my_robot_interfaces/my_robot_interfaces/msg/turtle.hpp
[17.746s] -- Up-to-date: /home/jefri/ros2_ws/src/install/my_robot_interfaces/include/my_robot_interfaces/my_robot_interfaces
[17.746s] -- Up-to-date: /home/jefri/ros2_ws/src/install/my_robot_interfaces/include/my_robot_interfaces/my_robot_interfaces/msg
[17.746s] -- Up-to-date: /home/jefri/ros2_ws/src/install/my_robot_interfaces/include/my_robot_interfaces/my_robot_interfaces/msg/detail
[17.746s] -- Installing: /home/jefri/ros2_ws/src/install/my_robot_interfaces/include/my_robot_interfaces/my_robot_interfaces/msg/detail/hardwarestatus__rosidl_typesupport_fastrtps_cpp.hpp
[17.746s] -- Installing: /home/jefri/ros2_ws/src/install/my_robot_interfaces/include/my_robot_interfaces/my_robot_interfaces/msg/detail/turtle__rosidl_typesupport_fastrtps_cpp.hpp
[17.746s] -- Installing: /home/jefri/ros2_ws/src/install/my_robot_interfaces/include/my_robot_interfaces/my_robot_interfaces/msg/detail/turtle_array__rosidl_typesupport_fastrtps_cpp.hpp
[17.751s] -- Installing: /home/jefri/ros2_ws/src/install/my_robot_interfaces/include/my_robot_interfaces/my_robot_interfaces/msg/detail/dds_fastrtps
[17.751s] -- Installing: /home/jefri/ros2_ws/src/install/my_robot_interfaces/include/my_robot_interfaces/my_robot_interfaces/msg/rosidl_typesupport_fastrtps_cpp__visibility_control.h
[17.751s] -- Installing: /home/jefri/ros2_ws/src/install/my_robot_interfaces/lib/libmy_robot_interfaces__rosidl_typesupport_fastrtps_cpp.so
[17.752s] -- Set runtime path of "/home/jefri/ros2_ws/src/install/my_robot_interfaces/lib/libmy_robot_interfaces__rosidl_typesupport_fastrtps_cpp.so" to ""
[17.752s] -- Up-to-date: /home/jefri/ros2_ws/src/install/my_robot_interfaces/include/my_robot_interfaces/my_robot_interfaces
[17.752s] -- Up-to-date: /home/jefri/ros2_ws/src/install/my_robot_interfaces/include/my_robot_interfaces/my_robot_interfaces/msg
[17.752s] -- Up-to-date: /home/jefri/ros2_ws/src/install/my_robot_interfaces/include/my_robot_interfaces/my_robot_interfaces/msg/detail
[17.752s] -- Installing: /home/jefri/ros2_ws/src/install/my_robot_interfaces/include/my_robot_interfaces/my_robot_interfaces/msg/detail/hardwarestatus__rosidl_typesupport_introspection_cpp.hpp
[17.752s] -- Installing: /home/jefri/ros2_ws/src/install/my_robot_interfaces/include/my_robot_interfaces/my_robot_interfaces/msg/detail/hardwarestatus__type_support.cpp
[17.757s] -- Installing: /home/jefri/ros2_ws/src/install/my_robot_interfaces/include/my_robot_interfaces/my_robot_interfaces/msg/detail/turtle_array__type_support.cpp
[17.760s] -- Installing: /home/jefri/ros2_ws/src/install/my_robot_interfaces/include/my_robot_interfaces/my_robot_interfaces/msg/detail/turtle__type_support.cpp
[17.760s] -- Installing: /home/jefri/ros2_ws/src/install/my_robot_interfaces/include/my_robot_interfaces/my_robot_interfaces/msg/detail/turtle_array__rosidl_typesupport_introspection_cpp.hpp
[17.760s] -- Installing: /home/jefri/ros2_ws/src/install/my_robot_interfaces/include/my_robot_interfaces/my_robot_interfaces/msg/detail/turtle__rosidl_typesupport_introspection_cpp.hpp
[17.760s] -- Installing: /home/jefri/ros2_ws/src/install/my_robot_interfaces/lib/libmy_robot_interfaces__rosidl_typesupport_introspection_cpp.so
[17.760s] -- Set runtime path of "/home/jefri/ros2_ws/src/install/my_robot_interfaces/lib/libmy_robot_interfaces__rosidl_typesupport_introspection_cpp.so" to ""
[17.761s] -- Installing: /home/jefri/ros2_ws/src/install/my_robot_interfaces/lib/libmy_robot_interfaces__rosidl_typesupport_cpp.so
[17.761s] -- Set runtime path of "/home/jefri/ros2_ws/src/install/my_robot_interfaces/lib/libmy_robot_interfaces__rosidl_typesupport_cpp.so" to ""
[17.761s] -- Installing: /home/jefri/ros2_ws/src/install/my_robot_interfaces/share/my_robot_interfaces/environment/pythonpath.sh
[17.761s] -- Installing: /home/jefri/ros2_ws/src/install/my_robot_interfaces/share/my_robot_interfaces/environment/pythonpath.dsv
[17.761s] -- Installing: /home/jefri/ros2_ws/src/install/my_robot_interfaces/local/lib/python3.10/dist-packages/my_robot_interfaces-0.0.0-py3.10.egg-info
[17.761s] -- Installing: /home/jefri/ros2_ws/src/install/my_robot_interfaces/local/lib/python3.10/dist-packages/my_robot_interfaces-0.0.0-py3.10.egg-info/PKG-INFO
[17.766s] -- Installing: /home/jefri/ros2_ws/src/install/my_robot_interfaces/local/lib/python3.10/dist-packages/my_robot_interfaces-0.0.0-py3.10.egg-info/dependency_links.txt
[17.766s] -- Installing: /home/jefri/ros2_ws/src/install/my_robot_interfaces/local/lib/python3.10/dist-packages/my_robot_interfaces-0.0.0-py3.10.egg-info/top_level.txt
[17.766s] -- Installing: /home/jefri/ros2_ws/src/install/my_robot_interfaces/local/lib/python3.10/dist-packages/my_robot_interfaces-0.0.0-py3.10.egg-info/SOURCES.txt
[17.766s] -- Installing: /home/jefri/ros2_ws/src/install/my_robot_interfaces/local/lib/python3.10/dist-packages/my_robot_interfaces
[17.766s] -- Installing: /home/jefri/ros2_ws/src/install/my_robot_interfaces/local/lib/python3.10/dist-packages/my_robot_interfaces/my_robot_interfaces_s__rosidl_typesupport_introspection_c.cpython-310-x86_64-linux-gnu.so
[17.766s] -- Installing: /home/jefri/ros2_ws/src/install/my_robot_interfaces/local/lib/python3.10/dist-packages/my_robot_interfaces/libmy_robot_interfaces__rosidl_generator_py.so
[17.767s] -- Installing: /home/jefri/ros2_ws/src/install/my_robot_interfaces/local/lib/python3.10/dist-packages/my_robot_interfaces/_my_robot_interfaces_s.ep.rosidl_typesupport_introspection_c.c
[17.767s] -- Installing: /home/jefri/ros2_ws/src/install/my_robot_interfaces/local/lib/python3.10/dist-packages/my_robot_interfaces/my_robot_interfaces_s__rosidl_typesupport_fastrtps_c.cpython-310-x86_64-linux-gnu.so
[17.767s] -- Installing: /home/jefri/ros2_ws/src/install/my_robot_interfaces/local/lib/python3.10/dist-packages/my_robot_interfaces/_my_robot_interfaces_s.ep.rosidl_typesupport_fastrtps_c.c
[17.767s] -- Installing: /home/jefri/ros2_ws/src/install/my_robot_interfaces/local/lib/python3.10/dist-packages/my_robot_interfaces/_my_robot_interfaces_s.ep.rosidl_typesupport_c.c
[17.767s] -- Installing: /home/jefri/ros2_ws/src/install/my_robot_interfaces/local/lib/python3.10/dist-packages/my_robot_interfaces/__init__.py
[17.767s] -- Installing: /home/jefri/ros2_ws/src/install/my_robot_interfaces/local/lib/python3.10/dist-packages/my_robot_interfaces/my_robot_interfaces_s__rosidl_typesupport_c.cpython-310-x86_64-linux-gnu.so
[17.774s] -- Installing: /home/jefri/ros2_ws/src/install/my_robot_interfaces/local/lib/python3.10/dist-packages/my_robot_interfaces/msg
[17.774s] -- Installing: /home/jefri/ros2_ws/src/install/my_robot_interfaces/local/lib/python3.10/dist-packages/my_robot_interfaces/msg/_turtle_array_s.c
[17.774s] -- Installing: /home/jefri/ros2_ws/src/install/my_robot_interfaces/local/lib/python3.10/dist-packages/my_robot_interfaces/msg/_turtle_s.c
[17.774s] -- Installing: /home/jefri/ros2_ws/src/install/my_robot_interfaces/local/lib/python3.10/dist-packages/my_robot_interfaces/msg/_turtle_array.py
[17.774s] -- Installing: /home/jefri/ros2_ws/src/install/my_robot_interfaces/local/lib/python3.10/dist-packages/my_robot_interfaces/msg/_hardwarestatus_s.c
[17.774s] -- Installing: /home/jefri/ros2_ws/src/install/my_robot_interfaces/local/lib/python3.10/dist-packages/my_robot_interfaces/msg/__init__.py
[17.775s] -- Installing: /home/jefri/ros2_ws/src/install/my_robot_interfaces/local/lib/python3.10/dist-packages/my_robot_interfaces/msg/_turtle.py
[17.775s] -- Installing: /home/jefri/ros2_ws/src/install/my_robot_interfaces/local/lib/python3.10/dist-packages/my_robot_interfaces/msg/_hardwarestatus.py
[17.799s] Listing '/home/jefri/ros2_ws/src/install/my_robot_interfaces/local/lib/python3.10/dist-packages/my_robot_interfaces'...
[17.799s] Compiling '/home/jefri/ros2_ws/src/install/my_robot_interfaces/local/lib/python3.10/dist-packages/my_robot_interfaces/__init__.py'...
[17.799s] Listing '/home/jefri/ros2_ws/src/install/my_robot_interfaces/local/lib/python3.10/dist-packages/my_robot_interfaces/msg'...
[17.799s] Compiling '/home/jefri/ros2_ws/src/install/my_robot_interfaces/local/lib/python3.10/dist-packages/my_robot_interfaces/msg/__init__.py'...
[17.800s] Compiling '/home/jefri/ros2_ws/src/install/my_robot_interfaces/local/lib/python3.10/dist-packages/my_robot_interfaces/msg/_hardwarestatus.py'...
[17.800s] Compiling '/home/jefri/ros2_ws/src/install/my_robot_interfaces/local/lib/python3.10/dist-packages/my_robot_interfaces/msg/_turtle.py'...
[17.800s] Compiling '/home/jefri/ros2_ws/src/install/my_robot_interfaces/local/lib/python3.10/dist-packages/my_robot_interfaces/msg/_turtle_array.py'...
[17.812s] -- Installing: /home/jefri/ros2_ws/src/install/my_robot_interfaces/local/lib/python3.10/dist-packages/my_robot_interfaces/my_robot_interfaces_s__rosidl_typesupport_fastrtps_c.cpython-310-x86_64-linux-gnu.so
[17.812s] -- Set runtime path of "/home/jefri/ros2_ws/src/install/my_robot_interfaces/local/lib/python3.10/dist-packages/my_robot_interfaces/my_robot_interfaces_s__rosidl_typesupport_fastrtps_c.cpython-310-x86_64-linux-gnu.so" to ""
[17.813s] -- Installing: /home/jefri/ros2_ws/src/install/my_robot_interfaces/local/lib/python3.10/dist-packages/my_robot_interfaces/my_robot_interfaces_s__rosidl_typesupport_introspection_c.cpython-310-x86_64-linux-gnu.so
[17.813s] -- Set runtime path of "/home/jefri/ros2_ws/src/install/my_robot_interfaces/local/lib/python3.10/dist-packages/my_robot_interfaces/my_robot_interfaces_s__rosidl_typesupport_introspection_c.cpython-310-x86_64-linux-gnu.so" to ""
[17.814s] -- Installing: /home/jefri/ros2_ws/src/install/my_robot_interfaces/local/lib/python3.10/dist-packages/my_robot_interfaces/my_robot_interfaces_s__rosidl_typesupport_c.cpython-310-x86_64-linux-gnu.so
[17.815s] -- Set runtime path of "/home/jefri/ros2_ws/src/install/my_robot_interfaces/local/lib/python3.10/dist-packages/my_robot_interfaces/my_robot_interfaces_s__rosidl_typesupport_c.cpython-310-x86_64-linux-gnu.so" to ""
[17.816s] -- Installing: /home/jefri/ros2_ws/src/install/my_robot_interfaces/lib/libmy_robot_interfaces__rosidl_generator_py.so
[17.816s] -- Set runtime path of "/home/jefri/ros2_ws/src/install/my_robot_interfaces/lib/libmy_robot_interfaces__rosidl_generator_py.so" to ""
[17.817s] -- Installing: /home/jefri/ros2_ws/src/install/my_robot_interfaces/share/my_robot_interfaces/msg/Hardwarestatus.idl
[17.818s] -- Installing: /home/jefri/ros2_ws/src/install/my_robot_interfaces/share/my_robot_interfaces/msg/Turtle.idl
[17.820s] -- Installing: /home/jefri/ros2_ws/src/install/my_robot_interfaces/share/my_robot_interfaces/msg/TurtleArray.idl
[17.820s] -- Installing: /home/jefri/ros2_ws/src/install/my_robot_interfaces/share/my_robot_interfaces/msg/Hardwarestatus.msg
[17.821s] -- Installing: /home/jefri/ros2_ws/src/install/my_robot_interfaces/share/my_robot_interfaces/msg/Turtle.msg
[17.822s] -- Installing: /home/jefri/ros2_ws/src/install/my_robot_interfaces/share/my_robot_interfaces/msg/TurtleArray.msg
[17.824s] -- Installing: /home/jefri/ros2_ws/src/install/my_robot_interfaces/share/ament_index/resource_index/package_run_dependencies/my_robot_interfaces
[17.824s] -- Installing: /home/jefri/ros2_ws/src/install/my_robot_interfaces/share/ament_index/resource_index/parent_prefix_path/my_robot_interfaces
[17.826s] -- Installing: /home/jefri/ros2_ws/src/install/my_robot_interfaces/share/my_robot_interfaces/environment/ament_prefix_path.sh
[17.827s] -- Installing: /home/jefri/ros2_ws/src/install/my_robot_interfaces/share/my_robot_interfaces/environment/ament_prefix_path.dsv
[17.827s] -- Installing: /home/jefri/ros2_ws/src/install/my_robot_interfaces/share/my_robot_interfaces/environment/path.sh
[17.827s] -- Installing: /home/jefri/ros2_ws/src/install/my_robot_interfaces/share/my_robot_interfaces/environment/path.dsv
[17.827s] -- Installing: /home/jefri/ros2_ws/src/install/my_robot_interfaces/share/my_robot_interfaces/local_setup.bash
[17.828s] -- Installing: /home/jefri/ros2_ws/src/install/my_robot_interfaces/share/my_robot_interfaces/local_setup.sh
[17.828s] -- Installing: /home/jefri/ros2_ws/src/install/my_robot_interfaces/share/my_robot_interfaces/local_setup.zsh
[17.829s] -- Installing: /home/jefri/ros2_ws/src/install/my_robot_interfaces/share/my_robot_interfaces/local_setup.dsv
[17.829s] -- Installing: /home/jefri/ros2_ws/src/install/my_robot_interfaces/share/my_robot_interfaces/package.dsv
[17.831s] -- Installing: /home/jefri/ros2_ws/src/install/my_robot_interfaces/share/ament_index/resource_index/packages/my_robot_interfaces
[17.831s] -- Installing: /home/jefri/ros2_ws/src/install/my_robot_interfaces/share/my_robot_interfaces/cmake/export_my_robot_interfaces__rosidl_generator_cExport.cmake
[17.832s] -- Installing: /home/jefri/ros2_ws/src/install/my_robot_interfaces/share/my_robot_interfaces/cmake/export_my_robot_interfaces__rosidl_generator_cExport-noconfig.cmake
[17.832s] -- Installing: /home/jefri/ros2_ws/src/install/my_robot_interfaces/share/my_robot_interfaces/cmake/export_my_robot_interfaces__rosidl_typesupport_fastrtps_cExport.cmake
[17.833s] -- Installing: /home/jefri/ros2_ws/src/install/my_robot_interfaces/share/my_robot_interfaces/cmake/export_my_robot_interfaces__rosidl_typesupport_fastrtps_cExport-noconfig.cmake
[17.834s] -- Installing: /home/jefri/ros2_ws/src/install/my_robot_interfaces/share/my_robot_interfaces/cmake/my_robot_interfaces__rosidl_typesupport_introspection_cExport.cmake
[17.835s] -- Installing: /home/jefri/ros2_ws/src/install/my_robot_interfaces/share/my_robot_interfaces/cmake/my_robot_interfaces__rosidl_typesupport_introspection_cExport-noconfig.cmake
[17.835s] -- Installing: /home/jefri/ros2_ws/src/install/my_robot_interfaces/share/my_robot_interfaces/cmake/my_robot_interfaces__rosidl_typesupport_cExport.cmake
[17.836s] -- Installing: /home/jefri/ros2_ws/src/install/my_robot_interfaces/share/my_robot_interfaces/cmake/my_robot_interfaces__rosidl_typesupport_cExport-noconfig.cmake
[17.837s] -- Installing: /home/jefri/ros2_ws/src/install/my_robot_interfaces/share/my_robot_interfaces/cmake/export_my_robot_interfaces__rosidl_generator_cppExport.cmake
[17.838s] -- Installing: /home/jefri/ros2_ws/src/install/my_robot_interfaces/share/my_robot_interfaces/cmake/export_my_robot_interfaces__rosidl_typesupport_fastrtps_cppExport.cmake
[17.838s] -- Installing: /home/jefri/ros2_ws/src/install/my_robot_interfaces/share/my_robot_interfaces/cmake/export_my_robot_interfaces__rosidl_typesupport_fastrtps_cppExport-noconfig.cmake
[17.840s] -- Installing: /home/jefri/ros2_ws/src/install/my_robot_interfaces/share/my_robot_interfaces/cmake/my_robot_interfaces__rosidl_typesupport_introspection_cppExport.cmake
[17.840s] -- Installing: /home/jefri/ros2_ws/src/install/my_robot_interfaces/share/my_robot_interfaces/cmake/my_robot_interfaces__rosidl_typesupport_introspection_cppExport-noconfig.cmake
[17.840s] -- Installing: /home/jefri/ros2_ws/src/install/my_robot_interfaces/share/my_robot_interfaces/cmake/my_robot_interfaces__rosidl_typesupport_cppExport.cmake
[17.840s] -- Installing: /home/jefri/ros2_ws/src/install/my_robot_interfaces/share/my_robot_interfaces/cmake/my_robot_interfaces__rosidl_typesupport_cppExport-noconfig.cmake
[17.840s] -- Installing: /home/jefri/ros2_ws/src/install/my_robot_interfaces/share/my_robot_interfaces/cmake/export_my_robot_interfaces__rosidl_generator_pyExport.cmake
[17.840s] -- Installing: /home/jefri/ros2_ws/src/install/my_robot_interfaces/share/my_robot_interfaces/cmake/export_my_robot_interfaces__rosidl_generator_pyExport-noconfig.cmake
[17.841s] -- Installing: /home/jefri/ros2_ws/src/install/my_robot_interfaces/share/my_robot_interfaces/cmake/rosidl_cmake-extras.cmake
[17.841s] -- Installing: /home/jefri/ros2_ws/src/install/my_robot_interfaces/share/my_robot_interfaces/cmake/ament_cmake_export_dependencies-extras.cmake
[17.841s] -- Installing: /home/jefri/ros2_ws/src/install/my_robot_interfaces/share/my_robot_interfaces/cmake/ament_cmake_export_include_directories-extras.cmake
[17.841s] -- Installing: /home/jefri/ros2_ws/src/install/my_robot_interfaces/share/my_robot_interfaces/cmake/ament_cmake_export_libraries-extras.cmake
[17.841s] -- Installing: /home/jefri/ros2_ws/src/install/my_robot_interfaces/share/my_robot_interfaces/cmake/ament_cmake_export_targets-extras.cmake
[17.841s] -- Installing: /home/jefri/ros2_ws/src/install/my_robot_interfaces/share/my_robot_interfaces/cmake/rosidl_cmake_export_typesupport_targets-extras.cmake
[17.843s] -- Installing: /home/jefri/ros2_ws/src/install/my_robot_interfaces/share/my_robot_interfaces/cmake/rosidl_cmake_export_typesupport_libraries-extras.cmake
[17.843s] -- Installing: /home/jefri/ros2_ws/src/install/my_robot_interfaces/share/my_robot_interfaces/cmake/my_robot_interfacesConfig.cmake
[17.843s] -- Installing: /home/jefri/ros2_ws/src/install/my_robot_interfaces/share/my_robot_interfaces/cmake/my_robot_interfacesConfig-version.cmake
[17.843s] -- Installing: /home/jefri/ros2_ws/src/install/my_robot_interfaces/share/my_robot_interfaces/package.xml
[17.844s] Invoked command in '/home/jefri/ros2_ws/src/build/my_robot_interfaces' returned '0': CMAKE_PREFIX_PATH=${CMAKE_PREFIX_PATH}:/home/jefri/ros2_ws/install/my_robot_controller:/home/jefri/ros2_ws/install/add_integers:/opt/ros/humble /usr/bin/cmake --install /home/jefri/ros2_ws/src/build/my_robot_interfaces
