[2.000s] Invoking command in '/home/jefri/ros2_ws/build/my_robot_controller': PYTHONPATH=/home/jefri/ros2_ws/build/my_robot_controller/prefix_override:/usr/lib/python3/dist-packages/colcon_core/task/python/colcon_distutils_commands:/home/jefri/ros2_ws/install/my_robot_controller/lib/python3.10/site-packages:${PYTHONPATH} /usr/bin/python3 -W ignore:setup.py install is deprecated setup.py develop --editable --build-directory /home/jefri/ros2_ws/build/my_robot_controller/build --no-deps symlink_data --force
[2.814s] running develop
[3.390s] running egg_info
[3.390s] writing my_robot_controller.egg-info/PKG-INFO
[3.391s] writing dependency_links to my_robot_controller.egg-info/dependency_links.txt
[3.391s] writing entry points to my_robot_controller.egg-info/entry_points.txt
[3.392s] writing requirements to my_robot_controller.egg-info/requires.txt
[3.393s] writing top-level names to my_robot_controller.egg-info/top_level.txt
[3.398s] reading manifest file 'my_robot_controller.egg-info/SOURCES.txt'
[3.400s] writing manifest file 'my_robot_controller.egg-info/SOURCES.txt'
[3.404s] running build_ext
[3.406s] Creating /home/jefri/ros2_ws/install/my_robot_controller/lib/python3.10/site-packages/my-robot-controller.egg-link (link to .)
[3.407s] Installing add_int_server script to /home/jefri/ros2_ws/install/my_robot_controller/lib/my_robot_controller
[3.407s] Installing publisher script to /home/jefri/ros2_ws/install/my_robot_controller/lib/my_robot_controller
[3.407s] Installing subscribe script to /home/jefri/ros2_ws/install/my_robot_controller/lib/my_robot_controller
[3.408s] Installing test_node script to /home/jefri/ros2_ws/install/my_robot_controller/lib/my_robot_controller
[3.408s] 
[3.409s] Installed /home/jefri/ros2_ws/build/my_robot_controller
[3.409s] running symlink_data
[3.410s] symbolically linking /home/jefri/ros2_ws/build/my_robot_controller/resource/my_robot_controller -> /home/jefri/ros2_ws/install/my_robot_controller/share/ament_index/resource_index/packages
[3.410s] symbolically linking /home/jefri/ros2_ws/build/my_robot_controller/package.xml -> /home/jefri/ros2_ws/install/my_robot_controller/share/my_robot_controller
[3.520s] Invoked command in '/home/jefri/ros2_ws/build/my_robot_controller' returned '0': PYTHONPATH=/home/jefri/ros2_ws/build/my_robot_controller/prefix_override:/usr/lib/python3/dist-packages/colcon_core/task/python/colcon_distutils_commands:/home/jefri/ros2_ws/install/my_robot_controller/lib/python3.10/site-packages:${PYTHONPATH} /usr/bin/python3 -W ignore:setup.py install is deprecated setup.py develop --editable --build-directory /home/jefri/ros2_ws/build/my_robot_controller/build --no-deps symlink_data --force
