[2.675s] Invoking command in '/home/jefri/ros2_ws/build/add_integers': CMAKE_PREFIX_PATH=/home/jefri/ros2_ws/install/custom_interfaces:/home/jefri/ros2_ws/src/install/my_robot_interfaces:/home/jefri/ros2_ws/install/my_robot_interfaces LD_LIBRARY_PATH=/home/jefri/ros2_ws/install/custom_interfaces/lib:/home/jefri/ros2_ws/src/install/my_robot_interfaces/lib:/home/jefri/ros2_ws/install/my_robot_interfaces/lib:/usr/lib/x86_64-linux-gnu/gazebo-11/plugins:/opt/ros/humble/opt/rviz_ogre_vendor/lib:/opt/ros/humble/lib/x86_64-linux-gnu:/opt/ros/humble/lib PYTHONPATH=/home/jefri/ros2_ws/build/add_integers/prefix_override:/usr/lib/python3/dist-packages/colcon_core/task/python/colcon_distutils_commands:/home/jefri/ros2_ws/install/add_integers/lib/python3.10/site-packages:${PYTHONPATH} /usr/bin/python3 -W ignore:setup.py install is deprecated setup.py develop --editable --build-directory /home/jefri/ros2_ws/build/add_integers/build --no-deps symlink_data
[3.404s] running develop
[3.932s] running egg_info
[3.932s] creating add_integers.egg-info
[3.937s] writing add_integers.egg-info/PKG-INFO
[3.940s] writing dependency_links to add_integers.egg-info/dependency_links.txt
[3.941s] writing entry points to add_integers.egg-info/entry_points.txt
[3.943s] writing requirements to add_integers.egg-info/requires.txt
[3.949s] writing top-level names to add_integers.egg-info/top_level.txt
[3.949s] writing manifest file 'add_integers.egg-info/SOURCES.txt'
[3.956s] reading manifest file 'add_integers.egg-info/SOURCES.txt'
[3.959s] writing manifest file 'add_integers.egg-info/SOURCES.txt'
[3.964s] running build_ext
[3.968s] Creating /home/jefri/ros2_ws/install/add_integers/lib/python3.10/site-packages/add-integers.egg-link (link to .)
[3.969s] Installing addition_client script to /home/jefri/ros2_ws/install/add_integers/lib/add_integers
[3.973s] Installing addition_service script to /home/jefri/ros2_ws/install/add_integers/lib/add_integers
[3.977s] 
[3.980s] Installed /home/jefri/ros2_ws/build/add_integers
[3.983s] running symlink_data
[3.986s] creating /home/jefri/ros2_ws/install/add_integers/share/ament_index
[3.987s] creating /home/jefri/ros2_ws/install/add_integers/share/ament_index/resource_index
[3.987s] creating /home/jefri/ros2_ws/install/add_integers/share/ament_index/resource_index/packages
[3.987s] symbolically linking /home/jefri/ros2_ws/build/add_integers/resource/add_integers -> /home/jefri/ros2_ws/install/add_integers/share/ament_index/resource_index/packages
[3.987s] symbolically linking /home/jefri/ros2_ws/build/add_integers/package.xml -> /home/jefri/ros2_ws/install/add_integers/share/add_integers
[4.119s] Invoked command in '/home/jefri/ros2_ws/build/add_integers' returned '0': CMAKE_PREFIX_PATH=/home/jefri/ros2_ws/install/custom_interfaces:/home/jefri/ros2_ws/src/install/my_robot_interfaces:/home/jefri/ros2_ws/install/my_robot_interfaces LD_LIBRARY_PATH=/home/jefri/ros2_ws/install/custom_interfaces/lib:/home/jefri/ros2_ws/src/install/my_robot_interfaces/lib:/home/jefri/ros2_ws/install/my_robot_interfaces/lib:/usr/lib/x86_64-linux-gnu/gazebo-11/plugins:/opt/ros/humble/opt/rviz_ogre_vendor/lib:/opt/ros/humble/lib/x86_64-linux-gnu:/opt/ros/humble/lib PYTHONPATH=/home/jefri/ros2_ws/build/add_integers/prefix_override:/usr/lib/python3/dist-packages/colcon_core/task/python/colcon_distutils_commands:/home/jefri/ros2_ws/install/add_integers/lib/python3.10/site-packages:${PYTHONPATH} /usr/bin/python3 -W ignore:setup.py install is deprecated setup.py develop --editable --build-directory /home/jefri/ros2_ws/build/add_integers/build --no-deps symlink_data
