[0.206s] DEBUG:colcon:Command line arguments: ['/usr/bin/colcon', 'build']
[0.207s] DEBUG:colcon:Parsed command line arguments: Namespace(log_base=None, log_level=None, verb_name='build', build_base='build', install_base='install', merge_install=False, symlink_install=False, test_result_base=None, continue_on_error=False, executor='parallel', parallel_workers=2, event_handlers=None, ignore_user_meta=False, metas=['./colcon.meta'], base_paths=['.'], packages_ignore=None, packages_ignore_regex=None, paths=None, packages_up_to=None, packages_up_to_regex=None, packages_above=None, packages_above_and_dependencies=None, packages_above_depth=None, packages_select_by_dep=None, packages_skip_by_dep=None, packages_skip_up_to=None, packages_select_build_failed=False, packages_skip_build_finished=False, packages_select_test_failures=False, packages_skip_test_passed=False, packages_select=None, packages_skip=None, packages_select_regex=None, packages_skip_regex=None, packages_start=None, packages_end=None, allow_overriding=[], cmake_args=None, cmake_target=None, cmake_target_skip_unavailable=False, cmake_clean_cache=False, cmake_clean_first=False, cmake_force_configure=False, ament_cmake_args=None, catkin_cmake_args=None, catkin_skip_building_tests=False, mixin_files=None, mixin=None, verb_parser=<colcon_mixin.mixin.mixin_argument.MixinArgumentDecorator object at 0x76ebca03f7f0>, verb_extension=<colcon_core.verb.build.BuildVerb object at 0x76ebca03f1f0>, main=<bound method BuildVerb.main of <colcon_core.verb.build.BuildVerb object at 0x76ebca03f1f0>>, mixin_verb=('build',))
[0.547s] Level 1:colcon.colcon_core.package_discovery:discover_packages(colcon_meta) check parameters
[0.547s] Level 1:colcon.colcon_core.package_discovery:discover_packages(recursive) check parameters
[0.547s] Level 1:colcon.colcon_core.package_discovery:discover_packages(ignore) check parameters
[0.547s] Level 1:colcon.colcon_core.package_discovery:discover_packages(path) check parameters
[0.547s] Level 1:colcon.colcon_core.package_discovery:discover_packages(colcon_meta) discover
[0.548s] Level 1:colcon.colcon_core.package_discovery:discover_packages(recursive) discover
[0.548s] INFO:colcon.colcon_core.package_discovery:Crawling recursively for packages in '/home/jefri/ros2_ws'
[0.548s] Level 1:colcon.colcon_core.package_identification:_identify(.) by extensions ['ignore', 'ignore_ament_install']
[0.548s] Level 1:colcon.colcon_core.package_identification:_identify(.) by extension 'ignore'
[0.548s] Level 1:colcon.colcon_core.package_identification:_identify(.) by extension 'ignore_ament_install'
[0.548s] Level 1:colcon.colcon_core.package_identification:_identify(.) by extensions ['colcon_pkg']
[0.548s] Level 1:colcon.colcon_core.package_identification:_identify(.) by extension 'colcon_pkg'
[0.548s] Level 1:colcon.colcon_core.package_identification:_identify(.) by extensions ['colcon_meta']
[0.548s] Level 1:colcon.colcon_core.package_identification:_identify(.) by extension 'colcon_meta'
[0.549s] Level 1:colcon.colcon_core.package_identification:_identify(.) by extensions ['ros']
[0.549s] Level 1:colcon.colcon_core.package_identification:_identify(.) by extension 'ros'
[0.593s] Level 1:colcon.colcon_core.package_identification:_identify(.) by extensions ['cmake', 'python']
[0.593s] Level 1:colcon.colcon_core.package_identification:_identify(.) by extension 'cmake'
[0.593s] Level 1:colcon.colcon_core.package_identification:_identify(.) by extension 'python'
[0.593s] Level 1:colcon.colcon_core.package_identification:_identify(.) by extensions ['python_setup_py']
[0.593s] Level 1:colcon.colcon_core.package_identification:_identify(.) by extension 'python_setup_py'
[0.594s] Level 1:colcon.colcon_core.package_identification:_identify(build) by extensions ['ignore', 'ignore_ament_install']
[0.594s] Level 1:colcon.colcon_core.package_identification:_identify(build) by extension 'ignore'
[0.594s] Level 1:colcon.colcon_core.package_identification:_identify(build) ignored
[0.594s] Level 1:colcon.colcon_core.package_identification:_identify(install) by extensions ['ignore', 'ignore_ament_install']
[0.595s] Level 1:colcon.colcon_core.package_identification:_identify(install) by extension 'ignore'
[0.595s] Level 1:colcon.colcon_core.package_identification:_identify(install) ignored
[0.595s] Level 1:colcon.colcon_core.package_identification:_identify(log) by extensions ['ignore', 'ignore_ament_install']
[0.595s] Level 1:colcon.colcon_core.package_identification:_identify(log) by extension 'ignore'
[0.595s] Level 1:colcon.colcon_core.package_identification:_identify(log) ignored
[0.595s] Level 1:colcon.colcon_core.package_identification:_identify(src) by extensions ['ignore', 'ignore_ament_install']
[0.596s] Level 1:colcon.colcon_core.package_identification:_identify(src) by extension 'ignore'
[0.596s] Level 1:colcon.colcon_core.package_identification:_identify(src) by extension 'ignore_ament_install'
[0.596s] Level 1:colcon.colcon_core.package_identification:_identify(src) by extensions ['colcon_pkg']
[0.596s] Level 1:colcon.colcon_core.package_identification:_identify(src) by extension 'colcon_pkg'
[0.596s] Level 1:colcon.colcon_core.package_identification:_identify(src) by extensions ['colcon_meta']
[0.596s] Level 1:colcon.colcon_core.package_identification:_identify(src) by extension 'colcon_meta'
[0.596s] Level 1:colcon.colcon_core.package_identification:_identify(src) by extensions ['ros']
[0.596s] Level 1:colcon.colcon_core.package_identification:_identify(src) by extension 'ros'
[0.596s] Level 1:colcon.colcon_core.package_identification:_identify(src) by extensions ['cmake', 'python']
[0.596s] Level 1:colcon.colcon_core.package_identification:_identify(src) by extension 'cmake'
[0.596s] Level 1:colcon.colcon_core.package_identification:_identify(src) by extension 'python'
[0.596s] Level 1:colcon.colcon_core.package_identification:_identify(src) by extensions ['python_setup_py']
[0.597s] Level 1:colcon.colcon_core.package_identification:_identify(src) by extension 'python_setup_py'
[0.597s] Level 1:colcon.colcon_core.package_identification:_identify(src/add_integers) by extensions ['ignore', 'ignore_ament_install']
[0.597s] Level 1:colcon.colcon_core.package_identification:_identify(src/add_integers) by extension 'ignore'
[0.597s] Level 1:colcon.colcon_core.package_identification:_identify(src/add_integers) by extension 'ignore_ament_install'
[0.597s] Level 1:colcon.colcon_core.package_identification:_identify(src/add_integers) by extensions ['colcon_pkg']
[0.597s] Level 1:colcon.colcon_core.package_identification:_identify(src/add_integers) by extension 'colcon_pkg'
[0.597s] Level 1:colcon.colcon_core.package_identification:_identify(src/add_integers) by extensions ['colcon_meta']
[0.597s] Level 1:colcon.colcon_core.package_identification:_identify(src/add_integers) by extension 'colcon_meta'
[0.597s] Level 1:colcon.colcon_core.package_identification:_identify(src/add_integers) by extensions ['ros']
[0.597s] Level 1:colcon.colcon_core.package_identification:_identify(src/add_integers) by extension 'ros'
[0.602s] DEBUG:colcon.colcon_core.package_identification:Package 'src/add_integers' with type 'ros.ament_python' and name 'add_integers'
[0.602s] Level 1:colcon.colcon_core.package_identification:_identify(src/build) by extensions ['ignore', 'ignore_ament_install']
[0.603s] Level 1:colcon.colcon_core.package_identification:_identify(src/build) by extension 'ignore'
[0.603s] Level 1:colcon.colcon_core.package_identification:_identify(src/build) ignored
[0.603s] Level 1:colcon.colcon_core.package_identification:_identify(src/custom_interfaces) by extensions ['ignore', 'ignore_ament_install']
[0.603s] Level 1:colcon.colcon_core.package_identification:_identify(src/custom_interfaces) by extension 'ignore'
[0.603s] Level 1:colcon.colcon_core.package_identification:_identify(src/custom_interfaces) by extension 'ignore_ament_install'
[0.603s] Level 1:colcon.colcon_core.package_identification:_identify(src/custom_interfaces) by extensions ['colcon_pkg']
[0.604s] Level 1:colcon.colcon_core.package_identification:_identify(src/custom_interfaces) by extension 'colcon_pkg'
[0.604s] Level 1:colcon.colcon_core.package_identification:_identify(src/custom_interfaces) by extensions ['colcon_meta']
[0.604s] Level 1:colcon.colcon_core.package_identification:_identify(src/custom_interfaces) by extension 'colcon_meta'
[0.604s] Level 1:colcon.colcon_core.package_identification:_identify(src/custom_interfaces) by extensions ['ros']
[0.604s] Level 1:colcon.colcon_core.package_identification:_identify(src/custom_interfaces) by extension 'ros'
[0.605s] DEBUG:colcon.colcon_core.package_identification:Package 'src/custom_interfaces' with type 'ros.ament_cmake' and name 'custom_interfaces'
[0.605s] Level 1:colcon.colcon_core.package_identification:_identify(src/install) by extensions ['ignore', 'ignore_ament_install']
[0.606s] Level 1:colcon.colcon_core.package_identification:_identify(src/install) by extension 'ignore'
[0.606s] Level 1:colcon.colcon_core.package_identification:_identify(src/install) ignored
[0.606s] Level 1:colcon.colcon_core.package_identification:_identify(src/log) by extensions ['ignore', 'ignore_ament_install']
[0.606s] Level 1:colcon.colcon_core.package_identification:_identify(src/log) by extension 'ignore'
[0.606s] Level 1:colcon.colcon_core.package_identification:_identify(src/log) ignored
[0.606s] Level 1:colcon.colcon_core.package_identification:_identify(src/my_robot_controller) by extensions ['ignore', 'ignore_ament_install']
[0.607s] Level 1:colcon.colcon_core.package_identification:_identify(src/my_robot_controller) by extension 'ignore'
[0.607s] Level 1:colcon.colcon_core.package_identification:_identify(src/my_robot_controller) by extension 'ignore_ament_install'
[0.607s] Level 1:colcon.colcon_core.package_identification:_identify(src/my_robot_controller) by extensions ['colcon_pkg']
[0.607s] Level 1:colcon.colcon_core.package_identification:_identify(src/my_robot_controller) by extension 'colcon_pkg'
[0.607s] Level 1:colcon.colcon_core.package_identification:_identify(src/my_robot_controller) by extensions ['colcon_meta']
[0.607s] Level 1:colcon.colcon_core.package_identification:_identify(src/my_robot_controller) by extension 'colcon_meta'
[0.607s] Level 1:colcon.colcon_core.package_identification:_identify(src/my_robot_controller) by extensions ['ros']
[0.607s] Level 1:colcon.colcon_core.package_identification:_identify(src/my_robot_controller) by extension 'ros'
[0.609s] DEBUG:colcon.colcon_core.package_identification:Package 'src/my_robot_controller' with type 'ros.ament_python' and name 'my_robot_controller'
[0.609s] Level 1:colcon.colcon_core.package_identification:_identify(src/my_robot_interfaces) by extensions ['ignore', 'ignore_ament_install']
[0.609s] Level 1:colcon.colcon_core.package_identification:_identify(src/my_robot_interfaces) by extension 'ignore'
[0.609s] Level 1:colcon.colcon_core.package_identification:_identify(src/my_robot_interfaces) by extension 'ignore_ament_install'
[0.609s] Level 1:colcon.colcon_core.package_identification:_identify(src/my_robot_interfaces) by extensions ['colcon_pkg']
[0.609s] Level 1:colcon.colcon_core.package_identification:_identify(src/my_robot_interfaces) by extension 'colcon_pkg'
[0.610s] Level 1:colcon.colcon_core.package_identification:_identify(src/my_robot_interfaces) by extensions ['colcon_meta']
[0.610s] Level 1:colcon.colcon_core.package_identification:_identify(src/my_robot_interfaces) by extension 'colcon_meta'
[0.610s] Level 1:colcon.colcon_core.package_identification:_identify(src/my_robot_interfaces) by extensions ['ros']
[0.610s] Level 1:colcon.colcon_core.package_identification:_identify(src/my_robot_interfaces) by extension 'ros'
[0.611s] DEBUG:colcon.colcon_core.package_identification:Package 'src/my_robot_interfaces' with type 'ros.ament_cmake' and name 'my_robot_interfaces'
[0.611s] Level 1:colcon.colcon_core.package_identification:_identify(src/turtlesim_catch_them_all) by extensions ['ignore', 'ignore_ament_install']
[0.612s] Level 1:colcon.colcon_core.package_identification:_identify(src/turtlesim_catch_them_all) by extension 'ignore'
[0.612s] Level 1:colcon.colcon_core.package_identification:_identify(src/turtlesim_catch_them_all) by extension 'ignore_ament_install'
[0.612s] Level 1:colcon.colcon_core.package_identification:_identify(src/turtlesim_catch_them_all) by extensions ['colcon_pkg']
[0.612s] Level 1:colcon.colcon_core.package_identification:_identify(src/turtlesim_catch_them_all) by extension 'colcon_pkg'
[0.612s] Level 1:colcon.colcon_core.package_identification:_identify(src/turtlesim_catch_them_all) by extensions ['colcon_meta']
[0.612s] Level 1:colcon.colcon_core.package_identification:_identify(src/turtlesim_catch_them_all) by extension 'colcon_meta'
[0.612s] Level 1:colcon.colcon_core.package_identification:_identify(src/turtlesim_catch_them_all) by extensions ['ros']
[0.612s] Level 1:colcon.colcon_core.package_identification:_identify(src/turtlesim_catch_them_all) by extension 'ros'
[0.614s] DEBUG:colcon.colcon_core.package_identification:Package 'src/turtlesim_catch_them_all' with type 'ros.ament_python' and name 'turtlesim_catch_them_all'
[0.614s] Level 1:colcon.colcon_core.package_discovery:discover_packages(recursive) using defaults
[0.614s] Level 1:colcon.colcon_core.package_discovery:discover_packages(ignore) discover
[0.614s] Level 1:colcon.colcon_core.package_discovery:discover_packages(ignore) using defaults
[0.614s] Level 1:colcon.colcon_core.package_discovery:discover_packages(path) discover
[0.614s] Level 1:colcon.colcon_core.package_discovery:discover_packages(path) using defaults
[0.651s] Level 1:colcon.colcon_core.package_discovery:discover_packages(prefix_path) check parameters
[0.651s] Level 1:colcon.colcon_core.package_discovery:discover_packages(prefix_path) discover
[0.655s] DEBUG:colcon.colcon_installed_package_information.package_discovery:Found 5 installed packages in /home/jefri/ros2_ws/install
[0.656s] DEBUG:colcon.colcon_installed_package_information.package_discovery:Found 1 installed packages in /home/jefri/ros2_ws/src/install
[0.659s] DEBUG:colcon.colcon_installed_package_information.package_discovery:Found 360 installed packages in /opt/ros/humble
[0.665s] Level 1:colcon.colcon_core.package_discovery:discover_packages(prefix_path) using defaults
[0.746s] Level 5:colcon.colcon_core.verb:set package 'custom_interfaces' build argument 'cmake_args' from command line to 'None'
[0.746s] Level 5:colcon.colcon_core.verb:set package 'custom_interfaces' build argument 'cmake_target' from command line to 'None'
[0.746s] Level 5:colcon.colcon_core.verb:set package 'custom_interfaces' build argument 'cmake_target_skip_unavailable' from command line to 'False'
[0.746s] Level 5:colcon.colcon_core.verb:set package 'custom_interfaces' build argument 'cmake_clean_cache' from command line to 'False'
[0.746s] Level 5:colcon.colcon_core.verb:set package 'custom_interfaces' build argument 'cmake_clean_first' from command line to 'False'
[0.746s] Level 5:colcon.colcon_core.verb:set package 'custom_interfaces' build argument 'cmake_force_configure' from command line to 'False'
[0.746s] Level 5:colcon.colcon_core.verb:set package 'custom_interfaces' build argument 'ament_cmake_args' from command line to 'None'
[0.746s] Level 5:colcon.colcon_core.verb:set package 'custom_interfaces' build argument 'catkin_cmake_args' from command line to 'None'
[0.746s] Level 5:colcon.colcon_core.verb:set package 'custom_interfaces' build argument 'catkin_skip_building_tests' from command line to 'False'
[0.746s] DEBUG:colcon.colcon_core.verb:Building package 'custom_interfaces' with the following arguments: {'ament_cmake_args': None, 'build_base': '/home/jefri/ros2_ws/build/custom_interfaces', 'catkin_cmake_args': None, 'catkin_skip_building_tests': False, 'cmake_args': None, 'cmake_clean_cache': False, 'cmake_clean_first': False, 'cmake_force_configure': False, 'cmake_target': None, 'cmake_target_skip_unavailable': False, 'install_base': '/home/jefri/ros2_ws/install/custom_interfaces', 'merge_install': False, 'path': '/home/jefri/ros2_ws/src/custom_interfaces', 'symlink_install': False, 'test_result_base': None}
[0.747s] Level 5:colcon.colcon_core.verb:set package 'my_robot_controller' build argument 'cmake_args' from command line to 'None'
[0.747s] Level 5:colcon.colcon_core.verb:set package 'my_robot_controller' build argument 'cmake_target' from command line to 'None'
[0.747s] Level 5:colcon.colcon_core.verb:set package 'my_robot_controller' build argument 'cmake_target_skip_unavailable' from command line to 'False'
[0.747s] Level 5:colcon.colcon_core.verb:set package 'my_robot_controller' build argument 'cmake_clean_cache' from command line to 'False'
[0.747s] Level 5:colcon.colcon_core.verb:set package 'my_robot_controller' build argument 'cmake_clean_first' from command line to 'False'
[0.747s] Level 5:colcon.colcon_core.verb:set package 'my_robot_controller' build argument 'cmake_force_configure' from command line to 'False'
[0.747s] Level 5:colcon.colcon_core.verb:set package 'my_robot_controller' build argument 'ament_cmake_args' from command line to 'None'
[0.747s] Level 5:colcon.colcon_core.verb:set package 'my_robot_controller' build argument 'catkin_cmake_args' from command line to 'None'
[0.747s] Level 5:colcon.colcon_core.verb:set package 'my_robot_controller' build argument 'catkin_skip_building_tests' from command line to 'False'
[0.747s] DEBUG:colcon.colcon_core.verb:Building package 'my_robot_controller' with the following arguments: {'ament_cmake_args': None, 'build_base': '/home/jefri/ros2_ws/build/my_robot_controller', 'catkin_cmake_args': None, 'catkin_skip_building_tests': False, 'cmake_args': None, 'cmake_clean_cache': False, 'cmake_clean_first': False, 'cmake_force_configure': False, 'cmake_target': None, 'cmake_target_skip_unavailable': False, 'install_base': '/home/jefri/ros2_ws/install/my_robot_controller', 'merge_install': False, 'path': '/home/jefri/ros2_ws/src/my_robot_controller', 'symlink_install': False, 'test_result_base': None}
[0.748s] Level 5:colcon.colcon_core.verb:set package 'my_robot_interfaces' build argument 'cmake_args' from command line to 'None'
[0.748s] Level 5:colcon.colcon_core.verb:set package 'my_robot_interfaces' build argument 'cmake_target' from command line to 'None'
[0.748s] Level 5:colcon.colcon_core.verb:set package 'my_robot_interfaces' build argument 'cmake_target_skip_unavailable' from command line to 'False'
[0.748s] Level 5:colcon.colcon_core.verb:set package 'my_robot_interfaces' build argument 'cmake_clean_cache' from command line to 'False'
[0.748s] Level 5:colcon.colcon_core.verb:set package 'my_robot_interfaces' build argument 'cmake_clean_first' from command line to 'False'
[0.749s] Level 5:colcon.colcon_core.verb:set package 'my_robot_interfaces' build argument 'cmake_force_configure' from command line to 'False'
[0.749s] Level 5:colcon.colcon_core.verb:set package 'my_robot_interfaces' build argument 'ament_cmake_args' from command line to 'None'
[0.749s] Level 5:colcon.colcon_core.verb:set package 'my_robot_interfaces' build argument 'catkin_cmake_args' from command line to 'None'
[0.749s] Level 5:colcon.colcon_core.verb:set package 'my_robot_interfaces' build argument 'catkin_skip_building_tests' from command line to 'False'
[0.749s] DEBUG:colcon.colcon_core.verb:Building package 'my_robot_interfaces' with the following arguments: {'ament_cmake_args': None, 'build_base': '/home/jefri/ros2_ws/build/my_robot_interfaces', 'catkin_cmake_args': None, 'catkin_skip_building_tests': False, 'cmake_args': None, 'cmake_clean_cache': False, 'cmake_clean_first': False, 'cmake_force_configure': False, 'cmake_target': None, 'cmake_target_skip_unavailable': False, 'install_base': '/home/jefri/ros2_ws/install/my_robot_interfaces', 'merge_install': False, 'path': '/home/jefri/ros2_ws/src/my_robot_interfaces', 'symlink_install': False, 'test_result_base': None}
[0.749s] Level 5:colcon.colcon_core.verb:set package 'add_integers' build argument 'cmake_args' from command line to 'None'
[0.750s] Level 5:colcon.colcon_core.verb:set package 'add_integers' build argument 'cmake_target' from command line to 'None'
[0.750s] Level 5:colcon.colcon_core.verb:set package 'add_integers' build argument 'cmake_target_skip_unavailable' from command line to 'False'
[0.750s] Level 5:colcon.colcon_core.verb:set package 'add_integers' build argument 'cmake_clean_cache' from command line to 'False'
[0.750s] Level 5:colcon.colcon_core.verb:set package 'add_integers' build argument 'cmake_clean_first' from command line to 'False'
[0.750s] Level 5:colcon.colcon_core.verb:set package 'add_integers' build argument 'cmake_force_configure' from command line to 'False'
[0.750s] Level 5:colcon.colcon_core.verb:set package 'add_integers' build argument 'ament_cmake_args' from command line to 'None'
[0.750s] Level 5:colcon.colcon_core.verb:set package 'add_integers' build argument 'catkin_cmake_args' from command line to 'None'
[0.750s] Level 5:colcon.colcon_core.verb:set package 'add_integers' build argument 'catkin_skip_building_tests' from command line to 'False'
[0.750s] DEBUG:colcon.colcon_core.verb:Building package 'add_integers' with the following arguments: {'ament_cmake_args': None, 'build_base': '/home/jefri/ros2_ws/build/add_integers', 'catkin_cmake_args': None, 'catkin_skip_building_tests': False, 'cmake_args': None, 'cmake_clean_cache': False, 'cmake_clean_first': False, 'cmake_force_configure': False, 'cmake_target': None, 'cmake_target_skip_unavailable': False, 'install_base': '/home/jefri/ros2_ws/install/add_integers', 'merge_install': False, 'path': '/home/jefri/ros2_ws/src/add_integers', 'symlink_install': False, 'test_result_base': None}
[0.751s] Level 5:colcon.colcon_core.verb:set package 'turtlesim_catch_them_all' build argument 'cmake_args' from command line to 'None'
[0.751s] Level 5:colcon.colcon_core.verb:set package 'turtlesim_catch_them_all' build argument 'cmake_target' from command line to 'None'
[0.751s] Level 5:colcon.colcon_core.verb:set package 'turtlesim_catch_them_all' build argument 'cmake_target_skip_unavailable' from command line to 'False'
[0.751s] Level 5:colcon.colcon_core.verb:set package 'turtlesim_catch_them_all' build argument 'cmake_clean_cache' from command line to 'False'
[0.751s] Level 5:colcon.colcon_core.verb:set package 'turtlesim_catch_them_all' build argument 'cmake_clean_first' from command line to 'False'
[0.751s] Level 5:colcon.colcon_core.verb:set package 'turtlesim_catch_them_all' build argument 'cmake_force_configure' from command line to 'False'
[0.751s] Level 5:colcon.colcon_core.verb:set package 'turtlesim_catch_them_all' build argument 'ament_cmake_args' from command line to 'None'
[0.751s] Level 5:colcon.colcon_core.verb:set package 'turtlesim_catch_them_all' build argument 'catkin_cmake_args' from command line to 'None'
[0.751s] Level 5:colcon.colcon_core.verb:set package 'turtlesim_catch_them_all' build argument 'catkin_skip_building_tests' from command line to 'False'
[0.751s] DEBUG:colcon.colcon_core.verb:Building package 'turtlesim_catch_them_all' with the following arguments: {'ament_cmake_args': None, 'build_base': '/home/jefri/ros2_ws/build/turtlesim_catch_them_all', 'catkin_cmake_args': None, 'catkin_skip_building_tests': False, 'cmake_args': None, 'cmake_clean_cache': False, 'cmake_clean_first': False, 'cmake_force_configure': False, 'cmake_target': None, 'cmake_target_skip_unavailable': False, 'install_base': '/home/jefri/ros2_ws/install/turtlesim_catch_them_all', 'merge_install': False, 'path': '/home/jefri/ros2_ws/src/turtlesim_catch_them_all', 'symlink_install': False, 'test_result_base': None}
[0.752s] INFO:colcon.colcon_core.executor:Executing jobs using 'parallel' executor
[0.754s] DEBUG:colcon.colcon_parallel_executor.executor.parallel:run_until_complete
[0.754s] INFO:colcon.colcon_ros.task.ament_cmake.build:Building ROS package in '/home/jefri/ros2_ws/src/custom_interfaces' with build type 'ament_cmake'
[0.755s] INFO:colcon.colcon_cmake.task.cmake.build:Building CMake package in '/home/jefri/ros2_ws/src/custom_interfaces'
[0.759s] INFO:colcon.colcon_core.plugin_system:Skipping extension 'colcon_core.shell.bat': Not used on non-Windows systems
[0.759s] INFO:colcon.colcon_core.shell:Skip shell extension 'powershell' for command environment: Not usable outside of PowerShell
[0.760s] DEBUG:colcon.colcon_core.shell:Skip shell extension 'dsv' for command environment
[0.767s] INFO:colcon.colcon_ros.task.ament_cmake.build:Building ROS package in '/home/jefri/ros2_ws/src/my_robot_interfaces' with build type 'ament_cmake'
[0.767s] INFO:colcon.colcon_cmake.task.cmake.build:Building CMake package in '/home/jefri/ros2_ws/src/my_robot_interfaces'
[0.768s] INFO:colcon.colcon_core.shell:Skip shell extension 'powershell' for command environment: Not usable outside of PowerShell
[0.768s] DEBUG:colcon.colcon_core.shell:Skip shell extension 'dsv' for command environment
[0.816s] DEBUG:colcon.colcon_core.event_handler.log_command:Invoking command in '/home/jefri/ros2_ws/build/custom_interfaces': CMAKE_PREFIX_PATH=${CMAKE_PREFIX_PATH}:/home/jefri/ros2_ws/install/turtlesim_catch_them_all:/home/jefri/ros2_ws/install/my_robot_controller:/home/jefri/ros2_ws/install/add_integers:/opt/ros/humble /usr/bin/cmake --build /home/jefri/ros2_ws/build/custom_interfaces -- -j2 -l2
[0.878s] DEBUG:colcon.colcon_core.event_handler.log_command:Invoking command in '/home/jefri/ros2_ws/build/my_robot_interfaces': CMAKE_PREFIX_PATH=${CMAKE_PREFIX_PATH}:/home/jefri/ros2_ws/install/turtlesim_catch_them_all:/home/jefri/ros2_ws/install/my_robot_controller:/home/jefri/ros2_ws/install/add_integers:/opt/ros/humble /usr/bin/cmake --build /home/jefri/ros2_ws/build/my_robot_interfaces -- -j2 -l2
[2.293s] DEBUG:colcon.colcon_core.event_handler.log_command:Invoked command in '/home/jefri/ros2_ws/build/custom_interfaces' returned '0': CMAKE_PREFIX_PATH=${CMAKE_PREFIX_PATH}:/home/jefri/ros2_ws/install/turtlesim_catch_them_all:/home/jefri/ros2_ws/install/my_robot_controller:/home/jefri/ros2_ws/install/add_integers:/opt/ros/humble /usr/bin/cmake --build /home/jefri/ros2_ws/build/custom_interfaces -- -j2 -l2
[2.427s] DEBUG:colcon.colcon_core.event_handler.log_command:Invoking command in '/home/jefri/ros2_ws/build/custom_interfaces': CMAKE_PREFIX_PATH=${CMAKE_PREFIX_PATH}:/home/jefri/ros2_ws/install/turtlesim_catch_them_all:/home/jefri/ros2_ws/install/my_robot_controller:/home/jefri/ros2_ws/install/add_integers:/opt/ros/humble /usr/bin/cmake --install /home/jefri/ros2_ws/build/custom_interfaces
[2.993s] Level 1:colcon.colcon_core.environment:create_environment_scripts_only(custom_interfaces)
[2.996s] DEBUG:colcon.colcon_core.event_handler.log_command:Invoked command in '/home/jefri/ros2_ws/build/custom_interfaces' returned '0': CMAKE_PREFIX_PATH=${CMAKE_PREFIX_PATH}:/home/jefri/ros2_ws/install/turtlesim_catch_them_all:/home/jefri/ros2_ws/install/my_robot_controller:/home/jefri/ros2_ws/install/add_integers:/opt/ros/humble /usr/bin/cmake --install /home/jefri/ros2_ws/build/custom_interfaces
[3.003s] Level 1:colcon.colcon_core.environment:checking '/home/jefri/ros2_ws/install/custom_interfaces' for CMake module files
[3.005s] Level 1:colcon.colcon_core.environment:checking '/home/jefri/ros2_ws/install/custom_interfaces' for CMake config files
[3.007s] Level 1:colcon.colcon_core.shell:create_environment_hook('custom_interfaces', 'cmake_prefix_path')
[3.008s] INFO:colcon.colcon_core.shell:Creating environment hook '/home/jefri/ros2_ws/install/custom_interfaces/share/custom_interfaces/hook/cmake_prefix_path.ps1'
[3.010s] INFO:colcon.colcon_core.shell:Creating environment descriptor '/home/jefri/ros2_ws/install/custom_interfaces/share/custom_interfaces/hook/cmake_prefix_path.dsv'
[3.014s] INFO:colcon.colcon_core.shell:Creating environment hook '/home/jefri/ros2_ws/install/custom_interfaces/share/custom_interfaces/hook/cmake_prefix_path.sh'
[3.017s] Level 1:colcon.colcon_core.environment:checking '/home/jefri/ros2_ws/install/custom_interfaces/lib'
[3.018s] Level 1:colcon.colcon_core.shell:create_environment_hook('custom_interfaces', 'ld_library_path_lib')
[3.019s] INFO:colcon.colcon_core.shell:Creating environment hook '/home/jefri/ros2_ws/install/custom_interfaces/share/custom_interfaces/hook/ld_library_path_lib.ps1'
[3.020s] INFO:colcon.colcon_core.shell:Creating environment descriptor '/home/jefri/ros2_ws/install/custom_interfaces/share/custom_interfaces/hook/ld_library_path_lib.dsv'
[3.021s] INFO:colcon.colcon_core.shell:Creating environment hook '/home/jefri/ros2_ws/install/custom_interfaces/share/custom_interfaces/hook/ld_library_path_lib.sh'
[3.022s] Level 1:colcon.colcon_core.environment:checking '/home/jefri/ros2_ws/install/custom_interfaces/bin'
[3.023s] Level 1:colcon.colcon_core.environment:checking '/home/jefri/ros2_ws/install/custom_interfaces/lib/pkgconfig/custom_interfaces.pc'
[3.023s] Level 1:colcon.colcon_core.environment:checking '/home/jefri/ros2_ws/install/custom_interfaces/lib/python3.10/site-packages'
[3.024s] Level 1:colcon.colcon_core.environment:checking '/home/jefri/ros2_ws/install/custom_interfaces/bin'
[3.025s] INFO:colcon.colcon_core.shell:Creating package script '/home/jefri/ros2_ws/install/custom_interfaces/share/custom_interfaces/package.ps1'
[3.027s] INFO:colcon.colcon_core.shell:Creating package descriptor '/home/jefri/ros2_ws/install/custom_interfaces/share/custom_interfaces/package.dsv'
[3.029s] INFO:colcon.colcon_core.shell:Creating package script '/home/jefri/ros2_ws/install/custom_interfaces/share/custom_interfaces/package.sh'
[3.031s] INFO:colcon.colcon_core.shell:Creating package script '/home/jefri/ros2_ws/install/custom_interfaces/share/custom_interfaces/package.bash'
[3.032s] INFO:colcon.colcon_core.shell:Creating package script '/home/jefri/ros2_ws/install/custom_interfaces/share/custom_interfaces/package.zsh'
[3.034s] Level 1:colcon.colcon_core.environment:create_file_with_runtime_dependencies(/home/jefri/ros2_ws/install/custom_interfaces/share/colcon-core/packages/custom_interfaces)
[3.149s] Level 1:colcon.colcon_core.environment:create_environment_scripts_only(custom_interfaces)
[3.150s] Level 1:colcon.colcon_core.environment:checking '/home/jefri/ros2_ws/install/custom_interfaces' for CMake module files
[3.151s] Level 1:colcon.colcon_core.environment:checking '/home/jefri/ros2_ws/install/custom_interfaces' for CMake config files
[3.152s] Level 1:colcon.colcon_core.shell:create_environment_hook('custom_interfaces', 'cmake_prefix_path')
[3.152s] INFO:colcon.colcon_core.shell:Creating environment hook '/home/jefri/ros2_ws/install/custom_interfaces/share/custom_interfaces/hook/cmake_prefix_path.ps1'
[3.154s] INFO:colcon.colcon_core.shell:Creating environment descriptor '/home/jefri/ros2_ws/install/custom_interfaces/share/custom_interfaces/hook/cmake_prefix_path.dsv'
[3.154s] INFO:colcon.colcon_core.shell:Creating environment hook '/home/jefri/ros2_ws/install/custom_interfaces/share/custom_interfaces/hook/cmake_prefix_path.sh'
[3.156s] Level 1:colcon.colcon_core.environment:checking '/home/jefri/ros2_ws/install/custom_interfaces/lib'
[3.156s] Level 1:colcon.colcon_core.shell:create_environment_hook('custom_interfaces', 'ld_library_path_lib')
[3.157s] INFO:colcon.colcon_core.shell:Creating environment hook '/home/jefri/ros2_ws/install/custom_interfaces/share/custom_interfaces/hook/ld_library_path_lib.ps1'
[3.158s] INFO:colcon.colcon_core.shell:Creating environment descriptor '/home/jefri/ros2_ws/install/custom_interfaces/share/custom_interfaces/hook/ld_library_path_lib.dsv'
[3.159s] INFO:colcon.colcon_core.shell:Creating environment hook '/home/jefri/ros2_ws/install/custom_interfaces/share/custom_interfaces/hook/ld_library_path_lib.sh'
[3.160s] Level 1:colcon.colcon_core.environment:checking '/home/jefri/ros2_ws/install/custom_interfaces/bin'
[3.160s] Level 1:colcon.colcon_core.environment:checking '/home/jefri/ros2_ws/install/custom_interfaces/lib/pkgconfig/custom_interfaces.pc'
[3.160s] Level 1:colcon.colcon_core.environment:checking '/home/jefri/ros2_ws/install/custom_interfaces/lib/python3.10/site-packages'
[3.161s] Level 1:colcon.colcon_core.environment:checking '/home/jefri/ros2_ws/install/custom_interfaces/bin'
[3.162s] INFO:colcon.colcon_core.shell:Creating package script '/home/jefri/ros2_ws/install/custom_interfaces/share/custom_interfaces/package.ps1'
[3.163s] INFO:colcon.colcon_core.shell:Creating package descriptor '/home/jefri/ros2_ws/install/custom_interfaces/share/custom_interfaces/package.dsv'
[3.165s] INFO:colcon.colcon_core.shell:Creating package script '/home/jefri/ros2_ws/install/custom_interfaces/share/custom_interfaces/package.sh'
[3.166s] INFO:colcon.colcon_core.shell:Creating package script '/home/jefri/ros2_ws/install/custom_interfaces/share/custom_interfaces/package.bash'
[3.167s] INFO:colcon.colcon_core.shell:Creating package script '/home/jefri/ros2_ws/install/custom_interfaces/share/custom_interfaces/package.zsh'
[3.168s] Level 1:colcon.colcon_core.environment:create_file_with_runtime_dependencies(/home/jefri/ros2_ws/install/custom_interfaces/share/colcon-core/packages/custom_interfaces)
[3.169s] INFO:colcon.colcon_ros.task.ament_python.build:Building ROS package in '/home/jefri/ros2_ws/src/my_robot_controller' with build type 'ament_python'
[3.169s] Level 1:colcon.colcon_core.shell:create_environment_hook('my_robot_controller', 'ament_prefix_path')
[3.170s] INFO:colcon.colcon_core.shell:Creating environment hook '/home/jefri/ros2_ws/install/my_robot_controller/share/my_robot_controller/hook/ament_prefix_path.ps1'
[3.171s] INFO:colcon.colcon_core.shell:Creating environment descriptor '/home/jefri/ros2_ws/install/my_robot_controller/share/my_robot_controller/hook/ament_prefix_path.dsv'
[3.174s] INFO:colcon.colcon_core.shell:Creating environment hook '/home/jefri/ros2_ws/install/my_robot_controller/share/my_robot_controller/hook/ament_prefix_path.sh'
[3.176s] INFO:colcon.colcon_core.shell:Skip shell extension 'powershell' for command environment: Not usable outside of PowerShell
[3.176s] DEBUG:colcon.colcon_core.shell:Skip shell extension 'dsv' for command environment
[3.983s] INFO:colcon.colcon_core.task.python.build:Building Python package in '/home/jefri/ros2_ws/src/my_robot_controller'
[3.984s] INFO:colcon.colcon_core.shell:Skip shell extension 'powershell' for command environment: Not usable outside of PowerShell
[3.984s] DEBUG:colcon.colcon_core.shell:Skip shell extension 'dsv' for command environment
[5.909s] DEBUG:colcon.colcon_core.event_handler.log_command:Invoking command in '/home/jefri/ros2_ws/src/my_robot_controller': PYTHONPATH=/home/jefri/ros2_ws/build/my_robot_controller/prefix_override:/usr/lib/python3/dist-packages/colcon_core/task/python/colcon_distutils_commands:/home/jefri/ros2_ws/install/my_robot_controller/lib/python3.10/site-packages:${PYTHONPATH} /usr/bin/python3 -W ignore:setup.py install is deprecated setup.py egg_info --egg-base ../../build/my_robot_controller build --build-base /home/jefri/ros2_ws/build/my_robot_controller/build install --record /home/jefri/ros2_ws/build/my_robot_controller/install.log --single-version-externally-managed install_data
[6.642s] Level 1:colcon.colcon_core.environment:checking '/home/jefri/ros2_ws/install/my_robot_controller' for CMake module files
[6.643s] DEBUG:colcon.colcon_core.event_handler.log_command:Invoked command in '/home/jefri/ros2_ws/src/my_robot_controller' returned '0': PYTHONPATH=/home/jefri/ros2_ws/build/my_robot_controller/prefix_override:/usr/lib/python3/dist-packages/colcon_core/task/python/colcon_distutils_commands:/home/jefri/ros2_ws/install/my_robot_controller/lib/python3.10/site-packages:${PYTHONPATH} /usr/bin/python3 -W ignore:setup.py install is deprecated setup.py egg_info --egg-base ../../build/my_robot_controller build --build-base /home/jefri/ros2_ws/build/my_robot_controller/build install --record /home/jefri/ros2_ws/build/my_robot_controller/install.log --single-version-externally-managed install_data
[6.644s] Level 1:colcon.colcon_core.environment:checking '/home/jefri/ros2_ws/install/my_robot_controller' for CMake config files
[6.645s] Level 1:colcon.colcon_core.environment:checking '/home/jefri/ros2_ws/install/my_robot_controller/lib'
[6.645s] Level 1:colcon.colcon_core.environment:checking '/home/jefri/ros2_ws/install/my_robot_controller/bin'
[6.645s] Level 1:colcon.colcon_core.environment:checking '/home/jefri/ros2_ws/install/my_robot_controller/lib/pkgconfig/my_robot_controller.pc'
[6.646s] Level 1:colcon.colcon_core.environment:checking '/home/jefri/ros2_ws/install/my_robot_controller/lib/python3.10/site-packages'
[6.646s] Level 1:colcon.colcon_core.shell:create_environment_hook('my_robot_controller', 'pythonpath')
[6.646s] INFO:colcon.colcon_core.shell:Creating environment hook '/home/jefri/ros2_ws/install/my_robot_controller/share/my_robot_controller/hook/pythonpath.ps1'
[6.647s] INFO:colcon.colcon_core.shell:Creating environment descriptor '/home/jefri/ros2_ws/install/my_robot_controller/share/my_robot_controller/hook/pythonpath.dsv'
[6.648s] INFO:colcon.colcon_core.shell:Creating environment hook '/home/jefri/ros2_ws/install/my_robot_controller/share/my_robot_controller/hook/pythonpath.sh'
[6.650s] Level 1:colcon.colcon_core.environment:checking '/home/jefri/ros2_ws/install/my_robot_controller/bin'
[6.650s] Level 1:colcon.colcon_core.environment:create_environment_scripts_only(my_robot_controller)
[6.651s] INFO:colcon.colcon_core.shell:Creating package script '/home/jefri/ros2_ws/install/my_robot_controller/share/my_robot_controller/package.ps1'
[6.652s] INFO:colcon.colcon_core.shell:Creating package descriptor '/home/jefri/ros2_ws/install/my_robot_controller/share/my_robot_controller/package.dsv'
[6.653s] INFO:colcon.colcon_core.shell:Creating package script '/home/jefri/ros2_ws/install/my_robot_controller/share/my_robot_controller/package.sh'
[6.655s] INFO:colcon.colcon_core.shell:Creating package script '/home/jefri/ros2_ws/install/my_robot_controller/share/my_robot_controller/package.bash'
[6.655s] INFO:colcon.colcon_core.shell:Creating package script '/home/jefri/ros2_ws/install/my_robot_controller/share/my_robot_controller/package.zsh'
[6.657s] Level 1:colcon.colcon_core.environment:create_file_with_runtime_dependencies(/home/jefri/ros2_ws/install/my_robot_controller/share/colcon-core/packages/my_robot_controller)
[6.659s] INFO:colcon.colcon_ros.task.ament_python.build:Building ROS package in '/home/jefri/ros2_ws/src/add_integers' with build type 'ament_python'
[6.660s] Level 1:colcon.colcon_core.shell:create_environment_hook('add_integers', 'ament_prefix_path')
[6.660s] INFO:colcon.colcon_core.shell:Creating environment hook '/home/jefri/ros2_ws/install/add_integers/share/add_integers/hook/ament_prefix_path.ps1'
[6.662s] INFO:colcon.colcon_core.shell:Creating environment descriptor '/home/jefri/ros2_ws/install/add_integers/share/add_integers/hook/ament_prefix_path.dsv'
[6.663s] INFO:colcon.colcon_core.shell:Creating environment hook '/home/jefri/ros2_ws/install/add_integers/share/add_integers/hook/ament_prefix_path.sh'
[6.664s] INFO:colcon.colcon_core.shell:Skip shell extension 'powershell' for command environment: Not usable outside of PowerShell
[6.665s] DEBUG:colcon.colcon_core.shell:Skip shell extension 'dsv' for command environment
[7.895s] INFO:colcon.colcon_core.task.python.build:Building Python package in '/home/jefri/ros2_ws/src/add_integers'
[7.896s] INFO:colcon.colcon_core.shell:Skip shell extension 'powershell' for command environment: Not usable outside of PowerShell
[7.897s] DEBUG:colcon.colcon_core.shell:Skip shell extension 'dsv' for command environment
[8.326s] DEBUG:colcon.colcon_core.event_handler.log_command:Invoked command in '/home/jefri/ros2_ws/build/my_robot_interfaces' returned '0': CMAKE_PREFIX_PATH=${CMAKE_PREFIX_PATH}:/home/jefri/ros2_ws/install/turtlesim_catch_them_all:/home/jefri/ros2_ws/install/my_robot_controller:/home/jefri/ros2_ws/install/add_integers:/opt/ros/humble /usr/bin/cmake --build /home/jefri/ros2_ws/build/my_robot_interfaces -- -j2 -l2
[8.648s] DEBUG:colcon.colcon_core.event_handler.log_command:Invoking command in '/home/jefri/ros2_ws/build/my_robot_interfaces': CMAKE_PREFIX_PATH=${CMAKE_PREFIX_PATH}:/home/jefri/ros2_ws/install/turtlesim_catch_them_all:/home/jefri/ros2_ws/install/my_robot_controller:/home/jefri/ros2_ws/install/add_integers:/opt/ros/humble /usr/bin/cmake --install /home/jefri/ros2_ws/build/my_robot_interfaces
[9.009s] Level 1:colcon.colcon_core.environment:create_environment_scripts_only(my_robot_interfaces)
[9.011s] Level 1:colcon.colcon_core.environment:checking '/home/jefri/ros2_ws/install/my_robot_interfaces' for CMake module files
[9.013s] DEBUG:colcon.colcon_core.event_handler.log_command:Invoked command in '/home/jefri/ros2_ws/build/my_robot_interfaces' returned '0': CMAKE_PREFIX_PATH=${CMAKE_PREFIX_PATH}:/home/jefri/ros2_ws/install/turtlesim_catch_them_all:/home/jefri/ros2_ws/install/my_robot_controller:/home/jefri/ros2_ws/install/add_integers:/opt/ros/humble /usr/bin/cmake --install /home/jefri/ros2_ws/build/my_robot_interfaces
[9.015s] Level 1:colcon.colcon_core.environment:checking '/home/jefri/ros2_ws/install/my_robot_interfaces' for CMake config files
[9.016s] Level 1:colcon.colcon_core.shell:create_environment_hook('my_robot_interfaces', 'cmake_prefix_path')
[9.017s] INFO:colcon.colcon_core.shell:Creating environment hook '/home/jefri/ros2_ws/install/my_robot_interfaces/share/my_robot_interfaces/hook/cmake_prefix_path.ps1'
[9.019s] INFO:colcon.colcon_core.shell:Creating environment descriptor '/home/jefri/ros2_ws/install/my_robot_interfaces/share/my_robot_interfaces/hook/cmake_prefix_path.dsv'
[9.021s] INFO:colcon.colcon_core.shell:Creating environment hook '/home/jefri/ros2_ws/install/my_robot_interfaces/share/my_robot_interfaces/hook/cmake_prefix_path.sh'
[9.024s] Level 1:colcon.colcon_core.environment:checking '/home/jefri/ros2_ws/install/my_robot_interfaces/lib'
[9.024s] Level 1:colcon.colcon_core.shell:create_environment_hook('my_robot_interfaces', 'ld_library_path_lib')
[9.025s] INFO:colcon.colcon_core.shell:Creating environment hook '/home/jefri/ros2_ws/install/my_robot_interfaces/share/my_robot_interfaces/hook/ld_library_path_lib.ps1'
[9.027s] INFO:colcon.colcon_core.shell:Creating environment descriptor '/home/jefri/ros2_ws/install/my_robot_interfaces/share/my_robot_interfaces/hook/ld_library_path_lib.dsv'
[9.029s] INFO:colcon.colcon_core.shell:Creating environment hook '/home/jefri/ros2_ws/install/my_robot_interfaces/share/my_robot_interfaces/hook/ld_library_path_lib.sh'
[9.031s] Level 1:colcon.colcon_core.environment:checking '/home/jefri/ros2_ws/install/my_robot_interfaces/bin'
[9.031s] Level 1:colcon.colcon_core.environment:checking '/home/jefri/ros2_ws/install/my_robot_interfaces/lib/pkgconfig/my_robot_interfaces.pc'
[9.032s] Level 1:colcon.colcon_core.environment:checking '/home/jefri/ros2_ws/install/my_robot_interfaces/lib/python3.10/site-packages'
[9.032s] Level 1:colcon.colcon_core.environment:checking '/home/jefri/ros2_ws/install/my_robot_interfaces/bin'
[9.034s] INFO:colcon.colcon_core.shell:Creating package script '/home/jefri/ros2_ws/install/my_robot_interfaces/share/my_robot_interfaces/package.ps1'
[9.036s] INFO:colcon.colcon_core.shell:Creating package descriptor '/home/jefri/ros2_ws/install/my_robot_interfaces/share/my_robot_interfaces/package.dsv'
[9.038s] INFO:colcon.colcon_core.shell:Creating package script '/home/jefri/ros2_ws/install/my_robot_interfaces/share/my_robot_interfaces/package.sh'
[9.040s] INFO:colcon.colcon_core.shell:Creating package script '/home/jefri/ros2_ws/install/my_robot_interfaces/share/my_robot_interfaces/package.bash'
[9.042s] INFO:colcon.colcon_core.shell:Creating package script '/home/jefri/ros2_ws/install/my_robot_interfaces/share/my_robot_interfaces/package.zsh'
[9.044s] Level 1:colcon.colcon_core.environment:create_file_with_runtime_dependencies(/home/jefri/ros2_ws/install/my_robot_interfaces/share/colcon-core/packages/my_robot_interfaces)
[9.238s] DEBUG:colcon.colcon_core.event_handler.log_command:Invoking command in '/home/jefri/ros2_ws/src/add_integers': CMAKE_PREFIX_PATH=/home/jefri/ros2_ws/install/custom_interfaces:/home/jefri/ros2_ws/install/my_robot_interfaces:/home/jefri/ros2_ws/src/install/my_robot_interfaces LD_LIBRARY_PATH=/home/jefri/ros2_ws/install/custom_interfaces/lib:/home/jefri/ros2_ws/install/my_robot_interfaces/lib:/home/jefri/ros2_ws/src/install/my_robot_interfaces/lib:/usr/lib/x86_64-linux-gnu/gazebo-11/plugins:/opt/ros/humble/opt/rviz_ogre_vendor/lib:/opt/ros/humble/lib/x86_64-linux-gnu:/opt/ros/humble/lib PYTHONPATH=/home/jefri/ros2_ws/build/add_integers/prefix_override:/usr/lib/python3/dist-packages/colcon_core/task/python/colcon_distutils_commands:/home/jefri/ros2_ws/install/add_integers/lib/python3.10/site-packages:${PYTHONPATH} /usr/bin/python3 -W ignore:setup.py install is deprecated setup.py egg_info --egg-base ../../build/add_integers build --build-base /home/jefri/ros2_ws/build/add_integers/build install --record /home/jefri/ros2_ws/build/add_integers/install.log --single-version-externally-managed install_data
[9.352s] Level 1:colcon.colcon_core.environment:create_environment_scripts_only(my_robot_interfaces)
[9.353s] Level 1:colcon.colcon_core.environment:checking '/home/jefri/ros2_ws/install/my_robot_interfaces' for CMake module files
[9.355s] Level 1:colcon.colcon_core.environment:checking '/home/jefri/ros2_ws/install/my_robot_interfaces' for CMake config files
[9.356s] Level 1:colcon.colcon_core.shell:create_environment_hook('my_robot_interfaces', 'cmake_prefix_path')
[9.357s] INFO:colcon.colcon_core.shell:Creating environment hook '/home/jefri/ros2_ws/install/my_robot_interfaces/share/my_robot_interfaces/hook/cmake_prefix_path.ps1'
[9.359s] INFO:colcon.colcon_core.shell:Creating environment descriptor '/home/jefri/ros2_ws/install/my_robot_interfaces/share/my_robot_interfaces/hook/cmake_prefix_path.dsv'
[9.362s] INFO:colcon.colcon_core.shell:Creating environment hook '/home/jefri/ros2_ws/install/my_robot_interfaces/share/my_robot_interfaces/hook/cmake_prefix_path.sh'
[9.364s] Level 1:colcon.colcon_core.environment:checking '/home/jefri/ros2_ws/install/my_robot_interfaces/lib'
[9.365s] Level 1:colcon.colcon_core.shell:create_environment_hook('my_robot_interfaces', 'ld_library_path_lib')
[9.366s] INFO:colcon.colcon_core.shell:Creating environment hook '/home/jefri/ros2_ws/install/my_robot_interfaces/share/my_robot_interfaces/hook/ld_library_path_lib.ps1'
[9.368s] INFO:colcon.colcon_core.shell:Creating environment descriptor '/home/jefri/ros2_ws/install/my_robot_interfaces/share/my_robot_interfaces/hook/ld_library_path_lib.dsv'
[9.370s] INFO:colcon.colcon_core.shell:Creating environment hook '/home/jefri/ros2_ws/install/my_robot_interfaces/share/my_robot_interfaces/hook/ld_library_path_lib.sh'
[9.373s] Level 1:colcon.colcon_core.environment:checking '/home/jefri/ros2_ws/install/my_robot_interfaces/bin'
[9.373s] Level 1:colcon.colcon_core.environment:checking '/home/jefri/ros2_ws/install/my_robot_interfaces/lib/pkgconfig/my_robot_interfaces.pc'
[9.374s] Level 1:colcon.colcon_core.environment:checking '/home/jefri/ros2_ws/install/my_robot_interfaces/lib/python3.10/site-packages'
[9.375s] Level 1:colcon.colcon_core.environment:checking '/home/jefri/ros2_ws/install/my_robot_interfaces/bin'
[9.376s] INFO:colcon.colcon_core.shell:Creating package script '/home/jefri/ros2_ws/install/my_robot_interfaces/share/my_robot_interfaces/package.ps1'
[9.379s] INFO:colcon.colcon_core.shell:Creating package descriptor '/home/jefri/ros2_ws/install/my_robot_interfaces/share/my_robot_interfaces/package.dsv'
[9.381s] INFO:colcon.colcon_core.shell:Creating package script '/home/jefri/ros2_ws/install/my_robot_interfaces/share/my_robot_interfaces/package.sh'
[9.384s] INFO:colcon.colcon_core.shell:Creating package script '/home/jefri/ros2_ws/install/my_robot_interfaces/share/my_robot_interfaces/package.bash'
[9.386s] INFO:colcon.colcon_core.shell:Creating package script '/home/jefri/ros2_ws/install/my_robot_interfaces/share/my_robot_interfaces/package.zsh'
[9.388s] Level 1:colcon.colcon_core.environment:create_file_with_runtime_dependencies(/home/jefri/ros2_ws/install/my_robot_interfaces/share/colcon-core/packages/my_robot_interfaces)
[9.389s] INFO:colcon.colcon_ros.task.ament_python.build:Building ROS package in '/home/jefri/ros2_ws/src/turtlesim_catch_them_all' with build type 'ament_python'
[9.391s] Level 1:colcon.colcon_core.shell:create_environment_hook('turtlesim_catch_them_all', 'ament_prefix_path')
[9.392s] INFO:colcon.colcon_core.shell:Creating environment hook '/home/jefri/ros2_ws/install/turtlesim_catch_them_all/share/turtlesim_catch_them_all/hook/ament_prefix_path.ps1'
[9.394s] INFO:colcon.colcon_core.shell:Creating environment descriptor '/home/jefri/ros2_ws/install/turtlesim_catch_them_all/share/turtlesim_catch_them_all/hook/ament_prefix_path.dsv'
[9.397s] INFO:colcon.colcon_core.shell:Creating environment hook '/home/jefri/ros2_ws/install/turtlesim_catch_them_all/share/turtlesim_catch_them_all/hook/ament_prefix_path.sh'
[9.399s] INFO:colcon.colcon_core.shell:Skip shell extension 'powershell' for command environment: Not usable outside of PowerShell
[9.399s] DEBUG:colcon.colcon_core.shell:Skip shell extension 'dsv' for command environment
[10.199s] INFO:colcon.colcon_core.task.python.build:Building Python package in '/home/jefri/ros2_ws/src/turtlesim_catch_them_all'
[10.200s] INFO:colcon.colcon_core.shell:Skip shell extension 'powershell' for command environment: Not usable outside of PowerShell
[10.200s] DEBUG:colcon.colcon_core.shell:Skip shell extension 'dsv' for command environment
[10.377s] Level 1:colcon.colcon_core.environment:checking '/home/jefri/ros2_ws/install/add_integers' for CMake module files
[10.381s] DEBUG:colcon.colcon_core.event_handler.log_command:Invoked command in '/home/jefri/ros2_ws/src/add_integers' returned '0': CMAKE_PREFIX_PATH=/home/jefri/ros2_ws/install/custom_interfaces:/home/jefri/ros2_ws/install/my_robot_interfaces:/home/jefri/ros2_ws/src/install/my_robot_interfaces LD_LIBRARY_PATH=/home/jefri/ros2_ws/install/custom_interfaces/lib:/home/jefri/ros2_ws/install/my_robot_interfaces/lib:/home/jefri/ros2_ws/src/install/my_robot_interfaces/lib:/usr/lib/x86_64-linux-gnu/gazebo-11/plugins:/opt/ros/humble/opt/rviz_ogre_vendor/lib:/opt/ros/humble/lib/x86_64-linux-gnu:/opt/ros/humble/lib PYTHONPATH=/home/jefri/ros2_ws/build/add_integers/prefix_override:/usr/lib/python3/dist-packages/colcon_core/task/python/colcon_distutils_commands:/home/jefri/ros2_ws/install/add_integers/lib/python3.10/site-packages:${PYTHONPATH} /usr/bin/python3 -W ignore:setup.py install is deprecated setup.py egg_info --egg-base ../../build/add_integers build --build-base /home/jefri/ros2_ws/build/add_integers/build install --record /home/jefri/ros2_ws/build/add_integers/install.log --single-version-externally-managed install_data
[10.383s] Level 1:colcon.colcon_core.environment:checking '/home/jefri/ros2_ws/install/add_integers' for CMake config files
[10.386s] Level 1:colcon.colcon_core.environment:checking '/home/jefri/ros2_ws/install/add_integers/lib'
[10.387s] Level 1:colcon.colcon_core.environment:checking '/home/jefri/ros2_ws/install/add_integers/bin'
[10.387s] Level 1:colcon.colcon_core.environment:checking '/home/jefri/ros2_ws/install/add_integers/lib/pkgconfig/add_integers.pc'
[10.389s] Level 1:colcon.colcon_core.environment:checking '/home/jefri/ros2_ws/install/add_integers/lib/python3.10/site-packages'
[10.390s] Level 1:colcon.colcon_core.shell:create_environment_hook('add_integers', 'pythonpath')
[10.391s] INFO:colcon.colcon_core.shell:Creating environment hook '/home/jefri/ros2_ws/install/add_integers/share/add_integers/hook/pythonpath.ps1'
[10.397s] INFO:colcon.colcon_core.shell:Creating environment descriptor '/home/jefri/ros2_ws/install/add_integers/share/add_integers/hook/pythonpath.dsv'
[10.399s] INFO:colcon.colcon_core.shell:Creating environment hook '/home/jefri/ros2_ws/install/add_integers/share/add_integers/hook/pythonpath.sh'
[10.401s] Level 1:colcon.colcon_core.environment:checking '/home/jefri/ros2_ws/install/add_integers/bin'
[10.401s] Level 1:colcon.colcon_core.environment:create_environment_scripts_only(add_integers)
[10.402s] INFO:colcon.colcon_core.shell:Creating package script '/home/jefri/ros2_ws/install/add_integers/share/add_integers/package.ps1'
[10.404s] INFO:colcon.colcon_core.shell:Creating package descriptor '/home/jefri/ros2_ws/install/add_integers/share/add_integers/package.dsv'
[10.407s] INFO:colcon.colcon_core.shell:Creating package script '/home/jefri/ros2_ws/install/add_integers/share/add_integers/package.sh'
[10.409s] INFO:colcon.colcon_core.shell:Creating package script '/home/jefri/ros2_ws/install/add_integers/share/add_integers/package.bash'
[10.411s] INFO:colcon.colcon_core.shell:Creating package script '/home/jefri/ros2_ws/install/add_integers/share/add_integers/package.zsh'
[10.412s] Level 1:colcon.colcon_core.environment:create_file_with_runtime_dependencies(/home/jefri/ros2_ws/install/add_integers/share/colcon-core/packages/add_integers)
[11.083s] DEBUG:colcon.colcon_core.event_handler.log_command:Invoking command in '/home/jefri/ros2_ws/build/turtlesim_catch_them_all': PYTHONPATH=/home/jefri/ros2_ws/build/turtlesim_catch_them_all/prefix_override:/usr/lib/python3/dist-packages/colcon_core/task/python/colcon_distutils_commands:/home/jefri/ros2_ws/install/turtlesim_catch_them_all/lib/python3.10/site-packages:${PYTHONPATH} /usr/bin/python3 -W ignore:setup.py install is deprecated setup.py develop --uninstall --editable --build-directory /home/jefri/ros2_ws/build/turtlesim_catch_them_all/build
[12.057s] DEBUG:colcon.colcon_core.event_handler.log_command:Invoked command in '/home/jefri/ros2_ws/build/turtlesim_catch_them_all' returned '0': PYTHONPATH=/home/jefri/ros2_ws/build/turtlesim_catch_them_all/prefix_override:/usr/lib/python3/dist-packages/colcon_core/task/python/colcon_distutils_commands:/home/jefri/ros2_ws/install/turtlesim_catch_them_all/lib/python3.10/site-packages:${PYTHONPATH} /usr/bin/python3 -W ignore:setup.py install is deprecated setup.py develop --uninstall --editable --build-directory /home/jefri/ros2_ws/build/turtlesim_catch_them_all/build
[12.060s] DEBUG:colcon.colcon_core.event_handler.log_command:Invoking command in '/home/jefri/ros2_ws/src/turtlesim_catch_them_all': PYTHONPATH=/home/jefri/ros2_ws/build/turtlesim_catch_them_all/prefix_override:/usr/lib/python3/dist-packages/colcon_core/task/python/colcon_distutils_commands:/home/jefri/ros2_ws/install/turtlesim_catch_them_all/lib/python3.10/site-packages:${PYTHONPATH} /usr/bin/python3 -W ignore:setup.py install is deprecated setup.py egg_info --egg-base ../../build/turtlesim_catch_them_all build --build-base /home/jefri/ros2_ws/build/turtlesim_catch_them_all/build install --record /home/jefri/ros2_ws/build/turtlesim_catch_them_all/install.log --single-version-externally-managed install_data --force
[12.699s] Level 1:colcon.colcon_core.environment:checking '/home/jefri/ros2_ws/install/turtlesim_catch_them_all' for CMake module files
[12.700s] DEBUG:colcon.colcon_core.event_handler.log_command:Invoked command in '/home/jefri/ros2_ws/src/turtlesim_catch_them_all' returned '0': PYTHONPATH=/home/jefri/ros2_ws/build/turtlesim_catch_them_all/prefix_override:/usr/lib/python3/dist-packages/colcon_core/task/python/colcon_distutils_commands:/home/jefri/ros2_ws/install/turtlesim_catch_them_all/lib/python3.10/site-packages:${PYTHONPATH} /usr/bin/python3 -W ignore:setup.py install is deprecated setup.py egg_info --egg-base ../../build/turtlesim_catch_them_all build --build-base /home/jefri/ros2_ws/build/turtlesim_catch_them_all/build install --record /home/jefri/ros2_ws/build/turtlesim_catch_them_all/install.log --single-version-externally-managed install_data --force
[12.700s] Level 1:colcon.colcon_core.environment:checking '/home/jefri/ros2_ws/install/turtlesim_catch_them_all' for CMake config files
[12.701s] Level 1:colcon.colcon_core.environment:checking '/home/jefri/ros2_ws/install/turtlesim_catch_them_all/lib'
[12.702s] Level 1:colcon.colcon_core.environment:checking '/home/jefri/ros2_ws/install/turtlesim_catch_them_all/bin'
[12.702s] Level 1:colcon.colcon_core.environment:checking '/home/jefri/ros2_ws/install/turtlesim_catch_them_all/lib/pkgconfig/turtlesim_catch_them_all.pc'
[12.702s] Level 1:colcon.colcon_core.environment:checking '/home/jefri/ros2_ws/install/turtlesim_catch_them_all/lib/python3.10/site-packages'
[12.703s] Level 1:colcon.colcon_core.shell:create_environment_hook('turtlesim_catch_them_all', 'pythonpath')
[12.703s] INFO:colcon.colcon_core.shell:Creating environment hook '/home/jefri/ros2_ws/install/turtlesim_catch_them_all/share/turtlesim_catch_them_all/hook/pythonpath.ps1'
[12.704s] INFO:colcon.colcon_core.shell:Creating environment descriptor '/home/jefri/ros2_ws/install/turtlesim_catch_them_all/share/turtlesim_catch_them_all/hook/pythonpath.dsv'
[12.705s] INFO:colcon.colcon_core.shell:Creating environment hook '/home/jefri/ros2_ws/install/turtlesim_catch_them_all/share/turtlesim_catch_them_all/hook/pythonpath.sh'
[12.707s] Level 1:colcon.colcon_core.environment:checking '/home/jefri/ros2_ws/install/turtlesim_catch_them_all/bin'
[12.707s] Level 1:colcon.colcon_core.environment:create_environment_scripts_only(turtlesim_catch_them_all)
[12.708s] INFO:colcon.colcon_core.shell:Creating package script '/home/jefri/ros2_ws/install/turtlesim_catch_them_all/share/turtlesim_catch_them_all/package.ps1'
[12.709s] INFO:colcon.colcon_core.shell:Creating package descriptor '/home/jefri/ros2_ws/install/turtlesim_catch_them_all/share/turtlesim_catch_them_all/package.dsv'
[12.710s] INFO:colcon.colcon_core.shell:Creating package script '/home/jefri/ros2_ws/install/turtlesim_catch_them_all/share/turtlesim_catch_them_all/package.sh'
[12.711s] INFO:colcon.colcon_core.shell:Creating package script '/home/jefri/ros2_ws/install/turtlesim_catch_them_all/share/turtlesim_catch_them_all/package.bash'
[12.712s] INFO:colcon.colcon_core.shell:Creating package script '/home/jefri/ros2_ws/install/turtlesim_catch_them_all/share/turtlesim_catch_them_all/package.zsh'
[12.714s] Level 1:colcon.colcon_core.environment:create_file_with_runtime_dependencies(/home/jefri/ros2_ws/install/turtlesim_catch_them_all/share/colcon-core/packages/turtlesim_catch_them_all)
[12.714s] DEBUG:colcon.colcon_parallel_executor.executor.parallel:closing loop
[12.715s] DEBUG:colcon.colcon_parallel_executor.executor.parallel:loop closed
[12.715s] DEBUG:colcon.colcon_parallel_executor.executor.parallel:run_until_complete finished with '0'
[12.716s] DEBUG:colcon.colcon_core.event_reactor:joining thread
[12.731s] INFO:colcon.colcon_core.plugin_system:Skipping extension 'colcon_notification.desktop_notification.terminal_notifier': Not used on non-Darwin systems
[12.731s] INFO:colcon.colcon_core.plugin_system:Skipping extension 'colcon_notification.desktop_notification.win32': Not used on non-Windows systems
[12.731s] INFO:colcon.colcon_notification.desktop_notification:Sending desktop notification using 'notify2'
[12.762s] DEBUG:colcon.colcon_core.event_reactor:joined thread
[12.763s] INFO:colcon.colcon_core.shell:Creating prefix script '/home/jefri/ros2_ws/install/local_setup.ps1'
[12.765s] INFO:colcon.colcon_core.shell:Creating prefix util module '/home/jefri/ros2_ws/install/_local_setup_util_ps1.py'
[12.768s] INFO:colcon.colcon_core.shell:Creating prefix chain script '/home/jefri/ros2_ws/install/setup.ps1'
[12.771s] INFO:colcon.colcon_core.shell:Creating prefix script '/home/jefri/ros2_ws/install/local_setup.sh'
[12.776s] INFO:colcon.colcon_core.shell:Creating prefix util module '/home/jefri/ros2_ws/install/_local_setup_util_sh.py'
[12.781s] INFO:colcon.colcon_core.shell:Creating prefix chain script '/home/jefri/ros2_ws/install/setup.sh'
[12.784s] INFO:colcon.colcon_core.shell:Creating prefix script '/home/jefri/ros2_ws/install/local_setup.bash'
[12.786s] INFO:colcon.colcon_core.shell:Creating prefix chain script '/home/jefri/ros2_ws/install/setup.bash'
[12.789s] INFO:colcon.colcon_core.shell:Creating prefix script '/home/jefri/ros2_ws/install/local_setup.zsh'
[12.791s] INFO:colcon.colcon_core.shell:Creating prefix chain script '/home/jefri/ros2_ws/install/setup.zsh'
