[2.467s] Invoking command in '/home/jefri/ros2_ws/build/my_robot_controller': PYTHONPATH=/home/jefri/ros2_ws/build/my_robot_controller/prefix_override:/usr/lib/python3/dist-packages/colcon_core/task/python/colcon_distutils_commands:/home/jefri/ros2_ws/install/my_robot_controller/lib/python3.10/site-packages:${PYTHONPATH} /usr/bin/python3 -W ignore:setup.py install is deprecated setup.py develop --editable --build-directory /home/jefri/ros2_ws/build/my_robot_controller/build --no-deps symlink_data
[3.621s] running develop
[4.307s] running egg_info
[4.310s] writing my_robot_controller.egg-info/PKG-INFO
[4.315s] writing dependency_links to my_robot_controller.egg-info/dependency_links.txt
[4.318s] writing entry points to my_robot_controller.egg-info/entry_points.txt
[4.319s] writing requirements to my_robot_controller.egg-info/requires.txt
[4.323s] writing top-level names to my_robot_controller.egg-info/top_level.txt
[4.330s] reading manifest file 'my_robot_controller.egg-info/SOURCES.txt'
[4.334s] writing manifest file 'my_robot_controller.egg-info/SOURCES.txt'
[4.341s] running build_ext
[4.343s] Creating /home/jefri/ros2_ws/install/my_robot_controller/lib/python3.10/site-packages/my-robot-controller.egg-link (link to .)
[4.353s] Installing add_int_server script to /home/jefri/ros2_ws/install/my_robot_controller/lib/my_robot_controller
[4.353s] Installing publisher script to /home/jefri/ros2_ws/install/my_robot_controller/lib/my_robot_controller
[4.353s] Installing subscribe script to /home/jefri/ros2_ws/install/my_robot_controller/lib/my_robot_controller
[4.354s] Installing test_node script to /home/jefri/ros2_ws/install/my_robot_controller/lib/my_robot_controller
[4.356s] 
[4.356s] Installed /home/jefri/ros2_ws/build/my_robot_controller
[4.356s] running symlink_data
[4.524s] Invoked command in '/home/jefri/ros2_ws/build/my_robot_controller' returned '0': PYTHONPATH=/home/jefri/ros2_ws/build/my_robot_controller/prefix_override:/usr/lib/python3/dist-packages/colcon_core/task/python/colcon_distutils_commands:/home/jefri/ros2_ws/install/my_robot_controller/lib/python3.10/site-packages:${PYTHONPATH} /usr/bin/python3 -W ignore:setup.py install is deprecated setup.py develop --editable --build-directory /home/jefri/ros2_ws/build/my_robot_controller/build --no-deps symlink_data
