[0.074s] Invoking command in '/home/jefri/ros2_ws/build/custom_interfaces': CMAKE_PREFIX_PATH=${CMAKE_PREFIX_PATH}:/home/jefri/ros2_ws/install/turtlesim_catch_them_all:/home/jefri/ros2_ws/install/my_robot_controller:/home/jefri/ros2_ws/install/add_integers:/opt/ros/humble /usr/bin/cmake /home/jefri/ros2_ws/src/custom_interfaces -DCMAKE_INSTALL_PREFIX=/home/jefri/ros2_ws/install/custom_interfaces
[0.242s] -- Found ament_cmake: 1.3.10 (/opt/ros/humble/share/ament_cmake/cmake)
[0.622s] -- Override CMake install command with custom implementation using symlinks instead of copying resources
[0.643s] -- Found rosidl_default_generators: 1.2.0 (/opt/ros/humble/share/rosidl_default_generators/cmake)
[0.662s] -- Using all available rosidl_typesupport_c: rosidl_typesupport_fastrtps_c;rosidl_typesupport_introspection_c
[0.665s] -- Found rosidl_adapter: 3.1.5 (/opt/ros/humble/share/rosidl_adapter/cmake)
[0.761s] -- Using all available rosidl_typesupport_cpp: rosidl_typesupport_fastrtps_cpp;rosidl_typesupport_introspection_cpp
[1.939s] -- Found ament_cmake_ros: 0.10.0 (/opt/ros/humble/share/ament_cmake_ros/cmake)
[2.751s] -- Using all available rosidl_typesupport_c: rosidl_typesupport_fastrtps_c;rosidl_typesupport_introspection_c
[3.770s] -- Using all available rosidl_typesupport_cpp: rosidl_typesupport_fastrtps_cpp;rosidl_typesupport_introspection_cpp
[3.852s] -- Found python_cmake_module: 0.10.0 (/opt/ros/humble/share/python_cmake_module/cmake)
[3.949s] -- Using PYTHON_EXECUTABLE: /usr/bin/python3
[3.950s] -- Using PYTHON_INCLUDE_DIRS: /usr/include/python3.10
[3.953s] -- Using PYTHON_LIBRARIES: /usr/lib/x86_64-linux-gnu/libpython3.10.so
[4.014s] -- Found ament_lint_auto: 0.12.11 (/opt/ros/humble/share/ament_lint_auto/cmake)
[4.083s] -- Added test 'lint_cmake' to check CMake code style
[4.085s] -- Added test 'xmllint' to check XML markup files
[4.098s] -- Configuring done
[4.361s] -- Generating done
[4.377s] -- Build files have been written to: /home/jefri/ros2_ws/build/custom_interfaces
[4.403s] Invoked command in '/home/jefri/ros2_ws/build/custom_interfaces' returned '0': CMAKE_PREFIX_PATH=${CMAKE_PREFIX_PATH}:/home/jefri/ros2_ws/install/turtlesim_catch_them_all:/home/jefri/ros2_ws/install/my_robot_controller:/home/jefri/ros2_ws/install/add_integers:/opt/ros/humble /usr/bin/cmake /home/jefri/ros2_ws/src/custom_interfaces -DCMAKE_INSTALL_PREFIX=/home/jefri/ros2_ws/install/custom_interfaces
[4.413s] Invoking command in '/home/jefri/ros2_ws/build/custom_interfaces': CMAKE_PREFIX_PATH=${CMAKE_PREFIX_PATH}:/home/jefri/ros2_ws/install/turtlesim_catch_them_all:/home/jefri/ros2_ws/install/my_robot_controller:/home/jefri/ros2_ws/install/add_integers:/opt/ros/humble /usr/bin/cmake --build /home/jefri/ros2_ws/build/custom_interfaces -- -j2 -l2
[4.587s] [35m[1mConsolidate compiler generated dependencies of target custom_interfaces__rosidl_generator_c[0m
[4.590s] [  3%] Built target custom_interfaces__cpp
[4.632s] [ 12%] Built target custom_interfaces__rosidl_generator_c
[4.672s] [35m[1mConsolidate compiler generated dependencies of target custom_interfaces__rosidl_typesupport_cpp[0m
[4.724s] [ 22%] Built target custom_interfaces__rosidl_typesupport_cpp
[4.746s] [ 22%] Built target ament_cmake_python_symlink_custom_interfaces
[4.772s] [35m[1mConsolidate compiler generated dependencies of target custom_interfaces__rosidl_typesupport_introspection_c[0m
[4.784s] [35m[1mConsolidate compiler generated dependencies of target custom_interfaces__rosidl_typesupport_fastrtps_c[0m
[4.842s] [ 32%] Built target custom_interfaces__rosidl_typesupport_introspection_c
[4.866s] [ 41%] Built target custom_interfaces__rosidl_typesupport_fastrtps_c
[4.889s] [35m[1mConsolidate compiler generated dependencies of target custom_interfaces__rosidl_typesupport_c[0m
[4.934s] [35m[1mConsolidate compiler generated dependencies of target custom_interfaces__rosidl_typesupport_fastrtps_cpp[0m
[4.947s] [ 51%] Built target custom_interfaces__rosidl_typesupport_c
[4.991s] [ 61%] Built target custom_interfaces__rosidl_typesupport_fastrtps_cpp
[4.996s] [35m[1mConsolidate compiler generated dependencies of target custom_interfaces__rosidl_typesupport_introspection_cpp[0m
[5.069s] [ 70%] Built target custom_interfaces__rosidl_typesupport_introspection_cpp
[5.176s] [ 70%] Built target custom_interfaces
[5.270s] [ 74%] Built target custom_interfaces__py
[5.332s] [35m[1mConsolidate compiler generated dependencies of target custom_interfaces__rosidl_generator_py[0m
[5.386s] [ 80%] Built target custom_interfaces__rosidl_generator_py
[5.423s] [35m[1mConsolidate compiler generated dependencies of target custom_interfaces__rosidl_typesupport_fastrtps_c__pyext[0m
[5.474s] [ 87%] Built target custom_interfaces__rosidl_typesupport_fastrtps_c__pyext
[5.533s] [35m[1mConsolidate compiler generated dependencies of target custom_interfaces__rosidl_typesupport_introspection_c__pyext[0m
[5.600s] [ 93%] Built target custom_interfaces__rosidl_typesupport_introspection_c__pyext
[5.673s] [35m[1mConsolidate compiler generated dependencies of target custom_interfaces__rosidl_typesupport_c__pyext[0m
[5.733s] [100%] Built target custom_interfaces__rosidl_typesupport_c__pyext
[6.058s] running egg_info
[6.061s] writing custom_interfaces.egg-info/PKG-INFO
[6.062s] writing dependency_links to custom_interfaces.egg-info/dependency_links.txt
[6.062s] writing top-level names to custom_interfaces.egg-info/top_level.txt
[6.069s] reading manifest file 'custom_interfaces.egg-info/SOURCES.txt'
[6.076s] writing manifest file 'custom_interfaces.egg-info/SOURCES.txt'
[6.186s] [100%] Built target ament_cmake_python_build_custom_interfaces_egg
[6.238s] Invoked command in '/home/jefri/ros2_ws/build/custom_interfaces' returned '0': CMAKE_PREFIX_PATH=${CMAKE_PREFIX_PATH}:/home/jefri/ros2_ws/install/turtlesim_catch_them_all:/home/jefri/ros2_ws/install/my_robot_controller:/home/jefri/ros2_ws/install/add_integers:/opt/ros/humble /usr/bin/cmake --build /home/jefri/ros2_ws/build/custom_interfaces -- -j2 -l2
[6.393s] Invoking command in '/home/jefri/ros2_ws/build/custom_interfaces': CMAKE_PREFIX_PATH=${CMAKE_PREFIX_PATH}:/home/jefri/ros2_ws/install/turtlesim_catch_them_all:/home/jefri/ros2_ws/install/my_robot_controller:/home/jefri/ros2_ws/install/add_integers:/opt/ros/humble /usr/bin/cmake --install /home/jefri/ros2_ws/build/custom_interfaces
[6.409s] -- Install configuration: ""
[6.411s] -- Execute custom install script
[6.412s] -- Up-to-date symlink: /home/jefri/ros2_ws/install/custom_interfaces/share/ament_index/resource_index/rosidl_interfaces/custom_interfaces
[6.414s] -- Up-to-date symlink: /home/jefri/ros2_ws/install/custom_interfaces/include/custom_interfaces/custom_interfaces/msg/rosidl_generator_c__visibility_control.h
[6.414s] -- Up-to-date symlink: /home/jefri/ros2_ws/install/custom_interfaces/include/custom_interfaces/custom_interfaces/srv/add_two_int.h
[6.415s] -- Up-to-date symlink: /home/jefri/ros2_ws/install/custom_interfaces/include/custom_interfaces/custom_interfaces/srv/detail/add_two_int__functions.h
[6.415s] -- Up-to-date symlink: /home/jefri/ros2_ws/install/custom_interfaces/include/custom_interfaces/custom_interfaces/srv/detail/add_two_int__struct.h
[6.416s] -- Up-to-date symlink: /home/jefri/ros2_ws/install/custom_interfaces/include/custom_interfaces/custom_interfaces/srv/detail/add_two_int__type_support.h
[6.425s] -- Up-to-date symlink: /home/jefri/ros2_ws/install/custom_interfaces/share/custom_interfaces/environment/library_path.sh
[6.426s] -- Up-to-date symlink: /home/jefri/ros2_ws/install/custom_interfaces/share/custom_interfaces/environment/library_path.dsv
[6.426s] -- Up-to-date symlink: /home/jefri/ros2_ws/install/custom_interfaces/include/custom_interfaces/custom_interfaces/msg/rosidl_typesupport_fastrtps_c__visibility_control.h
[6.427s] -- Up-to-date symlink: /home/jefri/ros2_ws/install/custom_interfaces/include/custom_interfaces/custom_interfaces/srv/detail/add_two_int__rosidl_typesupport_fastrtps_c.h
[6.428s] -- Up-to-date symlink: /home/jefri/ros2_ws/install/custom_interfaces/include/custom_interfaces/custom_interfaces/msg/rosidl_typesupport_introspection_c__visibility_control.h
[6.428s] -- Up-to-date symlink: /home/jefri/ros2_ws/install/custom_interfaces/include/custom_interfaces/custom_interfaces/srv/detail/add_two_int__rosidl_typesupport_introspection_c.h
[6.429s] -- Up-to-date symlink: /home/jefri/ros2_ws/install/custom_interfaces/include/custom_interfaces/custom_interfaces/srv/add_two_int.hpp
[6.429s] -- Up-to-date symlink: /home/jefri/ros2_ws/install/custom_interfaces/include/custom_interfaces/custom_interfaces/srv/detail/add_two_int__builder.hpp
[6.430s] -- Up-to-date symlink: /home/jefri/ros2_ws/install/custom_interfaces/include/custom_interfaces/custom_interfaces/srv/detail/add_two_int__struct.hpp
[6.431s] -- Up-to-date symlink: /home/jefri/ros2_ws/install/custom_interfaces/include/custom_interfaces/custom_interfaces/srv/detail/add_two_int__traits.hpp
[6.432s] -- Up-to-date symlink: /home/jefri/ros2_ws/install/custom_interfaces/include/custom_interfaces/custom_interfaces/msg/rosidl_typesupport_fastrtps_cpp__visibility_control.h
[6.433s] -- Up-to-date symlink: /home/jefri/ros2_ws/install/custom_interfaces/include/custom_interfaces/custom_interfaces/srv/detail/add_two_int__rosidl_typesupport_fastrtps_cpp.hpp
[6.434s] -- Up-to-date symlink: /home/jefri/ros2_ws/install/custom_interfaces/include/custom_interfaces/custom_interfaces/srv/detail/add_two_int__rosidl_typesupport_introspection_cpp.hpp
[6.434s] -- Up-to-date symlink: /home/jefri/ros2_ws/install/custom_interfaces/share/custom_interfaces/environment/pythonpath.sh
[6.435s] -- Up-to-date symlink: /home/jefri/ros2_ws/install/custom_interfaces/share/custom_interfaces/environment/pythonpath.dsv
[6.435s] -- Up-to-date symlink: /home/jefri/ros2_ws/install/custom_interfaces/local/lib/python3.10/dist-packages/custom_interfaces-0.0.0-py3.10.egg-info/PKG-INFO
[6.436s] -- Up-to-date symlink: /home/jefri/ros2_ws/install/custom_interfaces/local/lib/python3.10/dist-packages/custom_interfaces-0.0.0-py3.10.egg-info/SOURCES.txt
[6.436s] -- Up-to-date symlink: /home/jefri/ros2_ws/install/custom_interfaces/local/lib/python3.10/dist-packages/custom_interfaces-0.0.0-py3.10.egg-info/dependency_links.txt
[6.436s] -- Up-to-date symlink: /home/jefri/ros2_ws/install/custom_interfaces/local/lib/python3.10/dist-packages/custom_interfaces-0.0.0-py3.10.egg-info/top_level.txt
[6.437s] -- Up-to-date symlink: /home/jefri/ros2_ws/install/custom_interfaces/local/lib/python3.10/dist-packages/custom_interfaces/__init__.py
[6.438s] -- Up-to-date symlink: /home/jefri/ros2_ws/install/custom_interfaces/local/lib/python3.10/dist-packages/custom_interfaces/_custom_interfaces_s.ep.rosidl_typesupport_c.c
[6.438s] -- Up-to-date symlink: /home/jefri/ros2_ws/install/custom_interfaces/local/lib/python3.10/dist-packages/custom_interfaces/_custom_interfaces_s.ep.rosidl_typesupport_fastrtps_c.c
[6.438s] -- Up-to-date symlink: /home/jefri/ros2_ws/install/custom_interfaces/local/lib/python3.10/dist-packages/custom_interfaces/_custom_interfaces_s.ep.rosidl_typesupport_introspection_c.c
[6.439s] -- Up-to-date symlink: /home/jefri/ros2_ws/install/custom_interfaces/local/lib/python3.10/dist-packages/custom_interfaces/custom_interfaces_s__rosidl_typesupport_c.cpython-310-x86_64-linux-gnu.so
[6.439s] -- Up-to-date symlink: /home/jefri/ros2_ws/install/custom_interfaces/local/lib/python3.10/dist-packages/custom_interfaces/custom_interfaces_s__rosidl_typesupport_fastrtps_c.cpython-310-x86_64-linux-gnu.so
[6.439s] -- Up-to-date symlink: /home/jefri/ros2_ws/install/custom_interfaces/local/lib/python3.10/dist-packages/custom_interfaces/custom_interfaces_s__rosidl_typesupport_introspection_c.cpython-310-x86_64-linux-gnu.so
[6.439s] -- Up-to-date symlink: /home/jefri/ros2_ws/install/custom_interfaces/local/lib/python3.10/dist-packages/custom_interfaces/libcustom_interfaces__rosidl_generator_py.so
[6.440s] -- Up-to-date symlink: /home/jefri/ros2_ws/install/custom_interfaces/local/lib/python3.10/dist-packages/custom_interfaces/srv/__init__.py
[6.440s] -- Up-to-date symlink: /home/jefri/ros2_ws/install/custom_interfaces/local/lib/python3.10/dist-packages/custom_interfaces/srv/_add_two_int.py
[6.440s] -- Up-to-date symlink: /home/jefri/ros2_ws/install/custom_interfaces/local/lib/python3.10/dist-packages/custom_interfaces/srv/_add_two_int_s.c
[6.442s] -- Up-to-date symlink: /home/jefri/ros2_ws/install/custom_interfaces/local/lib/python3.10/dist-packages/custom_interfaces/custom_interfaces_s__rosidl_typesupport_fastrtps_c.cpython-310-x86_64-linux-gnu.so
[6.442s] -- Up-to-date symlink: /home/jefri/ros2_ws/install/custom_interfaces/local/lib/python3.10/dist-packages/custom_interfaces/custom_interfaces_s__rosidl_typesupport_introspection_c.cpython-310-x86_64-linux-gnu.so
[6.443s] -- Up-to-date symlink: /home/jefri/ros2_ws/install/custom_interfaces/local/lib/python3.10/dist-packages/custom_interfaces/custom_interfaces_s__rosidl_typesupport_c.cpython-310-x86_64-linux-gnu.so
[6.444s] -- Up-to-date symlink: /home/jefri/ros2_ws/install/custom_interfaces/share/custom_interfaces/srv/AddTwoInt.idl
[6.447s] -- Up-to-date symlink: /home/jefri/ros2_ws/install/custom_interfaces/share/custom_interfaces/srv/AddTwoInt.srv
[6.447s] -- Up-to-date symlink: /home/jefri/ros2_ws/install/custom_interfaces/share/custom_interfaces/srv/AddTwoInt_Request.msg
[6.448s] -- Up-to-date symlink: /home/jefri/ros2_ws/install/custom_interfaces/share/custom_interfaces/srv/AddTwoInt_Response.msg
[6.448s] -- Up-to-date symlink: /home/jefri/ros2_ws/install/custom_interfaces/share/ament_index/resource_index/package_run_dependencies/custom_interfaces
[6.449s] -- Up-to-date symlink: /home/jefri/ros2_ws/install/custom_interfaces/share/ament_index/resource_index/parent_prefix_path/custom_interfaces
[6.450s] -- Up-to-date symlink: /home/jefri/ros2_ws/install/custom_interfaces/share/custom_interfaces/environment/ament_prefix_path.sh
[6.450s] -- Up-to-date symlink: /home/jefri/ros2_ws/install/custom_interfaces/share/custom_interfaces/environment/ament_prefix_path.dsv
[6.451s] -- Up-to-date symlink: /home/jefri/ros2_ws/install/custom_interfaces/share/custom_interfaces/environment/path.sh
[6.451s] -- Up-to-date symlink: /home/jefri/ros2_ws/install/custom_interfaces/share/custom_interfaces/environment/path.dsv
[6.452s] -- Up-to-date symlink: /home/jefri/ros2_ws/install/custom_interfaces/share/custom_interfaces/local_setup.bash
[6.452s] -- Up-to-date symlink: /home/jefri/ros2_ws/install/custom_interfaces/share/custom_interfaces/local_setup.sh
[6.453s] -- Up-to-date symlink: /home/jefri/ros2_ws/install/custom_interfaces/share/custom_interfaces/local_setup.zsh
[6.453s] -- Up-to-date symlink: /home/jefri/ros2_ws/install/custom_interfaces/share/custom_interfaces/local_setup.dsv
[6.454s] -- Symlinking: /home/jefri/ros2_ws/install/custom_interfaces/share/custom_interfaces/package.dsv
[6.469s] -- Up-to-date symlink: /home/jefri/ros2_ws/install/custom_interfaces/share/ament_index/resource_index/packages/custom_interfaces
[6.469s] -- Up-to-date symlink: /home/jefri/ros2_ws/install/custom_interfaces/share/custom_interfaces/cmake/rosidl_cmake-extras.cmake
[6.470s] -- Up-to-date symlink: /home/jefri/ros2_ws/install/custom_interfaces/share/custom_interfaces/cmake/ament_cmake_export_include_directories-extras.cmake
[6.471s] -- Up-to-date symlink: /home/jefri/ros2_ws/install/custom_interfaces/share/custom_interfaces/cmake/ament_cmake_export_libraries-extras.cmake
[6.471s] -- Up-to-date symlink: /home/jefri/ros2_ws/install/custom_interfaces/share/custom_interfaces/cmake/ament_cmake_export_targets-extras.cmake
[6.472s] -- Up-to-date symlink: /home/jefri/ros2_ws/install/custom_interfaces/share/custom_interfaces/cmake/rosidl_cmake_export_typesupport_targets-extras.cmake
[6.473s] -- Up-to-date symlink: /home/jefri/ros2_ws/install/custom_interfaces/share/custom_interfaces/cmake/ament_cmake_export_dependencies-extras.cmake
[6.473s] -- Up-to-date symlink: /home/jefri/ros2_ws/install/custom_interfaces/share/custom_interfaces/cmake/rosidl_cmake_export_typesupport_libraries-extras.cmake
[6.474s] -- Up-to-date symlink: /home/jefri/ros2_ws/install/custom_interfaces/share/custom_interfaces/cmake/custom_interfacesConfig.cmake
[6.474s] -- Up-to-date symlink: /home/jefri/ros2_ws/install/custom_interfaces/share/custom_interfaces/cmake/custom_interfacesConfig-version.cmake
[6.475s] -- Up-to-date symlink: /home/jefri/ros2_ws/install/custom_interfaces/share/custom_interfaces/package.xml
[6.492s] -- Up-to-date: /home/jefri/ros2_ws/install/custom_interfaces/lib/libcustom_interfaces__rosidl_generator_c.so
[6.492s] -- Up-to-date: /home/jefri/ros2_ws/install/custom_interfaces/lib/libcustom_interfaces__rosidl_typesupport_fastrtps_c.so
[6.493s] -- Up-to-date: /home/jefri/ros2_ws/install/custom_interfaces/lib/libcustom_interfaces__rosidl_typesupport_introspection_c.so
[6.494s] -- Up-to-date: /home/jefri/ros2_ws/install/custom_interfaces/lib/libcustom_interfaces__rosidl_typesupport_c.so
[6.495s] -- Up-to-date: /home/jefri/ros2_ws/install/custom_interfaces/lib/libcustom_interfaces__rosidl_typesupport_fastrtps_cpp.so
[6.496s] -- Up-to-date: /home/jefri/ros2_ws/install/custom_interfaces/lib/libcustom_interfaces__rosidl_typesupport_introspection_cpp.so
[6.498s] -- Up-to-date: /home/jefri/ros2_ws/install/custom_interfaces/lib/libcustom_interfaces__rosidl_typesupport_cpp.so
[6.595s] Listing '/home/jefri/ros2_ws/install/custom_interfaces/local/lib/python3.10/dist-packages/custom_interfaces'...
[6.596s] Compiling '/home/jefri/ros2_ws/install/custom_interfaces/local/lib/python3.10/dist-packages/custom_interfaces/__init__.py'...
[6.596s] Listing '/home/jefri/ros2_ws/install/custom_interfaces/local/lib/python3.10/dist-packages/custom_interfaces/srv'...
[6.621s] -- Up-to-date: /home/jefri/ros2_ws/install/custom_interfaces/lib/libcustom_interfaces__rosidl_generator_py.so
[6.622s] -- Up-to-date: /home/jefri/ros2_ws/install/custom_interfaces/share/custom_interfaces/cmake/export_custom_interfaces__rosidl_generator_cExport.cmake
[6.623s] -- Up-to-date: /home/jefri/ros2_ws/install/custom_interfaces/share/custom_interfaces/cmake/export_custom_interfaces__rosidl_generator_cExport-noconfig.cmake
[6.623s] -- Up-to-date: /home/jefri/ros2_ws/install/custom_interfaces/share/custom_interfaces/cmake/export_custom_interfaces__rosidl_typesupport_fastrtps_cExport.cmake
[6.623s] -- Up-to-date: /home/jefri/ros2_ws/install/custom_interfaces/share/custom_interfaces/cmake/export_custom_interfaces__rosidl_typesupport_fastrtps_cExport-noconfig.cmake
[6.628s] -- Up-to-date: /home/jefri/ros2_ws/install/custom_interfaces/share/custom_interfaces/cmake/custom_interfaces__rosidl_typesupport_introspection_cExport.cmake
[6.629s] -- Up-to-date: /home/jefri/ros2_ws/install/custom_interfaces/share/custom_interfaces/cmake/custom_interfaces__rosidl_typesupport_introspection_cExport-noconfig.cmake
[6.629s] -- Up-to-date: /home/jefri/ros2_ws/install/custom_interfaces/share/custom_interfaces/cmake/custom_interfaces__rosidl_typesupport_cExport.cmake
[6.629s] -- Up-to-date: /home/jefri/ros2_ws/install/custom_interfaces/share/custom_interfaces/cmake/custom_interfaces__rosidl_typesupport_cExport-noconfig.cmake
[6.629s] -- Up-to-date: /home/jefri/ros2_ws/install/custom_interfaces/share/custom_interfaces/cmake/export_custom_interfaces__rosidl_generator_cppExport.cmake
[6.629s] -- Up-to-date: /home/jefri/ros2_ws/install/custom_interfaces/share/custom_interfaces/cmake/export_custom_interfaces__rosidl_typesupport_fastrtps_cppExport.cmake
[6.630s] -- Up-to-date: /home/jefri/ros2_ws/install/custom_interfaces/share/custom_interfaces/cmake/export_custom_interfaces__rosidl_typesupport_fastrtps_cppExport-noconfig.cmake
[6.630s] -- Up-to-date: /home/jefri/ros2_ws/install/custom_interfaces/share/custom_interfaces/cmake/custom_interfaces__rosidl_typesupport_introspection_cppExport.cmake
[6.631s] -- Up-to-date: /home/jefri/ros2_ws/install/custom_interfaces/share/custom_interfaces/cmake/custom_interfaces__rosidl_typesupport_introspection_cppExport-noconfig.cmake
[6.632s] -- Up-to-date: /home/jefri/ros2_ws/install/custom_interfaces/share/custom_interfaces/cmake/custom_interfaces__rosidl_typesupport_cppExport.cmake
[6.632s] -- Up-to-date: /home/jefri/ros2_ws/install/custom_interfaces/share/custom_interfaces/cmake/custom_interfaces__rosidl_typesupport_cppExport-noconfig.cmake
[6.632s] -- Up-to-date: /home/jefri/ros2_ws/install/custom_interfaces/share/custom_interfaces/cmake/export_custom_interfaces__rosidl_generator_pyExport.cmake
[6.632s] -- Up-to-date: /home/jefri/ros2_ws/install/custom_interfaces/share/custom_interfaces/cmake/export_custom_interfaces__rosidl_generator_pyExport-noconfig.cmake
[6.638s] Invoked command in '/home/jefri/ros2_ws/build/custom_interfaces' returned '0': CMAKE_PREFIX_PATH=${CMAKE_PREFIX_PATH}:/home/jefri/ros2_ws/install/turtlesim_catch_them_all:/home/jefri/ros2_ws/install/my_robot_controller:/home/jefri/ros2_ws/install/add_integers:/opt/ros/humble /usr/bin/cmake --install /home/jefri/ros2_ws/build/custom_interfaces
